datalink au 
=========================================================================
                          Station A                                 
-------------------------------------------------------------------------
Protocol.lib, version 3.0, Build: Oct 19 2009 (jiangy@public3.bta.net.cn)
Channel: 8000 bps, 270 ms propagation delay, bit error rate 0
Log file "datalink-A.log", TCP port 59144, debug mask 0x00
Station A is waiting for station B on TCP port 59144 ... Done.
New epoch: Fri May 13 19:31:43 2016
=========================================================================
Designed and implemented by Wenting Ye.
For any problem please contact QQ:471731724
Build: May 13 2016  11:01:35
3.399 .... 8 packets received, 7835 bps, 97.94%, Err 0 (0.0e+000)
5.505 .... 16 packets received, 7807 bps, 97.59%, Err 0 (0.0e+000)
7.611 .... 24 packets received, 7798 bps, 97.48%, Err 0 (0.0e+000)
9.717 .... 32 packets received, 7794 bps, 97.42%, Err 0 (0.0e+000)
11.839 .... 40 packets received, 7779 bps, 97.24%, Err 0 (0.0e+000)
13.945 .... 48 packets received, 7779 bps, 97.24%, Err 0 (0.0e+000)
16.051 .... 56 packets received, 7779 bps, 97.24%, Err 0 (0.0e+000)
18.141 .... 64 packets received, 7787 bps, 97.33%, Err 0 (0.0e+000)
20.232 .... 72 packets received, 7792 bps, 97.40%, Err 0 (0.0e+000)
22.353 .... 80 packets received, 7785 bps, 97.32%, Err 0 (0.0e+000)
24.459 .... 88 packets received, 7785 bps, 97.31%, Err 0 (0.0e+000)
26.550 .... 96 packets received, 7789 bps, 97.36%, Err 0 (0.0e+000)
28.671 .... 104 packets received, 7784 bps, 97.30%, Err 0 (0.0e+000)
30.777 .... 112 packets received, 7784 bps, 97.30%, Err 0 (0.0e+000)
32.883 .... 120 packets received, 7783 bps, 97.29%, Err 0 (0.0e+000)
34.958 .... 128 packets received, 7790 bps, 97.38%, Err 0 (0.0e+000)
37.080 .... 136 packets received, 7786 bps, 97.33%, Err 0 (0.0e+000)
39.170 .... 144 packets received, 7789 bps, 97.36%, Err 0 (0.0e+000)
41.276 .... 152 packets received, 7789 bps, 97.36%, Err 0 (0.0e+000)
43.382 .... 160 packets received, 7788 bps, 97.35%, Err 0 (0.0e+000)
45.488 .... 168 packets received, 7788 bps, 97.35%, Err 0 (0.0e+000)
47.610 .... 176 packets received, 7785 bps, 97.31%, Err 0 (0.0e+000)
49.716 .... 184 packets received, 7784 bps, 97.31%, Err 0 (0.0e+000)
51.806 .... 192 packets received, 7787 bps, 97.33%, Err 0 (0.0e+000)
53.896 .... 200 packets received, 7789 bps, 97.36%, Err 0 (0.0e+000)
56.018 .... 208 packets received, 7786 bps, 97.33%, Err 0 (0.0e+000)
58.108 .... 216 packets received, 7788 bps, 97.35%, Err 0 (0.0e+000)
60.230 .... 224 packets received, 7786 bps, 97.32%, Err 0 (0.0e+000)
62.336 .... 232 packets received, 7786 bps, 97.32%, Err 0 (0.0e+000)
64.442 .... 240 packets received, 7785 bps, 97.32%, Err 0 (0.0e+000)
66.532 .... 248 packets received, 7787 bps, 97.34%, Err 0 (0.0e+000)
68.638 .... 256 packets received, 7787 bps, 97.34%, Err 0 (0.0e+000)
70.729 .... 264 packets received, 7788 bps, 97.35%, Err 0 (0.0e+000)
72.835 .... 272 packets received, 7788 bps, 97.35%, Err 0 (0.0e+000)
74.956 .... 280 packets received, 7786 bps, 97.33%, Err 0 (0.0e+000)
77.062 .... 288 packets received, 7786 bps, 97.33%, Err 0 (0.0e+000)
79.168 .... 296 packets received, 7786 bps, 97.32%, Err 0 (0.0e+000)
81.259 .... 304 packets received, 7787 bps, 97.34%, Err 0 (0.0e+000)
83.349 .... 312 packets received, 7788 bps, 97.36%, Err 0 (0.0e+000)
85.455 .... 320 packets received, 7788 bps, 97.35%, Err 0 (0.0e+000)
87.561 .... 328 packets received, 7788 bps, 97.35%, Err 0 (0.0e+000)
89.667 .... 336 packets received, 7788 bps, 97.35%, Err 0 (0.0e+000)
91.773 .... 344 packets received, 7788 bps, 97.35%, Err 0 (0.0e+000)
93.879 .... 352 packets received, 7787 bps, 97.34%, Err 0 (0.0e+000)
96.001 .... 360 packets received, 7786 bps, 97.33%, Err 0 (0.0e+000)
98.107 .... 368 packets received, 7786 bps, 97.32%, Err 0 (0.0e+000)
100.182 .... 376 packets received, 7788 bps, 97.35%, Err 0 (0.0e+000)
104.596 .... 378 packets received, 7495 bps, 93.69%, Err 0 (0.0e+000)
108.590 .... 379 packets received, 7235 bps, 90.44%, Err 0 (0.0e+000)
112.630 .... 380 packets received, 6991 bps, 87.39%, Err 0 (0.0e+000)
116.780 .... 381 packets received, 6757 bps, 84.47%, Err 0 (0.0e+000)
120.898 .... 382 packets received, 6542 bps, 81.77%, Err 0 (0.0e+000)
124.970 .... 383 packets received, 6343 bps, 79.29%, Err 0 (0.0e+000)
129.042 .... 384 packets received, 6157 bps, 76.96%, Err 0 (0.0e+000)
133.129 .... 385 packets received, 5981 bps, 74.77%, Err 0 (0.0e+000)
137.325 .... 386 packets received, 5812 bps, 72.65%, Err 0 (0.0e+000)
141.412 .... 387 packets received, 5657 bps, 70.71%, Err 0 (0.0e+000)
145.453 .... 388 packets received, 5513 bps, 68.91%, Err 0 (0.0e+000)
149.587 .... 389 packets received, 5373 bps, 67.16%, Err 0 (0.0e+000)
153.627 .... 390 packets received, 5244 bps, 65.55%, Err 0 (0.0e+000)
157.652 .... 391 packets received, 5122 bps, 64.02%, Err 0 (0.0e+000)
161.786 .... 392 packets received, 5003 bps, 62.53%, Err 0 (0.0e+000)
165.858 .... 393 packets received, 4891 bps, 61.14%, Err 0 (0.0e+000)
169.882 .... 394 packets received, 4787 bps, 59.83%, Err 0 (0.0e+000)
173.954 .... 395 packets received, 4686 bps, 58.57%, Err 0 (0.0e+000)
178.026 .... 396 packets received, 4589 bps, 57.37%, Err 0 (0.0e+000)
182.144 .... 397 packets received, 4496 bps, 56.20%, Err 0 (0.0e+000)
186.200 .... 398 packets received, 4409 bps, 55.11%, Err 0 (0.0e+000)
190.365 .... 399 packets received, 4322 bps, 54.03%, Err 0 (0.0e+000)
194.484 .... 400 packets received, 4241 bps, 53.01%, Err 0 (0.0e+000)
198.633 .... 401 packets received, 4162 bps, 52.02%, Err 0 (0.0e+000)
200.802 .... 403 packets received, 4137 bps, 51.71%, Err 0 (0.0e+000)
202.908 .... 411 packets received, 4175 bps, 52.19%, Err 0 (0.0e+000)
205.014 .... 419 packets received, 4213 bps, 52.66%, Err 0 (0.0e+000)
207.104 .... 427 packets received, 4249 bps, 53.12%, Err 0 (0.0e+000)
209.210 .... 435 packets received, 4285 bps, 53.56%, Err 0 (0.0e+000)
211.316 .... 443 packets received, 4320 bps, 54.00%, Err 0 (0.0e+000)
213.406 .... 451 packets received, 4355 bps, 54.44%, Err 0 (0.0e+000)
215.528 .... 459 packets received, 4388 bps, 54.85%, Err 0 (0.0e+000)
217.618 .... 467 packets received, 4422 bps, 55.27%, Err 0 (0.0e+000)
219.740 .... 475 packets received, 4454 bps, 55.67%, Err 0 (0.0e+000)
221.830 .... 483 packets received, 4486 bps, 56.07%, Err 0 (0.0e+000)
223.936 .... 491 packets received, 4517 bps, 56.46%, Err 0 (0.0e+000)
226.042 .... 499 packets received, 4547 bps, 56.84%, Err 0 (0.0e+000)
228.148 .... 507 packets received, 4577 bps, 57.22%, Err 0 (0.0e+000)
230.254 .... 515 packets received, 4607 bps, 57.59%, Err 0 (0.0e+000)
232.345 .... 523 packets received, 4636 bps, 57.95%, Err 0 (0.0e+000)
234.451 .... 531 packets received, 4664 bps, 58.31%, Err 0 (0.0e+000)
236.557 .... 539 packets received, 4692 bps, 58.65%, Err 0 (0.0e+000)
238.663 .... 547 packets received, 4720 bps, 59.00%, Err 0 (0.0e+000)
240.769 .... 555 packets received, 4747 bps, 59.33%, Err 0 (0.0e+000)
242.875 .... 563 packets received, 4773 bps, 59.66%, Err 0 (0.0e+000)
244.981 .... 571 packets received, 4799 bps, 59.99%, Err 0 (0.0e+000)
247.071 .... 579 packets received, 4825 bps, 60.31%, Err 0 (0.0e+000)
249.177 .... 587 packets received, 4850 bps, 60.63%, Err 0 (0.0e+000)
251.283 .... 595 packets received, 4875 bps, 60.93%, Err 0 (0.0e+000)
253.389 .... 603 packets received, 4899 bps, 61.24%, Err 0 (0.0e+000)
255.511 .... 611 packets received, 4923 bps, 61.53%, Err 0 (0.0e+000)
257.617 .... 619 packets received, 4946 bps, 61.83%, Err 0 (0.0e+000)
259.723 .... 627 packets received, 4969 bps, 62.11%, Err 0 (0.0e+000)
261.813 .... 635 packets received, 4992 bps, 62.40%, Err 0 (0.0e+000)
263.904 .... 643 packets received, 5015 bps, 62.68%, Err 0 (0.0e+000)
266.010 .... 651 packets received, 5037 bps, 62.96%, Err 0 (0.0e+000)
268.131 .... 659 packets received, 5058 bps, 63.23%, Err 0 (0.0e+000)
270.222 .... 667 packets received, 5080 bps, 63.50%, Err 0 (0.0e+000)
272.328 .... 675 packets received, 5101 bps, 63.76%, Err 0 (0.0e+000)
274.434 .... 683 packets received, 5121 bps, 64.02%, Err 0 (0.0e+000)
276.540 .... 691 packets received, 5142 bps, 64.27%, Err 0 (0.0e+000)
278.630 .... 699 packets received, 5162 bps, 64.53%, Err 0 (0.0e+000)
280.736 .... 707 packets received, 5182 bps, 64.77%, Err 0 (0.0e+000)
282.842 .... 715 packets received, 5201 bps, 65.02%, Err 0 (0.0e+000)
284.948 .... 723 packets received, 5220 bps, 65.25%, Err 0 (0.0e+000)
287.070 .... 731 packets received, 5239 bps, 65.49%, Err 0 (0.0e+000)
289.160 .... 739 packets received, 5258 bps, 65.72%, Err 0 (0.0e+000)
291.282 .... 747 packets received, 5276 bps, 65.95%, Err 0 (0.0e+000)
293.372 .... 755 packets received, 5294 bps, 66.18%, Err 0 (0.0e+000)
295.478 .... 763 packets received, 5312 bps, 66.40%, Err 0 (0.0e+000)
297.584 .... 771 packets received, 5330 bps, 66.62%, Err 0 (0.0e+000)
299.674 .... 779 packets received, 5347 bps, 66.84%, Err 0 (0.0e+000)
304.432 .... 783 packets received, 5290 bps, 66.13%, Err 0 (0.0e+000)
308.473 .... 784 packets received, 5227 bps, 65.34%, Err 0 (0.0e+000)
312.544 .... 785 packets received, 5165 bps, 64.57%, Err 0 (0.0e+000)
316.678 .... 786 packets received, 5104 bps, 63.80%, Err 0 (0.0e+000)
320.688 .... 787 packets received, 5047 bps, 63.08%, Err 0 (0.0e+000)
324.759 .... 788 packets received, 4989 bps, 62.37%, Err 0 (0.0e+000)
329.034 .... 789 packets received, 4931 bps, 61.63%, Err 0 (0.0e+000)
333.105 .... 790 packets received, 4876 bps, 60.95%, Err 0 (0.0e+000)
337.146 .... 791 packets received, 4824 bps, 60.30%, Err 0 (0.0e+000)
341.233 .... 792 packets received, 4772 bps, 59.65%, Err 0 (0.0e+000)
345.304 .... 793 packets received, 4721 bps, 59.01%, Err 0 (0.0e+000)
349.438 .... 794 packets received, 4671 bps, 58.39%, Err 0 (0.0e+000)
353.448 .... 795 packets received, 4624 bps, 57.80%, Err 0 (0.0e+000)
357.566 .... 796 packets received, 4576 bps, 57.20%, Err 0 (0.0e+000)
361.638 .... 797 packets received, 4530 bps, 56.62%, Err 0 (0.0e+000)
365.772 .... 798 packets received, 4484 bps, 56.05%, Err 0 (0.0e+000)
369.828 .... 799 packets received, 4440 bps, 55.50%, Err 0 (0.0e+000)
373.962 .... 800 packets received, 4397 bps, 54.96%, Err 0 (0.0e+000)
378.033 .... 801 packets received, 4354 bps, 54.43%, Err 0 (0.0e+000)
382.089 .... 802 packets received, 4313 bps, 53.92%, Err 0 (0.0e+000)
386.176 .... 803 packets received, 4273 bps, 53.41%, Err 0 (0.0e+000)
390.420 .... 804 packets received, 4232 bps, 52.90%, Err 0 (0.0e+000)
394.460 .... 805 packets received, 4193 bps, 52.42%, Err 0 (0.0e+000)
398.563 .... 806 packets received, 4155 bps, 51.94%, Err 0 (0.0e+000)
400.794 .... 808 packets received, 4142 bps, 51.78%, Err 0 (0.0e+000)
402.900 .... 816 packets received, 4161 bps, 52.02%, Err 0 (0.0e+000)
405.006 .... 824 packets received, 4180 bps, 52.25%, Err 0 (0.0e+000)
407.127 .... 832 packets received, 4199 bps, 52.48%, Err 0 (0.0e+000)
409.218 .... 840 packets received, 4217 bps, 52.72%, Err 0 (0.0e+000)
411.324 .... 848 packets received, 4236 bps, 52.95%, Err 0 (0.0e+000)
413.414 .... 856 packets received, 4254 bps, 53.17%, Err 0 (0.0e+000)
415.520 .... 864 packets received, 4272 bps, 53.40%, Err 0 (0.0e+000)
417.626 .... 872 packets received, 4290 bps, 53.62%, Err 0 (0.0e+000)
419.732 .... 880 packets received, 4307 bps, 53.84%, Err 0 (0.0e+000)
421.838 .... 888 packets received, 4325 bps, 54.06%, Err 0 (0.0e+000)
423.944 .... 896 packets received, 4342 bps, 54.27%, Err 0 (0.0e+000)
426.050 .... 904 packets received, 4359 bps, 54.49%, Err 0 (0.0e+000)
428.156 .... 912 packets received, 4376 bps, 54.70%, Err 0 (0.0e+000)
430.262 .... 920 packets received, 4392 bps, 54.91%, Err 0 (0.0e+000)
432.352 .... 928 packets received, 4409 bps, 55.11%, Err 0 (0.0e+000)
434.474 .... 936 packets received, 4425 bps, 55.32%, Err 0 (0.0e+000)
436.564 .... 944 packets received, 4442 bps, 55.52%, Err 0 (0.0e+000)
438.670 .... 952 packets received, 4458 bps, 55.72%, Err 0 (0.0e+000)
440.776 .... 960 packets received, 4474 bps, 55.92%, Err 0 (0.0e+000)
442.882 .... 968 packets received, 4490 bps, 56.12%, Err 0 (0.0e+000)
444.988 .... 976 packets received, 4505 bps, 56.31%, Err 0 (0.0e+000)
447.094 .... 984 packets received, 4521 bps, 56.51%, Err 0 (0.0e+000)
449.200 .... 992 packets received, 4536 bps, 56.70%, Err 0 (0.0e+000)
451.291 .... 1000 packets received, 4551 bps, 56.89%, Err 0 (0.0e+000)
453.412 .... 1008 packets received, 4566 bps, 57.08%, Err 0 (0.0e+000)
455.503 .... 1016 packets received, 4581 bps, 57.27%, Err 0 (0.0e+000)
457.609 .... 1024 packets received, 4596 bps, 57.45%, Err 0 (0.0e+000)
459.730 .... 1032 packets received, 4610 bps, 57.63%, Err 0 (0.0e+000)
461.821 .... 1040 packets received, 4625 bps, 57.81%, Err 0 (0.0e+000)
463.927 .... 1048 packets received, 4639 bps, 57.99%, Err 0 (0.0e+000)
466.033 .... 1056 packets received, 4654 bps, 58.17%, Err 0 (0.0e+000)
468.123 .... 1064 packets received, 4668 bps, 58.35%, Err 0 (0.0e+000)
470.245 .... 1072 packets received, 4682 bps, 58.52%, Err 0 (0.0e+000)
472.351 .... 1080 packets received, 4696 bps, 58.70%, Err 0 (0.0e+000)
474.441 .... 1088 packets received, 4710 bps, 58.87%, Err 0 (0.0e+000)
476.563 .... 1096 packets received, 4723 bps, 59.04%, Err 0 (0.0e+000)
478.653 .... 1104 packets received, 4737 bps, 59.21%, Err 0 (0.0e+000)
480.744 .... 1112 packets received, 4750 bps, 59.38%, Err 0 (0.0e+000)
482.865 .... 1120 packets received, 4763 bps, 59.54%, Err 0 (0.0e+000)
484.956 .... 1128 packets received, 4776 bps, 59.71%, Err 0 (0.0e+000)
487.062 .... 1136 packets received, 4790 bps, 59.87%, Err 0 (0.0e+000)
489.168 .... 1144 packets received, 4802 bps, 60.03%, Err 0 (0.0e+000)
491.289 .... 1152 packets received, 4815 bps, 60.19%, Err 0 (0.0e+000)
493.380 .... 1160 packets received, 4828 bps, 60.35%, Err 0 (0.0e+000)
495.470 .... 1168 packets received, 4841 bps, 60.51%, Err 0 (0.0e+000)
497.576 .... 1176 packets received, 4853 bps, 60.66%, Err 0 (0.0e+000)
499.682 .... 1184 packets received, 4865 bps, 60.82%, Err 0 (0.0e+000)
504.534 .... 1188 packets received, 4835 bps, 60.44%, Err 0 (0.0e+000)
508.683 .... 1189 packets received, 4799 bps, 59.99%, Err 0 (0.0e+000)
512.833 .... 1190 packets received, 4764 bps, 59.56%, Err 0 (0.0e+000)
516.920 .... 1191 packets received, 4731 bps, 59.13%, Err 0 (0.0e+000)
520.960 .... 1192 packets received, 4698 bps, 58.72%, Err 0 (0.0e+000)
525.204 .... 1193 packets received, 4664 bps, 58.30%, Err 0 (0.0e+000)
529.431 .... 1194 packets received, 4630 bps, 57.88%, Err 0 (0.0e+000)
533.518 .... 1195 packets received, 4598 bps, 57.48%, Err 0 (0.0e+000)
537.574 .... 1196 packets received, 4568 bps, 57.09%, Err 0 (0.0e+000)
541.630 .... 1197 packets received, 4537 bps, 56.71%, Err 0 (0.0e+000)
545.780 .... 1198 packets received, 4506 bps, 56.33%, Err 0 (0.0e+000)
549.836 .... 1199 packets received, 4477 bps, 55.96%, Err 0 (0.0e+000)
553.908 .... 1200 packets received, 4447 bps, 55.59%, Err 0 (0.0e+000)
558.120 .... 1201 packets received, 4417 bps, 55.22%, Err 0 (0.0e+000)
562.285 .... 1202 packets received, 4388 bps, 54.85%, Err 0 (0.0e+000)
566.388 .... 1203 packets received, 4360 bps, 54.50%, Err 0 (0.0e+000)
570.412 .... 1204 packets received, 4333 bps, 54.16%, Err 0 (0.0e+000)
574.484 .... 1205 packets received, 4306 bps, 53.82%, Err 0 (0.0e+000)
578.571 .... 1206 packets received, 4279 bps, 53.48%, Err 0 (0.0e+000)
582.674 .... 1207 packets received, 4252 bps, 53.15%, Err 0 (0.0e+000)
586.917 .... 1208 packets received, 4225 bps, 52.81%, Err 0 (0.0e+000)
590.942 .... 1209 packets received, 4199 bps, 52.49%, Err 0 (0.0e+000)
594.982 .... 1210 packets received, 4174 bps, 52.18%, Err 0 (0.0e+000)
599.116 .... 1211 packets received, 4149 bps, 51.86%, Err 0 (0.0e+000)
601.332 .... 1215 packets received, 4147 bps, 51.84%, Err 0 (0.0e+000)
603.438 .... 1223 packets received, 4160 bps, 52.00%, Err 0 (0.0e+000)
605.528 .... 1231 packets received, 4172 bps, 52.16%, Err 0 (0.0e+000)
607.634 .... 1239 packets received, 4185 bps, 52.31%, Err 0 (0.0e+000)
609.724 .... 1247 packets received, 4198 bps, 52.47%, Err 0 (0.0e+000)
611.846 .... 1255 packets received, 4210 bps, 52.62%, Err 0 (0.0e+000)
613.936 .... 1263 packets received, 4222 bps, 52.78%, Err 0 (0.0e+000)
616.042 .... 1271 packets received, 4234 bps, 52.93%, Err 0 (0.0e+000)
618.164 .... 1279 packets received, 4246 bps, 53.08%, Err 0 (0.0e+000)
620.270 .... 1287 packets received, 4258 bps, 53.23%, Err 0 (0.0e+000)
622.376 .... 1295 packets received, 4270 bps, 53.38%, Err 0 (0.0e+000)
624.451 .... 1303 packets received, 4282 bps, 53.53%, Err 0 (0.0e+000)
626.572 .... 1311 packets received, 4294 bps, 53.68%, Err 0 (0.0e+000)
628.678 .... 1319 packets received, 4306 bps, 53.82%, Err 0 (0.0e+000)
630.784 .... 1327 packets received, 4317 bps, 53.97%, Err 0 (0.0e+000)
632.875 .... 1335 packets received, 4329 bps, 54.11%, Err 0 (0.0e+000)
634.981 .... 1343 packets received, 4341 bps, 54.26%, Err 0 (0.0e+000)
637.087 .... 1351 packets received, 4352 bps, 54.40%, Err 0 (0.0e+000)
639.193 .... 1359 packets received, 4363 bps, 54.54%, Err 0 (0.0e+000)
641.299 .... 1367 packets received, 4374 bps, 54.68%, Err 0 (0.0e+000)
643.405 .... 1375 packets received, 4386 bps, 54.82%, Err 0 (0.0e+000)
645.495 .... 1383 packets received, 4397 bps, 54.96%, Err 0 (0.0e+000)
647.601 .... 1391 packets received, 4408 bps, 55.10%, Err 0 (0.0e+000)
649.723 .... 1399 packets received, 4419 bps, 55.23%, Err 0 (0.0e+000)
651.829 .... 1407 packets received, 4430 bps, 55.37%, Err 0 (0.0e+000)
653.935 .... 1415 packets received, 4440 bps, 55.50%, Err 0 (0.0e+000)
656.041 .... 1423 packets received, 4451 bps, 55.64%, Err 0 (0.0e+000)
658.116 .... 1431 packets received, 4462 bps, 55.78%, Err 0 (0.0e+000)
660.237 .... 1439 packets received, 4473 bps, 55.91%, Err 0 (0.0e+000)
662.328 .... 1447 packets received, 4483 bps, 56.04%, Err 0 (0.0e+000)
664.434 .... 1455 packets received, 4494 bps, 56.17%, Err 0 (0.0e+000)
666.555 .... 1463 packets received, 4504 bps, 56.30%, Err 0 (0.0e+000)
668.661 .... 1471 packets received, 4514 bps, 56.43%, Err 0 (0.0e+000)
670.767 .... 1479 packets received, 4525 bps, 56.56%, Err 0 (0.0e+000)
672.858 .... 1487 packets received, 4535 bps, 56.69%, Err 0 (0.0e+000)
674.964 .... 1495 packets received, 4545 bps, 56.81%, Err 0 (0.0e+000)
677.054 .... 1503 packets received, 4555 bps, 56.94%, Err 0 (0.0e+000)
679.160 .... 1511 packets received, 4565 bps, 57.06%, Err 0 (0.0e+000)
681.266 .... 1519 packets received, 4575 bps, 57.19%, Err 0 (0.0e+000)
683.388 .... 1527 packets received, 4585 bps, 57.31%, Err 0 (0.0e+000)
685.478 .... 1535 packets received, 4595 bps, 57.44%, Err 0 (0.0e+000)
687.600 .... 1543 packets received, 4605 bps, 57.56%, Err 0 (0.0e+000)
689.690 .... 1551 packets received, 4614 bps, 57.68%, Err 0 (0.0e+000)
691.780 .... 1559 packets received, 4624 bps, 57.80%, Err 0 (0.0e+000)
693.902 .... 1567 packets received, 4634 bps, 57.92%, Err 0 (0.0e+000)
696.008 .... 1575 packets received, 4643 bps, 58.04%, Err 0 (0.0e+000)
698.114 .... 1583 packets received, 4653 bps, 58.16%, Err 0 (0.0e+000)
700.204 .... 1591 packets received, 4662 bps, 58.28%, Err 0 (0.0e+000)
704.557 .... 1593 packets received, 4639 bps, 57.99%, Err 0 (0.0e+000)
708.628 .... 1594 packets received, 4615 bps, 57.69%, Err 0 (0.0e+000)
712.778 .... 1595 packets received, 4591 bps, 57.39%, Err 0 (0.0e+000)
716.772 .... 1596 packets received, 4569 bps, 57.11%, Err 0 (0.0e+000)
720.828 .... 1597 packets received, 4546 bps, 56.82%, Err 0 (0.0e+000)
724.915 .... 1598 packets received, 4523 bps, 56.53%, Err 0 (0.0e+000)
729.080 .... 1599 packets received, 4500 bps, 56.25%, Err 0 (0.0e+000)
733.074 .... 1600 packets received, 4478 bps, 55.97%, Err 0 (0.0e+000)
737.348 .... 1601 packets received, 4455 bps, 55.68%, Err 0 (0.0e+000)
741.451 .... 1602 packets received, 4433 bps, 55.41%, Err 0 (0.0e+000)
745.647 .... 1603 packets received, 4411 bps, 55.13%, Err 0 (0.0e+000)
749.766 .... 1604 packets received, 4389 bps, 54.86%, Err 0 (0.0e+000)
753.853 .... 1605 packets received, 4368 bps, 54.60%, Err 0 (0.0e+000)
758.018 .... 1606 packets received, 4347 bps, 54.33%, Err 0 (0.0e+000)
762.183 .... 1607 packets received, 4325 bps, 54.07%, Err 0 (0.0e+000)
766.302 .... 1608 packets received, 4305 bps, 53.81%, Err 0 (0.0e+000)
770.436 .... 1609 packets received, 4284 bps, 53.55%, Err 0 (0.0e+000)
774.570 .... 1610 packets received, 4264 bps, 53.30%, Err 0 (0.0e+000)
778.688 .... 1611 packets received, 4244 bps, 53.05%, Err 0 (0.0e+000)
782.791 .... 1612 packets received, 4225 bps, 52.81%, Err 0 (0.0e+000)
786.894 .... 1613 packets received, 4205 bps, 52.56%, Err 0 (0.0e+000)
791.012 .... 1614 packets received, 4186 bps, 52.32%, Err 0 (0.0e+000)
795.084 .... 1615 packets received, 4167 bps, 52.09%, Err 0 (0.0e+000)
799.202 .... 1616 packets received, 4148 bps, 51.85%, Err 0 (0.0e+000)
801.339 .... 1620 packets received, 4147 bps, 51.84%, Err 0 (0.0e+000)
803.430 .... 1628 packets received, 4157 bps, 51.96%, Err 0 (0.0e+000)
805.551 .... 1636 packets received, 4166 bps, 52.08%, Err 0 (0.0e+000)
807.657 .... 1644 packets received, 4176 bps, 52.19%, Err 0 (0.0e+000)
809.732 .... 1652 packets received, 4185 bps, 52.31%, Err 0 (0.0e+000)
811.838 .... 1660 packets received, 4194 bps, 52.43%, Err 0 (0.0e+000)
813.944 .... 1668 packets received, 4204 bps, 52.55%, Err 0 (0.0e+000)
816.066 .... 1676 packets received, 4213 bps, 52.66%, Err 0 (0.0e+000)
818.172 .... 1684 packets received, 4222 bps, 52.78%, Err 0 (0.0e+000)
820.015 ** WARNING: System too busy, sleep 15 ms, but be awakened 1017 ms later
820.296 .... 1689 packets received, 4224 bps, 52.79%, Err 0 (0.0e+000)
822.324 .... 1697 packets received, 4233 bps, 52.91%, Err 0 (0.0e+000)
824.414 .... 1705 packets received, 4242 bps, 53.03%, Err 0 (0.0e+000)
826.536 .... 1713 packets received, 4251 bps, 53.14%, Err 0 (0.0e+000)
828.642 .... 1721 packets received, 4260 bps, 53.25%, Err 0 (0.0e+000)
830.748 .... 1729 packets received, 4269 bps, 53.36%, Err 0 (0.0e+000)
832.854 .... 1737 packets received, 4278 bps, 53.48%, Err 0 (0.0e+000)
834.960 .... 1745 packets received, 4287 bps, 53.59%, Err 0 (0.0e+000)
837.066 .... 1753 packets received, 4296 bps, 53.70%, Err 0 (0.0e+000)
839.156 .... 1761 packets received, 4305 bps, 53.81%, Err 0 (0.0e+000)
841.262 .... 1769 packets received, 4313 bps, 53.92%, Err 0 (0.0e+000)
843.353 .... 1777 packets received, 4322 bps, 54.02%, Err 0 (0.0e+000)
845.474 .... 1785 packets received, 4331 bps, 54.13%, Err 0 (0.0e+000)
847.565 .... 1793 packets received, 4339 bps, 54.24%, Err 0 (0.0e+000)
849.671 .... 1801 packets received, 4348 bps, 54.35%, Err 0 (0.0e+000)
851.792 .... 1809 packets received, 4356 bps, 54.45%, Err 0 (0.0e+000)
853.883 .... 1817 packets received, 4365 bps, 54.56%, Err 0 (0.0e+000)
855.989 .... 1825 packets received, 4373 bps, 54.66%, Err 0 (0.0e+000)
858.095 .... 1833 packets received, 4381 bps, 54.77%, Err 0 (0.0e+000)
860.201 .... 1841 packets received, 4390 bps, 54.87%, Err 0 (0.0e+000)
862.307 .... 1849 packets received, 4398 bps, 54.98%, Err 0 (0.0e+000)
864.413 .... 1857 packets received, 4406 bps, 55.08%, Err 0 (0.0e+000)
866.519 .... 1865 packets received, 4415 bps, 55.18%, Err 0 (0.0e+000)
868.625 .... 1873 packets received, 4423 bps, 55.28%, Err 0 (0.0e+000)
870.731 .... 1881 packets received, 4431 bps, 55.39%, Err 0 (0.0e+000)
872.821 .... 1889 packets received, 4439 bps, 55.49%, Err 0 (0.0e+000)
874.927 .... 1897 packets received, 4447 bps, 55.59%, Err 0 (0.0e+000)
877.033 .... 1905 packets received, 4455 bps, 55.69%, Err 0 (0.0e+000)
879.124 .... 1913 packets received, 4463 bps, 55.79%, Err 0 (0.0e+000)
881.245 .... 1921 packets received, 4471 bps, 55.89%, Err 0 (0.0e+000)
883.336 .... 1929 packets received, 4479 bps, 55.99%, Err 0 (0.0e+000)
885.442 .... 1937 packets received, 4487 bps, 56.09%, Err 0 (0.0e+000)
887.548 .... 1945 packets received, 4495 bps, 56.18%, Err 0 (0.0e+000)
889.654 .... 1953 packets received, 4502 bps, 56.28%, Err 0 (0.0e+000)
891.760 .... 1961 packets received, 4510 bps, 56.38%, Err 0 (0.0e+000)
893.866 .... 1969 packets received, 4518 bps, 56.47%, Err 0 (0.0e+000)
895.956 .... 1977 packets received, 4526 bps, 56.57%, Err 0 (0.0e+000)
898.078 .... 1985 packets received, 4533 bps, 56.67%, Err 0 (0.0e+000)
900.184 .... 1993 packets received, 4541 bps, 56.76%, Err 0 (0.0e+000)
904.614 .... 1995 packets received, 4523 bps, 56.54%, Err 0 (0.0e+000)
908.795 .... 1996 packets received, 4505 bps, 56.31%, Err 0 (0.0e+000)
912.820 .... 1997 packets received, 4487 bps, 56.09%, Err 0 (0.0e+000)
917.000 .... 1998 packets received, 4469 bps, 55.86%, Err 0 (0.0e+000)
921.103 .... 1999 packets received, 4451 bps, 55.64%, Err 0 (0.0e+000)
925.159 .... 2000 packets received, 4434 bps, 55.42%, Err 0 (0.0e+000)
929.278 .... 2001 packets received, 4416 bps, 55.20%, Err 0 (0.0e+000)
933.334 .... 2002 packets received, 4399 bps, 54.99%, Err 0 (0.0e+000)
937.546 .... 2003 packets received, 4382 bps, 54.77%, Err 0 (0.0e+000)
941.726 .... 2004 packets received, 4364 bps, 54.55%, Err 0 (0.0e+000)
945.876 .... 2005 packets received, 4347 bps, 54.34%, Err 0 (0.0e+000)
949.948 .... 2006 packets received, 4331 bps, 54.13%, Err 0 (0.0e+000)
953.972 .... 2007 packets received, 4315 bps, 53.93%, Err 0 (0.0e+000)
958.216 .... 2008 packets received, 4298 bps, 53.72%, Err 0 (0.0e+000)
962.256 .... 2009 packets received, 4282 bps, 53.52%, Err 0 (0.0e+000)
966.359 .... 2010 packets received, 4266 bps, 53.32%, Err 0 (0.0e+000)
970.415 .... 2011 packets received, 4250 bps, 53.12%, Err 0 (0.0e+000)
974.580 .... 2012 packets received, 4234 bps, 52.92%, Err 0 (0.0e+000)
978.730 .... 2013 packets received, 4218 bps, 52.72%, Err 0 (0.0e+000)
982.786 .... 2014 packets received, 4203 bps, 52.53%, Err 0 (0.0e+000)
986.935 .... 2015 packets received, 4187 bps, 52.34%, Err 0 (0.0e+000)
991.007 .... 2016 packets received, 4172 bps, 52.15%, Err 0 (0.0e+000)
995.125 .... 2017 packets received, 4157 bps, 51.96%, Err 0 (0.0e+000)
999.228 .... 2018 packets received, 4141 bps, 51.77%, Err 0 (0.0e+000)
1001.318 .... 2022 packets received, 4141 bps, 51.76%, Err 0 (0.0e+000)
1003.424 .... 2030 packets received, 4149 bps, 51.86%, Err 0 (0.0e+000)
1005.541 .... 2038 packets received, 4156 bps, 51.95%, Err 0 (0.0e+000)
1007.647 .... 2046 packets received, 4164 bps, 52.05%, Err 0 (0.0e+000)
1009.738 .... 2054 packets received, 4171 bps, 52.14%, Err 0 (0.0e+000)
1011.859 .... 2062 packets received, 4179 bps, 52.24%, Err 0 (0.0e+000)
1013.950 .... 2070 packets received, 4186 bps, 52.33%, Err 0 (0.0e+000)
1016.040 .... 2078 packets received, 4194 bps, 52.42%, Err 0 (0.0e+000)
1018.162 .... 2086 packets received, 4201 bps, 52.52%, Err 0 (0.0e+000)
1020.252 .... 2094 packets received, 4209 bps, 52.61%, Err 0 (0.0e+000)
1022.374 .... 2102 packets received, 4216 bps, 52.70%, Err 0 (0.0e+000)
1024.464 .... 2110 packets received, 4223 bps, 52.79%, Err 0 (0.0e+000)
1026.586 .... 2118 packets received, 4231 bps, 52.88%, Err 0 (0.0e+000)
1028.692 .... 2126 packets received, 4238 bps, 52.97%, Err 0 (0.0e+000)
1030.782 .... 2134 packets received, 4245 bps, 53.07%, Err 0 (0.0e+000)
1032.873 .... 2142 packets received, 4253 bps, 53.16%, Err 0 (0.0e+000)
1034.979 .... 2150 packets received, 4260 bps, 53.25%, Err 0 (0.0e+000)
1037.085 .... 2158 packets received, 4267 bps, 53.34%, Err 0 (0.0e+000)
1039.206 .... 2166 packets received, 4274 bps, 53.42%, Err 0 (0.0e+000)
1041.297 .... 2174 packets received, 4281 bps, 53.51%, Err 0 (0.0e+000)
1043.418 .... 2182 packets received, 4288 bps, 53.60%, Err 0 (0.0e+000)
1045.493 .... 2190 packets received, 4295 bps, 53.69%, Err 0 (0.0e+000)
1047.615 .... 2198 packets received, 4302 bps, 53.78%, Err 0 (0.0e+000)
1049.721 .... 2206 packets received, 4309 bps, 53.87%, Err 0 (0.0e+000)
1051.811 .... 2214 packets received, 4316 bps, 53.95%, Err 0 (0.0e+000)
1053.933 .... 2222 packets received, 4323 bps, 54.04%, Err 0 (0.0e+000)
1056.039 .... 2230 packets received, 4330 bps, 54.13%, Err 0 (0.0e+000)
1058.145 .... 2238 packets received, 4337 bps, 54.21%, Err 0 (0.0e+000)
1060.235 .... 2246 packets received, 4344 bps, 54.30%, Err 0 (0.0e+000)
1062.325 .... 2254 packets received, 4351 bps, 54.38%, Err 0 (0.0e+000)
1064.431 .... 2262 packets received, 4358 bps, 54.47%, Err 0 (0.0e+000)
1066.537 .... 2270 packets received, 4364 bps, 54.55%, Err 0 (0.0e+000)
1068.659 .... 2278 packets received, 4371 bps, 54.64%, Err 0 (0.0e+000)
1070.765 .... 2286 packets received, 4378 bps, 54.72%, Err 0 (0.0e+000)
1072.871 .... 2294 packets received, 4384 bps, 54.80%, Err 0 (0.0e+000)
1074.977 .... 2302 packets received, 4391 bps, 54.89%, Err 0 (0.0e+000)
1077.083 .... 2310 packets received, 4398 bps, 54.97%, Err 0 (0.0e+000)
1079.158 .... 2318 packets received, 4404 bps, 55.05%, Err 0 (0.0e+000)
1081.279 .... 2326 packets received, 4411 bps, 55.14%, Err 0 (0.0e+000)
1083.385 .... 2334 packets received, 4417 bps, 55.22%, Err 0 (0.0e+000)
1085.476 .... 2342 packets received, 4424 bps, 55.30%, Err 0 (0.0e+000)
1087.582 .... 2350 packets received, 4431 bps, 55.38%, Err 0 (0.0e+000)
1089.688 .... 2358 packets received, 4437 bps, 55.46%, Err 0 (0.0e+000)
1091.809 .... 2366 packets received, 4443 bps, 55.54%, Err 0 (0.0e+000)
1093.915 .... 2374 packets received, 4450 bps, 55.62%, Err 0 (0.0e+000)
1096.006 .... 2382 packets received, 4456 bps, 55.70%, Err 0 (0.0e+000)
1098.096 .... 2390 packets received, 4463 bps, 55.78%, Err 0 (0.0e+000)
1100.218 .... 2398 packets received, 4469 bps, 55.86%, Err 0 (0.0e+000)
1104.508 .... 2400 packets received, 4455 bps, 55.69%, Err 0 (0.0e+000)
1108.579 .... 2401 packets received, 4441 bps, 55.51%, Err 0 (0.0e+000)
1112.620 .... 2402 packets received, 4427 bps, 55.33%, Err 0 (0.0e+000)
1116.691 .... 2403 packets received, 4412 bps, 55.15%, Err 0 (0.0e+000)
1120.810 .... 2404 packets received, 4398 bps, 54.97%, Err 0 (0.0e+000)
1124.866 .... 2405 packets received, 4384 bps, 54.80%, Err 0 (0.0e+000)
1128.922 .... 2406 packets received, 4370 bps, 54.62%, Err 0 (0.0e+000)
1133.071 .... 2407 packets received, 4356 bps, 54.45%, Err 0 (0.0e+000)
1137.174 .... 2408 packets received, 4342 bps, 54.27%, Err 0 (0.0e+000)
1141.324 .... 2409 packets received, 4328 bps, 54.10%, Err 0 (0.0e+000)
1145.395 .... 2410 packets received, 4314 bps, 53.93%, Err 0 (0.0e+000)
1149.498 .... 2411 packets received, 4300 bps, 53.76%, Err 0 (0.0e+000)
1153.585 .... 2412 packets received, 4287 bps, 53.59%, Err 0 (0.0e+000)
1157.797 .... 2413 packets received, 4273 bps, 53.41%, Err 0 (0.0e+000)
1161.963 .... 2414 packets received, 4260 bps, 53.24%, Err 0 (0.0e+000)
1166.112 .... 2415 packets received, 4246 bps, 53.08%, Err 0 (0.0e+000)
1170.215 .... 2416 packets received, 4233 bps, 52.91%, Err 0 (0.0e+000)
1174.318 .... 2417 packets received, 4220 bps, 52.75%, Err 0 (0.0e+000)
1178.530 .... 2418 packets received, 4207 bps, 52.58%, Err 0 (0.0e+000)
1182.664 .... 2419 packets received, 4194 bps, 52.42%, Err 0 (0.0e+000)
1186.782 .... 2420 packets received, 4181 bps, 52.26%, Err 0 (0.0e+000)
1190.916 .... 2421 packets received, 4168 bps, 52.10%, Err 0 (0.0e+000)
1195.035 .... 2422 packets received, 4155 bps, 51.94%, Err 0 (0.0e+000)
1199.200 .... 2423 packets received, 4143 bps, 51.78%, Err 0 (0.0e+000)
1201.337 .... 2427 packets received, 4142 bps, 51.77%, Err 0 (0.0e+000)
1203.443 .... 2435 packets received, 4148 bps, 51.85%, Err 0 (0.0e+000)
1205.549 .... 2443 packets received, 4155 bps, 51.93%, Err 0 (0.0e+000)
1207.639 .... 2451 packets received, 4161 bps, 52.01%, Err 0 (0.0e+000)
1209.730 .... 2459 packets received, 4167 bps, 52.09%, Err 0 (0.0e+000)
1211.851 .... 2467 packets received, 4174 bps, 52.17%, Err 0 (0.0e+000)
1213.957 .... 2475 packets received, 4180 bps, 52.25%, Err 0 (0.0e+000)
1216.048 .... 2483 packets received, 4186 bps, 52.33%, Err 0 (0.0e+000)
1218.154 .... 2491 packets received, 4192 bps, 52.41%, Err 0 (0.0e+000)
1220.260 .... 2499 packets received, 4199 bps, 52.48%, Err 0 (0.0e+000)
1222.366 .... 2507 packets received, 4205 bps, 52.56%, Err 0 (0.0e+000)
1224.456 .... 2515 packets received, 4211 bps, 52.64%, Err 0 (0.0e+000)
1226.562 .... 2523 packets received, 4217 bps, 52.71%, Err 0 (0.0e+000)
1228.668 .... 2531 packets received, 4223 bps, 52.79%, Err 0 (0.0e+000)
1230.790 .... 2539 packets received, 4229 bps, 52.87%, Err 0 (0.0e+000)
1232.896 .... 2547 packets received, 4235 bps, 52.94%, Err 0 (0.0e+000)
1234.986 .... 2555 packets received, 4241 bps, 53.02%, Err 0 (0.0e+000)
1237.108 .... 2563 packets received, 4247 bps, 53.09%, Err 0 (0.0e+000)
1239.214 .... 2571 packets received, 4253 bps, 53.17%, Err 0 (0.0e+000)
1241.289 .... 2579 packets received, 4260 bps, 53.24%, Err 0 (0.0e+000)
1243.395 .... 2587 packets received, 4266 bps, 53.32%, Err 0 (0.0e+000)
1245.516 .... 2595 packets received, 4271 bps, 53.39%, Err 0 (0.0e+000)
1247.622 .... 2603 packets received, 4277 bps, 53.47%, Err 0 (0.0e+000)
1249.713 .... 2611 packets received, 4283 bps, 53.54%, Err 0 (0.0e+000)
1251.819 .... 2619 packets received, 4289 bps, 53.62%, Err 0 (0.0e+000)
1253.940 .... 2627 packets received, 4295 bps, 53.69%, Err 0 (0.0e+000)
1256.031 .... 2635 packets received, 4301 bps, 53.76%, Err 0 (0.0e+000)
1258.121 .... 2643 packets received, 4307 bps, 53.84%, Err 0 (0.0e+000)
1260.227 .... 2651 packets received, 4313 bps, 53.91%, Err 0 (0.0e+000)
1262.349 .... 2659 packets received, 4318 bps, 53.98%, Err 0 (0.0e+000)
1264.439 .... 2667 packets received, 4324 bps, 54.05%, Err 0 (0.0e+000)
1266.561 .... 2675 packets received, 4330 bps, 54.12%, Err 0 (0.0e+000)
1268.667 .... 2683 packets received, 4336 bps, 54.20%, Err 0 (0.0e+000)
1270.773 .... 2691 packets received, 4341 bps, 54.27%, Err 0 (0.0e+000)
1272.863 .... 2699 packets received, 4347 bps, 54.34%, Err 0 (0.0e+000)
1274.953 .... 2707 packets received, 4353 bps, 54.41%, Err 0 (0.0e+000)
1277.059 .... 2715 packets received, 4358 bps, 54.48%, Err 0 (0.0e+000)
1279.181 .... 2723 packets received, 4364 bps, 54.55%, Err 0 (0.0e+000)
1281.271 .... 2731 packets received, 4370 bps, 54.62%, Err 0 (0.0e+000)
1283.393 .... 2739 packets received, 4375 bps, 54.69%, Err 0 (0.0e+000)
1285.483 .... 2747 packets received, 4381 bps, 54.76%, Err 0 (0.0e+000)
1287.605 .... 2755 packets received, 4386 bps, 54.83%, Err 0 (0.0e+000)
1289.680 .... 2763 packets received, 4392 bps, 54.90%, Err 0 (0.0e+000)
1291.801 .... 2771 packets received, 4398 bps, 54.97%, Err 0 (0.0e+000)
1293.892 .... 2779 packets received, 4403 bps, 55.04%, Err 0 (0.0e+000)
1295.998 .... 2787 packets received, 4409 bps, 55.11%, Err 0 (0.0e+000)
1298.119 .... 2795 packets received, 4414 bps, 55.18%, Err 0 (0.0e+000)
1300.225 .... 2803 packets received, 4419 bps, 55.24%, Err 0 (0.0e+000)
1304.500 .... 2805 packets received, 4408 bps, 55.10%, Err 0 (0.0e+000)
1308.618 .... 2806 packets received, 4396 bps, 54.95%, Err 0 (0.0e+000)
1312.737 .... 2807 packets received, 4384 bps, 54.79%, Err 0 (0.0e+000)
1316.730 .... 2808 packets received, 4372 bps, 54.65%, Err 0 (0.0e+000)
1320.755 .... 2809 packets received, 4360 bps, 54.50%, Err 0 (0.0e+000)
1324.936 .... 2810 packets received, 4348 bps, 54.35%, Err 0 (0.0e+000)
1329.070 .... 2811 packets received, 4336 bps, 54.20%, Err 0 (0.0e+000)
1333.219 .... 2812 packets received, 4324 bps, 54.05%, Err 0 (0.0e+000)
1337.275 .... 2813 packets received, 4312 bps, 53.90%, Err 0 (0.0e+000)
1341.363 .... 2814 packets received, 4301 bps, 53.76%, Err 0 (0.0e+000)
1345.465 .... 2815 packets received, 4289 bps, 53.61%, Err 0 (0.0e+000)
1349.521 .... 2816 packets received, 4278 bps, 53.47%, Err 0 (0.0e+000)
1353.718 .... 2817 packets received, 4266 bps, 53.32%, Err 0 (0.0e+000)
1357.774 .... 2818 packets received, 4255 bps, 53.18%, Err 0 (0.0e+000)
1361.970 .... 2819 packets received, 4243 bps, 53.04%, Err 0 (0.0e+000)
1366.089 .... 2820 packets received, 4232 bps, 52.90%, Err 0 (0.0e+000)
1370.129 .... 2821 packets received, 4221 bps, 52.76%, Err 0 (0.0e+000)
1374.185 .... 2822 packets received, 4210 bps, 52.62%, Err 0 (0.0e+000)
1378.194 .... 2823 packets received, 4199 bps, 52.49%, Err 0 (0.0e+000)
1382.281 .... 2824 packets received, 4188 bps, 52.35%, Err 0 (0.0e+000)
1386.493 .... 2825 packets received, 4177 bps, 52.21%, Err 0 (0.0e+000)
1390.643 .... 2826 packets received, 4166 bps, 52.07%, Err 0 (0.0e+000)
1394.902 .... 2827 packets received, 4155 bps, 51.93%, Err 0 (0.0e+000)
1398.911 .... 2828 packets received, 4144 bps, 51.80%, Err 0 (0.0e+000)
1401.048 .... 2831 packets received, 4142 bps, 51.78%, Err 0 (0.0e+000)
1403.154 .... 2839 packets received, 4148 bps, 51.84%, Err 0 (0.0e+000)
1405.260 .... 2847 packets received, 4153 bps, 51.91%, Err 0 (0.0e+000)
1407.366 .... 2855 packets received, 4158 bps, 51.98%, Err 0 (0.0e+000)
1409.488 .... 2863 packets received, 4164 bps, 52.05%, Err 0 (0.0e+000)
1411.563 .... 2871 packets received, 4169 bps, 52.12%, Err 0 (0.0e+000)
1413.684 .... 2879 packets received, 4175 bps, 52.18%, Err 0 (0.0e+000)
1415.790 .... 2887 packets received, 4180 bps, 52.25%, Err 0 (0.0e+000)
1417.896 .... 2895 packets received, 4185 bps, 52.32%, Err 0 (0.0e+000)
1420.002 .... 2903 packets received, 4191 bps, 52.38%, Err 0 (0.0e+000)
1422.093 .... 2911 packets received, 4196 bps, 52.45%, Err 0 (0.0e+000)
1424.214 .... 2919 packets received, 4201 bps, 52.52%, Err 0 (0.0e+000)
1426.289 .... 2927 packets received, 4207 bps, 52.58%, Err 0 (0.0e+000)
1428.395 .... 2935 packets received, 4212 bps, 52.65%, Err 0 (0.0e+000)
1430.501 .... 2943 packets received, 4217 bps, 52.72%, Err 0 (0.0e+000)
1432.623 .... 2951 packets received, 4222 bps, 52.78%, Err 0 (0.0e+000)
1434.713 .... 2959 packets received, 4228 bps, 52.85%, Err 0 (0.0e+000)
1436.819 .... 2967 packets received, 4233 bps, 52.91%, Err 0 (0.0e+000)
1438.941 .... 2975 packets received, 4238 bps, 52.98%, Err 0 (0.0e+000)
1441.031 .... 2983 packets received, 4243 bps, 53.04%, Err 0 (0.0e+000)
1443.121 .... 2991 packets received, 4249 bps, 53.11%, Err 0 (0.0e+000)
1445.227 .... 2999 packets received, 4254 bps, 53.17%, Err 0 (0.0e+000)
1447.349 .... 3007 packets received, 4259 bps, 53.23%, Err 0 (0.0e+000)
1449.439 .... 3015 packets received, 4264 bps, 53.30%, Err 0 (0.0e+000)
1451.545 .... 3023 packets received, 4269 bps, 53.36%, Err 0 (0.0e+000)
1453.651 .... 3031 packets received, 4274 bps, 53.43%, Err 0 (0.0e+000)
1455.757 .... 3039 packets received, 4279 bps, 53.49%, Err 0 (0.0e+000)
1457.879 .... 3047 packets received, 4284 bps, 53.55%, Err 0 (0.0e+000)
1459.969 .... 3055 packets received, 4289 bps, 53.62%, Err 0 (0.0e+000)
1462.075 .... 3063 packets received, 4294 bps, 53.68%, Err 0 (0.0e+000)
1464.181 .... 3071 packets received, 4299 bps, 53.74%, Err 0 (0.0e+000)
1466.287 .... 3079 packets received, 4304 bps, 53.80%, Err 0 (0.0e+000)
1468.378 .... 3087 packets received, 4309 bps, 53.87%, Err 0 (0.0e+000)
1470.484 .... 3095 packets received, 4314 bps, 53.93%, Err 0 (0.0e+000)
1472.605 .... 3103 packets received, 4319 bps, 53.99%, Err 0 (0.0e+000)
1474.711 .... 3111 packets received, 4324 bps, 54.05%, Err 0 (0.0e+000)
1476.802 .... 3119 packets received, 4329 bps, 54.12%, Err 0 (0.0e+000)
1478.892 .... 3127 packets received, 4334 bps, 54.18%, Err 0 (0.0e+000)
1480.998 .... 3135 packets received, 4339 bps, 54.24%, Err 0 (0.0e+000)
1483.120 .... 3143 packets received, 4344 bps, 54.30%, Err 0 (0.0e+000)
1485.226 .... 3151 packets received, 4349 bps, 54.36%, Err 0 (0.0e+000)
1487.316 .... 3159 packets received, 4354 bps, 54.42%, Err 0 (0.0e+000)
1489.438 .... 3167 packets received, 4359 bps, 54.48%, Err 0 (0.0e+000)
1491.528 .... 3175 packets received, 4363 bps, 54.54%, Err 0 (0.0e+000)
1493.634 .... 3183 packets received, 4368 bps, 54.60%, Err 0 (0.0e+000)
1495.740 .... 3191 packets received, 4373 bps, 54.66%, Err 0 (0.0e+000)
1497.831 .... 3199 packets received, 4378 bps, 54.72%, Err 0 (0.0e+000)
1499.952 .... 3207 packets received, 4383 bps, 54.78%, Err 0 (0.0e+000)
1504.554 .... 3210 packets received, 4373 bps, 54.67%, Err 0 (0.0e+000)
1508.595 .... 3211 packets received, 4363 bps, 54.54%, Err 0 (0.0e+000)
1512.744 .... 3212 packets received, 4352 bps, 54.40%, Err 0 (0.0e+000)
1516.878 .... 3213 packets received, 4342 bps, 54.27%, Err 0 (0.0e+000)
1521.090 .... 3214 packets received, 4331 bps, 54.14%, Err 0 (0.0e+000)
1525.209 .... 3215 packets received, 4321 bps, 54.01%, Err 0 (0.0e+000)
1529.327 .... 3216 packets received, 4310 bps, 53.88%, Err 0 (0.0e+000)
1533.399 .... 3217 packets received, 4300 bps, 53.75%, Err 0 (0.0e+000)
1537.455 .... 3218 packets received, 4290 bps, 53.63%, Err 0 (0.0e+000)
1541.573 .... 3219 packets received, 4280 bps, 53.50%, Err 0 (0.0e+000)
1545.629 .... 3220 packets received, 4270 bps, 53.38%, Err 0 (0.0e+000)
1549.685 .... 3221 packets received, 4260 bps, 53.25%, Err 0 (0.0e+000)
1553.959 .... 3222 packets received, 4250 bps, 53.12%, Err 0 (0.0e+000)
1558.125 .... 3223 packets received, 4240 bps, 53.00%, Err 0 (0.0e+000)
1562.227 .... 3224 packets received, 4230 bps, 52.88%, Err 0 (0.0e+000)
1566.283 .... 3225 packets received, 4220 bps, 52.75%, Err 0 (0.0e+000)
1570.402 .... 3226 packets received, 4211 bps, 52.63%, Err 0 (0.0e+000)
1574.505 .... 3227 packets received, 4201 bps, 52.51%, Err 0 (0.0e+000)
1578.545 .... 3228 packets received, 4191 bps, 52.39%, Err 0 (0.0e+000)
1582.585 .... 3229 packets received, 4182 bps, 52.28%, Err 0 (0.0e+000)
1586.641 .... 3230 packets received, 4173 bps, 52.16%, Err 0 (0.0e+000)
1590.760 .... 3231 packets received, 4163 bps, 52.04%, Err 0 (0.0e+000)
1594.863 .... 3232 packets received, 4154 bps, 51.92%, Err 0 (0.0e+000)
1598.950 .... 3233 packets received, 4144 bps, 51.80%, Err 0 (0.0e+000)
1601.071 .... 3236 packets received, 4143 bps, 51.78%, Err 0 (0.0e+000)
1603.177 .... 3244 packets received, 4147 bps, 51.84%, Err 0 (0.0e+000)
1605.283 .... 3252 packets received, 4152 bps, 51.90%, Err 0 (0.0e+000)
1607.374 .... 3260 packets received, 4157 bps, 51.96%, Err 0 (0.0e+000)
1609.495 .... 3268 packets received, 4162 bps, 52.02%, Err 0 (0.0e+000)
1611.586 .... 3276 packets received, 4167 bps, 52.08%, Err 0 (0.0e+000)
1613.692 .... 3284 packets received, 4171 bps, 52.14%, Err 0 (0.0e+000)
1615.798 .... 3292 packets received, 4176 bps, 52.20%, Err 0 (0.0e+000)
1617.904 .... 3300 packets received, 4181 bps, 52.26%, Err 0 (0.0e+000)
1619.994 .... 3308 packets received, 4185 bps, 52.32%, Err 0 (0.0e+000)
1622.116 .... 3316 packets received, 4190 bps, 52.37%, Err 0 (0.0e+000)
1624.222 .... 3324 packets received, 4195 bps, 52.43%, Err 0 (0.0e+000)
1626.312 .... 3332 packets received, 4199 bps, 52.49%, Err 0 (0.0e+000)
1628.403 .... 3340 packets received, 4204 bps, 52.55%, Err 0 (0.0e+000)
1630.524 .... 3348 packets received, 4209 bps, 52.61%, Err 0 (0.0e+000)
1632.630 .... 3356 packets received, 4213 bps, 52.67%, Err 0 (0.0e+000)
1634.721 .... 3364 packets received, 4218 bps, 52.72%, Err 0 (0.0e+000)
1636.842 .... 3372 packets received, 4222 bps, 52.78%, Err 0 (0.0e+000)
1638.948 .... 3380 packets received, 4227 bps, 52.84%, Err 0 (0.0e+000)
1641.039 .... 3388 packets received, 4232 bps, 52.89%, Err 0 (0.0e+000)
1643.129 .... 3396 packets received, 4236 bps, 52.95%, Err 0 (0.0e+000)
1645.251 .... 3404 packets received, 4241 bps, 53.01%, Err 0 (0.0e+000)
1647.357 .... 3412 packets received, 4245 bps, 53.06%, Err 0 (0.0e+000)
1649.447 .... 3420 packets received, 4250 bps, 53.12%, Err 0 (0.0e+000)
1651.569 .... 3428 packets received, 4254 bps, 53.18%, Err 0 (0.0e+000)
1653.659 .... 3436 packets received, 4259 bps, 53.23%, Err 0 (0.0e+000)
1655.765 .... 3444 packets received, 4263 bps, 53.29%, Err 0 (0.0e+000)
1657.887 .... 3452 packets received, 4268 bps, 53.35%, Err 0 (0.0e+000)
1659.977 .... 3460 packets received, 4272 bps, 53.40%, Err 0 (0.0e+000)
1662.083 .... 3468 packets received, 4277 bps, 53.46%, Err 0 (0.0e+000)
1664.189 .... 3476 packets received, 4281 bps, 53.51%, Err 0 (0.0e+000)
1666.279 .... 3484 packets received, 4285 bps, 53.57%, Err 0 (0.0e+000)
1668.401 .... 3492 packets received, 4290 bps, 53.62%, Err 0 (0.0e+000)
1670.507 .... 3500 packets received, 4294 bps, 53.68%, Err 0 (0.0e+000)
1672.613 .... 3508 packets received, 4299 bps, 53.73%, Err 0 (0.0e+000)
1674.703 .... 3516 packets received, 4303 bps, 53.79%, Err 0 (0.0e+000)
1676.809 .... 3524 packets received, 4307 bps, 53.84%, Err 0 (0.0e+000)
1678.915 .... 3532 packets received, 4312 bps, 53.90%, Err 0 (0.0e+000)
1681.006 .... 3540 packets received, 4316 bps, 53.95%, Err 0 (0.0e+000)
1683.112 .... 3548 packets received, 4321 bps, 54.01%, Err 0 (0.0e+000)
1685.233 .... 3556 packets received, 4325 bps, 54.06%, Err 0 (0.0e+000)
1687.324 .... 3564 packets received, 4329 bps, 54.11%, Err 0 (0.0e+000)
1689.445 .... 3572 packets received, 4333 bps, 54.17%, Err 0 (0.0e+000)
1691.551 .... 3580 packets received, 4338 bps, 54.22%, Err 0 (0.0e+000)
1693.642 .... 3588 packets received, 4342 bps, 54.28%, Err 0 (0.0e+000)
1695.748 .... 3596 packets received, 4346 bps, 54.33%, Err 0 (0.0e+000)
1697.854 .... 3604 packets received, 4351 bps, 54.38%, Err 0 (0.0e+000)
1699.960 .... 3612 packets received, 4355 bps, 54.44%, Err 0 (0.0e+000)
1704.484 .... 3615 packets received, 4347 bps, 54.34%, Err 0 (0.0e+000)
1708.602 .... 3616 packets received, 4338 bps, 54.22%, Err 0 (0.0e+000)
1712.627 .... 3617 packets received, 4329 bps, 54.11%, Err 0 (0.0e+000)
1716.792 .... 3618 packets received, 4319 bps, 53.99%, Err 0 (0.0e+000)
1720.989 .... 3619 packets received, 4310 bps, 53.87%, Err 0 (0.0e+000)
1725.123 .... 3620 packets received, 4301 bps, 53.76%, Err 0 (0.0e+000)
1729.194 .... 3621 packets received, 4292 bps, 53.65%, Err 0 (0.0e+000)
1733.281 .... 3622 packets received, 4283 bps, 53.54%, Err 0 (0.0e+000)
1737.431 .... 3623 packets received, 4274 bps, 53.42%, Err 0 (0.0e+000)
1741.534 .... 3624 packets received, 4265 bps, 53.31%, Err 0 (0.0e+000)
1745.605 .... 3625 packets received, 4256 bps, 53.20%, Err 0 (0.0e+000)
1749.693 .... 3626 packets received, 4247 bps, 53.09%, Err 0 (0.0e+000)
1753.842 .... 3627 packets received, 4238 bps, 52.98%, Err 0 (0.0e+000)
1758.023 .... 3628 packets received, 4230 bps, 52.87%, Err 0 (0.0e+000)
1762.157 .... 3629 packets received, 4221 bps, 52.76%, Err 0 (0.0e+000)
1766.260 .... 3630 packets received, 4212 bps, 52.65%, Err 0 (0.0e+000)
1770.331 .... 3631 packets received, 4204 bps, 52.55%, Err 0 (0.0e+000)
1774.403 .... 3632 packets received, 4195 bps, 52.44%, Err 0 (0.0e+000)
1778.412 .... 3633 packets received, 4187 bps, 52.34%, Err 0 (0.0e+000)
1782.515 .... 3634 packets received, 4178 bps, 52.23%, Err 0 (0.0e+000)
1786.555 .... 3635 packets received, 4170 bps, 52.13%, Err 0 (0.0e+000)
1790.627 .... 3636 packets received, 4162 bps, 52.02%, Err 0 (0.0e+000)
1794.714 .... 3637 packets received, 4153 bps, 51.92%, Err 0 (0.0e+000)
1798.817 .... 3638 packets received, 4145 bps, 51.81%, Err 0 (0.0e+000)
1801.063 .... 3641 packets received, 4143 bps, 51.79%, Err 0 (0.0e+000)
1803.169 .... 3649 packets received, 4147 bps, 51.84%, Err 0 (0.0e+000)
1805.260 .... 3657 packets received, 4152 bps, 51.90%, Err 0 (0.0e+000)
1807.381 .... 3665 packets received, 4156 bps, 51.95%, Err 0 (0.0e+000)
1809.472 .... 3673 packets received, 4160 bps, 52.00%, Err 0 (0.0e+000)
1811.578 .... 3681 packets received, 4164 bps, 52.05%, Err 0 (0.0e+000)
1813.668 .... 3689 packets received, 4169 bps, 52.11%, Err 0 (0.0e+000)
1815.774 .... 3697 packets received, 4173 bps, 52.16%, Err 0 (0.0e+000)
1817.880 .... 3705 packets received, 4177 bps, 52.21%, Err 0 (0.0e+000)
1819.986 .... 3713 packets received, 4181 bps, 52.26%, Err 0 (0.0e+000)
1822.108 .... 3721 packets received, 4185 bps, 52.32%, Err 0 (0.0e+000)
1824.198 .... 3729 packets received, 4189 bps, 52.37%, Err 0 (0.0e+000)
1826.320 .... 3737 packets received, 4194 bps, 52.42%, Err 0 (0.0e+000)
1828.395 .... 3745 packets received, 4198 bps, 52.47%, Err 0 (0.0e+000)
1830.516 .... 3753 packets received, 4202 bps, 52.52%, Err 0 (0.0e+000)
1832.607 .... 3761 packets received, 4206 bps, 52.58%, Err 0 (0.0e+000)
1834.728 .... 3769 packets received, 4210 bps, 52.63%, Err 0 (0.0e+000)
1836.819 .... 3777 packets received, 4214 bps, 52.68%, Err 0 (0.0e+000)
1838.925 .... 3785 packets received, 4218 bps, 52.73%, Err 0 (0.0e+000)
1841.046 .... 3793 packets received, 4222 bps, 52.78%, Err 0 (0.0e+000)
1843.121 .... 3801 packets received, 4227 bps, 52.83%, Err 0 (0.0e+000)
1845.243 .... 3809 packets received, 4231 bps, 52.88%, Err 0 (0.0e+000)
1847.333 .... 3817 packets received, 4235 bps, 52.93%, Err 0 (0.0e+000)
1849.439 .... 3825 packets received, 4239 bps, 52.98%, Err 0 (0.0e+000)
1851.561 .... 3833 packets received, 4243 bps, 53.03%, Err 0 (0.0e+000)
1853.667 .... 3841 packets received, 4247 bps, 53.08%, Err 0 (0.0e+000)
1855.773 .... 3849 packets received, 4251 bps, 53.13%, Err 0 (0.0e+000)
1857.863 .... 3857 packets received, 4255 bps, 53.18%, Err 0 (0.0e+000)
1859.953 .... 3865 packets received, 4259 bps, 53.23%, Err 0 (0.0e+000)
1862.075 .... 3873 packets received, 4263 bps, 53.28%, Err 0 (0.0e+000)
1864.165 .... 3881 packets received, 4267 bps, 53.33%, Err 0 (0.0e+000)
1866.271 .... 3889 packets received, 4271 bps, 53.38%, Err 0 (0.0e+000)
1868.377 .... 3897 packets received, 4275 bps, 53.43%, Err 0 (0.0e+000)
1870.483 .... 3905 packets received, 4279 bps, 53.48%, Err 0 (0.0e+000)
1872.589 .... 3913 packets received, 4283 bps, 53.53%, Err 0 (0.0e+000)
1874.711 .... 3921 packets received, 4286 bps, 53.58%, Err 0 (0.0e+000)
1876.786 .... 3929 packets received, 4290 bps, 53.63%, Err 0 (0.0e+000)
1878.907 .... 3937 packets received, 4294 bps, 53.68%, Err 0 (0.0e+000)
1880.998 .... 3945 packets received, 4298 bps, 53.73%, Err 0 (0.0e+000)
1883.104 .... 3953 packets received, 4302 bps, 53.78%, Err 0 (0.0e+000)
1885.210 .... 3961 packets received, 4306 bps, 53.83%, Err 0 (0.0e+000)
1887.331 .... 3969 packets received, 4310 bps, 53.87%, Err 0 (0.0e+000)
1889.422 .... 3977 packets received, 4314 bps, 53.92%, Err 0 (0.0e+000)
1891.528 .... 3985 packets received, 4318 bps, 53.97%, Err 0 (0.0e+000)
1893.618 .... 3993 packets received, 4322 bps, 54.02%, Err 0 (0.0e+000)
1895.724 .... 4001 packets received, 4325 bps, 54.07%, Err 0 (0.0e+000)
1897.846 .... 4009 packets received, 4329 bps, 54.11%, Err 0 (0.0e+000)
1899.936 .... 4017 packets received, 4333 bps, 54.16%, Err 0 (0.0e+000)