datalink af -ber 2e-4 
=========================================================================
                          Station A                                 
-------------------------------------------------------------------------
Protocol.lib, version 3.0, Build: Oct 19 2009 (jiangy@public3.bta.net.cn)
Channel: 8000 bps, 270 ms propagation delay, bit error rate 2.0E-004
Log file "datalink-A.log", TCP port 59144, debug mask 0x00
Station A is waiting for station B on TCP port 59144 ... Done.
New epoch: Fri May 13 11:18:59 2016
=========================================================================
Designed and implemented by Wenting Ye.
For any problem please contact QQ:471731724
Build: May 13 2016  11:01:35
3.439 .... 2 packets received, 1293 bps, 16.17%, Err 8 (2.9e-004)
7.167 .... 3 packets received, 891 bps, 11.14%, Err 11 (1.9e-004)
9.539 .... 17 packets received, 3757 bps, 46.96%, Err 15 (2.0e-004)
15.888 .... 20 packets received, 2623 bps, 32.79%, Err 25 (2.0e-004)
18.259 .... 41 packets received, 4668 bps, 58.35%, Err 29 (2.0e-004)
23.033 .... 47 packets received, 4229 bps, 52.86%, Err 38 (2.1e-004)
30.443 .... 48 packets received, 3258 bps, 40.73%, Err 53 (2.2e-004)
32.580 .... 64 packets received, 4057 bps, 50.71%, Err 55 (2.1e-004)
34.982 .... 72 packets received, 4248 bps, 53.10%, Err 57 (2.0e-004)
38.679 .... 82 packets received, 4373 bps, 54.66%, Err 63 (2.0e-004)
41.581 .... 90 packets received, 4462 bps, 55.77%, Err 66 (2.0e-004)
48.461 .... 93 packets received, 3952 bps, 49.41%, Err 79 (2.0e-004)
55.605 .... 117 packets received, 4330 bps, 54.13%, Err 89 (2.0e-004)
57.727 .... 132 packets received, 4705 bps, 58.81%, Err 90 (2.0e-004)
61.424 .... 141 packets received, 4722 bps, 59.03%, Err 94 (1.9e-004)
64.092 .... 150 packets received, 4814 bps, 60.17%, Err 97 (1.9e-004)
69.661 .... 154 packets received, 4545 bps, 56.82%, Err 108 (1.9e-004)
73.608 .... 164 packets received, 4580 bps, 57.25%, Err 118 (2.0e-004)
82.890 .... 181 packets received, 4487 bps, 56.08%, Err 133 (2.0e-004)
85.043 .... 205 packets received, 4953 bps, 61.91%, Err 136 (2.0e-004)
89.551 .... 208 packets received, 4771 bps, 59.64%, Err 142 (2.0e-004)
93.779 .... 213 packets received, 4665 bps, 58.31%, Err 151 (2.0e-004)
96.134 .... 230 packets received, 4914 bps, 61.42%, Err 154 (2.0e-004)
104.870 .... 239 packets received, 4680 bps, 58.49%, Err 167 (2.0e-004)
108.084 .... 256 packets received, 4863 bps, 60.79%, Err 173 (2.0e-004)
110.736 .... 261 packets received, 4839 bps, 60.49%, Err 177 (2.0e-004)
114.464 .... 270 packets received, 4842 bps, 60.53%, Err 182 (2.0e-004)
116.555 .... 277 packets received, 4879 bps, 60.98%, Err 184 (2.0e-004)
123.746 .... 278 packets received, 4611 bps, 57.64%, Err 198 (2.0e-004)
125.852 .... 301 packets received, 4909 bps, 61.36%, Err 201 (2.0e-004)
129.315 .... 308 packets received, 4888 bps, 61.10%, Err 204 (2.0e-004)
139.128 .... 309 packets received, 4557 bps, 56.97%, Err 224 (2.0e-004)
145.742 .... 326 packets received, 4590 bps, 57.37%, Err 234 (2.0e-004)
147.879 .... 344 packets received, 4773 bps, 59.66%, Err 235 (2.0e-004)
154.197 .... 350 packets received, 4657 bps, 58.21%, Err 250 (2.0e-004)
157.926 .... 358 packets received, 4651 bps, 58.13%, Err 257 (2.0e-004)
161.342 .... 361 packets received, 4590 bps, 57.38%, Err 262 (2.0e-004)
164.275 .... 377 packets received, 4708 bps, 58.85%, Err 266 (2.0e-004)
166.662 .... 388 packets received, 4776 bps, 59.70%, Err 269 (2.0e-004)
170.109 .... 391 packets received, 4715 bps, 58.94%, Err 277 (2.0e-004)
173.276 .... 399 packets received, 4723 bps, 59.04%, Err 281 (2.0e-004)
175.679 .... 411 packets received, 4799 bps, 59.98%, Err 284 (2.0e-004)
178.346 .... 416 packets received, 4784 bps, 59.80%, Err 288 (2.0e-004)
181.217 .... 420 packets received, 4754 bps, 59.42%, Err 291 (2.0e-004)
184.649 .... 427 packets received, 4743 bps, 59.29%, Err 295 (2.0e-004)
189.173 .... 441 packets received, 4781 bps, 59.76%, Err 303 (2.0e-004)
192.620 .... 453 packets received, 4823 bps, 60.29%, Err 311 (2.0e-004)
194.726 .... 457 packets received, 4813 bps, 60.16%, Err 313 (2.0e-004)
198.954 .... 461 packets received, 4752 bps, 59.40%, Err 320 (2.0e-004)
204.819 .... 476 packets received, 4766 bps, 59.57%, Err 328 (2.0e-004)
207.721 .... 491 packets received, 4847 bps, 60.59%, Err 333 (2.0e-004)
210.638 .... 501 packets received, 4877 bps, 60.97%, Err 337 (2.0e-004)
213.290 .... 507 packets received, 4874 bps, 60.93%, Err 340 (2.0e-004)
217.814 .... 518 packets received, 4877 bps, 60.96%, Err 348 (2.0e-004)
220.965 .... 520 packets received, 4826 bps, 60.32%, Err 354 (2.0e-004)
223.867 .... 536 packets received, 4909 bps, 61.37%, Err 355 (2.0e-004)
226.800 .... 540 packets received, 4882 bps, 61.03%, Err 365 (2.0e-004)
229.686 .... 548 packets received, 4892 bps, 61.15%, Err 366 (2.0e-004)
232.884 .... 559 packets received, 4922 bps, 61.52%, Err 376 (2.0e-004)
237.423 .... 560 packets received, 4836 bps, 60.45%, Err 384 (2.0e-004)
244.849 .... 576 packets received, 4823 bps, 60.29%, Err 394 (2.0e-004)
246.971 .... 594 packets received, 4931 bps, 61.64%, Err 395 (2.0e-004)
249.607 .... 600 packets received, 4928 bps, 61.60%, Err 398 (2.0e-004)
252.524 .... 607 packets received, 4928 bps, 61.60%, Err 403 (2.0e-004)
255.426 .... 617 packets received, 4952 bps, 61.90%, Err 407 (2.0e-004)
258.312 .... 620 packets received, 4921 bps, 61.51%, Err 413 (2.0e-004)
260.433 .... 625 packets received, 4920 bps, 61.50%, Err 417 (2.0e-004)
265.207 .... 630 packets received, 4870 bps, 60.88%, Err 427 (2.0e-004)
268.187 .... 639 packets received, 4885 bps, 61.06%, Err 433 (2.0e-004)
272.133 .... 642 packets received, 4836 bps, 60.45%, Err 440 (2.0e-004)
274.239 .... 661 packets received, 4941 bps, 61.77%, Err 445 (2.0e-004)
276.907 .... 665 packets received, 4923 bps, 61.54%, Err 447 (2.0e-004)
280.089 .... 673 packets received, 4926 bps, 61.57%, Err 451 (2.0e-004)
282.975 .... 684 packets received, 4955 bps, 61.94%, Err 454 (2.0e-004)
289.106 .... 687 packets received, 4871 bps, 60.89%, Err 463 (2.0e-004)
291.243 .... 708 packets received, 4983 bps, 62.29%, Err 463 (2.0e-004)
293.599 .... 715 packets received, 4992 bps, 62.40%, Err 468 (2.0e-004)
299.184 .... 721 packets received, 4940 bps, 61.75%, Err 478 (2.0e-004)
301.571 .... 732 packets received, 4976 bps, 62.19%, Err 483 (2.0e-004)
307.109 .... 737 packets received, 4919 bps, 61.49%, Err 491 (2.0e-004)
314.285 .... 759 packets received, 4950 bps, 61.88%, Err 501 (2.0e-004)
317.982 .... 765 packets received, 4931 bps, 61.64%, Err 509 (2.0e-004)
320.072 .... 780 packets received, 4995 bps, 62.44%, Err 512 (2.0e-004)
322.755 .... 787 packets received, 4998 bps, 62.48%, Err 516 (2.0e-004)
325.392 .... 793 packets received, 4995 bps, 62.44%, Err 521 (2.0e-004)
330.945 .... 794 packets received, 4918 bps, 61.47%, Err 532 (2.0e-004)
334.409 .... 809 packets received, 4959 bps, 61.98%, Err 538 (2.0e-004)
337.841 .... 817 packets received, 4957 bps, 61.96%, Err 545 (2.0e-004)
339.947 .... 829 packets received, 4998 bps, 62.48%, Err 546 (2.0e-004)
342.099 .... 837 packets received, 5015 bps, 62.68%, Err 548 (2.0e-004)
344.205 .... 841 packets received, 5008 bps, 62.60%, Err 551 (2.0e-004)
346.873 .... 845 packets received, 4993 bps, 62.41%, Err 555 (2.0e-004)
350.040 .... 848 packets received, 4965 bps, 62.07%, Err 560 (2.0e-004)
352.161 .... 858 packets received, 4994 bps, 62.42%, Err 563 (2.0e-004)
354.813 .... 863 packets received, 4985 bps, 62.31%, Err 566 (2.0e-004)
360.617 .... 867 packets received, 4928 bps, 61.59%, Err 577 (2.0e-004)
364.563 .... 882 packets received, 4958 bps, 61.98%, Err 584 (2.0e-004)
367.247 .... 892 packets received, 4978 bps, 62.23%, Err 588 (2.0e-004)
370.133 .... 896 packets received, 4961 bps, 62.02%, Err 591 (2.0e-004)
373.611 .... 907 packets received, 4975 bps, 62.19%, Err 596 (2.0e-004)
