datalink bf -ber 2e-4 
=========================================================================
                          Station B                                 
-------------------------------------------------------------------------
Protocol.lib, version 3.0, Build: Oct 19 2009 (jiangy@public3.bta.net.cn)
Channel: 8000 bps, 270 ms propagation delay, bit error rate 2.0E-004
Log file "datalink-B.log", TCP port 59144, debug mask 0x00
Station B is connecting station A (TCP port 59144) ... Done.
New epoch: Fri May 13 11:18:59 2016
=========================================================================
Designed and implemented by Wenting Ye.
For any problem please contact QQ:471731724
Build: May 13 2016  11:01:35
4.781 .... 4 packets received, 1817 bps, 22.71%, Err 7 (1.8e-004)
6.902 .... 13 packets received, 4016 bps, 50.20%, Err 12 (2.2e-004)
10.334 .... 21 packets received, 4274 bps, 53.43%, Err 19 (2.3e-004)
13.797 .... 30 packets received, 4543 bps, 56.78%, Err 22 (2.0e-004)
17.526 .... 36 packets received, 4273 bps, 53.41%, Err 28 (2.0e-004)
19.632 .... 48 packets received, 5078 bps, 63.47%, Err 33 (2.1e-004)
35.559 .... 56 packets received, 3250 bps, 40.63%, Err 62 (2.2e-004)
38.461 .... 88 packets received, 4719 bps, 58.99%, Err 66 (2.1e-004)
41.643 .... 96 packets received, 4752 bps, 59.40%, Err 69 (2.1e-004)
46.667 .... 107 packets received, 4723 bps, 59.04%, Err 79 (2.1e-004)
50.910 .... 108 packets received, 4368 bps, 54.60%, Err 84 (2.1e-004)
57.009 .... 119 packets received, 4295 bps, 53.69%, Err 94 (2.1e-004)
60.987 .... 137 packets received, 4621 bps, 57.76%, Err 99 (2.0e-004)
63.889 .... 148 packets received, 4765 bps, 59.56%, Err 105 (2.1e-004)
67.321 .... 150 packets received, 4582 bps, 57.27%, Err 110 (2.0e-004)
69.989 .... 161 packets received, 4730 bps, 59.12%, Err 110 (2.0e-004)
72.906 .... 175 packets received, 4934 bps, 61.68%, Err 115 (2.0e-004)
76.057 .... 182 packets received, 4918 bps, 61.48%, Err 119 (2.0e-004)
90.643 .... 187 packets received, 4238 bps, 52.97%, Err 146 (2.0e-004)
92.749 .... 218 packets received, 4828 bps, 60.35%, Err 149 (2.0e-004)
97.803 .... 225 packets received, 4725 bps, 59.06%, Err 156 (2.0e-004)
99.925 .... 233 packets received, 4788 bps, 59.86%, Err 159 (2.0e-004)
106.009 .... 235 packets received, 4552 bps, 56.90%, Err 169 (2.0e-004)
113.216 .... 249 packets received, 4515 bps, 56.44%, Err 185 (2.0e-004)
117.444 .... 265 packets received, 4632 bps, 57.90%, Err 191 (2.0e-004)
120.330 .... 277 packets received, 4725 bps, 59.06%, Err 194 (2.0e-004)
123.793 .... 282 packets received, 4676 bps, 58.45%, Err 198 (2.0e-004)
127.490 .... 294 packets received, 4733 bps, 59.16%, Err 204 (2.0e-004)
129.627 .... 298 packets received, 4718 bps, 58.98%, Err 209 (2.0e-004)
133.075 .... 310 packets received, 4781 bps, 59.76%, Err 215 (2.0e-004)
137.833 .... 311 packets received, 4630 bps, 57.88%, Err 222 (2.0e-004)
141.842 .... 324 packets received, 4687 bps, 58.59%, Err 228 (2.0e-004)
143.979 .... 334 packets received, 4760 bps, 59.50%, Err 231 (2.0e-004)
147.411 .... 338 packets received, 4705 bps, 58.81%, Err 238 (2.0e-004)
150.594 .... 354 packets received, 4823 bps, 60.29%, Err 246 (2.0e-004)
153.215 .... 359 packets received, 4807 bps, 60.09%, Err 248 (2.0e-004)
157.754 .... 370 packets received, 4812 bps, 60.15%, Err 254 (2.0e-004)
165.180 .... 378 packets received, 4694 bps, 58.68%, Err 267 (2.0e-004)
167.286 .... 396 packets received, 4856 bps, 60.70%, Err 271 (2.0e-004)
169.392 .... 402 packets received, 4868 bps, 60.85%, Err 272 (2.0e-004)
175.257 .... 408 packets received, 4775 bps, 59.69%, Err 281 (2.0e-004)
178.689 .... 415 packets received, 4764 bps, 59.55%, Err 289 (2.0e-004)
185.850 .... 436 packets received, 4812 bps, 60.15%, Err 296 (2.0e-004)
188.767 .... 456 packets received, 4954 bps, 61.93%, Err 299 (2.0e-004)
191.684 .... 464 packets received, 4965 bps, 62.06%, Err 305 (2.0e-004)
197.238 .... 465 packets received, 4835 bps, 60.44%, Err 314 (2.0e-004)
200.155 .... 482 packets received, 4939 bps, 61.73%, Err 319 (2.0e-004)
203.571 .... 486 packets received, 4896 bps, 61.20%, Err 326 (2.0e-004)
206.473 .... 498 packets received, 4946 bps, 61.83%, Err 330 (2.0e-004)
212.838 .... 503 packets received, 4846 bps, 60.58%, Err 345 (2.0e-004)
214.959 .... 520 packets received, 4961 bps, 62.01%, Err 350 (2.0e-004)
217.065 .... 528 packets received, 4988 bps, 62.35%, Err 351 (2.0e-004)
219.218 .... 532 packets received, 4976 bps, 62.20%, Err 352 (2.0e-004)
221.574 .... 540 packets received, 4997 bps, 62.47%, Err 356 (2.0e-004)
234.038 .... 545 packets received, 4775 bps, 59.68%, Err 377 (2.0e-004)
236.409 .... 561 packets received, 4866 bps, 60.82%, Err 379 (2.0e-004)
242.010 .... 572 packets received, 4846 bps, 60.57%, Err 388 (2.0e-004)
244.927 .... 582 packets received, 4872 bps, 60.90%, Err 391 (2.0e-004)
248.609 .... 589 packets received, 4857 bps, 60.72%, Err 397 (2.0e-004)
252.867 .... 595 packets received, 4824 bps, 60.30%, Err 402 (2.0e-004)
256.034 .... 613 packets received, 4909 bps, 61.36%, Err 406 (2.0e-004)
259.201 .... 618 packets received, 4888 bps, 61.10%, Err 413 (2.0e-004)
261.635 .... 628 packets received, 4921 bps, 61.51%, Err 417 (2.0e-004)
266.143 .... 630 packets received, 4853 bps, 60.66%, Err 428 (2.0e-004)
268.764 .... 645 packets received, 4920 bps, 61.50%, Err 430 (2.0e-004)
271.431 .... 652 packets received, 4924 bps, 61.56%, Err 434 (2.0e-004)
275.129 .... 654 packets received, 4873 bps, 60.91%, Err 439 (2.0e-004)
278.841 .... 659 packets received, 4845 bps, 60.56%, Err 446 (2.0e-004)
280.979 .... 672 packets received, 4903 bps, 61.29%, Err 451 (2.0e-004)
287.562 .... 677 packets received, 4826 bps, 60.33%, Err 463 (2.0e-004)
290.214 .... 693 packets received, 4895 bps, 61.19%, Err 467 (2.0e-004)
294.707 .... 694 packets received, 4827 bps, 60.34%, Err 471 (2.0e-004)
298.685 .... 706 packets received, 4845 bps, 60.57%, Err 477 (2.0e-004)
300.775 .... 717 packets received, 4887 bps, 61.08%, Err 478 (2.0e-004)
306.656 .... 726 packets received, 4853 bps, 60.66%, Err 489 (2.0e-004)
310.073 .... 746 packets received, 4932 bps, 61.64%, Err 497 (2.0e-004)
312.990 .... 753 packets received, 4931 bps, 61.64%, Err 504 (2.0e-004)
316.983 .... 756 packets received, 4889 bps, 61.11%, Err 509 (2.0e-004)
319.635 .... 773 packets received, 4957 bps, 61.96%, Err 512 (2.0e-004)
322.287 .... 778 packets received, 4948 bps, 61.85%, Err 516 (2.0e-004)
325.985 .... 784 packets received, 4930 bps, 61.62%, Err 522 (2.0e-004)
328.902 .... 794 packets received, 4948 bps, 61.85%, Err 525 (2.0e-004)
332.100 .... 803 packets received, 4956 bps, 61.95%, Err 529 (2.0e-004)
334.736 .... 808 packets received, 4948 bps, 61.84%, Err 536 (2.0e-004)
336.858 .... 818 packets received, 4977 bps, 62.22%, Err 539 (2.0e-004)
341.928 .... 822 packets received, 4927 bps, 61.59%, Err 548 (2.0e-004)
344.034 .... 836 packets received, 4981 bps, 62.26%, Err 551 (2.0e-004)
357.559 .... 839 packets received, 4809 bps, 60.12%, Err 572 (2.0e-004)
359.681 .... 869 packets received, 4952 bps, 61.90%, Err 575 (2.0e-004)
362.613 .... 879 packets received, 4968 bps, 62.10%, Err 581 (2.0e-004)
367.371 .... 882 packets received, 4921 bps, 61.51%, Err 590 (2.0e-004)
370.289 .... 891 packets received, 4932 bps, 61.64%, Err 595 (2.0e-004)
372.426 .... 899 packets received, 4947 bps, 61.84%, Err 596 (2.0e-004)
374.547 .... 908 packets received, 4968 bps, 62.11%, Err 599 (2.0e-004)
376.482 TCP Disconnected.
