datalink af 
=========================================================================
                          Station A                                 
-------------------------------------------------------------------------
Protocol.lib, version 3.0, Build: Oct 19 2009 (jiangy@public3.bta.net.cn)
Channel: 8000 bps, 270 ms propagation delay, bit error rate 1.0E-005
Log file "datalink-A.log", TCP port 59144, debug mask 0x00
Station A is waiting for station B on TCP port 59144 ... Done.
New epoch: Fri May 13 15:39:13 2016
=========================================================================
Designed and implemented by Wenting Ye.
For any problem please contact QQ:471731724
Build: May 13 2016  11:01:35
2.392 .... 8 packets received, 7725 bps, 96.56%, Err 0 (0.0e+000)
4.498 .... 16 packets received, 7752 bps, 96.90%, Err 0 (0.0e+000)
6.604 .... 24 packets received, 7761 bps, 97.02%, Err 0 (0.0e+000)
8.710 .... 32 packets received, 7766 bps, 97.07%, Err 0 (0.0e+000)
10.816 .... 40 packets received, 7769 bps, 97.11%, Err 0 (0.0e+000)
12.906 .... 48 packets received, 7780 bps, 97.25%, Err 0 (0.0e+000)
15.028 .... 56 packets received, 7772 bps, 97.15%, Err 0 (0.0e+000)
17.118 .... 64 packets received, 7780 bps, 97.25%, Err 0 (0.0e+000)
19.224 .... 72 packets received, 7780 bps, 97.25%, Err 0 (0.0e+000)
21.346 .... 80 packets received, 7774 bps, 97.18%, Err 0 (0.0e+000)
23.436 .... 88 packets received, 7780 bps, 97.25%, Err 0 (0.0e+000)
25.542 .... 91 packets received, 7375 bps, 92.18%, Err 2 (9.8e-006)
27.648 .... 103 packets received, 7705 bps, 96.31%, Err 2 (9.1e-006)
29.738 .... 111 packets received, 7715 bps, 96.43%, Err 2 (8.4e-006)
31.860 .... 119 packets received, 7715 bps, 96.44%, Err 2 (7.9e-006)
33.982 .... 127 packets received, 7715 bps, 96.44%, Err 2 (7.4e-006)
36.072 .... 135 packets received, 7723 bps, 96.53%, Err 2 (6.9e-006)
38.162 .... 143 packets received, 7729 bps, 96.61%, Err 2 (6.6e-006)
40.284 .... 151 packets received, 7729 bps, 96.61%, Err 2 (6.2e-006)
42.374 .... 159 packets received, 7734 bps, 96.68%, Err 2 (5.9e-006)
44.496 .... 167 packets received, 7734 bps, 96.67%, Err 2 (5.6e-006)
46.586 .... 175 packets received, 7738 bps, 96.73%, Err 3 (8.1e-006)
48.692 .... 183 packets received, 7740 bps, 96.75%, Err 3 (7.7e-006)
50.798 .... 191 packets received, 7742 bps, 96.77%, Err 3 (7.4e-006)
52.920 .... 199 packets received, 7741 bps, 96.76%, Err 3 (7.1e-006)
55.026 .... 207 packets received, 7742 bps, 96.78%, Err 4 (9.1e-006)
57.896 .... 213 packets received, 7570 bps, 94.63%, Err 5 (1.1e-005)
60.018 .... 225 packets received, 7713 bps, 96.41%, Err 5 (1.0e-005)
62.108 .... 233 packets received, 7717 bps, 96.46%, Err 5 (1.0e-005)
64.214 .... 241 packets received, 7719 bps, 96.49%, Err 5 (9.7e-006)
66.320 .... 249 packets received, 7721 bps, 96.51%, Err 5 (9.4e-006)
68.426 .... 257 packets received, 7723 bps, 96.53%, Err 5 (9.1e-006)
70.548 .... 265 packets received, 7723 bps, 96.53%, Err 5 (8.9e-006)
72.654 .... 273 packets received, 7724 bps, 96.55%, Err 5 (8.6e-006)
75.290 .... 278 packets received, 7589 bps, 94.87%, Err 6 (1.0e-005)
77.396 .... 290 packets received, 7701 bps, 96.26%, Err 6 (9.7e-006)
79.487 .... 298 packets received, 7704 bps, 96.30%, Err 6 (9.4e-006)
81.608 .... 306 packets received, 7705 bps, 96.31%, Err 6 (9.2e-006)
83.683 .... 314 packets received, 7710 bps, 96.37%, Err 6 (9.0e-006)
85.789 .... 322 packets received, 7711 bps, 96.39%, Err 6 (8.7e-006)
88.706 .... 327 packets received, 7573 bps, 94.66%, Err 8 (1.1e-005)
90.812 .... 340 packets received, 7691 bps, 96.13%, Err 8 (1.1e-005)
92.918 .... 348 packets received, 7693 bps, 96.16%, Err 8 (1.1e-005)
95.009 .... 356 packets received, 7696 bps, 96.20%, Err 8 (1.1e-005)
97.099 .... 364 packets received, 7699 bps, 96.24%, Err 8 (1.0e-005)
99.205 .... 372 packets received, 7701 bps, 96.26%, Err 8 (1.0e-005)
101.327 .... 380 packets received, 7701 bps, 96.26%, Err 8 (9.9e-006)
103.417 .... 388 packets received, 7704 bps, 96.30%, Err 8 (9.7e-006)
105.523 .... 396 packets received, 7705 bps, 96.32%, Err 8 (9.5e-006)
107.629 .... 404 packets received, 7707 bps, 96.34%, Err 8 (9.3e-006)
109.735 .... 412 packets received, 7708 bps, 96.35%, Err 8 (9.1e-006)
112.902 .... 419 packets received, 7619 bps, 95.23%, Err 9 (1.0e-005)
114.992 .... 431 packets received, 7694 bps, 96.18%, Err 9 (9.8e-006)
117.098 .... 439 packets received, 7696 bps, 96.20%, Err 9 (9.6e-006)
119.204 .... 447 packets received, 7697 bps, 96.22%, Err 9 (9.4e-006)
121.295 .... 455 packets received, 7700 bps, 96.25%, Err 9 (9.3e-006)
123.416 .... 463 packets received, 7700 bps, 96.25%, Err 9 (9.1e-006)
125.522 .... 471 packets received, 7701 bps, 96.27%, Err 9 (9.0e-006)
127.628 .... 479 packets received, 7703 bps, 96.28%, Err 9 (8.8e-006)
129.719 .... 487 packets received, 7705 bps, 96.31%, Err 9 (8.7e-006)
131.825 .... 495 packets received, 7706 bps, 96.33%, Err 9 (8.5e-006)
134.461 .... 500 packets received, 7631 bps, 95.39%, Err 11 (1.0e-005)
136.567 .... 512 packets received, 7693 bps, 96.17%, Err 11 (1.0e-005)
138.658 .... 520 packets received, 7696 bps, 96.19%, Err 11 (9.9e-006)
140.779 .... 528 packets received, 7696 bps, 96.20%, Err 11 (9.8e-006)
142.885 .... 536 packets received, 7697 bps, 96.21%, Err 12 (1.0e-005)
144.991 .... 543 packets received, 7684 bps, 96.05%, Err 12 (1.0e-005)
147.082 .... 550 packets received, 7672 bps, 95.91%, Err 13 (1.1e-005)
149.203 .... 558 packets received, 7673 bps, 95.91%, Err 13 (1.1e-005)
151.294 .... 566 packets received, 7675 bps, 95.94%, Err 13 (1.1e-005)
153.415 .... 574 packets received, 7676 bps, 95.95%, Err 13 (1.1e-005)
155.506 .... 582 packets received, 7678 bps, 95.98%, Err 13 (1.0e-005)
157.612 .... 590 packets received, 7680 bps, 96.00%, Err 13 (1.0e-005)
159.749 .... 598 packets received, 7679 bps, 95.99%, Err 13 (1.0e-005)
161.839 .... 606 packets received, 7682 bps, 96.02%, Err 13 (1.0e-005)
163.930 .... 614 packets received, 7683 bps, 96.04%, Err 13 (9.9e-006)
166.036 .... 622 packets received, 7685 bps, 96.06%, Err 14 (1.1e-005)
168.142 .... 630 packets received, 7686 bps, 96.07%, Err 14 (1.0e-005)
170.248 .... 638 packets received, 7687 bps, 96.09%, Err 14 (1.0e-005)
172.369 .... 646 packets received, 7688 bps, 96.09%, Err 14 (1.0e-005)
174.475 .... 654 packets received, 7689 bps, 96.11%, Err 14 (1.0e-005)
176.566 .... 662 packets received, 7690 bps, 96.13%, Err 14 (9.9e-006)
179.982 .... 668 packets received, 7613 bps, 95.16%, Err 16 (1.1e-005)
182.088 .... 681 packets received, 7671 bps, 95.89%, Err 16 (1.1e-005)
184.194 .... 689 packets received, 7672 bps, 95.90%, Err 16 (1.1e-005)
187.080 .... 695 packets received, 7619 bps, 95.24%, Err 18 (1.2e-005)
189.202 .... 707 packets received, 7664 bps, 95.80%, Err 18 (1.2e-005)
191.292 .... 715 packets received, 7666 bps, 95.82%, Err 18 (1.2e-005)
193.414 .... 723 packets received, 7666 bps, 95.83%, Err 18 (1.2e-005)
195.504 .... 731 packets received, 7668 bps, 95.85%, Err 18 (1.2e-005)
197.626 .... 739 packets received, 7669 bps, 95.86%, Err 18 (1.1e-005)
199.716 .... 747 packets received, 7671 bps, 95.88%, Err 18 (1.1e-005)
201.806 .... 755 packets received, 7672 bps, 95.90%, Err 18 (1.1e-005)
203.912 .... 763 packets received, 7673 bps, 95.92%, Err 18 (1.1e-005)
206.018 .... 771 packets received, 7675 bps, 95.93%, Err 18 (1.1e-005)
208.140 .... 779 packets received, 7675 bps, 95.94%, Err 18 (1.1e-005)
210.230 .... 787 packets received, 7677 bps, 95.96%, Err 18 (1.1e-005)
212.336 .... 795 packets received, 7678 bps, 95.97%, Err 18 (1.1e-005)
214.442 .... 803 packets received, 7679 bps, 95.98%, Err 18 (1.0e-005)
216.564 .... 811 packets received, 7679 bps, 95.99%, Err 18 (1.0e-005)
218.639 .... 819 packets received, 7681 bps, 96.01%, Err 18 (1.0e-005)
220.760 .... 827 packets received, 7682 bps, 96.02%, Err 18 (1.0e-005)
222.866 .... 835 packets received, 7682 bps, 96.03%, Err 18 (1.0e-005)
224.957 .... 843 packets received, 7684 bps, 96.05%, Err 18 (1.0e-005)
227.078 .... 851 packets received, 7684 bps, 96.05%, Err 18 (9.9e-006)
229.169 .... 859 packets received, 7686 bps, 96.07%, Err 18 (9.8e-006)
232.616 .... 867 packets received, 7642 bps, 95.53%, Err 19 (1.0e-005)
234.707 .... 879 packets received, 7679 bps, 95.99%, Err 19 (1.0e-005)
236.813 .... 887 packets received, 7680 bps, 96.00%, Err 19 (1.0e-005)
238.903 .... 895 packets received, 7681 bps, 96.01%, Err 20 (1.0e-005)
241.009 .... 903 packets received, 7682 bps, 96.02%, Err 20 (1.0e-005)
243.131 .... 911 packets received, 7682 bps, 96.03%, Err 20 (1.0e-005)
245.221 .... 919 packets received, 7684 bps, 96.05%, Err 20 (1.0e-005)
247.343 .... 927 packets received, 7684 bps, 96.05%, Err 20 (1.0e-005)
249.449 .... 935 packets received, 7685 bps, 96.06%, Err 20 (1.0e-005)
251.555 .... 943 packets received, 7686 bps, 96.07%, Err 20 (9.9e-006)
253.661 .... 951 packets received, 7686 bps, 96.08%, Err 20 (9.9e-006)
255.751 .... 959 packets received, 7688 bps, 96.10%, Err 20 (9.8e-006)
258.637 .... 965 packets received, 7649 bps, 95.62%, Err 21 (1.0e-005)
260.759 .... 977 packets received, 7681 bps, 96.02%, Err 21 (1.0e-005)
262.849 .... 985 packets received, 7683 bps, 96.03%, Err 21 (1.0e-005)
265.751 .... 991 packets received, 7645 bps, 95.56%, Err 22 (1.0e-005)
267.872 .... 1003 packets received, 7676 bps, 95.95%, Err 22 (1.0e-005)
269.963 .... 1011 packets received, 7677 bps, 95.97%, Err 22 (1.0e-005)
272.053 .... 1019 packets received, 7679 bps, 95.98%, Err 22 (1.0e-005)
274.159 .... 1026 packets received, 7672 bps, 95.90%, Err 24 (1.1e-005)
276.281 .... 1034 packets received, 7672 bps, 95.90%, Err 24 (1.1e-005)
278.371 .... 1042 packets received, 7674 bps, 95.92%, Err 24 (1.1e-005)
280.477 .... 1050 packets received, 7674 bps, 95.93%, Err 24 (1.1e-005)
282.583 .... 1058 packets received, 7675 bps, 95.94%, Err 24 (1.1e-005)
284.705 .... 1066 packets received, 7675 bps, 95.94%, Err 24 (1.1e-005)
286.795 .... 1074 packets received, 7677 bps, 95.96%, Err 24 (1.0e-005)
288.917 .... 1082 packets received, 7677 bps, 95.96%, Err 24 (1.0e-005)
291.007 .... 1090 packets received, 7678 bps, 95.98%, Err 24 (1.0e-005)
293.113 .... 1098 packets received, 7679 bps, 95.99%, Err 24 (1.0e-005)
295.204 .... 1106 packets received, 7680 bps, 96.00%, Err 25 (1.1e-005)
297.310 .... 1114 packets received, 7681 bps, 96.01%, Err 25 (1.1e-005)
299.416 .... 1122 packets received, 7681 bps, 96.02%, Err 25 (1.0e-005)
301.522 .... 1130 packets received, 7682 bps, 96.03%, Err 25 (1.0e-005)
303.643 .... 1138 packets received, 7682 bps, 96.03%, Err 25 (1.0e-005)
305.734 .... 1146 packets received, 7683 bps, 96.04%, Err 25 (1.0e-005)
307.855 .... 1154 packets received, 7684 bps, 96.05%, Err 25 (1.0e-005)
309.946 .... 1162 packets received, 7685 bps, 96.06%, Err 25 (1.0e-005)
312.052 .... 1170 packets received, 7685 bps, 96.07%, Err 25 (1.0e-005)
314.407 .... 1174 packets received, 7654 bps, 95.67%, Err 26 (1.0e-005)
316.529 .... 1186 packets received, 7680 bps, 96.00%, Err 26 (1.0e-005)
318.619 .... 1194 packets received, 7681 bps, 96.02%, Err 26 (1.0e-005)
320.741 .... 1202 packets received, 7682 bps, 96.02%, Err 26 (1.0e-005)
322.831 .... 1210 packets received, 7683 bps, 96.03%, Err 26 (1.0e-005)
324.937 .... 1218 packets received, 7683 bps, 96.04%, Err 26 (1.0e-005)
327.043 .... 1226 packets received, 7684 bps, 96.05%, Err 26 (9.9e-006)
329.149 .... 1234 packets received, 7684 bps, 96.06%, Err 26 (9.9e-006)
331.255 .... 1242 packets received, 7685 bps, 96.06%, Err 26 (9.8e-006)
333.361 .... 1250 packets received, 7686 bps, 96.07%, Err 26 (9.8e-006)
335.998 .... 1255 packets received, 7656 bps, 95.70%, Err 27 (1.0e-005)
338.088 .... 1267 packets received, 7681 bps, 96.01%, Err 27 (1.0e-005)
340.194 .... 1275 packets received, 7682 bps, 96.02%, Err 27 (9.9e-006)
342.316 .... 1283 packets received, 7682 bps, 96.02%, Err 28 (1.0e-005)
344.406 .... 1290 packets received, 7677 bps, 95.96%, Err 28 (1.0e-005)
346.512 .... 1298 packets received, 7678 bps, 95.97%, Err 28 (1.0e-005)
349.679 .... 1305 packets received, 7649 bps, 95.61%, Err 29 (1.0e-005)
351.785 .... 1317 packets received, 7673 bps, 95.91%, Err 29 (1.0e-005)
353.875 .... 1325 packets received, 7674 bps, 95.93%, Err 29 (1.0e-005)
355.981 .... 1333 packets received, 7675 bps, 95.93%, Err 29 (1.0e-005)
358.103 .... 1341 packets received, 7675 bps, 95.94%, Err 29 (1.0e-005)
360.193 .... 1349 packets received, 7676 bps, 95.95%, Err 29 (1.0e-005)
362.299 .... 1357 packets received, 7677 bps, 95.96%, Err 29 (1.0e-005)
364.421 .... 1365 packets received, 7677 bps, 95.96%, Err 29 (9.9e-006)
366.527 .... 1373 packets received, 7677 bps, 95.97%, Err 29 (9.9e-006)
368.633 .... 1381 packets received, 7678 bps, 95.98%, Err 29 (9.8e-006)
371.519 .... 1387 packets received, 7651 bps, 95.64%, Err 30 (1.0e-005)
373.609 .... 1399 packets received, 7674 bps, 95.93%, Err 30 (1.0e-005)
375.715 .... 1407 packets received, 7675 bps, 95.94%, Err 30 (1.0e-005)
377.821 .... 1415 packets received, 7676 bps, 95.94%, Err 30 (9.9e-006)
379.943 .... 1423 packets received, 7676 bps, 95.95%, Err 30 (9.9e-006)
382.033 .... 1431 packets received, 7677 bps, 95.96%, Err 30 (9.8e-006)
384.155 .... 1439 packets received, 7677 bps, 95.96%, Err 30 (9.8e-006)
386.245 .... 1447 packets received, 7678 bps, 95.97%, Err 30 (9.7e-006)
388.367 .... 1455 packets received, 7678 bps, 95.98%, Err 30 (9.7e-006)
390.473 .... 1463 packets received, 7679 bps, 95.98%, Err 30 (9.6e-006)
392.579 .... 1471 packets received, 7679 bps, 95.99%, Err 30 (9.6e-006)
394.669 .... 1479 packets received, 7680 bps, 96.00%, Err 30 (9.5e-006)
397.040 .... 1483 packets received, 7655 bps, 95.68%, Err 32 (1.0e-005)
399.162 .... 1494 packets received, 7671 bps, 95.88%, Err 32 (1.0e-005)
401.252 .... 1502 packets received, 7671 bps, 95.89%, Err 32 (1.0e-005)
403.358 .... 1510 packets received, 7672 bps, 95.90%, Err 32 (9.9e-006)
405.464 .... 1518 packets received, 7673 bps, 95.91%, Err 32 (9.9e-006)
407.570 .... 1526 packets received, 7673 bps, 95.91%, Err 32 (9.8e-006)
409.661 .... 1534 packets received, 7674 bps, 95.92%, Err 32 (9.8e-006)
411.782 .... 1542 packets received, 7674 bps, 95.93%, Err 33 (1.0e-005)
413.873 .... 1549 packets received, 7670 bps, 95.88%, Err 33 (1.0e-005)
415.994 .... 1557 packets received, 7670 bps, 95.88%, Err 33 (9.9e-006)
418.085 .... 1565 packets received, 7671 bps, 95.89%, Err 33 (9.9e-006)
420.191 .... 1573 packets received, 7672 bps, 95.90%, Err 33 (9.8e-006)
422.297 .... 1576 packets received, 7648 bps, 95.60%, Err 34 (1.0e-005)
424.403 .... 1588 packets received, 7668 bps, 95.85%, Err 34 (1.0e-005)
426.524 .... 1596 packets received, 7668 bps, 95.85%, Err 34 (1.0e-005)
428.630 .... 1604 packets received, 7669 bps, 95.86%, Err 34 (9.9e-006)
432.031 .... 1612 packets received, 7646 bps, 95.58%, Err 36 (1.0e-005)
434.153 .... 1624 packets received, 7666 bps, 95.82%, Err 36 (1.0e-005)
436.243 .... 1632 packets received, 7666 bps, 95.83%, Err 36 (1.0e-005)
438.349 .... 1640 packets received, 7667 bps, 95.84%, Err 36 (1.0e-005)
440.455 .... 1648 packets received, 7667 bps, 95.84%, Err 36 (1.0e-005)
442.577 .... 1656 packets received, 7668 bps, 95.85%, Err 36 (1.0e-005)
444.683 .... 1664 packets received, 7668 bps, 95.85%, Err 36 (1.0e-005)
446.789 .... 1672 packets received, 7669 bps, 95.86%, Err 36 (1.0e-005)
448.895 .... 1680 packets received, 7669 bps, 95.87%, Err 36 (1.0e-005)
450.985 .... 1688 packets received, 7670 bps, 95.88%, Err 36 (1.0e-005)
453.091 .... 1696 packets received, 7671 bps, 95.88%, Err 36 (9.9e-006)
455.197 .... 1704 packets received, 7671 bps, 95.89%, Err 36 (9.9e-006)
458.333 .... 1711 packets received, 7650 bps, 95.62%, Err 37 (1.0e-005)
460.439 .... 1723 packets received, 7668 bps, 95.85%, Err 37 (1.0e-005)
462.826 .... 1727 packets received, 7646 bps, 95.58%, Err 38 (1.0e-005)
464.916 .... 1739 packets received, 7665 bps, 95.81%, Err 38 (1.0e-005)
467.038 .... 1747 packets received, 7665 bps, 95.81%, Err 38 (1.0e-005)
469.658 .... 1752 packets received, 7644 bps, 95.55%, Err 39 (1.0e-005)
471.780 .... 1764 packets received, 7662 bps, 95.77%, Err 39 (1.0e-005)
473.886 .... 1772 packets received, 7662 bps, 95.78%, Err 39 (1.0e-005)
475.976 .... 1779 packets received, 7659 bps, 95.74%, Err 40 (1.1e-005)
478.613 .... 1784 packets received, 7638 bps, 95.48%, Err 41 (1.1e-005)
480.719 .... 1796 packets received, 7656 bps, 95.70%, Err 41 (1.1e-005)
482.825 .... 1803 packets received, 7652 bps, 95.65%, Err 42 (1.1e-005)
484.915 .... 1811 packets received, 7653 bps, 95.66%, Err 42 (1.1e-005)
487.037 .... 1819 packets received, 7653 bps, 95.66%, Err 42 (1.1e-005)
489.127 .... 1827 packets received, 7654 bps, 95.67%, Err 42 (1.1e-005)
491.233 .... 1835 packets received, 7655 bps, 95.68%, Err 42 (1.1e-005)
493.339 .... 1843 packets received, 7655 bps, 95.69%, Err 42 (1.1e-005)
495.445 .... 1851 packets received, 7656 bps, 95.69%, Err 42 (1.1e-005)
497.551 .... 1859 packets received, 7656 bps, 95.70%, Err 42 (1.1e-005)
499.657 .... 1867 packets received, 7657 bps, 95.71%, Err 42 (1.1e-005)
501.748 .... 1875 packets received, 7657 bps, 95.72%, Err 42 (1.0e-005)
503.854 .... 1883 packets received, 7658 bps, 95.72%, Err 42 (1.0e-005)
505.960 .... 1891 packets received, 7658 bps, 95.73%, Err 42 (1.0e-005)
508.081 .... 1899 packets received, 7659 bps, 95.73%, Err 42 (1.0e-005)
510.172 .... 1907 packets received, 7659 bps, 95.74%, Err 42 (1.0e-005)
512.262 .... 1915 packets received, 7660 bps, 95.75%, Err 42 (1.0e-005)
514.384 .... 1923 packets received, 7660 bps, 95.75%, Err 42 (1.0e-005)
516.490 .... 1931 packets received, 7661 bps, 95.76%, Err 42 (1.0e-005)
518.596 .... 1939 packets received, 7661 bps, 95.77%, Err 42 (1.0e-005)
520.686 .... 1947 packets received, 7662 bps, 95.78%, Err 42 (1.0e-005)
522.792 .... 1955 packets received, 7663 bps, 95.78%, Err 42 (1.0e-005)
524.898 .... 1963 packets received, 7663 bps, 95.79%, Err 42 (1.0e-005)
527.004 .... 1971 packets received, 7663 bps, 95.79%, Err 42 (1.0e-005)
529.110 .... 1979 packets received, 7664 bps, 95.80%, Err 42 (9.9e-006)
531.216 .... 1986 packets received, 7661 bps, 95.76%, Err 43 (1.0e-005)
533.306 .... 1989 packets received, 7642 bps, 95.53%, Err 44 (1.0e-005)
535.428 .... 2001 packets received, 7658 bps, 95.72%, Err 44 (1.0e-005)
537.534 .... 2009 packets received, 7658 bps, 95.73%, Err 44 (1.0e-005)
539.905 .... 2013 packets received, 7640 bps, 95.50%, Err 45 (1.0e-005)
541.980 .... 2025 packets received, 7656 bps, 95.70%, Err 45 (1.0e-005)
544.351 .... 2029 packets received, 7637 bps, 95.47%, Err 46 (1.1e-005)
546.457 .... 2041 packets received, 7653 bps, 95.66%, Err 46 (1.1e-005)
548.563 .... 2049 packets received, 7653 bps, 95.67%, Err 46 (1.0e-005)
550.669 .... 2057 packets received, 7654 bps, 95.67%, Err 46 (1.0e-005)
553.040 .... 2061 packets received, 7636 bps, 95.45%, Err 47 (1.1e-005)
555.146 .... 2073 packets received, 7651 bps, 95.64%, Err 47 (1.1e-005)
557.252 .... 2081 packets received, 7652 bps, 95.65%, Err 47 (1.1e-005)
559.343 .... 2089 packets received, 7652 bps, 95.66%, Err 47 (1.1e-005)
561.464 .... 2097 packets received, 7653 bps, 95.66%, Err 47 (1.0e-005)
563.586 .... 2105 packets received, 7653 bps, 95.66%, Err 47 (1.0e-005)
565.692 .... 2113 packets received, 7653 bps, 95.67%, Err 48 (1.1e-005)
567.798 .... 2120 packets received, 7650 bps, 95.63%, Err 48 (1.1e-005)
569.904 .... 2128 packets received, 7651 bps, 95.63%, Err 48 (1.1e-005)
572.010 .... 2136 packets received, 7651 bps, 95.64%, Err 48 (1.0e-005)
574.116 .... 2144 packets received, 7652 bps, 95.65%, Err 48 (1.0e-005)
576.222 .... 2152 packets received, 7652 bps, 95.65%, Err 48 (1.0e-005)
578.297 .... 2160 packets received, 7653 bps, 95.66%, Err 48 (1.0e-005)
580.418 .... 2168 packets received, 7653 bps, 95.67%, Err 48 (1.0e-005)
582.524 .... 2176 packets received, 7654 bps, 95.67%, Err 48 (1.0e-005)
584.630 .... 2184 packets received, 7654 bps, 95.68%, Err 48 (1.0e-005)
586.736 .... 2192 packets received, 7655 bps, 95.68%, Err 48 (1.0e-005)
588.842 .... 2200 packets received, 7655 bps, 95.69%, Err 48 (1.0e-005)
590.948 .... 2208 packets received, 7656 bps, 95.69%, Err 48 (1.0e-005)
593.054 .... 2216 packets received, 7656 bps, 95.70%, Err 48 (1.0e-005)
596.190 .... 2223 packets received, 7640 bps, 95.50%, Err 49 (1.0e-005)
598.312 .... 2235 packets received, 7654 bps, 95.67%, Err 49 (1.0e-005)
600.418 .... 2243 packets received, 7654 bps, 95.68%, Err 49 (1.0e-005)
602.508 .... 2251 packets received, 7655 bps, 95.69%, Err 50 (1.0e-005)
604.630 .... 2259 packets received, 7655 bps, 95.69%, Err 50 (1.0e-005)
606.736 .... 2267 packets received, 7656 bps, 95.69%, Err 50 (1.0e-005)
608.842 .... 2275 packets received, 7656 bps, 95.70%, Err 50 (1.0e-005)
610.916 .... 2283 packets received, 7657 bps, 95.71%, Err 50 (1.0e-005)
613.568 .... 2288 packets received, 7640 bps, 95.50%, Err 51 (1.0e-005)
615.674 .... 2300 packets received, 7654 bps, 95.68%, Err 51 (1.0e-005)
617.765 .... 2308 packets received, 7655 bps, 95.68%, Err 51 (1.0e-005)
619.886 .... 2316 packets received, 7655 bps, 95.69%, Err 51 (1.0e-005)
621.977 .... 2324 packets received, 7656 bps, 95.70%, Err 51 (1.0e-005)
624.083 .... 2332 packets received, 7656 bps, 95.70%, Err 51 (1.0e-005)
626.204 .... 2340 packets received, 7656 bps, 95.70%, Err 51 (1.0e-005)
628.310 .... 2348 packets received, 7657 bps, 95.71%, Err 51 (1.0e-005)
630.416 .... 2356 packets received, 7657 bps, 95.71%, Err 51 (1.0e-005)
632.522 .... 2364 packets received, 7658 bps, 95.72%, Err 51 (1.0e-005)
635.674 .... 2371 packets received, 7642 bps, 95.53%, Err 52 (1.0e-005)
637.795 .... 2383 packets received, 7655 bps, 95.69%, Err 52 (1.0e-005)
639.901 .... 2391 packets received, 7656 bps, 95.70%, Err 52 (1.0e-005)
641.992 .... 2399 packets received, 7656 bps, 95.70%, Err 52 (1.0e-005)
644.098 .... 2407 packets received, 7657 bps, 95.71%, Err 52 (1.0e-005)
646.219 .... 2415 packets received, 7657 bps, 95.71%, Err 52 (1.0e-005)
648.310 .... 2423 packets received, 7657 bps, 95.72%, Err 52 (1.0e-005)
650.416 .... 2431 packets received, 7658 bps, 95.72%, Err 52 (1.0e-005)
652.522 .... 2439 packets received, 7658 bps, 95.73%, Err 52 (1.0e-005)
654.612 .... 2447 packets received, 7659 bps, 95.73%, Err 52 (9.9e-006)
656.718 .... 2455 packets received, 7659 bps, 95.74%, Err 52 (9.9e-006)
658.824 .... 2463 packets received, 7660 bps, 95.74%, Err 52 (9.9e-006)
660.930 .... 2471 packets received, 7660 bps, 95.75%, Err 52 (9.8e-006)
663.036 .... 2479 packets received, 7660 bps, 95.75%, Err 52 (9.8e-006)
665.142 .... 2487 packets received, 7661 bps, 95.76%, Err 52 (9.8e-006)
667.264 .... 2494 packets received, 7658 bps, 95.72%, Err 53 (9.9e-006)
669.354 .... 2502 packets received, 7658 bps, 95.73%, Err 53 (9.9e-006)
671.476 .... 2510 packets received, 7659 bps, 95.73%, Err 53 (9.9e-006)
673.582 .... 2518 packets received, 7659 bps, 95.74%, Err 53 (9.8e-006)
675.672 .... 2526 packets received, 7660 bps, 95.74%, Err 53 (9.8e-006)
677.762 .... 2534 packets received, 7660 bps, 95.75%, Err 53 (9.8e-006)
679.900 .... 2542 packets received, 7660 bps, 95.75%, Err 53 (9.7e-006)
681.990 .... 2550 packets received, 7661 bps, 95.76%, Err 53 (9.7e-006)
684.096 .... 2558 packets received, 7661 bps, 95.76%, Err 53 (9.7e-006)
686.186 .... 2566 packets received, 7662 bps, 95.77%, Err 53 (9.7e-006)
688.292 .... 2574 packets received, 7662 bps, 95.77%, Err 53 (9.6e-006)
690.414 .... 2582 packets received, 7662 bps, 95.78%, Err 53 (9.6e-006)
692.504 .... 2590 packets received, 7663 bps, 95.78%, Err 53 (9.6e-006)
694.626 .... 2593 packets received, 7648 bps, 95.60%, Err 54 (9.7e-006)
696.732 .... 2605 packets received, 7660 bps, 95.75%, Err 54 (9.7e-006)
698.838 .... 2613 packets received, 7661 bps, 95.76%, Err 54 (9.7e-006)
700.928 .... 2621 packets received, 7661 bps, 95.76%, Err 54 (9.6e-006)
703.814 .... 2627 packets received, 7647 bps, 95.59%, Err 55 (9.8e-006)
706.716 .... 2637 packets received, 7645 bps, 95.56%, Err 56 (9.9e-006)
708.806 .... 2649 packets received, 7657 bps, 95.71%, Err 56 (9.9e-006)
710.928 .... 2657 packets received, 7657 bps, 95.71%, Err 56 (9.8e-006)
713.050 .... 2665 packets received, 7657 bps, 95.72%, Err 56 (9.8e-006)
715.140 .... 2673 packets received, 7658 bps, 95.72%, Err 56 (9.8e-006)
717.262 .... 2681 packets received, 7658 bps, 95.72%, Err 56 (9.8e-006)
719.368 .... 2689 packets received, 7658 bps, 95.73%, Err 56 (9.7e-006)
722.254 .... 2695 packets received, 7645 bps, 95.56%, Err 57 (9.9e-006)
724.344 .... 2707 packets received, 7657 bps, 95.71%, Err 57 (9.8e-006)
726.450 .... 2715 packets received, 7657 bps, 95.71%, Err 57 (9.8e-006)
728.556 .... 2723 packets received, 7657 bps, 95.72%, Err 57 (9.8e-006)
730.678 .... 2730 packets received, 7655 bps, 95.68%, Err 58 (9.9e-006)
732.784 .... 2738 packets received, 7655 bps, 95.69%, Err 58 (9.9e-006)
734.874 .... 2746 packets received, 7656 bps, 95.69%, Err 58 (9.9e-006)
736.996 .... 2754 packets received, 7656 bps, 95.70%, Err 58 (9.8e-006)
739.086 .... 2762 packets received, 7656 bps, 95.70%, Err 58 (9.8e-006)
742.237 .... 2769 packets received, 7643 bps, 95.54%, Err 59 (9.9e-006)
744.343 .... 2781 packets received, 7654 bps, 95.68%, Err 60 (1.0e-005)
746.465 .... 2789 packets received, 7655 bps, 95.68%, Err 60 (1.0e-005)
748.571 .... 2797 packets received, 7655 bps, 95.69%, Err 60 (1.0e-005)
750.677 .... 2805 packets received, 7655 bps, 95.69%, Err 60 (1.0e-005)
752.752 .... 2813 packets received, 7656 bps, 95.70%, Err 60 (1.0e-005)
755.934 .... 2820 packets received, 7643 bps, 95.53%, Err 61 (1.0e-005)
758.040 .... 2832 packets received, 7654 bps, 95.67%, Err 61 (1.0e-005)
760.130 .... 2840 packets received, 7654 bps, 95.68%, Err 61 (1.0e-005)
762.221 .... 2848 packets received, 7655 bps, 95.69%, Err 62 (1.0e-005)
764.327 .... 2856 packets received, 7655 bps, 95.69%, Err 62 (1.0e-005)
766.433 .... 2864 packets received, 7656 bps, 95.70%, Err 62 (1.0e-005)
768.539 .... 2872 packets received, 7656 bps, 95.70%, Err 62 (1.0e-005)
770.645 .... 2880 packets received, 7656 bps, 95.70%, Err 62 (1.0e-005)
772.751 .... 2883 packets received, 7643 bps, 95.54%, Err 63 (1.0e-005)
774.857 .... 2895 packets received, 7654 bps, 95.68%, Err 63 (1.0e-005)
778.008 .... 2902 packets received, 7642 bps, 95.52%, Err 64 (1.0e-005)
780.130 .... 2914 packets received, 7653 bps, 95.66%, Err 64 (1.0e-005)
782.220 .... 2922 packets received, 7653 bps, 95.66%, Err 64 (1.0e-005)
784.342 .... 2930 packets received, 7653 bps, 95.66%, Err 64 (1.0e-005)
786.432 .... 2938 packets received, 7654 bps, 95.67%, Err 64 (1.0e-005)
788.538 .... 2946 packets received, 7654 bps, 95.68%, Err 64 (1.0e-005)
790.644 .... 2954 packets received, 7654 bps, 95.68%, Err 64 (1.0e-005)
792.750 .... 2962 packets received, 7655 bps, 95.68%, Err 64 (1.0e-005)
794.887 .... 2965 packets received, 7642 bps, 95.52%, Err 65 (1.0e-005)
796.993 .... 2977 packets received, 7652 bps, 95.66%, Err 65 (1.0e-005)
800.410 .... 2985 packets received, 7640 bps, 95.50%, Err 67 (1.0e-005)
802.500 .... 2997 packets received, 7651 bps, 95.64%, Err 67 (1.0e-005)
804.606 .... 3005 packets received, 7651 bps, 95.64%, Err 67 (1.0e-005)
808.022 .... 3013 packets received, 7639 bps, 95.49%, Err 68 (1.1e-005)
810.128 .... 3025 packets received, 7650 bps, 95.62%, Err 68 (1.0e-005)
812.234 .... 3033 packets received, 7650 bps, 95.63%, Err 68 (1.0e-005)
814.340 .... 3041 packets received, 7650 bps, 95.63%, Err 68 (1.0e-005)
816.462 .... 3049 packets received, 7651 bps, 95.63%, Err 68 (1.0e-005)
818.552 .... 3057 packets received, 7651 bps, 95.64%, Err 68 (1.0e-005)
820.674 .... 3065 packets received, 7651 bps, 95.64%, Err 68 (1.0e-005)
822.764 .... 3073 packets received, 7652 bps, 95.65%, Err 68 (1.0e-005)
824.886 .... 3081 packets received, 7652 bps, 95.65%, Err 68 (1.0e-005)
826.992 .... 3089 packets received, 7652 bps, 95.65%, Err 68 (1.0e-005)
829.082 .... 3097 packets received, 7653 bps, 95.66%, Err 68 (1.0e-005)
831.173 .... 3105 packets received, 7653 bps, 95.66%, Err 68 (1.0e-005)
833.294 .... 3113 packets received, 7653 bps, 95.67%, Err 68 (1.0e-005)
835.400 .... 3121 packets received, 7654 bps, 95.67%, Err 68 (1.0e-005)
838.037 .... 3126 packets received, 7642 bps, 95.52%, Err 69 (1.0e-005)
840.143 .... 3138 packets received, 7652 bps, 95.65%, Err 69 (1.0e-005)
842.249 .... 3146 packets received, 7652 bps, 95.65%, Err 69 (1.0e-005)
844.339 .... 3154 packets received, 7653 bps, 95.66%, Err 69 (1.0e-005)
846.445 .... 3162 packets received, 7653 bps, 95.66%, Err 69 (1.0e-005)
848.551 .... 3170 packets received, 7653 bps, 95.67%, Err 69 (1.0e-005)
850.673 .... 3178 packets received, 7653 bps, 95.67%, Err 69 (1.0e-005)
852.763 .... 3186 packets received, 7654 bps, 95.67%, Err 69 (1.0e-005)
854.885 .... 3194 packets received, 7654 bps, 95.68%, Err 69 (1.0e-005)
856.975 .... 3202 packets received, 7655 bps, 95.68%, Err 69 (1.0e-005)
859.081 .... 3210 packets received, 7655 bps, 95.69%, Err 69 (1.0e-005)
861.187 .... 3218 packets received, 7655 bps, 95.69%, Err 69 (1.0e-005)
863.309 .... 3226 packets received, 7655 bps, 95.69%, Err 69 (1.0e-005)
865.415 .... 3234 packets received, 7656 bps, 95.70%, Err 69 (1.0e-005)
867.505 .... 3242 packets received, 7656 bps, 95.70%, Err 69 (9.9e-006)
870.672 .... 3250 packets received, 7647 bps, 95.59%, Err 70 (1.0e-005)
873.324 .... 3259 packets received, 7645 bps, 95.56%, Err 71 (1.0e-005)
875.414 .... 3270 packets received, 7652 bps, 95.66%, Err 71 (1.0e-005)
877.520 .... 3278 packets received, 7653 bps, 95.66%, Err 71 (1.0e-005)
879.626 .... 3286 packets received, 7653 bps, 95.66%, Err 71 (1.0e-005)
881.732 .... 3294 packets received, 7653 bps, 95.67%, Err 71 (1.0e-005)
883.838 .... 3302 packets received, 7654 bps, 95.67%, Err 71 (1.0e-005)
885.960 .... 3310 packets received, 7654 bps, 95.67%, Err 71 (1.0e-005)
888.035 .... 3318 packets received, 7654 bps, 95.68%, Err 71 (1.0e-005)
890.156 .... 3326 packets received, 7655 bps, 95.68%, Err 71 (1.0e-005)
892.262 .... 3334 packets received, 7655 bps, 95.69%, Err 71 (9.9e-006)
894.353 .... 3342 packets received, 7655 bps, 95.69%, Err 71 (9.9e-006)
897.520 .... 3349 packets received, 7644 bps, 95.55%, Err 72 (1.0e-005)
899.626 .... 3361 packets received, 7654 bps, 95.67%, Err 72 (1.0e-005)
901.732 .... 3369 packets received, 7654 bps, 95.67%, Err 72 (1.0e-005)
903.838 .... 3377 packets received, 7654 bps, 95.68%, Err 72 (1.0e-005)
905.944 .... 3385 packets received, 7655 bps, 95.68%, Err 72 (9.9e-006)
908.034 .... 3393 packets received, 7655 bps, 95.69%, Err 72 (9.9e-006)
910.156 .... 3401 packets received, 7655 bps, 95.69%, Err 72 (9.9e-006)
912.246 .... 3409 packets received, 7656 bps, 95.69%, Err 72 (9.9e-006)
914.352 .... 3417 packets received, 7656 bps, 95.70%, Err 72 (9.8e-006)
916.458 .... 3425 packets received, 7656 bps, 95.70%, Err 72 (9.8e-006)
918.564 .... 3433 packets received, 7656 bps, 95.70%, Err 72 (9.8e-006)
920.670 .... 3441 packets received, 7657 bps, 95.71%, Err 72 (9.8e-006)
922.776 .... 3449 packets received, 7657 bps, 95.71%, Err 72 (9.8e-006)
924.882 .... 3457 packets received, 7657 bps, 95.72%, Err 72 (9.7e-006)
926.972 .... 3461 packets received, 7649 bps, 95.61%, Err 73 (9.8e-006)
929.094 .... 3472 packets received, 7656 bps, 95.69%, Err 73 (9.8e-006)
931.184 .... 3480 packets received, 7656 bps, 95.70%, Err 73 (9.8e-006)
933.306 .... 3488 packets received, 7656 bps, 95.70%, Err 73 (9.8e-006)
935.396 .... 3496 packets received, 7657 bps, 95.71%, Err 73 (9.8e-006)
937.502 .... 3504 packets received, 7657 bps, 95.71%, Err 73 (9.7e-006)
939.624 .... 3512 packets received, 7657 bps, 95.71%, Err 73 (9.7e-006)
941.730 .... 3520 packets received, 7657 bps, 95.72%, Err 73 (9.7e-006)
943.836 .... 3528 packets received, 7657 bps, 95.72%, Err 73 (9.7e-006)
946.987 .... 3536 packets received, 7649 bps, 95.62%, Err 74 (9.8e-006)
949.078 .... 3547 packets received, 7656 bps, 95.70%, Err 74 (9.7e-006)
951.184 .... 3554 packets received, 7654 bps, 95.68%, Err 75 (9.9e-006)
954.616 .... 3562 packets received, 7644 bps, 95.55%, Err 76 (1.0e-005)
956.706 .... 3574 packets received, 7653 bps, 95.66%, Err 76 (9.9e-006)
958.828 .... 3582 packets received, 7653 bps, 95.66%, Err 76 (9.9e-006)
960.934 .... 3589 packets received, 7651 bps, 95.64%, Err 78 (1.0e-005)
963.024 .... 3597 packets received, 7652 bps, 95.65%, Err 78 (1.0e-005)
965.926 .... 3604 packets received, 7644 bps, 95.54%, Err 79 (1.0e-005)
968.032 .... 3615 packets received, 7650 bps, 95.63%, Err 79 (1.0e-005)
970.138 .... 3623 packets received, 7650 bps, 95.63%, Err 79 (1.0e-005)
972.259 .... 3631 packets received, 7651 bps, 95.63%, Err 79 (1.0e-005)
974.350 .... 3639 packets received, 7651 bps, 95.64%, Err 79 (1.0e-005)
976.440 .... 3646 packets received, 7649 bps, 95.62%, Err 80 (1.0e-005)
979.607 .... 3653 packets received, 7639 bps, 95.49%, Err 81 (1.0e-005)
981.713 .... 3664 packets received, 7646 bps, 95.57%, Err 82 (1.0e-005)
983.819 .... 3672 packets received, 7646 bps, 95.58%, Err 82 (1.0e-005)
985.940 .... 3680 packets received, 7646 bps, 95.58%, Err 82 (1.0e-005)
988.031 .... 3688 packets received, 7647 bps, 95.58%, Err 82 (1.0e-005)
990.121 .... 3696 packets received, 7647 bps, 95.59%, Err 82 (1.0e-005)
992.227 .... 3704 packets received, 7647 bps, 95.59%, Err 82 (1.0e-005)
994.364 .... 3712 packets received, 7647 bps, 95.59%, Err 82 (1.0e-005)
996.439 .... 3720 packets received, 7648 bps, 95.60%, Err 82 (1.0e-005)
998.545 .... 3728 packets received, 7648 bps, 95.60%, Err 82 (1.0e-005)
1000.651 .... 3735 packets received, 7646 bps, 95.58%, Err 83 (1.0e-005)
1002.773 .... 3743 packets received, 7647 bps, 95.58%, Err 83 (1.0e-005)
1004.863 .... 3751 packets received, 7647 bps, 95.59%, Err 83 (1.0e-005)
1006.969 .... 3759 packets received, 7647 bps, 95.59%, Err 83 (1.0e-005)
1009.075 .... 3767 packets received, 7647 bps, 95.59%, Err 83 (1.0e-005)
1011.197 .... 3775 packets received, 7648 bps, 95.60%, Err 83 (1.0e-005)
1013.272 .... 3783 packets received, 7648 bps, 95.60%, Err 83 (1.0e-005)
1015.393 .... 3791 packets received, 7648 bps, 95.60%, Err 83 (1.0e-005)
1017.515 .... 3799 packets received, 7648 bps, 95.61%, Err 83 (1.0e-005)
1019.590 .... 3807 packets received, 7649 bps, 95.61%, Err 83 (1.0e-005)
1021.696 .... 3815 packets received, 7649 bps, 95.62%, Err 83 (1.0e-005)
1023.817 .... 3823 packets received, 7649 bps, 95.62%, Err 83 (1.0e-005)
1025.908 .... 3831 packets received, 7650 bps, 95.62%, Err 83 (1.0e-005)
1028.014 .... 3839 packets received, 7650 bps, 95.63%, Err 83 (1.0e-005)
1030.120 .... 3847 packets received, 7650 bps, 95.63%, Err 83 (1.0e-005)
1032.241 .... 3855 packets received, 7650 bps, 95.63%, Err 83 (1.0e-005)
1034.347 .... 3863 packets received, 7651 bps, 95.63%, Err 83 (1.0e-005)
1037.764 .... 3871 packets received, 7641 bps, 95.52%, Err 85 (1.0e-005)
1039.854 .... 3882 packets received, 7648 bps, 95.60%, Err 85 (1.0e-005)
1041.976 .... 3890 packets received, 7648 bps, 95.60%, Err 85 (1.0e-005)
1044.082 .... 3898 packets received, 7648 bps, 95.60%, Err 85 (1.0e-005)
1046.172 .... 3906 packets received, 7648 bps, 95.61%, Err 85 (1.0e-005)
1048.262 .... 3914 packets received, 7649 bps, 95.61%, Err 85 (1.0e-005)
1050.368 .... 3922 packets received, 7649 bps, 95.61%, Err 85 (1.0e-005)
1052.490 .... 3930 packets received, 7649 bps, 95.62%, Err 85 (1.0e-005)
1054.580 .... 3938 packets received, 7650 bps, 95.62%, Err 85 (1.0e-005)
1056.686 .... 3946 packets received, 7650 bps, 95.62%, Err 85 (1.0e-005)
1058.792 .... 3954 packets received, 7650 bps, 95.63%, Err 85 (1.0e-005)
1060.914 .... 3962 packets received, 7650 bps, 95.63%, Err 85 (1.0e-005)
1063.020 .... 3970 packets received, 7650 bps, 95.63%, Err 85 (1.0e-005)
1065.126 .... 3978 packets received, 7651 bps, 95.63%, Err 85 (1.0e-005)
1067.232 .... 3986 packets received, 7651 bps, 95.64%, Err 85 (1.0e-005)
1069.338 .... 3994 packets received, 7651 bps, 95.64%, Err 85 (9.9e-006)
1071.428 .... 4002 packets received, 7652 bps, 95.65%, Err 85 (9.9e-006)
1073.534 .... 4010 packets received, 7652 bps, 95.65%, Err 85 (9.9e-006)
1075.625 .... 4018 packets received, 7652 bps, 95.65%, Err 85 (9.9e-006)
1077.746 .... 4026 packets received, 7652 bps, 95.65%, Err 85 (9.9e-006)
1079.852 .... 4034 packets received, 7653 bps, 95.66%, Err 85 (9.8e-006)
1081.943 .... 4042 packets received, 7653 bps, 95.66%, Err 86 (9.9e-006)
1084.844 .... 4044 packets received, 7636 bps, 95.45%, Err 87 (1.0e-005)
1086.966 .... 4059 packets received, 7650 bps, 95.62%, Err 87 (1.0e-005)
1089.056 .... 4067 packets received, 7650 bps, 95.63%, Err 87 (1.0e-005)
1091.178 .... 4075 packets received, 7650 bps, 95.63%, Err 87 (1.0e-005)
1093.534 .... 4079 packets received, 7641 bps, 95.51%, Err 88 (1.0e-005)
1095.640 .... 4091 packets received, 7649 bps, 95.61%, Err 88 (1.0e-005)
1097.730 .... 4098 packets received, 7647 bps, 95.59%, Err 89 (1.0e-005)
1099.852 .... 4106 packets received, 7648 bps, 95.59%, Err 89 (1.0e-005)
1101.958 .... 4114 packets received, 7648 bps, 95.60%, Err 89 (1.0e-005)
1104.064 .... 4122 packets received, 7648 bps, 95.60%, Err 89 (1.0e-005)
1106.154 .... 4130 packets received, 7648 bps, 95.61%, Err 89 (1.0e-005)
1108.244 .... 4138 packets received, 7649 bps, 95.61%, Err 89 (1.0e-005)
1110.366 .... 4146 packets received, 7649 bps, 95.61%, Err 89 (1.0e-005)
1112.472 .... 4154 packets received, 7649 bps, 95.61%, Err 89 (1.0e-005)
1115.358 .... 4160 packets received, 7640 bps, 95.50%, Err 90 (1.0e-005)
1117.464 .... 4172 packets received, 7648 bps, 95.60%, Err 90 (1.0e-005)
1119.586 .... 4180 packets received, 7648 bps, 95.60%, Err 90 (1.0e-005)
1121.676 .... 4188 packets received, 7648 bps, 95.61%, Err 90 (1.0e-005)
1123.766 .... 4196 packets received, 7649 bps, 95.61%, Err 90 (1.0e-005)
1126.418 .... 4201 packets received, 7640 bps, 95.50%, Err 91 (1.0e-005)
1128.524 .... 4213 packets received, 7647 bps, 95.59%, Err 91 (1.0e-005)
1130.630 .... 4221 packets received, 7648 bps, 95.60%, Err 91 (1.0e-005)
1132.721 .... 4229 packets received, 7648 bps, 95.60%, Err 91 (1.0e-005)
1134.842 .... 4237 packets received, 7648 bps, 95.60%, Err 91 (1.0e-005)
1136.948 .... 4245 packets received, 7648 bps, 95.60%, Err 91 (1.0e-005)
1139.039 .... 4253 packets received, 7649 bps, 95.61%, Err 91 (1.0e-005)
1141.160 .... 4261 packets received, 7649 bps, 95.61%, Err 91 (1.0e-005)
1143.251 .... 4269 packets received, 7649 bps, 95.62%, Err 91 (9.9e-006)
1145.357 .... 4277 packets received, 7649 bps, 95.62%, Err 91 (9.9e-006)
1147.478 .... 4285 packets received, 7650 bps, 95.62%, Err 91 (9.9e-006)
1149.569 .... 4293 packets received, 7650 bps, 95.62%, Err 91 (9.9e-006)
1152.985 .... 4301 packets received, 7641 bps, 95.52%, Err 92 (1.0e-005)
1155.107 .... 4313 packets received, 7649 bps, 95.61%, Err 92 (1.0e-005)
1157.197 .... 4321 packets received, 7649 bps, 95.61%, Err 92 (9.9e-006)
1159.319 .... 4329 packets received, 7649 bps, 95.62%, Err 92 (9.9e-006)
1161.425 .... 4337 packets received, 7649 bps, 95.62%, Err 92 (9.9e-006)
1163.515 .... 4345 packets received, 7650 bps, 95.62%, Err 92 (9.9e-006)
1165.621 .... 4353 packets received, 7650 bps, 95.63%, Err 92 (9.9e-006)
1169.053 .... 4361 packets received, 7642 bps, 95.52%, Err 93 (9.9e-006)
1171.159 .... 4373 packets received, 7649 bps, 95.61%, Err 93 (9.9e-006)
1173.265 .... 4381 packets received, 7649 bps, 95.61%, Err 93 (9.9e-006)
1175.371 .... 4389 packets received, 7649 bps, 95.62%, Err 93 (9.9e-006)
1177.477 .... 4397 packets received, 7650 bps, 95.62%, Err 93 (9.9e-006)
1181.923 .... 4402 packets received, 7629 bps, 95.37%, Err 95 (1.0e-005)
1184.029 .... 4420 packets received, 7647 bps, 95.59%, Err 95 (1.0e-005)
1187.196 .... 4427 packets received, 7639 bps, 95.48%, Err 96 (1.0e-005)
1189.286 .... 4439 packets received, 7646 bps, 95.57%, Err 96 (1.0e-005)
1191.408 .... 4447 packets received, 7646 bps, 95.58%, Err 96 (1.0e-005)
1193.498 .... 4455 packets received, 7646 bps, 95.58%, Err 96 (1.0e-005)
1195.885 .... 4459 packets received, 7638 bps, 95.47%, Err 97 (1.0e-005)
1197.991 .... 4471 packets received, 7645 bps, 95.56%, Err 97 (1.0e-005)
1200.082 .... 4479 packets received, 7645 bps, 95.57%, Err 97 (1.0e-005)
1202.188 .... 4487 packets received, 7646 bps, 95.57%, Err 97 (1.0e-005)
1204.309 .... 4495 packets received, 7646 bps, 95.57%, Err 97 (1.0e-005)
1206.384 .... 4503 packets received, 7646 bps, 95.58%, Err 97 (1.0e-005)
1208.490 .... 4511 packets received, 7646 bps, 95.58%, Err 97 (1.0e-005)
1210.612 .... 4519 packets received, 7647 bps, 95.58%, Err 97 (1.0e-005)
1212.718 .... 4527 packets received, 7647 bps, 95.58%, Err 97 (1.0e-005)
1214.808 .... 4535 packets received, 7647 bps, 95.59%, Err 97 (1.0e-005)
1216.914 .... 4543 packets received, 7647 bps, 95.59%, Err 97 (1.0e-005)
1219.036 .... 4551 packets received, 7647 bps, 95.59%, Err 97 (9.9e-006)
1223.232 .... 4555 packets received, 7628 bps, 95.35%, Err 100 (1.0e-005)
1225.322 .... 4572 packets received, 7643 bps, 95.54%, Err 100 (1.0e-005)
1227.428 .... 4580 packets received, 7644 bps, 95.54%, Err 101 (1.0e-005)
1229.550 .... 4588 packets received, 7644 bps, 95.55%, Err 101 (1.0e-005)
1231.640 .... 4596 packets received, 7644 bps, 95.55%, Err 101 (1.0e-005)
1233.746 .... 4604 packets received, 7644 bps, 95.55%, Err 101 (1.0e-005)
1235.852 .... 4607 packets received, 7636 bps, 95.45%, Err 103 (1.0e-005)
1238.239 .... 4615 packets received, 7635 bps, 95.43%, Err 104 (1.0e-005)
1240.330 .... 4627 packets received, 7642 bps, 95.52%, Err 104 (1.0e-005)
1242.451 .... 4635 packets received, 7642 bps, 95.52%, Err 104 (1.0e-005)
1244.542 .... 4643 packets received, 7642 bps, 95.53%, Err 104 (1.0e-005)
1246.632 .... 4651 packets received, 7642 bps, 95.53%, Err 104 (1.0e-005)
1248.738 .... 4659 packets received, 7643 bps, 95.53%, Err 104 (1.0e-005)
1251.374 .... 4664 packets received, 7635 bps, 95.43%, Err 105 (1.0e-005)
1253.480 .... 4676 packets received, 7642 bps, 95.52%, Err 105 (1.0e-005)
1255.586 .... 4684 packets received, 7642 bps, 95.52%, Err 105 (1.0e-005)
1257.692 .... 4692 packets received, 7642 bps, 95.53%, Err 105 (1.0e-005)
1259.798 .... 4700 packets received, 7642 bps, 95.53%, Err 105 (1.0e-005)
1261.904 .... 4708 packets received, 7642 bps, 95.53%, Err 105 (1.0e-005)
1264.015 ** WARNING: System too busy, sleep 15 ms, but be awakened 1393 ms later
1264.015 .... 4711 packets received, 7635 bps, 95.43%, Err 105 (1.0e-005)
1266.121 .... 4724 packets received, 7643 bps, 95.54%, Err 105 (1.0e-005)
1269.522 .... 4732 packets received, 7635 bps, 95.44%, Err 106 (1.0e-005)
1271.628 .... 4744 packets received, 7642 bps, 95.53%, Err 106 (1.0e-005)
1273.734 .... 4752 packets received, 7642 bps, 95.53%, Err 106 (1.0e-005)
1275.824 .... 4760 packets received, 7643 bps, 95.53%, Err 106 (1.0e-005)
1277.946 .... 4768 packets received, 7643 bps, 95.53%, Err 106 (1.0e-005)
1280.052 .... 4776 packets received, 7643 bps, 95.54%, Err 106 (1.0e-005)
1282.954 .... 4782 packets received, 7635 bps, 95.44%, Err 107 (1.0e-005)
1285.060 .... 4794 packets received, 7642 bps, 95.52%, Err 107 (1.0e-005)
1287.166 .... 4802 packets received, 7642 bps, 95.53%, Err 107 (1.0e-005)
1289.256 .... 4810 packets received, 7642 bps, 95.53%, Err 107 (1.0e-005)
1291.346 .... 4818 packets received, 7643 bps, 95.53%, Err 107 (1.0e-005)
1293.468 .... 4826 packets received, 7643 bps, 95.54%, Err 107 (1.0e-005)
1295.558 .... 4829 packets received, 7635 bps, 95.44%, Err 108 (1.0e-005)
1297.664 .... 4841 packets received, 7642 bps, 95.52%, Err 108 (1.0e-005)
1299.786 .... 4849 packets received, 7642 bps, 95.52%, Err 108 (1.0e-005)
1301.892 .... 4857 packets received, 7642 bps, 95.53%, Err 108 (1.0e-005)
1305.028 .... 4864 packets received, 7635 bps, 95.43%, Err 109 (1.0e-005)
1307.149 .... 4876 packets received, 7641 bps, 95.51%, Err 109 (1.0e-005)
1309.240 .... 4879 packets received, 7634 bps, 95.42%, Err 110 (1.1e-005)
1311.346 .... 4891 packets received, 7640 bps, 95.50%, Err 110 (1.0e-005)
1313.452 .... 4899 packets received, 7640 bps, 95.50%, Err 110 (1.0e-005)
1316.353 .... 4905 packets received, 7633 bps, 95.41%, Err 111 (1.1e-005)
1318.444 .... 4917 packets received, 7639 bps, 95.49%, Err 111 (1.1e-005)
1320.565 .... 4925 packets received, 7640 bps, 95.49%, Err 111 (1.1e-005)
1322.656 .... 4933 packets received, 7640 bps, 95.50%, Err 111 (1.0e-005)
1324.777 .... 4941 packets received, 7640 bps, 95.50%, Err 111 (1.0e-005)
1326.868 .... 4949 packets received, 7640 bps, 95.50%, Err 111 (1.0e-005)
1328.974 .... 4957 packets received, 7640 bps, 95.51%, Err 111 (1.0e-005)
1331.080 .... 4965 packets received, 7641 bps, 95.51%, Err 111 (1.0e-005)
1333.700 .... 4970 packets received, 7633 bps, 95.42%, Err 112 (1.0e-005)
1335.806 .... 4982 packets received, 7640 bps, 95.50%, Err 112 (1.0e-005)
1337.912 .... 4990 packets received, 7640 bps, 95.50%, Err 113 (1.1e-005)
1340.034 .... 4998 packets received, 7640 bps, 95.50%, Err 113 (1.1e-005)
1342.140 .... 5006 packets received, 7640 bps, 95.50%, Err 113 (1.1e-005)
1344.230 .... 5014 packets received, 7641 bps, 95.51%, Err 113 (1.1e-005)
1346.336 .... 5022 packets received, 7641 bps, 95.51%, Err 113 (1.0e-005)
1348.442 .... 5030 packets received, 7641 bps, 95.51%, Err 113 (1.0e-005)
1350.564 .... 5038 packets received, 7641 bps, 95.51%, Err 113 (1.0e-005)
1352.670 .... 5046 packets received, 7641 bps, 95.52%, Err 113 (1.0e-005)
1354.776 .... 5054 packets received, 7642 bps, 95.52%, Err 113 (1.0e-005)
1358.177 .... 5062 packets received, 7635 bps, 95.43%, Err 114 (1.0e-005)
1360.283 .... 5074 packets received, 7641 bps, 95.51%, Err 114 (1.0e-005)
1362.389 .... 5082 packets received, 7641 bps, 95.51%, Err 114 (1.0e-005)
1364.510 .... 5090 packets received, 7641 bps, 95.51%, Err 114 (1.0e-005)
1366.616 .... 5098 packets received, 7641 bps, 95.52%, Err 114 (1.0e-005)
1368.988 .... 5102 packets received, 7634 bps, 95.43%, Err 115 (1.1e-005)
1371.094 .... 5114 packets received, 7640 bps, 95.50%, Err 115 (1.0e-005)
1373.200 .... 5122 packets received, 7640 bps, 95.51%, Err 115 (1.0e-005)
1375.306 .... 5130 packets received, 7641 bps, 95.51%, Err 115 (1.0e-005)
1378.441 .... 5137 packets received, 7634 bps, 95.42%, Err 116 (1.1e-005)
1380.547 .... 5149 packets received, 7640 bps, 95.50%, Err 116 (1.1e-005)
1382.669 .... 5157 packets received, 7640 bps, 95.50%, Err 116 (1.0e-005)
1384.775 .... 5165 packets received, 7640 bps, 95.50%, Err 116 (1.0e-005)
1386.865 .... 5173 packets received, 7641 bps, 95.51%, Err 116 (1.0e-005)
1389.502 .... 5178 packets received, 7633 bps, 95.42%, Err 117 (1.1e-005)
1391.592 .... 5190 packets received, 7640 bps, 95.49%, Err 117 (1.1e-005)
1393.698 .... 5198 packets received, 7640 bps, 95.50%, Err 117 (1.0e-005)
1395.804 .... 5206 packets received, 7640 bps, 95.50%, Err 117 (1.0e-005)
1397.910 .... 5214 packets received, 7640 bps, 95.50%, Err 117 (1.0e-005)
1400.032 .... 5222 packets received, 7640 bps, 95.50%, Err 117 (1.0e-005)
1402.138 .... 5230 packets received, 7641 bps, 95.51%, Err 117 (1.0e-005)
1404.244 .... 5238 packets received, 7641 bps, 95.51%, Err 117 (1.0e-005)
1407.379 .... 5245 packets received, 7634 bps, 95.42%, Err 118 (1.0e-005)
1409.485 .... 5257 packets received, 7640 bps, 95.50%, Err 118 (1.0e-005)
1411.591 .... 5265 packets received, 7640 bps, 95.50%, Err 118 (1.0e-005)
1413.713 .... 5273 packets received, 7640 bps, 95.50%, Err 118 (1.0e-005)
1415.803 .... 5281 packets received, 7641 bps, 95.51%, Err 118 (1.0e-005)
1417.925 .... 5289 packets received, 7641 bps, 95.51%, Err 119 (1.0e-005)
1420.031 .... 5297 packets received, 7641 bps, 95.51%, Err 119 (1.0e-005)
1422.106 .... 5305 packets received, 7641 bps, 95.52%, Err 119 (1.0e-005)
1424.477 .... 5309 packets received, 7634 bps, 95.43%, Err 120 (1.1e-005)
1426.598 .... 5321 packets received, 7640 bps, 95.50%, Err 120 (1.1e-005)
1428.689 .... 5329 packets received, 7640 bps, 95.51%, Err 120 (1.0e-005)
1430.795 .... 5337 packets received, 7641 bps, 95.51%, Err 120 (1.0e-005)
1432.901 .... 5345 packets received, 7641 bps, 95.51%, Err 120 (1.0e-005)
1435.022 .... 5353 packets received, 7641 bps, 95.51%, Err 120 (1.0e-005)
1437.128 .... 5361 packets received, 7641 bps, 95.52%, Err 120 (1.0e-005)
1439.234 .... 5369 packets received, 7641 bps, 95.52%, Err 120 (1.0e-005)
1441.340 .... 5377 packets received, 7642 bps, 95.52%, Err 120 (1.0e-005)
1444.476 .... 5384 packets received, 7635 bps, 95.44%, Err 121 (1.0e-005)
1447.627 .... 5395 packets received, 7634 bps, 95.42%, Err 122 (1.1e-005)
1449.749 .... 5407 packets received, 7640 bps, 95.50%, Err 122 (1.1e-005)
1451.839 .... 5415 packets received, 7640 bps, 95.50%, Err 122 (1.1e-005)
1453.961 .... 5423 packets received, 7640 bps, 95.50%, Err 122 (1.0e-005)
1456.051 .... 5431 packets received, 7640 bps, 95.50%, Err 122 (1.0e-005)
1459.218 .... 5438 packets received, 7634 bps, 95.42%, Err 124 (1.1e-005)
1461.308 .... 5449 packets received, 7638 bps, 95.48%, Err 124 (1.1e-005)
1463.430 .... 5457 packets received, 7638 bps, 95.48%, Err 124 (1.1e-005)
1465.520 .... 5464 packets received, 7637 bps, 95.46%, Err 125 (1.1e-005)
1467.642 .... 5472 packets received, 7637 bps, 95.47%, Err 125 (1.1e-005)
1469.748 .... 5480 packets received, 7637 bps, 95.47%, Err 125 (1.1e-005)
1471.823 .... 5488 packets received, 7638 bps, 95.47%, Err 125 (1.1e-005)
1473.929 .... 5496 packets received, 7638 bps, 95.48%, Err 125 (1.1e-005)
1476.050 .... 5504 packets received, 7638 bps, 95.48%, Err 125 (1.1e-005)
1478.156 .... 5512 packets received, 7638 bps, 95.48%, Err 125 (1.1e-005)
1480.262 .... 5520 packets received, 7639 bps, 95.48%, Err 125 (1.1e-005)
1482.368 .... 5528 packets received, 7639 bps, 95.48%, Err 125 (1.1e-005)
1484.474 .... 5536 packets received, 7639 bps, 95.49%, Err 125 (1.1e-005)
1486.580 .... 5544 packets received, 7639 bps, 95.49%, Err 125 (1.1e-005)
1488.686 .... 5552 packets received, 7639 bps, 95.49%, Err 125 (1.0e-005)
1490.792 .... 5560 packets received, 7640 bps, 95.49%, Err 125 (1.0e-005)
1493.678 .... 5566 packets received, 7633 bps, 95.41%, Err 126 (1.1e-005)
1495.784 .... 5578 packets received, 7639 bps, 95.48%, Err 126 (1.1e-005)
1497.890 .... 5586 packets received, 7639 bps, 95.49%, Err 126 (1.1e-005)
1501.042 .... 5593 packets received, 7632 bps, 95.40%, Err 127 (1.1e-005)
1503.163 .... 5605 packets received, 7638 bps, 95.47%, Err 127 (1.1e-005)
1505.269 .... 5613 packets received, 7638 bps, 95.48%, Err 127 (1.1e-005)
1507.360 .... 5621 packets received, 7638 bps, 95.48%, Err 127 (1.1e-005)
1509.466 .... 5629 packets received, 7639 bps, 95.48%, Err 127 (1.1e-005)
1511.587 .... 5637 packets received, 7639 bps, 95.48%, Err 127 (1.1e-005)
1513.678 .... 5645 packets received, 7639 bps, 95.49%, Err 127 (1.0e-005)
1515.784 .... 5653 packets received, 7639 bps, 95.49%, Err 127 (1.0e-005)
1517.890 .... 5661 packets received, 7639 bps, 95.49%, Err 127 (1.0e-005)
1519.996 .... 5669 packets received, 7640 bps, 95.50%, Err 127 (1.0e-005)
1522.086 .... 5677 packets received, 7640 bps, 95.50%, Err 127 (1.0e-005)
1524.192 .... 5685 packets received, 7640 bps, 95.50%, Err 127 (1.0e-005)
1526.298 .... 5693 packets received, 7640 bps, 95.50%, Err 127 (1.0e-005)
1528.404 .... 5701 packets received, 7640 bps, 95.51%, Err 127 (1.0e-005)
1530.510 .... 5709 packets received, 7641 bps, 95.51%, Err 127 (1.0e-005)
1532.616 .... 5717 packets received, 7641 bps, 95.51%, Err 127 (1.0e-005)
1534.722 .... 5725 packets received, 7641 bps, 95.51%, Err 127 (1.0e-005)
1536.828 .... 5733 packets received, 7641 bps, 95.52%, Err 127 (1.0e-005)
1538.918 .... 5741 packets received, 7641 bps, 95.52%, Err 127 (1.0e-005)
1541.820 .... 5747 packets received, 7635 bps, 95.44%, Err 128 (1.0e-005)
1543.910 .... 5759 packets received, 7641 bps, 95.51%, Err 128 (1.0e-005)
1546.032 .... 5767 packets received, 7641 bps, 95.51%, Err 128 (1.0e-005)
1548.154 .... 5775 packets received, 7641 bps, 95.51%, Err 128 (1.0e-005)
1550.228 .... 5783 packets received, 7641 bps, 95.52%, Err 128 (1.0e-005)
1552.350 .... 5791 packets received, 7641 bps, 95.52%, Err 128 (1.0e-005)
1554.456 .... 5799 packets received, 7642 bps, 95.52%, Err 128 (1.0e-005)
1556.546 .... 5807 packets received, 7642 bps, 95.52%, Err 128 (1.0e-005)
1558.668 .... 5810 packets received, 7635 bps, 95.44%, Err 129 (1.0e-005)
1560.774 .... 5822 packets received, 7641 bps, 95.51%, Err 129 (1.0e-005)
1562.864 .... 5830 packets received, 7641 bps, 95.51%, Err 129 (1.0e-005)
1564.970 .... 5838 packets received, 7641 bps, 95.52%, Err 129 (1.0e-005)
1567.092 .... 5846 packets received, 7641 bps, 95.52%, Err 129 (1.0e-005)
1570.243 .... 5853 packets received, 7635 bps, 95.44%, Err 131 (1.0e-005)
1572.349 .... 5865 packets received, 7641 bps, 95.51%, Err 131 (1.0e-005)
1575.251 .... 5871 packets received, 7634 bps, 95.43%, Err 132 (1.0e-005)
1577.341 .... 5883 packets received, 7640 bps, 95.50%, Err 132 (1.0e-005)
1579.447 .... 5891 packets received, 7640 bps, 95.50%, Err 132 (1.0e-005)
1581.553 .... 5899 packets received, 7640 bps, 95.50%, Err 132 (1.0e-005)
1583.659 .... 5907 packets received, 7640 bps, 95.50%, Err 132 (1.0e-005)
1585.765 .... 5915 packets received, 7640 bps, 95.51%, Err 132 (1.0e-005)
1587.856 .... 5923 packets received, 7641 bps, 95.51%, Err 132 (1.0e-005)
1589.977 .... 5931 packets received, 7641 bps, 95.51%, Err 132 (1.0e-005)
1592.083 .... 5939 packets received, 7641 bps, 95.51%, Err 132 (1.0e-005)
1594.189 .... 5947 packets received, 7641 bps, 95.52%, Err 132 (1.0e-005)
1596.280 .... 5955 packets received, 7641 bps, 95.52%, Err 132 (1.0e-005)
1598.651 .... 5959 packets received, 7635 bps, 95.44%, Err 133 (1.0e-005)
1600.757 .... 5971 packets received, 7641 bps, 95.51%, Err 133 (1.0e-005)
1602.863 .... 5979 packets received, 7641 bps, 95.51%, Err 133 (1.0e-005)
1604.969 .... 5987 packets received, 7641 bps, 95.51%, Err 133 (1.0e-005)
1607.075 .... 5995 packets received, 7641 bps, 95.51%, Err 133 (1.0e-005)
1609.181 .... 6003 packets received, 7641 bps, 95.52%, Err 133 (1.0e-005)
1612.597 .... 6011 packets received, 7635 bps, 95.44%, Err 134 (1.0e-005)
1614.719 .... 6022 packets received, 7639 bps, 95.49%, Err 135 (1.0e-005)
1616.809 .... 6030 packets received, 7639 bps, 95.49%, Err 135 (1.0e-005)
1618.931 .... 6038 packets received, 7640 bps, 95.49%, Err 135 (1.0e-005)
1621.021 .... 6046 packets received, 7640 bps, 95.50%, Err 135 (1.0e-005)
1623.143 .... 6054 packets received, 7640 bps, 95.50%, Err 135 (1.0e-005)
1625.233 .... 6062 packets received, 7640 bps, 95.50%, Err 135 (1.0e-005)
1627.339 .... 6070 packets received, 7640 bps, 95.50%, Err 135 (1.0e-005)
1629.445 .... 6078 packets received, 7641 bps, 95.51%, Err 135 (1.0e-005)
1631.551 .... 6086 packets received, 7641 bps, 95.51%, Err 135 (1.0e-005)
1633.673 .... 6094 packets received, 7641 bps, 95.51%, Err 135 (1.0e-005)
1635.779 .... 6102 packets received, 7641 bps, 95.51%, Err 135 (1.0e-005)
1637.869 .... 6110 packets received, 7641 bps, 95.52%, Err 135 (1.0e-005)
1639.991 .... 6118 packets received, 7641 bps, 95.52%, Err 135 (1.0e-005)
1642.097 .... 6126 packets received, 7642 bps, 95.52%, Err 135 (1.0e-005)
1644.203 .... 6134 packets received, 7642 bps, 95.52%, Err 135 (1.0e-005)
1646.309 .... 6142 packets received, 7642 bps, 95.52%, Err 135 (1.0e-005)
1648.415 .... 6150 packets received, 7642 bps, 95.53%, Err 136 (1.0e-005)
1650.521 .... 6158 packets received, 7642 bps, 95.53%, Err 136 (1.0e-005)
1652.642 .... 6166 packets received, 7642 bps, 95.53%, Err 136 (1.0e-005)
1654.717 .... 6174 packets received, 7643 bps, 95.53%, Err 136 (1.0e-005)
1656.823 .... 6182 packets received, 7643 bps, 95.54%, Err 136 (1.0e-005)
1658.945 .... 6190 packets received, 7643 bps, 95.54%, Err 136 (1.0e-005)
1661.051 .... 6198 packets received, 7643 bps, 95.54%, Err 137 (1.0e-005)
1663.672 .... 6203 packets received, 7637 bps, 95.47%, Err 138 (1.0e-005)
1665.793 .... 6215 packets received, 7642 bps, 95.53%, Err 138 (1.0e-005)
1667.884 .... 6223 packets received, 7642 bps, 95.53%, Err 138 (1.0e-005)
1671.300 .... 6231 packets received, 7637 bps, 95.46%, Err 139 (1.0e-005)
1673.422 .... 6243 packets received, 7642 bps, 95.52%, Err 139 (1.0e-005)
1675.512 .... 6251 packets received, 7642 bps, 95.52%, Err 139 (1.0e-005)
1677.634 .... 6259 packets received, 7642 bps, 95.53%, Err 139 (1.0e-005)
1679.740 .... 6267 packets received, 7642 bps, 95.53%, Err 139 (1.0e-005)
1681.830 .... 6275 packets received, 7642 bps, 95.53%, Err 139 (1.0e-005)
1683.936 .... 6283 packets received, 7643 bps, 95.53%, Err 139 (1.0e-005)
1686.042 .... 6291 packets received, 7643 bps, 95.53%, Err 139 (1.0e-005)
1688.148 .... 6299 packets received, 7643 bps, 95.54%, Err 139 (1.0e-005)
1690.254 .... 6307 packets received, 7643 bps, 95.54%, Err 139 (1.0e-005)
1692.360 .... 6315 packets received, 7643 bps, 95.54%, Err 139 (1.0e-005)
1694.450 .... 6323 packets received, 7644 bps, 95.54%, Err 139 (1.0e-005)
1696.572 .... 6331 packets received, 7644 bps, 95.55%, Err 139 (1.0e-005)
1699.988 .... 6339 packets received, 7638 bps, 95.47%, Err 140 (1.0e-005)
1702.079 .... 6351 packets received, 7643 bps, 95.54%, Err 140 (1.0e-005)
1704.980 .... 6357 packets received, 7637 bps, 95.46%, Err 141 (1.0e-005)
1707.086 .... 6369 packets received, 7642 bps, 95.53%, Err 141 (1.0e-005)
1709.177 .... 6377 packets received, 7642 bps, 95.53%, Err 141 (1.0e-005)
1711.283 .... 6385 packets received, 7643 bps, 95.53%, Err 141 (1.0e-005)
1713.389 .... 6393 packets received, 7643 bps, 95.53%, Err 141 (1.0e-005)
1715.495 .... 6401 packets received, 7643 bps, 95.54%, Err 141 (1.0e-005)
1717.616 .... 6409 packets received, 7643 bps, 95.54%, Err 141 (1.0e-005)
1719.707 .... 6417 packets received, 7643 bps, 95.54%, Err 141 (1.0e-005)
1721.813 .... 6425 packets received, 7643 bps, 95.54%, Err 141 (1.0e-005)
1723.919 .... 6433 packets received, 7644 bps, 95.54%, Err 141 (1.0e-005)
1726.025 .... 6441 packets received, 7644 bps, 95.55%, Err 141 (1.0e-005)
1728.115 .... 6449 packets received, 7644 bps, 95.55%, Err 142 (1.0e-005)
1730.237 .... 6456 packets received, 7643 bps, 95.54%, Err 143 (1.0e-005)
1732.327 .... 6464 packets received, 7643 bps, 95.54%, Err 143 (1.0e-005)
1734.449 .... 6472 packets received, 7643 bps, 95.54%, Err 143 (1.0e-005)
1736.539 .... 6480 packets received, 7643 bps, 95.54%, Err 143 (1.0e-005)
1738.645 .... 6487 packets received, 7642 bps, 95.53%, Err 144 (1.0e-005)
1740.736 .... 6495 packets received, 7643 bps, 95.53%, Err 144 (1.0e-005)
1742.857 .... 6503 packets received, 7643 bps, 95.53%, Err 144 (1.0e-005)
1744.963 .... 6511 packets received, 7643 bps, 95.54%, Err 144 (1.0e-005)
1747.069 .... 6519 packets received, 7643 bps, 95.54%, Err 144 (1.0e-005)
1749.175 .... 6527 packets received, 7643 bps, 95.54%, Err 144 (1.0e-005)
1751.266 .... 6535 packets received, 7643 bps, 95.54%, Err 144 (1.0e-005)
1753.387 .... 6543 packets received, 7644 bps, 95.54%, Err 144 (1.0e-005)
1755.493 .... 6551 packets received, 7644 bps, 95.55%, Err 144 (1.0e-005)
1757.584 .... 6559 packets received, 7644 bps, 95.55%, Err 144 (1.0e-005)
1759.674 .... 6567 packets received, 7644 bps, 95.55%, Err 144 (1.0e-005)
1763.090 .... 6575 packets received, 7639 bps, 95.48%, Err 145 (1.0e-005)
1765.228 .... 6587 packets received, 7643 bps, 95.54%, Err 145 (1.0e-005)
1767.318 .... 6595 packets received, 7644 bps, 95.54%, Err 145 (1.0e-005)
1769.424 .... 6603 packets received, 7644 bps, 95.55%, Err 145 (1.0e-005)
1771.514 .... 6611 packets received, 7644 bps, 95.55%, Err 145 (1.0e-005)
1773.636 .... 6619 packets received, 7644 bps, 95.55%, Err 145 (1.0e-005)
1775.742 .... 6627 packets received, 7644 bps, 95.55%, Err 145 (1.0e-005)
1777.848 .... 6635 packets received, 7644 bps, 95.55%, Err 145 (1.0e-005)
1779.954 .... 6643 packets received, 7645 bps, 95.56%, Err 145 (1.0e-005)
1782.044 .... 6651 packets received, 7645 bps, 95.56%, Err 145 (1.0e-005)
1784.150 .... 6659 packets received, 7645 bps, 95.56%, Err 145 (1.0e-005)
1786.256 .... 6667 packets received, 7645 bps, 95.56%, Err 145 (1.0e-005)
1788.893 .... 6672 packets received, 7640 bps, 95.49%, Err 146 (1.0e-005)
1792.060 .... 6683 packets received, 7639 bps, 95.48%, Err 147 (1.0e-005)
1794.166 .... 6695 packets received, 7643 bps, 95.54%, Err 147 (1.0e-005)
1796.272 .... 6703 packets received, 7644 bps, 95.54%, Err 147 (1.0e-005)
1798.378 .... 6711 packets received, 7644 bps, 95.55%, Err 147 (1.0e-005)
1800.484 .... 6719 packets received, 7644 bps, 95.55%, Err 147 (1.0e-005)
1802.574 .... 6727 packets received, 7644 bps, 95.55%, Err 147 (1.0e-005)
1804.696 .... 6735 packets received, 7644 bps, 95.55%, Err 147 (1.0e-005)
1806.786 .... 6743 packets received, 7644 bps, 95.55%, Err 147 (1.0e-005)
1808.892 .... 6751 packets received, 7645 bps, 95.56%, Err 147 (1.0e-005)
1810.998 .... 6759 packets received, 7645 bps, 95.56%, Err 148 (1.0e-005)
1814.149 .... 6766 packets received, 7639 bps, 95.49%, Err 149 (1.0e-005)
1816.271 .... 6778 packets received, 7644 bps, 95.55%, Err 149 (1.0e-005)
1818.361 .... 6786 packets received, 7644 bps, 95.55%, Err 149 (1.0e-005)
1821.793 .... 6794 packets received, 7639 bps, 95.48%, Err 150 (1.0e-005)
1823.868 .... 6801 packets received, 7638 bps, 95.47%, Err 151 (1.0e-005)
1825.974 .... 6813 packets received, 7643 bps, 95.53%, Err 151 (1.0e-005)
1828.080 .... 6821 packets received, 7643 bps, 95.53%, Err 151 (1.0e-005)
1830.202 .... 6829 packets received, 7643 bps, 95.53%, Err 151 (1.0e-005)
1832.292 .... 6837 packets received, 7643 bps, 95.54%, Err 151 (1.0e-005)
1834.398 .... 6845 packets received, 7643 bps, 95.54%, Err 151 (1.0e-005)
1836.504 .... 6853 packets received, 7643 bps, 95.54%, Err 151 (1.0e-005)
1838.626 .... 6861 packets received, 7643 bps, 95.54%, Err 151 (1.0e-005)
1840.716 .... 6869 packets received, 7644 bps, 95.55%, Err 151 (1.0e-005)
1842.822 .... 6877 packets received, 7644 bps, 95.55%, Err 151 (1.0e-005)
1844.944 .... 6885 packets received, 7644 bps, 95.55%, Err 151 (1.0e-005)
1847.018 .... 6893 packets received, 7644 bps, 95.55%, Err 151 (1.0e-005)
1849.156 .... 6901 packets received, 7644 bps, 95.55%, Err 151 (1.0e-005)
1851.246 .... 6909 packets received, 7644 bps, 95.56%, Err 151 (1.0e-005)
1853.352 .... 6917 packets received, 7645 bps, 95.56%, Err 151 (1.0e-005)
1855.458 .... 6925 packets received, 7645 bps, 95.56%, Err 151 (1.0e-005)
1857.580 .... 6933 packets received, 7645 bps, 95.56%, Err 151 (1.0e-005)
1859.670 .... 6941 packets received, 7645 bps, 95.56%, Err 151 (1.0e-005)
1861.792 .... 6949 packets received, 7645 bps, 95.56%, Err 151 (1.0e-005)
1863.882 .... 6957 packets received, 7645 bps, 95.57%, Err 151 (1.0e-005)
1866.004 .... 6965 packets received, 7645 bps, 95.57%, Err 151 (1.0e-005)
1868.094 .... 6973 packets received, 7646 bps, 95.57%, Err 151 (1.0e-005)
1870.200 .... 6981 packets received, 7646 bps, 95.57%, Err 151 (1.0e-005)
1872.306 .... 6989 packets received, 7646 bps, 95.57%, Err 151 (1.0e-005)
1874.428 .... 6997 packets received, 7646 bps, 95.58%, Err 151 (1.0e-005)
1876.534 .... 7005 packets received, 7646 bps, 95.58%, Err 151 (1.0e-005)
1878.624 .... 7013 packets received, 7646 bps, 95.58%, Err 151 (1.0e-005)
1880.746 .... 7021 packets received, 7646 bps, 95.58%, Err 151 (1.0e-005)
1882.836 .... 7029 packets received, 7647 bps, 95.58%, Err 151 (1.0e-005)
1884.958 .... 7036 packets received, 7646 bps, 95.57%, Err 152 (1.0e-005)
1887.048 .... 7043 packets received, 7645 bps, 95.56%, Err 153 (1.0e-005)
1889.154 .... 7051 packets received, 7645 bps, 95.56%, Err 153 (1.0e-005)
1891.260 .... 7059 packets received, 7645 bps, 95.56%, Err 153 (1.0e-005)
1893.382 .... 7067 packets received, 7645 bps, 95.57%, Err 153 (1.0e-005)
1895.472 .... 7075 packets received, 7645 bps, 95.57%, Err 153 (1.0e-005)
1897.578 .... 7083 packets received, 7646 bps, 95.57%, Err 153 (1.0e-005)
1899.668 .... 7091 packets received, 7646 bps, 95.57%, Err 153 (1.0e-005)
1901.774 .... 7099 packets received, 7646 bps, 95.57%, Err 153 (1.0e-005)
1904.676 .... 7105 packets received, 7641 bps, 95.51%, Err 154 (1.0e-005)
1906.766 .... 7117 packets received, 7645 bps, 95.57%, Err 154 (1.0e-005)
1908.872 .... 7125 packets received, 7645 bps, 95.57%, Err 155 (1.0e-005)
1910.978 .... 7133 packets received, 7646 bps, 95.57%, Err 155 (1.0e-005)
1913.100 .... 7141 packets received, 7646 bps, 95.57%, Err 155 (1.0e-005)
1915.190 .... 7149 packets received, 7646 bps, 95.57%, Err 155 (1.0e-005)
1917.296 .... 7157 packets received, 7646 bps, 95.57%, Err 155 (1.0e-005)
1919.418 .... 7165 packets received, 7646 bps, 95.58%, Err 155 (1.0e-005)
1921.508 .... 7173 packets received, 7646 bps, 95.58%, Err 155 (1.0e-005)
1923.630 .... 7176 packets received, 7641 bps, 95.51%, Err 156 (1.0e-005)
1925.720 .... 7188 packets received, 7646 bps, 95.57%, Err 156 (1.0e-005)
1927.826 .... 7196 packets received, 7646 bps, 95.57%, Err 156 (1.0e-005)
1929.932 .... 7204 packets received, 7646 bps, 95.57%, Err 156 (1.0e-005)
1932.038 .... 7212 packets received, 7646 bps, 95.57%, Err 156 (1.0e-005)
1934.924 .... 7217 packets received, 7640 bps, 95.50%, Err 157 (1.0e-005)
1937.046 .... 7230 packets received, 7645 bps, 95.57%, Err 157 (1.0e-005)
1939.152 .... 7238 packets received, 7645 bps, 95.57%, Err 157 (1.0e-005)
1941.242 .... 7246 packets received, 7646 bps, 95.57%, Err 157 (1.0e-005)
1943.348 .... 7254 packets received, 7646 bps, 95.57%, Err 157 (1.0e-005)
1945.439 .... 7262 packets received, 7646 bps, 95.57%, Err 157 (1.0e-005)
1947.545 .... 7270 packets received, 7646 bps, 95.58%, Err 157 (1.0e-005)
1949.651 .... 7278 packets received, 7646 bps, 95.58%, Err 157 (1.0e-005)
1951.757 .... 7286 packets received, 7646 bps, 95.58%, Err 157 (1.0e-005)
1953.878 .... 7294 packets received, 7646 bps, 95.58%, Err 157 (1.0e-005)
1955.969 .... 7302 packets received, 7647 bps, 95.58%, Err 157 (1.0e-005)
1958.090 .... 7310 packets received, 7647 bps, 95.58%, Err 157 (1.0e-005)
1960.196 .... 7318 packets received, 7647 bps, 95.59%, Err 157 (1.0e-005)
1962.302 .... 7326 packets received, 7647 bps, 95.59%, Err 157 (1.0e-005)
1964.393 .... 7334 packets received, 7647 bps, 95.59%, Err 157 (1.0e-005)
1967.825 .... 7342 packets received, 7642 bps, 95.53%, Err 158 (1.0e-005)
1969.931 .... 7354 packets received, 7646 bps, 95.58%, Err 158 (1.0e-005)
1972.037 .... 7362 packets received, 7647 bps, 95.58%, Err 158 (1.0e-005)
1974.923 .... 7368 packets received, 7642 bps, 95.52%, Err 159 (1.0e-005)
1977.013 .... 7380 packets received, 7646 bps, 95.58%, Err 159 (1.0e-005)
1979.119 .... 7388 packets received, 7646 bps, 95.58%, Err 159 (1.0e-005)
1982.286 .... 7395 packets received, 7641 bps, 95.51%, Err 160 (1.0e-005)
1984.392 .... 7407 packets received, 7645 bps, 95.57%, Err 160 (1.0e-005)
1986.498 .... 7415 packets received, 7646 bps, 95.57%, Err 160 (1.0e-005)
1988.620 .... 7423 packets received, 7646 bps, 95.57%, Err 160 (1.0e-005)
1991.521 .... 7429 packets received, 7641 bps, 95.51%, Err 162 (1.0e-005)
1993.612 .... 7440 packets received, 7644 bps, 95.55%, Err 162 (1.0e-005)
1995.702 .... 7448 packets received, 7644 bps, 95.55%, Err 162 (1.0e-005)
1997.808 .... 7456 packets received, 7644 bps, 95.55%, Err 162 (1.0e-005)
1999.914 .... 7464 packets received, 7645 bps, 95.56%, Err 162 (1.0e-005)
2002.020 .... 7472 packets received, 7645 bps, 95.56%, Err 162 (1.0e-005)
2004.126 .... 7480 packets received, 7645 bps, 95.56%, Err 162 (1.0e-005)
2006.263 .... 7487 packets received, 7644 bps, 95.55%, Err 163 (1.0e-005)
2008.369 .... 7495 packets received, 7644 bps, 95.55%, Err 163 (1.0e-005)
2010.460 .... 7503 packets received, 7644 bps, 95.55%, Err 163 (1.0e-005)
2013.361 .... 7509 packets received, 7639 bps, 95.49%, Err 164 (1.0e-005)
2015.467 .... 7521 packets received, 7643 bps, 95.54%, Err 164 (1.0e-005)
2017.573 .... 7529 packets received, 7644 bps, 95.54%, Err 164 (1.0e-005)
2019.679 .... 7537 packets received, 7644 bps, 95.55%, Err 164 (1.0e-005)
2021.785 .... 7545 packets received, 7644 bps, 95.55%, Err 164 (1.0e-005)
2023.907 .... 7553 packets received, 7644 bps, 95.55%, Err 164 (1.0e-005)
2026.013 .... 7561 packets received, 7644 bps, 95.55%, Err 164 (1.0e-005)
2028.103 .... 7569 packets received, 7644 bps, 95.55%, Err 164 (1.0e-005)
2030.194 .... 7577 packets received, 7644 bps, 95.56%, Err 164 (1.0e-005)
2032.315 .... 7585 packets received, 7645 bps, 95.56%, Err 164 (1.0e-005)
2034.406 .... 7593 packets received, 7645 bps, 95.56%, Err 164 (1.0e-005)
2036.527 .... 7601 packets received, 7645 bps, 95.56%, Err 164 (1.0e-005)
2038.618 .... 7609 packets received, 7645 bps, 95.56%, Err 164 (1.0e-005)
2040.739 .... 7617 packets received, 7645 bps, 95.56%, Err 164 (1.0e-005)
2042.845 .... 7625 packets received, 7645 bps, 95.57%, Err 164 (1.0e-005)
2044.936 .... 7633 packets received, 7645 bps, 95.57%, Err 164 (1.0e-005)
2047.026 .... 7641 packets received, 7646 bps, 95.57%, Err 164 (1.0e-005)
2049.132 .... 7649 packets received, 7646 bps, 95.57%, Err 164 (1.0e-005)
2051.238 .... 7657 packets received, 7646 bps, 95.57%, Err 164 (1.0e-005)
2053.344 .... 7665 packets received, 7646 bps, 95.58%, Err 164 (1.0e-005)
2055.466 .... 7673 packets received, 7646 bps, 95.58%, Err 164 (1.0e-005)
2058.617 .... 7680 packets received, 7641 bps, 95.52%, Err 165 (1.0e-005)
2060.707 .... 7692 packets received, 7646 bps, 95.57%, Err 165 (1.0e-005)
2062.813 .... 7700 packets received, 7646 bps, 95.57%, Err 165 (1.0e-005)
2064.919 .... 7708 packets received, 7646 bps, 95.57%, Err 165 (1.0e-005)
2067.041 .... 7716 packets received, 7646 bps, 95.57%, Err 165 (1.0e-005)
2069.147 .... 7724 packets received, 7646 bps, 95.58%, Err 165 (1.0e-005)
2071.253 .... 7732 packets received, 7646 bps, 95.58%, Err 165 (1.0e-005)
2073.343 .... 7740 packets received, 7646 bps, 95.58%, Err 165 (9.9e-006)
2075.434 .... 7748 packets received, 7647 bps, 95.58%, Err 165 (9.9e-006)
2077.555 .... 7755 packets received, 7646 bps, 95.57%, Err 166 (1.0e-005)
2079.646 .... 7763 packets received, 7646 bps, 95.57%, Err 167 (1.0e-005)
2082.282 .... 7768 packets received, 7641 bps, 95.51%, Err 168 (1.0e-005)
2084.404 .... 7780 packets received, 7645 bps, 95.56%, Err 168 (1.0e-005)
2086.510 .... 7788 packets received, 7645 bps, 95.57%, Err 168 (1.0e-005)
2088.600 .... 7796 packets received, 7645 bps, 95.57%, Err 168 (1.0e-005)
2090.722 .... 7804 packets received, 7646 bps, 95.57%, Err 168 (1.0e-005)
2092.812 .... 7812 packets received, 7646 bps, 95.57%, Err 168 (1.0e-005)
2094.902 .... 7820 packets received, 7646 bps, 95.57%, Err 168 (1.0e-005)
2097.008 .... 7828 packets received, 7646 bps, 95.58%, Err 168 (1.0e-005)
2099.130 .... 7831 packets received, 7641 bps, 95.52%, Err 170 (1.0e-005)
2101.220 .... 7842 packets received, 7644 bps, 95.55%, Err 170 (1.0e-005)
2103.342 .... 7850 packets received, 7644 bps, 95.56%, Err 170 (1.0e-005)
2105.432 .... 7858 packets received, 7645 bps, 95.56%, Err 170 (1.0e-005)
2107.538 .... 7866 packets received, 7645 bps, 95.56%, Err 170 (1.0e-005)
2110.970 .... 7874 packets received, 7640 bps, 95.50%, Err 171 (1.0e-005)
2113.061 .... 7886 packets received, 7644 bps, 95.55%, Err 171 (1.0e-005)
2115.182 .... 7894 packets received, 7644 bps, 95.55%, Err 171 (1.0e-005)
2117.288 .... 7902 packets received, 7644 bps, 95.55%, Err 171 (1.0e-005)
2119.379 .... 7910 packets received, 7645 bps, 95.56%, Err 171 (1.0e-005)
2121.500 .... 7918 packets received, 7645 bps, 95.56%, Err 171 (1.0e-005)
2123.575 .... 7926 packets received, 7645 bps, 95.56%, Err 171 (1.0e-005)
2125.697 .... 7934 packets received, 7645 bps, 95.56%, Err 171 (1.0e-005)
2127.787 .... 7942 packets received, 7645 bps, 95.56%, Err 172 (1.0e-005)
2129.893 .... 7950 packets received, 7645 bps, 95.57%, Err 172 (1.0e-005)
2132.015 .... 7958 packets received, 7645 bps, 95.57%, Err 172 (1.0e-005)
2134.105 .... 7966 packets received, 7646 bps, 95.57%, Err 172 (1.0e-005)
2136.211 .... 7974 packets received, 7646 bps, 95.57%, Err 172 (1.0e-005)
2138.317 .... 7982 packets received, 7646 bps, 95.57%, Err 172 (1.0e-005)
2140.439 .... 7990 packets received, 7646 bps, 95.57%, Err 172 (1.0e-005)
2142.529 .... 7998 packets received, 7646 bps, 95.58%, Err 172 (1.0e-005)
2144.651 .... 8006 packets received, 7646 bps, 95.58%, Err 172 (1.0e-005)
2146.726 .... 8014 packets received, 7646 bps, 95.58%, Err 172 (1.0e-005)
2149.112 .... 8018 packets received, 7642 bps, 95.52%, Err 173 (1.0e-005)
2151.203 .... 8030 packets received, 7646 bps, 95.57%, Err 173 (1.0e-005)
2153.324 .... 8038 packets received, 7646 bps, 95.57%, Err 173 (1.0e-005)
2155.430 .... 8046 packets received, 7646 bps, 95.57%, Err 173 (1.0e-005)
2157.536 .... 8054 packets received, 7646 bps, 95.58%, Err 173 (1.0e-005)
2159.627 .... 8062 packets received, 7646 bps, 95.58%, Err 173 (1.0e-005)
2161.733 .... 8070 packets received, 7646 bps, 95.58%, Err 173 (1.0e-005)
2163.839 .... 8078 packets received, 7647 bps, 95.58%, Err 173 (1.0e-005)
2165.945 .... 8086 packets received, 7647 bps, 95.58%, Err 173 (1.0e-005)
2168.051 .... 8094 packets received, 7647 bps, 95.58%, Err 173 (1.0e-005)
2170.157 .... 8102 packets received, 7647 bps, 95.59%, Err 173 (1.0e-005)
2173.058 .... 8108 packets received, 7642 bps, 95.53%, Err 174 (1.0e-005)
2175.149 .... 8120 packets received, 7646 bps, 95.58%, Err 174 (1.0e-005)
2177.255 .... 8128 packets received, 7646 bps, 95.58%, Err 174 (1.0e-005)
2179.361 .... 8136 packets received, 7647 bps, 95.58%, Err 174 (1.0e-005)
2181.482 .... 8144 packets received, 7647 bps, 95.58%, Err 174 (1.0e-005)
2183.573 .... 8152 packets received, 7647 bps, 95.59%, Err 174 (1.0e-005)
2185.679 .... 8160 packets received, 7647 bps, 95.59%, Err 174 (1.0e-005)
2189.095 .... 8168 packets received, 7642 bps, 95.53%, Err 175 (1.0e-005)
2191.201 .... 8180 packets received, 7646 bps, 95.58%, Err 175 (1.0e-005)
2193.307 .... 8188 packets received, 7646 bps, 95.58%, Err 175 (1.0e-005)
2195.413 .... 8196 packets received, 7647 bps, 95.58%, Err 175 (1.0e-005)
2197.519 .... 8204 packets received, 7647 bps, 95.58%, Err 176 (1.0e-005)
2199.610 .... 8211 packets received, 7646 bps, 95.57%, Err 176 (1.0e-005)
2201.716 .... 8219 packets received, 7646 bps, 95.58%, Err 176 (1.0e-005)
2203.822 .... 8227 packets received, 7646 bps, 95.58%, Err 176 (1.0e-005)
2205.943 .... 8235 packets received, 7646 bps, 95.58%, Err 176 (1.0e-005)

