datalink bf -ber 1e-4 
=========================================================================
                          Station B                                 
-------------------------------------------------------------------------
Protocol.lib, version 3.0, Build: Oct 19 2009 (jiangy@public3.bta.net.cn)
Channel: 8000 bps, 270 ms propagation delay, bit error rate 1.0E-004
Log file "datalink-B.log", TCP port 59144, debug mask 0x00
Station B is connecting station A (TCP port 59144) ... Done.
New epoch: Thu May 12 16:04:27 2016
=========================================================================
Designed and implemented by Wenting Ye.
For any problem please contact QQ:471731724
Build: May 12 2016  16:04:11
2.401 .... 8 packets received, 7725 bps, 96.56%, Err 1 (5.3e-005)
5.568 .... 11 packets received, 4260 bps, 53.25%, Err 4 (9.1e-005)
15.069 .... 22 packets received, 3047 bps, 38.08%, Err 14 (1.2e-004)
18.251 .... 47 packets received, 5356 bps, 66.95%, Err 16 (1.1e-004)
21.153 .... 63 packets received, 6181 bps, 77.27%, Err 18 (1.1e-004)
29.623 .... 65 packets received, 4537 bps, 56.71%, Err 23 (9.7e-005)
31.667 .... 98 packets received, 6394 bps, 79.93%, Err 25 (1.0e-004)
33.789 .... 104 packets received, 6356 bps, 79.45%, Err 26 (9.8e-005)
35.895 .... 107 packets received, 6153 bps, 76.91%, Err 29 (1.0e-004)
39.061 .... 112 packets received, 5915 bps, 73.93%, Err 31 (1.0e-004)
42.493 .... 126 packets received, 6113 bps, 76.41%, Err 33 (9.9e-005)
44.615 .... 134 packets received, 6190 bps, 77.37%, Err 35 (1.0e-004)
48.031 .... 146 packets received, 6262 bps, 78.27%, Err 37 (9.8e-005)
50.403 .... 154 packets received, 6292 bps, 78.65%, Err 39 (9.8e-005)
54.084 .... 155 packets received, 5900 bps, 73.75%, Err 44 (1.0e-004)
59.107 .... 171 packets received, 5953 bps, 74.41%, Err 49 (1.1e-004)
61.213 .... 189 packets received, 6352 bps, 79.41%, Err 50 (1.0e-004)
65.691 .... 192 packets received, 6011 bps, 75.14%, Err 54 (1.0e-004)
68.343 .... 204 packets received, 6138 bps, 76.73%, Err 55 (1.0e-004)
72.820 .... 216 packets received, 6098 bps, 76.23%, Err 60 (1.0e-004)
74.941 .... 231 packets received, 6336 bps, 79.21%, Err 60 (1.0e-004)
77.063 .... 239 packets received, 6375 bps, 79.68%, Err 60 (9.8e-005)
81.259 .... 244 packets received, 6171 bps, 77.14%, Err 64 (9.9e-005)
83.397 .... 259 packets received, 6382 bps, 79.77%, Err 66 (1.0e-004)
86.033 .... 261 packets received, 6233 bps, 77.92%, Err 68 (1.0e-004)
88.935 .... 270 packets received, 6237 bps, 77.97%, Err 71 (1.0e-004)
92.086 .... 276 packets received, 6157 bps, 76.96%, Err 74 (1.0e-004)
94.722 .... 287 packets received, 6224 bps, 77.80%, Err 75 (1.0e-004)
97.359 .... 296 packets received, 6244 bps, 78.06%, Err 78 (1.0e-004)
104.238 .... 309 packets received, 6087 bps, 76.09%, Err 81 (9.8e-005)
107.140 .... 331 packets received, 6344 bps, 79.30%, Err 83 (9.8e-005)
111.617 .... 337 packets received, 6199 bps, 77.49%, Err 88 (9.9e-005)
114.519 .... 349 packets received, 6257 bps, 78.21%, Err 91 (1.0e-004)
119.277 .... 358 packets received, 6161 bps, 77.02%, Err 94 (9.9e-005)
128.777 .... 374 packets received, 5961 bps, 74.51%, Err 104 (1.0e-004)
133.551 .... 403 packets received, 6193 bps, 77.41%, Err 109 (1.0e-004)
136.171 .... 418 packets received, 6300 bps, 78.75%, Err 112 (1.0e-004)
138.823 .... 421 packets received, 6223 bps, 77.79%, Err 114 (1.0e-004)
141.475 .... 430 packets received, 6237 bps, 77.96%, Err 117 (1.0e-004)
144.096 .... 438 packets received, 6237 bps, 77.97%, Err 119 (1.0e-004)
147.013 .... 450 packets received, 6281 bps, 78.51%, Err 124 (1.1e-004)
149.665 .... 453 packets received, 6210 bps, 77.63%, Err 126 (1.1e-004)
152.286 .... 465 packets received, 6265 bps, 78.31%, Err 128 (1.1e-004)
154.954 .... 473 packets received, 6263 bps, 78.29%, Err 130 (1.1e-004)
158.121 .... 477 packets received, 6189 bps, 77.36%, Err 136 (1.1e-004)
161.287 .... 491 packets received, 6245 bps, 78.07%, Err 138 (1.1e-004)
163.409 .... 502 packets received, 6302 bps, 78.78%, Err 138 (1.1e-004)
165.531 .... 510 packets received, 6321 bps, 79.01%, Err 138 (1.0e-004)
167.621 .... 514 packets received, 6291 bps, 78.63%, Err 139 (1.0e-004)
172.114 .... 520 packets received, 6198 bps, 77.47%, Err 142 (1.0e-004)
174.235 .... 539 packets received, 6346 bps, 79.32%, Err 143 (1.0e-004)
177.433 .... 540 packets received, 6243 bps, 78.03%, Err 149 (1.1e-004)
180.865 .... 549 packets received, 6226 bps, 77.83%, Err 151 (1.0e-004)
183.751 .... 561 packets received, 6262 bps, 78.28%, Err 152 (1.0e-004)
185.873 .... 573 packets received, 6323 bps, 79.04%, Err 154 (1.0e-004)
187.979 .... 580 packets received, 6328 bps, 79.11%, Err 155 (1.0e-004)
192.472 .... 586 packets received, 6244 bps, 78.06%, Err 160 (1.0e-004)
195.639 .... 599 packets received, 6279 bps, 78.49%, Err 162 (1.0e-004)
197.760 .... 612 packets received, 6347 bps, 79.34%, Err 162 (1.0e-004)
199.866 .... 620 packets received, 6362 bps, 79.52%, Err 162 (1.0e-004)
201.941 .... 628 packets received, 6378 bps, 79.72%, Err 162 (1.0e-004)
204.858 .... 635 packets received, 6357 bps, 79.46%, Err 164 (1.0e-004)
207.495 .... 640 packets received, 6325 bps, 79.07%, Err 166 (1.0e-004)
212.221 .... 652 packets received, 6300 bps, 78.75%, Err 169 (1.0e-004)
214.608 .... 666 packets received, 6364 bps, 79.55%, Err 170 (9.9e-005)
216.714 .... 673 packets received, 6368 bps, 79.60%, Err 171 (9.9e-005)
219.647 .... 682 packets received, 6367 bps, 79.59%, Err 175 (1.0e-004)
222.283 .... 689 packets received, 6356 bps, 79.45%, Err 179 (1.0e-004)
225.154 .... 695 packets received, 6330 bps, 79.12%, Err 184 (1.0e-004)
228.352 .... 698 packets received, 6268 bps, 78.35%, Err 186 (1.0e-004)
231.768 .... 702 packets received, 6211 bps, 77.63%, Err 192 (1.0e-004)
233.874 .... 725 packets received, 6356 bps, 79.45%, Err 192 (1.0e-004)
235.980 .... 733 packets received, 6369 bps, 79.61%, Err 192 (1.0e-004)
238.102 .... 737 packets received, 6347 bps, 79.33%, Err 194 (1.0e-004)
240.738 .... 742 packets received, 6320 bps, 79.00%, Err 195 (1.0e-004)
243.905 .... 756 packets received, 6355 bps, 79.44%, Err 196 (1.0e-004)
246.541 .... 765 packets received, 6362 bps, 79.53%, Err 199 (1.0e-004)
249.443 .... 774 packets received, 6362 bps, 79.52%, Err 201 (1.0e-004)
251.565 .... 784 packets received, 6390 bps, 79.87%, Err 203 (1.0e-004)
254.185 .... 788 packets received, 6356 bps, 79.45%, Err 205 (1.0e-004)
258.148 .... 796 packets received, 6322 bps, 79.02%, Err 208 (1.0e-004)
261.065 .... 812 packets received, 6377 bps, 79.71%, Err 211 (1.0e-004)
263.701 .... 817 packets received, 6352 bps, 79.40%, Err 212 (1.0e-004)
265.792 .... 831 packets received, 6410 bps, 80.12%, Err 213 (1.0e-004)
267.929 .... 838 packets received, 6412 bps, 80.15%, Err 213 (1.0e-004)
270.831 .... 844 packets received, 6389 bps, 79.86%, Err 215 (1.0e-004)
273.997 .... 854 packets received, 6390 bps, 79.87%, Err 217 (9.9e-005)
279.005 .... 865 packets received, 6356 bps, 79.45%, Err 220 (9.9e-005)
282.172 .... 875 packets received, 6357 bps, 79.46%, Err 223 (9.9e-005)
285.619 .... 886 packets received, 6359 bps, 79.49%, Err 229 (1.0e-004)
287.725 .... 889 packets received, 6334 bps, 79.17%, Err 230 (1.0e-004)
289.831 .... 905 packets received, 6401 bps, 80.01%, Err 231 (1.0e-004)
292.499 .... 908 packets received, 6364 bps, 79.55%, Err 234 (1.0e-004)
295.135 .... 919 packets received, 6383 bps, 79.79%, Err 236 (1.0e-004)
297.772 .... 925 packets received, 6368 bps, 79.60%, Err 238 (1.0e-004)
301.219 .... 932 packets received, 6343 bps, 79.28%, Err 242 (1.0e-004)
304.402 .... 945 packets received, 6364 bps, 79.55%, Err 244 (1.0e-004)
307.553 .... 946 packets received, 6305 bps, 78.81%, Err 247 (1.0e-004)
312.280 .... 962 packets received, 6315 bps, 78.93%, Err 249 (1.0e-004)
314.386 .... 980 packets received, 6390 bps, 79.87%, Err 251 (1.0e-004)
317.022 .... 984 packets received, 6362 bps, 79.53%, Err 252 (1.0e-004)
319.128 .... 996 packets received, 6397 bps, 79.97%, Err 253 (9.9e-005)
323.621 .... 1000 packets received, 6334 bps, 79.17%, Err 257 (1.0e-004)
325.743 .... 1015 packets received, 6387 bps, 79.84%, Err 259 (1.0e-004)
331.031 .... 1017 packets received, 6297 bps, 78.72%, Err 263 (1.0e-004)
333.652 .... 1036 packets received, 6364 bps, 79.56%, Err 264 (9.9e-005)
335.773 .... 1047 packets received, 6391 bps, 79.89%, Err 265 (9.9e-005)
339.205 .... 1049 packets received, 6339 bps, 79.23%, Err 270 (1.0e-004)
342.653 .... 1062 packets received, 6353 bps, 79.41%, Err 274 (1.0e-004)
345.820 .... 1064 packets received, 6306 bps, 78.83%, Err 276 (1.0e-004)
347.941 .... 1084 packets received, 6386 bps, 79.82%, Err 278 (1.0e-004)
351.077 .... 1091 packets received, 6369 bps, 79.62%, Err 280 (1.0e-004)
353.464 .... 1099 packets received, 6373 bps, 79.66%, Err 282 (1.0e-004)
355.585 .... 1109 packets received, 6392 bps, 79.90%, Err 282 (9.9e-005)
357.691 .... 1117 packets received, 6401 bps, 80.01%, Err 282 (9.9e-005)
360.858 .... 1124 packets received, 6384 bps, 79.80%, Err 285 (9.9e-005)
364.041 .... 1129 packets received, 6356 bps, 79.45%, Err 287 (9.9e-005)
370.936 .... 1143 packets received, 6315 bps, 78.94%, Err 292 (9.9e-005)
373.557 .... 1164 packets received, 6386 bps, 79.83%, Err 295 (9.9e-005)
376.458 .... 1168 packets received, 6359 bps, 79.49%, Err 298 (9.9e-005)
380.967 .... 1174 packets received, 6316 bps, 78.95%, Err 304 (1.0e-004)
385.974 .... 1190 packets received, 6319 bps, 78.98%, Err 309 (1.0e-004)
388.080 .... 1207 packets received, 6374 bps, 79.68%, Err 309 (1.0e-004)
390.202 .... 1215 packets received, 6382 bps, 79.77%, Err 309 (9.9e-005)
392.308 .... 1219 packets received, 6368 bps, 79.60%, Err 314 (1.0e-004)
396.785 .... 1221 packets received, 6307 bps, 78.83%, Err 316 (1.0e-004)
399.437 .... 1239 packets received, 6357 bps, 79.46%, Err 321 (1.0e-004)
403.914 .... 1242 packets received, 6302 bps, 78.77%, Err 323 (1.0e-004)
408.423 .... 1261 packets received, 6328 bps, 79.09%, Err 328 (1.0e-004)
411.028 .... 1270 packets received, 6332 bps, 79.15%, Err 330 (1.0e-004)
413.929 .... 1283 packets received, 6352 bps, 79.40%, Err 333 (1.0e-004)
416.597 .... 1286 packets received, 6326 bps, 79.08%, Err 336 (1.0e-004)
419.483 .... 1294 packets received, 6322 bps, 79.02%, Err 338 (1.0e-004)
424.225 .... 1308 packets received, 6319 bps, 78.98%, Err 343 (1.0e-004)
427.657 .... 1313 packets received, 6292 bps, 78.65%, Err 346 (1.0e-004)
429.763 .... 1333 packets received, 6356 bps, 79.46%, Err 346 (1.0e-004)
432.696 .... 1337 packets received, 6332 bps, 79.15%, Err 348 (1.0e-004)
435.067 .... 1347 packets received, 6345 bps, 79.31%, Err 350 (1.0e-004)
438.234 .... 1351 packets received, 6318 bps, 78.97%, Err 353 (1.0e-004)
441.666 .... 1360 packets received, 6310 bps, 78.88%, Err 355 (1.0e-004)
443.788 .... 1378 packets received, 6363 bps, 79.54%, Err 355 (1.0e-004)
448.546 .... 1384 packets received, 6323 bps, 79.04%, Err 360 (1.0e-004)
451.167 .... 1395 packets received, 6336 bps, 79.20%, Err 362 (1.0e-004)
453.288 .... 1408 packets received, 6365 bps, 79.57%, Err 362 (1.0e-004)
456.439 .... 1416 packets received, 6357 bps, 79.47%, Err 366 (1.0e-004)
459.622 .... 1419 packets received, 6327 bps, 79.08%, Err 369 (1.0e-004)
462.258 .... 1432 packets received, 6348 bps, 79.35%, Err 370 (1.0e-004)
467.313 .... 1445 packets received, 6337 bps, 79.21%, Err 375 (1.0e-004)
469.419 .... 1460 packets received, 6374 bps, 79.67%, Err 375 (1.0e-004)
472.320 .... 1464 packets received, 6352 bps, 79.40%, Err 378 (1.0e-004)
474.957 .... 1472 packets received, 6351 bps, 79.39%, Err 380 (1.0e-004)
479.980 .... 1484 packets received, 6336 bps, 79.20%, Err 384 (1.0e-004)
483.131 .... 1499 packets received, 6358 bps, 79.47%, Err 386 (1.0e-004)
486.844 .... 1505 packets received, 6335 bps, 79.18%, Err 391 (1.0e-004)
489.465 .... 1515 packets received, 6343 bps, 79.28%, Err 393 (1.0e-004)
493.957 .... 1524 packets received, 6322 bps, 79.03%, Err 397 (1.0e-004)
497.124 .... 1531 packets received, 6311 bps, 78.89%, Err 402 (1.0e-004)
500.307 .... 1540 packets received, 6307 bps, 78.84%, Err 403 (1.0e-004)
502.428 .... 1560 packets received, 6362 bps, 79.53%, Err 404 (1.0e-004)
504.534 .... 1568 packets received, 6368 bps, 79.60%, Err 404 (1.0e-004)
507.420 .... 1575 packets received, 6360 bps, 79.50%, Err 406 (1.0e-004)
510.057 .... 1582 packets received, 6356 bps, 79.44%, Err 409 (1.0e-004)
512.693 .... 1587 packets received, 6343 bps, 79.29%, Err 410 (1.0e-004)
514.830 .... 1597 packets received, 6356 bps, 79.45%, Err 411 (1.0e-004)
520.883 .... 1605 packets received, 6314 bps, 78.92%, Err 418 (1.0e-004)
522.989 .... 1624 packets received, 6363 bps, 79.54%, Err 419 (1.0e-004)
526.187 .... 1631 packets received, 6351 bps, 79.39%, Err 421 (1.0e-004)
528.823 .... 1640 packets received, 6355 bps, 79.43%, Err 422 (1.0e-004)
530.945 .... 1651 packets received, 6372 bps, 79.65%, Err 422 (9.9e-005)
533.831 .... 1656 packets received, 6356 bps, 79.46%, Err 425 (1.0e-004)
536.467 .... 1665 packets received, 6360 bps, 79.49%, Err 427 (1.0e-004)
539.650 .... 1675 packets received, 6360 bps, 79.50%, Err 429 (1.0e-004)
543.581 .... 1682 packets received, 6340 bps, 79.25%, Err 435 (1.0e-004)
545.687 .... 1697 packets received, 6372 bps, 79.65%, Err 436 (1.0e-004)
548.089 .... 1702 packets received, 6363 bps, 79.54%, Err 438 (1.0e-004)
551.256 .... 1704 packets received, 6334 bps, 79.17%, Err 441 (1.0e-004)
554.142 .... 1719 packets received, 6356 bps, 79.45%, Err 443 (1.0e-004)
556.794 .... 1726 packets received, 6352 bps, 79.40%, Err 445 (1.0e-004)
559.431 .... 1733 packets received, 6347 bps, 79.34%, Err 447 (1.0e-004)
564.157 .... 1742 packets received, 6327 bps, 79.09%, Err 451 (1.0e-004)
566.825 .... 1756 packets received, 6348 bps, 79.35%, Err 453 (1.0e-004)
569.758 .... 1765 packets received, 6347 bps, 79.34%, Err 455 (1.0e-004)
574.516 .... 1777 packets received, 6338 bps, 79.22%, Err 461 (1.0e-004)
576.606 .... 1791 packets received, 6364 bps, 79.55%, Err 461 (1.0e-004)
579.492 .... 1798 packets received, 6357 bps, 79.47%, Err 463 (1.0e-004)
582.144 .... 1804 packets received, 6350 bps, 79.37%, Err 465 (1.0e-004)
584.250 .... 1816 packets received, 6369 bps, 79.61%, Err 465 (1.0e-004)
587.167 .... 1820 packets received, 6351 bps, 79.39%, Err 469 (1.0e-004)
589.804 .... 1827 packets received, 6347 bps, 79.34%, Err 471 (1.0e-004)
592.440 .... 1837 packets received, 6353 bps, 79.42%, Err 474 (1.0e-004)
595.077 .... 1841 packets received, 6339 bps, 79.24%, Err 476 (1.0e-004)
598.259 .... 1846 packets received, 6322 bps, 79.03%, Err 480 (1.0e-004)
600.365 .... 1865 packets received, 6365 bps, 79.56%, Err 481 (1.0e-004)
603.547 .... 1866 packets received, 6335 bps, 79.18%, Err 483 (1.0e-004)
605.638 .... 1882 packets received, 6367 bps, 79.59%, Err 484 (1.0e-004)
613.282 .... 1886 packets received, 6301 bps, 78.76%, Err 490 (1.0e-004)
615.403 .... 1913 packets received, 6369 bps, 79.61%, Err 492 (1.0e-004)
618.055 .... 1917 packets received, 6355 bps, 79.44%, Err 495 (1.0e-004)
620.692 .... 1922 packets received, 6345 bps, 79.31%, Err 496 (1.0e-004)
623.063 .... 1934 packets received, 6360 bps, 79.50%, Err 497 (1.0e-004)
625.965 .... 1944 packets received, 6363 bps, 79.54%, Err 499 (1.0e-004)
628.617 .... 1950 packets received, 6356 bps, 79.45%, Err 504 (1.0e-004)
631.237 .... 1953 packets received, 6339 bps, 79.24%, Err 506 (1.0e-004)
634.420 .... 1968 packets received, 6356 bps, 79.45%, Err 509 (1.0e-004)
638.913 .... 1975 packets received, 6334 bps, 79.17%, Err 511 (1.0e-004)
641.019 .... 1994 packets received, 6373 bps, 79.67%, Err 513 (1.0e-004)
643.140 .... 2001 packets received, 6375 bps, 79.68%, Err 513 (1.0e-004)
645.262 .... 2009 packets received, 6379 bps, 79.74%, Err 513 (9.9e-005)
651.580 .... 2015 packets received, 6336 bps, 79.20%, Err 521 (1.0e-004)
654.762 .... 2034 packets received, 6365 bps, 79.56%, Err 524 (1.0e-004)
657.929 .... 2045 packets received, 6368 bps, 79.60%, Err 525 (1.0e-004)
662.687 .... 2055 packets received, 6354 bps, 79.42%, Err 529 (1.0e-004)
664.793 .... 2069 packets received, 6377 bps, 79.71%, Err 531 (1.0e-004)
666.883 .... 2076 packets received, 6378 bps, 79.73%, Err 531 (1.0e-004)
670.331 .... 2078 packets received, 6351 bps, 79.39%, Err 539 (1.0e-004)
673.763 .... 2087 packets received, 6346 bps, 79.33%, Err 541 (1.0e-004)
676.665 .... 2095 packets received, 6343 bps, 79.29%, Err 542 (1.0e-004)
679.847 .... 2110 packets received, 6359 bps, 79.49%, Err 545 (1.0e-004)
681.969 .... 2121 packets received, 6372 bps, 79.65%, Err 546 (1.0e-004)
684.589 .... 2124 packets received, 6357 bps, 79.46%, Err 548 (1.0e-004)
689.067 .... 2131 packets received, 6336 bps, 79.20%, Err 552 (1.0e-004)
691.188 .... 2150 packets received, 6373 bps, 79.66%, Err 552 (1.0e-004)
694.885 .... 2153 packets received, 6348 bps, 79.35%, Err 557 (1.0e-004)
696.976 .... 2169 packets received, 6376 bps, 79.70%, Err 557 (1.0e-004)
700.158 .... 2176 packets received, 6367 bps, 79.59%, Err 561 (1.0e-004)
702.779 .... 2179 packets received, 6352 bps, 79.41%, Err 563 (1.0e-004)
705.696 .... 2188 packets received, 6352 bps, 79.40%, Err 564 (1.0e-004)
708.348 .... 2199 packets received, 6360 bps, 79.50%, Err 565 (1.0e-004)
710.439 .... 2212 packets received, 6379 bps, 79.74%, Err 566 (1.0e-004)
713.340 .... 2216 packets received, 6365 bps, 79.56%, Err 571 (1.0e-004)
715.977 .... 2222 packets received, 6358 bps, 79.48%, Err 573 (1.0e-004)
719.175 .... 2225 packets received, 6339 bps, 79.23%, Err 576 (1.0e-004)
721.281 .... 2244 packets received, 6374 bps, 79.68%, Err 576 (1.0e-004)
723.418 .... 2248 packets received, 6367 bps, 79.58%, Err 580 (1.0e-004)
726.553 .... 2249 packets received, 6342 bps, 79.27%, Err 583 (1.0e-004)
729.190 .... 2264 packets received, 6361 bps, 79.51%, Err 584 (1.0e-004)
733.698 .... 2273 packets received, 6347 bps, 79.34%, Err 586 (1.0e-004)
735.789 .... 2289 packets received, 6374 bps, 79.67%, Err 587 (1.0e-004)
737.895 .... 2297 packets received, 6378 bps, 79.72%, Err 588 (1.0e-004)
740.032 .... 2305 packets received, 6381 bps, 79.77%, Err 588 (9.9e-005)
742.918 .... 2311 packets received, 6373 bps, 79.66%, Err 589 (9.9e-005)
745.039 .... 2322 packets received, 6385 bps, 79.82%, Err 591 (9.9e-005)
747.957 .... 2325 packets received, 6369 bps, 79.61%, Err 595 (1.0e-004)
750.843 .... 2333 packets received, 6366 bps, 79.57%, Err 599 (1.0e-004)
752.964 .... 2345 packets received, 6381 bps, 79.76%, Err 601 (1.0e-004)
755.850 .... 2347 packets received, 6362 bps, 79.52%, Err 604 (1.0e-004)
758.767 .... 2358 packets received, 6367 bps, 79.59%, Err 606 (1.0e-004)
761.669 .... 2368 packets received, 6369 bps, 79.62%, Err 609 (1.0e-004)
765.897 .... 2375 packets received, 6353 bps, 79.41%, Err 613 (1.0e-004)
769.329 .... 2391 packets received, 6367 bps, 79.59%, Err 614 (1.0e-004)
773.026 .... 2398 packets received, 6355 bps, 79.44%, Err 620 (1.0e-004)
776.723 .... 2404 packets received, 6341 bps, 79.26%, Err 623 (1.0e-004)
778.845 .... 2424 packets received, 6376 bps, 79.70%, Err 623 (1.0e-004)
780.951 .... 2432 packets received, 6380 bps, 79.75%, Err 624 (1.0e-004)
786.208 .... 2433 packets received, 6340 bps, 79.25%, Err 627 (1.0e-004)
788.860 .... 2452 packets received, 6368 bps, 79.60%, Err 631 (1.0e-004)
792.042 .... 2454 packets received, 6348 bps, 79.35%, Err 636 (1.0e-004)
794.148 .... 2473 packets received, 6380 bps, 79.75%, Err 636 (1.0e-004)
796.254 .... 2481 packets received, 6383 bps, 79.79%, Err 636 (1.0e-004)
798.360 .... 2488 packets received, 6385 bps, 79.81%, Err 638 (1.0e-004)
800.997 .... 2494 packets received, 6379 bps, 79.74%, Err 641 (1.0e-004)
803.898 .... 2497 packets received, 6364 bps, 79.54%, Err 641 (1.0e-004)
806.831 .... 2509 packets received, 6371 bps, 79.64%, Err 644 (1.0e-004)
809.733 .... 2519 packets received, 6373 bps, 79.67%, Err 647 (1.0e-004)
812.915 .... 2526 packets received, 6366 bps, 79.58%, Err 649 (1.0e-004)
815.005 .... 2538 packets received, 6380 bps, 79.75%, Err 652 (1.0e-004)
819.498 .... 2542 packets received, 6355 bps, 79.44%, Err 654 (1.0e-004)
822.681 .... 2552 packets received, 6355 bps, 79.44%, Err 658 (1.0e-004)
825.832 .... 2571 packets received, 6378 bps, 79.73%, Err 659 (1.0e-004)
828.203 .... 2579 packets received, 6380 bps, 79.74%, Err 662 (1.0e-004)
830.855 .... 2583 packets received, 6369 bps, 79.61%, Err 664 (1.0e-004)
835.597 .... 2594 packets received, 6360 bps, 79.50%, Err 669 (1.0e-004)
837.703 .... 2611 packets received, 6385 bps, 79.82%, Err 670 (1.0e-004)
839.809 .... 2618 packets received, 6387 bps, 79.83%, Err 672 (1.0e-004)
842.976 .... 2625 packets received, 6380 bps, 79.74%, Err 676 (1.0e-004)
845.893 .... 2629 packets received, 6367 bps, 79.59%, Err 677 (1.0e-004)
849.076 .... 2638 packets received, 6365 bps, 79.56%, Err 682 (1.0e-004)
851.993 .... 2647 packets received, 6365 bps, 79.56%, Err 682 (1.0e-004)
857.796 .... 2659 packets received, 6350 bps, 79.38%, Err 691 (1.0e-004)
859.902 .... 2671 packets received, 6364 bps, 79.54%, Err 691 (1.0e-004)
862.024 .... 2685 packets received, 6381 bps, 79.76%, Err 692 (1.0e-004)
864.130 .... 2688 packets received, 6373 bps, 79.66%, Err 694 (1.0e-004)
866.766 .... 2694 packets received, 6367 bps, 79.59%, Err 696 (1.0e-004)
869.403 .... 2703 packets received, 6369 bps, 79.62%, Err 697 (1.0e-004)
871.524 .... 2716 packets received, 6384 bps, 79.80%, Err 697 (1.0e-004)
873.630 .... 2720 packets received, 6378 bps, 79.73%, Err 700 (1.0e-004)
875.736 .... 2730 packets received, 6386 bps, 79.83%, Err 700 (1.0e-004)
879.964 .... 2735 packets received, 6367 bps, 79.59%, Err 703 (1.0e-004)
882.085 .... 2751 packets received, 6389 bps, 79.87%, Err 703 (1.0e-004)
885.252 .... 2755 packets received, 6376 bps, 79.70%, Err 706 (1.0e-004)
887.374 .... 2769 packets received, 6393 bps, 79.91%, Err 707 (1.0e-004)
889.464 .... 2777 packets received, 6396 bps, 79.95%, Err 707 (9.9e-005)
891.867 .... 2782 packets received, 6390 bps, 79.88%, Err 709 (9.9e-005)
894.238 .... 2790 packets received, 6392 bps, 79.90%, Err 714 (1.0e-004)
897.420 .... 2792 packets received, 6374 bps, 79.67%, Err 715 (1.0e-004)
899.542 .... 2810 packets received, 6400 bps, 79.99%, Err 716 (1.0e-004)
902.163 .... 2814 packets received, 6390 bps, 79.88%, Err 718 (1.0e-004)
904.269 .... 2825 packets received, 6400 bps, 80.00%, Err 720 (1.0e-004)
906.406 .... 2833 packets received, 6403 bps, 80.04%, Err 721 (1.0e-004)
908.496 .... 2840 packets received, 6404 bps, 80.05%, Err 721 (9.9e-005)
910.883 .... 2845 packets received, 6399 bps, 79.98%, Err 722 (9.9e-005)
913.785 .... 2851 packets received, 6392 bps, 79.90%, Err 727 (1.0e-004)
916.951 .... 2852 packets received, 6372 bps, 79.65%, Err 730 (1.0e-004)
920.118 .... 2866 packets received, 6381 bps, 79.76%, Err 732 (1.0e-004)
922.240 .... 2877 packets received, 6391 bps, 79.89%, Err 734 (1.0e-004)
924.361 .... 2887 packets received, 6398 bps, 79.98%, Err 734 (9.9e-005)
927.528 .... 2895 packets received, 6394 bps, 79.93%, Err 736 (9.9e-005)
930.149 .... 2903 packets received, 6394 bps, 79.92%, Err 739 (9.9e-005)
933.347 .... 2904 packets received, 6374 bps, 79.68%, Err 743 (1.0e-004)
936.233 .... 2913 packets received, 6374 bps, 79.68%, Err 748 (1.0e-004)
938.339 .... 2929 packets received, 6395 bps, 79.93%, Err 749 (1.0e-004)
941.272 .... 2936 packets received, 6390 bps, 79.87%, Err 752 (1.0e-004)
943.893 .... 2944 packets received, 6390 bps, 79.87%, Err 753 (1.0e-004)
945.999 .... 2954 packets received, 6397 bps, 79.96%, Err 756 (1.0e-004)
950.507 .... 2957 packets received, 6373 bps, 79.66%, Err 759 (1.0e-004)
955.265 .... 2974 packets received, 6378 bps, 79.72%, Err 762 (1.0e-004)
957.933 .... 2984 packets received, 6381 bps, 79.77%, Err 765 (1.0e-004)
960.569 .... 2994 packets received, 6385 bps, 79.82%, Err 767 (1.0e-004)
963.190 .... 3001 packets received, 6383 bps, 79.78%, Err 768 (1.0e-004)
967.948 .... 3014 packets received, 6379 bps, 79.74%, Err 773 (1.0e-004)
971.115 .... 3019 packets received, 6369 bps, 79.61%, Err 776 (1.0e-004)
974.266 .... 3036 packets received, 6384 bps, 79.80%, Err 779 (1.0e-004)
976.403 .... 3049 packets received, 6397 bps, 79.96%, Err 779 (1.0e-004)
978.509 .... 3057 packets received, 6400 bps, 80.00%, Err 779 (1.0e-004)
981.411 .... 3064 packets received, 6396 bps, 79.95%, Err 782 (1.0e-004)
988.259 .... 3072 packets received, 6368 bps, 79.60%, Err 793 (1.0e-004)
991.441 .... 3079 packets received, 6362 bps, 79.53%, Err 797 (1.0e-004)
993.547 .... 3101 packets received, 6394 bps, 79.92%, Err 798 (1.0e-004)
995.653 .... 3109 packets received, 6397 bps, 79.96%, Err 798 (1.0e-004)
997.791 .... 3113 packets received, 6391 bps, 79.89%, Err 800 (1.0e-004)
999.897 .... 3124 packets received, 6400 bps, 80.01%, Err 801 (1.0e-004)
1002.018 .... 3131 packets received, 6401 bps, 80.01%, Err 802 (1.0e-004)
1004.124 .... 3138 packets received, 6402 bps, 80.03%, Err 803 (1.0e-004)
1006.511 .... 3143 packets received, 6397 bps, 79.96%, Err 806 (1.0e-004)
1009.147 .... 3148 packets received, 6390 bps, 79.88%, Err 809 (1.0e-004)
1011.253 .... 3162 packets received, 6405 bps, 80.07%, Err 809 (1.0e-004)
1015.216 .... 3166 packets received, 6389 bps, 79.86%, Err 813 (1.0e-004)
1017.337 .... 3181 packets received, 6405 bps, 80.07%, Err 815 (1.0e-004)
1021.050 .... 3182 packets received, 6384 bps, 79.80%, Err 818 (1.0e-004)
1023.156 .... 3200 packets received, 6407 bps, 80.09%, Err 818 (1.0e-004)
1026.058 .... 3206 packets received, 6401 bps, 80.01%, Err 822 (1.0e-004)
1028.663 .... 3209 packets received, 6391 bps, 79.88%, Err 823 (1.0e-004)
1031.050 .... 3221 packets received, 6400 bps, 80.00%, Err 825 (1.0e-004)
1034.232 .... 3224 packets received, 6386 bps, 79.82%, Err 827 (1.0e-004)
1037.368 .... 3242 packets received, 6402 bps, 80.03%, Err 830 (1.0e-004)
1040.550 .... 3246 packets received, 6390 bps, 79.88%, Err 832 (1.0e-004)
1043.171 .... 3261 packets received, 6404 bps, 80.05%, Err 835 (1.0e-004)
1045.277 .... 3271 packets received, 6411 bps, 80.13%, Err 835 (1.0e-004)
1047.929 .... 3277 packets received, 6406 bps, 80.08%, Err 838 (1.0e-004)
1054.543 .... 3286 packets received, 6383 bps, 79.79%, Err 844 (1.0e-004)
1058.506 .... 3303 packets received, 6392 bps, 79.90%, Err 847 (1.0e-004)
1061.173 .... 3317 packets received, 6403 bps, 80.04%, Err 849 (1.0e-004)
1063.810 .... 3323 packets received, 6399 bps, 79.99%, Err 851 (1.0e-004)
1065.916 .... 3335 packets received, 6409 bps, 80.12%, Err 853 (1.0e-004)
1069.348 .... 3336 packets received, 6391 bps, 79.88%, Err 859 (1.0e-004)
1073.310 .... 3343 packets received, 6380 bps, 79.76%, Err 861 (1.0e-004)
1075.416 .... 3364 packets received, 6408 bps, 80.10%, Err 863 (1.0e-004)
1078.084 .... 3368 packets received, 6400 bps, 80.00%, Err 865 (1.0e-004)
1080.174 .... 3376 packets received, 6403 bps, 80.03%, Err 867 (1.0e-004)
1082.826 .... 3381 packets received, 6396 bps, 79.95%, Err 868 (1.0e-004)
1088.083 .... 3390 packets received, 6382 bps, 79.78%, Err 874 (1.0e-004)
1090.205 .... 3410 packets received, 6407 bps, 80.09%, Err 875 (1.0e-004)
1093.918 .... 3412 packets received, 6389 bps, 79.87%, Err 880 (1.0e-004)
1097.085 .... 3426 packets received, 6397 bps, 79.96%, Err 882 (1.0e-004)
1100.002 .... 3436 packets received, 6399 bps, 79.99%, Err 883 (1.0e-004)
1103.949 .... 3443 packets received, 6389 bps, 79.86%, Err 886 (1.0e-004)
1106.585 .... 3457 packets received, 6400 bps, 80.00%, Err 889 (1.0e-004)
1111.062 .... 3461 packets received, 6381 bps, 79.77%, Err 895 (1.0e-004)
1114.245 .... 3475 packets received, 6389 bps, 79.86%, Err 897 (1.0e-004)
1116.366 .... 3489 packets received, 6402 bps, 80.03%, Err 899 (1.0e-004)
1118.457 .... 3497 packets received, 6405 bps, 80.06%, Err 899 (1.0e-004)
1120.578 .... 3505 packets received, 6407 bps, 80.09%, Err 899 (1.0e-004)
1122.700 .... 3509 packets received, 6403 bps, 80.03%, Err 900 (1.0e-004)
1127.208 .... 3516 packets received, 6390 bps, 79.87%, Err 905 (1.0e-004)
1132.731 .... 3532 packets received, 6388 bps, 79.84%, Err 909 (1.0e-004)
1134.868 .... 3550 packets received, 6408 bps, 80.10%, Err 909 (1.0e-004)
1138.799 .... 3553 packets received, 6391 bps, 79.89%, Err 912 (1.0e-004)
1140.905 .... 3571 packets received, 6412 bps, 80.15%, Err 912 (1.0e-004)
1143.011 .... 3579 packets received, 6414 bps, 80.18%, Err 912 (1.0e-004)
1145.913 .... 3585 packets received, 6409 bps, 80.11%, Err 915 (1.0e-004)
1149.111 .... 3590 packets received, 6400 bps, 80.00%, Err 919 (1.0e-004)
1152.543 .... 3603 packets received, 6404 bps, 80.05%, Err 922 (1.0e-004)
1154.649 .... 3616 packets received, 6415 bps, 80.19%, Err 924 (1.0e-004)
1156.770 .... 3623 packets received, 6416 bps, 80.20%, Err 924 (1.0e-004)
1160.982 .... 3626 packets received, 6398 bps, 79.97%, Err 928 (1.0e-004)
1164.929 .... 3636 packets received, 6394 bps, 79.92%, Err 932 (1.0e-004)
1167.035 .... 3645 packets received, 6398 bps, 79.98%, Err 934 (1.0e-004)
1169.172 .... 3661 packets received, 6414 bps, 80.18%, Err 934 (1.0e-004)
1171.528 .... 3666 packets received, 6410 bps, 80.13%, Err 936 (1.0e-004)
1174.975 .... 3671 packets received, 6400 bps, 80.00%, Err 937 (1.0e-004)
1178.688 .... 3687 packets received, 6408 bps, 80.10%, Err 941 (1.0e-004)
1182.401 .... 3693 packets received, 6398 bps, 79.98%, Err 942 (1.0e-004)
1185.833 .... 3707 packets received, 6404 bps, 80.05%, Err 944 (1.0e-004)
1187.970 .... 3722 packets received, 6418 bps, 80.23%, Err 944 (9.9e-005)
1190.622 .... 3728 packets received, 6414 bps, 80.18%, Err 947 (9.9e-005)
1194.054 .... 3732 packets received, 6402 bps, 80.03%, Err 952 (1.0e-004)
1196.160 .... 3740 packets received, 6405 bps, 80.06%, Err 953 (1.0e-004)
1199.873 .... 3742 packets received, 6389 bps, 79.86%, Err 959 (1.0e-004)
1201.979 .... 3765 packets received, 6417 bps, 80.21%, Err 960 (1.0e-004)
1209.342 .... 3768 packets received, 6383 bps, 79.78%, Err 971 (1.0e-004)
1211.745 .... 3784 packets received, 6397 bps, 79.96%, Err 978 (1.0e-004)
1214.896 .... 3787 packets received, 6385 bps, 79.82%, Err 979 (1.0e-004)
1218.328 .... 3802 packets received, 6393 bps, 79.91%, Err 983 (1.0e-004)
1222.025 .... 3807 packets received, 6382 bps, 79.77%, Err 989 (1.0e-004)
1224.115 .... 3819 packets received, 6391 bps, 79.89%, Err 991 (1.0e-004)
1227.282 .... 3831 packets received, 6394 bps, 79.93%, Err 993 (1.0e-004)
1230.184 .... 3839 packets received, 6393 bps, 79.91%, Err 994 (1.0e-004)
1232.820 .... 3849 packets received, 6396 bps, 79.94%, Err 996 (1.0e-004)
1235.472 .... 3855 packets received, 6392 bps, 79.90%, Err 998 (1.0e-004)
1238.358 .... 3863 packets received, 6390 bps, 79.88%, Err 1003 (1.0e-004)
1241.260 .... 3870 packets received, 6387 bps, 79.83%, Err 1005 (1.0e-004)
1243.912 .... 3880 packets received, 6390 bps, 79.87%, Err 1008 (1.0e-004)
1246.533 .... 3886 packets received, 6386 bps, 79.82%, Err 1009 (1.0e-004)
1251.025 .... 3895 packets received, 6378 bps, 79.72%, Err 1012 (1.0e-004)
1254.208 .... 3904 packets received, 6376 bps, 79.70%, Err 1016 (1.0e-004)
1257.094 .... 3920 packets received, 6388 bps, 79.85%, Err 1017 (1.0e-004)
1259.465 .... 3930 packets received, 6392 bps, 79.90%, Err 1019 (1.0e-004)
1264.207 .... 3939 packets received, 6383 bps, 79.78%, Err 1022 (1.0e-004)
1268.700 .... 3953 packets received, 6383 bps, 79.78%, Err 1027 (1.0e-004)
1271.867 .... 3956 packets received, 6371 bps, 79.64%, Err 1032 (1.0e-004)
1274.503 .... 3974 packets received, 6387 bps, 79.84%, Err 1037 (1.0e-004)
1277.686 .... 3975 packets received, 6373 bps, 79.66%, Err 1042 (1.0e-004)
1280.572 .... 3987 packets received, 6378 bps, 79.72%, Err 1043 (1.0e-004)
1282.943 .... 4000 packets received, 6387 bps, 79.83%, Err 1044 (1.0e-004)
1285.065 .... 4007 packets received, 6387 bps, 79.84%, Err 1045 (1.0e-004)
1288.762 .... 4013 packets received, 6379 bps, 79.73%, Err 1049 (1.0e-004)
1291.913 .... 4019 packets received, 6372 bps, 79.66%, Err 1054 (1.0e-004)
1295.080 .... 4035 packets received, 6382 bps, 79.78%, Err 1056 (1.0e-004)
1297.981 .... 4046 packets received, 6385 bps, 79.82%, Err 1057 (1.0e-004)
1301.148 .... 4054 packets received, 6382 bps, 79.78%, Err 1059 (1.0e-004)
1303.551 .... 4064 packets received, 6386 bps, 79.83%, Err 1060 (1.0e-004)
1308.574 .... 4075 packets received, 6379 bps, 79.74%, Err 1064 (1.0e-004)
1311.709 .... 4081 packets received, 6373 bps, 79.66%, Err 1065 (1.0e-004)
1313.831 .... 4101 packets received, 6394 bps, 79.93%, Err 1065 (1.0e-004)
1315.937 .... 4108 packets received, 6395 bps, 79.93%, Err 1066 (1.0e-004)
1318.870 .... 4115 packets received, 6391 bps, 79.89%, Err 1067 (1.0e-004)
1320.960 .... 4126 packets received, 6398 bps, 79.98%, Err 1067 (1.0e-004)
1323.331 .... 4131 packets received, 6395 bps, 79.93%, Err 1069 (1.0e-004)
1325.968 .... 4139 packets received, 6394 bps, 79.93%, Err 1071 (1.0e-004)
1328.089 .... 4149 packets received, 6399 bps, 79.99%, Err 1071 (1.0e-004)
1330.195 .... 4157 packets received, 6402 bps, 80.02%, Err 1071 (1.0e-004)
1332.286 .... 4165 packets received, 6404 bps, 80.05%, Err 1072 (1.0e-004)
1334.407 .... 4173 packets received, 6406 bps, 80.07%, Err 1072 (1.0e-004)
1336.513 .... 4181 packets received, 6408 bps, 80.10%, Err 1074 (1.0e-004)
1341.521 .... 4188 packets received, 6395 bps, 79.94%, Err 1077 (1.0e-004)
1346.029 .... 4200 packets received, 6392 bps, 79.90%, Err 1080 (1.0e-004)
1348.120 .... 4218 packets received, 6409 bps, 80.11%, Err 1080 (1.0e-004)
1350.491 .... 4223 packets received, 6405 bps, 80.07%, Err 1085 (1.0e-004)
1353.673 .... 4224 packets received, 6392 bps, 79.90%, Err 1087 (1.0e-004)
1355.795 .... 4242 packets received, 6409 bps, 80.11%, Err 1087 (1.0e-004)
1357.885 .... 4250 packets received, 6411 bps, 80.14%, Err 1087 (1.0e-004)
1364.219 .... 4256 packets received, 6391 bps, 79.88%, Err 1093 (1.0e-004)
1367.121 .... 4272 packets received, 6401 bps, 80.01%, Err 1094 (1.0e-004)
1369.788 .... 4285 packets received, 6408 bps, 80.10%, Err 1097 (1.0e-004)
1371.894 .... 4296 packets received, 6414 bps, 80.18%, Err 1098 (1.0e-004)
1374.531 .... 4301 packets received, 6410 bps, 80.12%, Err 1099 (1.0e-004)
1376.902 .... 4310 packets received, 6412 bps, 80.15%, Err 1101 (1.0e-004)
1379.039 .... 4321 packets received, 6418 bps, 80.23%, Err 1102 (1.0e-004)
1382.721 .... 4324 packets received, 6406 bps, 80.07%, Err 1106 (1.0e-004)
1385.357 .... 4334 packets received, 6408 bps, 80.10%, Err 1108 (1.0e-004)
1387.463 .... 4348 packets received, 6419 bps, 80.24%, Err 1108 (1.0e-004)
1390.396 .... 4354 packets received, 6415 bps, 80.18%, Err 1112 (1.0e-004)
1395.138 .... 4359 packets received, 6400 bps, 80.00%, Err 1117 (1.0e-004)
1398.040 .... 4375 packets received, 6410 bps, 80.13%, Err 1121 (1.0e-004)
1400.910 .... 4382 packets received, 6407 bps, 80.09%, Err 1122 (1.0e-004)
1403.547 .... 4394 packets received, 6413 bps, 80.16%, Err 1123 (1.0e-004)
1405.684 .... 4404 packets received, 6418 bps, 80.22%, Err 1124 (1.0e-004)
1407.790 .... 4412 packets received, 6420 bps, 80.25%, Err 1125 (1.0e-004)
1410.676 .... 4418 packets received, 6415 bps, 80.19%, Err 1127 (1.0e-004)
1413.328 .... 4424 packets received, 6412 bps, 80.15%, Err 1129 (1.0e-004)
1416.229 .... 4434 packets received, 6413 bps, 80.17%, Err 1137 (1.0e-004)
1418.866 .... 4438 packets received, 6407 bps, 80.09%, Err 1139 (1.0e-004)
1421.783 .... 4447 packets received, 6407 bps, 80.09%, Err 1140 (1.0e-004)
1423.889 .... 4461 packets received, 6418 bps, 80.22%, Err 1140 (1.0e-004)
1425.995 .... 4468 packets received, 6418 bps, 80.23%, Err 1141 (1.0e-004)
1428.382 .... 4473 packets received, 6415 bps, 80.18%, Err 1142 (1.0e-004)
1430.503 .... 4484 packets received, 6421 bps, 80.26%, Err 1143 (1.0e-004)
1433.405 .... 4486 packets received, 6411 bps, 80.13%, Err 1144 (1.0e-004)
1436.291 .... 4500 packets received, 6418 bps, 80.22%, Err 1148 (1.0e-004)
1439.208 .... 4505 packets received, 6412 bps, 80.15%, Err 1151 (1.0e-004)
1444.512 .... 4516 packets received, 6404 bps, 80.05%, Err 1153 (1.0e-004)
1446.618 .... 4532 packets received, 6417 bps, 80.22%, Err 1155 (1.0e-004)
1448.709 .... 4544 packets received, 6425 bps, 80.31%, Err 1157 (1.0e-004)
1451.376 .... 4547 packets received, 6417 bps, 80.22%, Err 1160 (1.0e-004)
1454.247 .... 4555 packets received, 6416 bps, 80.20%, Err 1163 (1.0e-004)
1456.899 .... 4560 packets received, 6411 bps, 80.14%, Err 1165 (1.0e-004)
1459.535 .... 4571 packets received, 6415 bps, 80.19%, Err 1167 (1.0e-004)
1462.437 .... 4578 packets received, 6412 bps, 80.15%, Err 1169 (1.0e-004)
1464.808 .... 4589 packets received, 6417 bps, 80.22%, Err 1170 (1.0e-004)
1466.929 .... 4599 packets received, 6422 bps, 80.27%, Err 1172 (1.0e-004)
1469.566 .... 4603 packets received, 6416 bps, 80.20%, Err 1175 (1.0e-004)
1474.339 .... 4613 packets received, 6409 bps, 80.11%, Err 1179 (1.0e-004)
1476.445 .... 4629 packets received, 6422 bps, 80.28%, Err 1179 (1.0e-004)
1478.551 .... 4633 packets received, 6419 bps, 80.23%, Err 1181 (1.0e-004)
1481.188 .... 4639 packets received, 6415 bps, 80.19%, Err 1185 (1.0e-004)
1483.824 .... 4643 packets received, 6410 bps, 80.12%, Err 1187 (1.0e-004)
1485.930 .... 4657 packets received, 6420 bps, 80.25%, Err 1187 (1.0e-004)
1489.378 .... 4659 packets received, 6408 bps, 80.10%, Err 1191 (1.0e-004)
1492.014 .... 4668 packets received, 6409 bps, 80.11%, Err 1193 (1.0e-004)
1494.120 .... 4682 packets received, 6419 bps, 80.24%, Err 1193 (1.0e-004)
1497.037 .... 4685 packets received, 6410 bps, 80.13%, Err 1197 (1.0e-004)
1499.674 .... 4694 packets received, 6411 bps, 80.14%, Err 1200 (1.0e-004)
1501.780 .... 4706 packets received, 6419 bps, 80.24%, Err 1200 (1.0e-004)
1503.901 .... 4714 packets received, 6421 bps, 80.26%, Err 1200 (1.0e-004)
1506.257 .... 4719 packets received, 6417 bps, 80.22%, Err 1205 (1.0e-004)
1508.394 .... 4729 packets received, 6422 bps, 80.27%, Err 1205 (1.0e-004)
1510.500 .... 4736 packets received, 6422 bps, 80.28%, Err 1207 (1.0e-004)
1513.683 .... 4744 packets received, 6420 bps, 80.25%, Err 1210 (1.0e-004)
1516.303 .... 4749 packets received, 6415 bps, 80.19%, Err 1213 (1.0e-004)
1520.812 .... 4754 packets received, 6403 bps, 80.04%, Err 1217 (1.0e-004)
1523.682 .... 4774 packets received, 6418 bps, 80.22%, Err 1218 (1.0e-004)
1526.599 .... 4781 packets received, 6415 bps, 80.19%, Err 1221 (1.0e-004)
1533.744 .... 4782 packets received, 6387 bps, 79.83%, Err 1230 (1.0e-004)
1535.866 .... 4814 packets received, 6420 bps, 80.25%, Err 1231 (1.0e-004)
1537.972 .... 4821 packets received, 6421 bps, 80.26%, Err 1231 (1.0e-004)
1540.078 .... 4829 packets received, 6423 bps, 80.28%, Err 1232 (1.0e-004)
1545.101 .... 4836 packets received, 6411 bps, 80.14%, Err 1238 (1.0e-004)
1547.223 .... 4851 packets received, 6422 bps, 80.28%, Err 1238 (1.0e-004)
1550.374 .... 4858 packets received, 6418 bps, 80.23%, Err 1239 (1.0e-004)
1553.291 .... 4867 packets received, 6418 bps, 80.23%, Err 1245 (1.0e-004)
1556.193 .... 4877 packets received, 6419 bps, 80.24%, Err 1246 (1.0e-004)
1558.595 .... 4885 packets received, 6420 bps, 80.25%, Err 1248 (1.0e-004)
1562.027 .... 4896 packets received, 6420 bps, 80.25%, Err 1252 (1.0e-004)
1565.428 .... 4900 packets received, 6412 bps, 80.15%, Err 1254 (1.0e-004)
1568.345 .... 4913 packets received, 6417 bps, 80.21%, Err 1256 (1.0e-004)
1570.981 .... 4921 packets received, 6416 bps, 80.20%, Err 1257 (1.0e-004)
1573.087 .... 4934 packets received, 6425 bps, 80.31%, Err 1258 (1.0e-004)
1575.209 .... 4941 packets received, 6425 bps, 80.31%, Err 1259 (1.0e-004)
1577.565 .... 4945 packets received, 6421 bps, 80.26%, Err 1262 (1.0e-004)
1580.747 .... 4947 packets received, 6410 bps, 80.13%, Err 1264 (1.0e-004)
1583.898 .... 4958 packets received, 6412 bps, 80.15%, Err 1268 (1.0e-004)
1587.081 .... 4970 packets received, 6415 bps, 80.18%, Err 1270 (1.0e-004)
1589.202 .... 4984 packets received, 6424 bps, 80.30%, Err 1271 (1.0e-004)
1592.353 .... 4989 packets received, 6418 bps, 80.22%, Err 1273 (1.0e-004)
1594.475 .... 5001 packets received, 6425 bps, 80.31%, Err 1274 (1.0e-004)
1596.565 .... 5008 packets received, 6425 bps, 80.31%, Err 1276 (1.0e-004)
1599.467 .... 5015 packets received, 6422 bps, 80.28%, Err 1280 (1.0e-004)
1602.400 .... 5017 packets received, 6413 bps, 80.17%, Err 1282 (1.0e-004)
1604.490 .... 5032 packets received, 6424 bps, 80.30%, Err 1282 (1.0e-004)
1606.596 .... 5039 packets received, 6425 bps, 80.31%, Err 1283 (1.0e-004)
1611.370 .... 5045 packets received, 6413 bps, 80.16%, Err 1290 (1.0e-004)
1613.991 .... 5053 packets received, 6413 bps, 80.16%, Err 1291 (1.0e-004)
1617.703 .... 5068 packets received, 6417 bps, 80.21%, Err 1294 (1.0e-004)
1620.621 .... 5070 packets received, 6408 bps, 80.10%, Err 1295 (1.0e-004)
1625.644 .... 5087 packets received, 6410 bps, 80.12%, Err 1301 (1.0e-004)
1628.530 .... 5099 packets received, 6413 bps, 80.17%, Err 1306 (1.0e-004)
1631.166 .... 5104 packets received, 6409 bps, 80.12%, Err 1308 (1.0e-004)
1633.272 .... 5119 packets received, 6420 bps, 80.25%, Err 1308 (1.0e-004)
1635.940 .... 5125 packets received, 6417 bps, 80.21%, Err 1311 (1.0e-004)
1638.841 .... 5129 packets received, 6411 bps, 80.13%, Err 1314 (1.0e-004)
1641.743 .... 5134 packets received, 6406 bps, 80.07%, Err 1316 (1.0e-004)
1644.910 .... 5150 packets received, 6413 bps, 80.16%, Err 1320 (1.0e-004)
1647.546 .... 5157 packets received, 6412 bps, 80.14%, Err 1322 (1.0e-004)
1650.198 .... 5161 packets received, 6406 bps, 80.08%, Err 1323 (1.0e-004)
1652.304 .... 5176 packets received, 6417 bps, 80.21%, Err 1323 (1.0e-004)
1654.410 .... 5184 packets received, 6418 bps, 80.23%, Err 1323 (1.0e-004)
1659.948 .... 5187 packets received, 6401 bps, 80.01%, Err 1331 (1.0e-004)
1662.070 .... 5207 packets received, 6417 bps, 80.21%, Err 1331 (1.0e-004)
1664.441 .... 5212 packets received, 6414 bps, 80.18%, Err 1332 (1.0e-004)
1666.578 .... 5219 packets received, 6415 bps, 80.18%, Err 1335 (1.0e-004)
1669.215 .... 5223 packets received, 6409 bps, 80.12%, Err 1336 (1.0e-004)
1672.678 .... 5238 packets received, 6414 bps, 80.18%, Err 1339 (1.0e-004)
1674.799 .... 5245 packets received, 6415 bps, 80.19%, Err 1342 (1.0e-004)
1677.685 .... 5251 packets received, 6411 bps, 80.14%, Err 1345 (1.0e-004)
1681.913 .... 5260 packets received, 6406 bps, 80.07%, Err 1349 (1.0e-004)
1687.217 .... 5276 packets received, 6405 bps, 80.07%, Err 1353 (1.0e-004)
1691.195 .... 5282 packets received, 6397 bps, 79.97%, Err 1356 (1.0e-004)
1693.285 .... 5306 packets received, 6419 bps, 80.23%, Err 1358 (1.0e-004)
1695.407 .... 5314 packets received, 6420 bps, 80.25%, Err 1359 (1.0e-004)
1698.558 .... 5317 packets received, 6412 bps, 80.15%, Err 1361 (1.0e-004)
1700.664 .... 5331 packets received, 6421 bps, 80.26%, Err 1362 (1.0e-004)
1703.862 .... 5333 packets received, 6411 bps, 80.14%, Err 1364 (1.0e-004)
1705.968 .... 5348 packets received, 6421 bps, 80.27%, Err 1365 (1.0e-004)
1710.180 .... 5351 packets received, 6409 bps, 80.11%, Err 1368 (1.0e-004)
1713.331 .... 5363 packets received, 6412 bps, 80.15%, Err 1370 (1.0e-004)
1715.453 .... 5379 packets received, 6423 bps, 80.28%, Err 1371 (1.0e-004)
1717.543 .... 5382 packets received, 6419 bps, 80.23%, Err 1374 (1.0e-004)
1720.710 .... 5387 packets received, 6413 bps, 80.16%, Err 1376 (1.0e-004)
1722.832 .... 5403 packets received, 6424 bps, 80.30%, Err 1376 (1.0e-004)
1726.279 .... 5411 packets received, 6420 bps, 80.26%, Err 1378 (1.0e-004)
1729.961 .... 5415 packets received, 6412 bps, 80.14%, Err 1382 (1.0e-004)
1733.393 .... 5424 packets received, 6409 bps, 80.12%, Err 1386 (1.0e-004)
1736.279 .... 5440 packets received, 6418 bps, 80.22%, Err 1387 (1.0e-004)
1738.650 .... 5447 packets received, 6417 bps, 80.21%, Err 1390 (1.0e-004)
1741.552 .... 5457 packets received, 6418 bps, 80.23%, Err 1392 (1.0e-004)
1744.719 .... 5467 packets received, 6418 bps, 80.23%, Err 1394 (1.0e-004)
1747.870 .... 5479 packets received, 6421 bps, 80.26%, Err 1396 (1.0e-004)
1753.127 .... 5480 packets received, 6403 bps, 80.03%, Err 1405 (1.0e-004)
1756.060 .... 5498 packets received, 6413 bps, 80.16%, Err 1406 (1.0e-004)
1761.348 .... 5502 packets received, 6398 bps, 79.98%, Err 1411 (1.0e-004)
1764.250 .... 5524 packets received, 6413 bps, 80.17%, Err 1414 (1.0e-004)
1767.963 .... 5532 packets received, 6409 bps, 80.12%, Err 1417 (1.0e-004)
1770.053 .... 5545 packets received, 6417 bps, 80.21%, Err 1418 (1.0e-004)
1773.220 .... 5554 packets received, 6416 bps, 80.20%, Err 1421 (1.0e-004)
1775.310 .... 5566 packets received, 6422 bps, 80.27%, Err 1421 (1.0e-004)
1777.447 .... 5573 packets received, 6422 bps, 80.28%, Err 1424 (1.0e-004)
1780.068 .... 5578 packets received, 6419 bps, 80.23%, Err 1425 (1.0e-004)
1782.471 .... 5586 packets received, 6419 bps, 80.24%, Err 1426 (1.0e-004)
1785.107 .... 5595 packets received, 6420 bps, 80.25%, Err 1427 (1.0e-004)
1788.258 .... 5605 packets received, 6420 bps, 80.25%, Err 1430 (1.0e-004)
1790.910 .... 5611 packets received, 6417 bps, 80.22%, Err 1432 (1.0e-004)
1793.016 .... 5623 packets received, 6424 bps, 80.30%, Err 1433 (1.0e-004)
1796.433 .... 5628 packets received, 6417 bps, 80.21%, Err 1439 (1.0e-004)
1799.365 .... 5635 packets received, 6415 bps, 80.18%, Err 1440 (1.0e-004)
1801.456 .... 5650 packets received, 6424 bps, 80.30%, Err 1440 (1.0e-004)
1805.184 .... 5653 packets received, 6414 bps, 80.18%, Err 1443 (1.0e-004)
1808.320 .... 5660 packets received, 6411 bps, 80.14%, Err 1446 (1.0e-004)
1811.767 .... 5679 packets received, 6420 bps, 80.26%, Err 1449 (1.0e-004)
1814.419 .... 5686 packets received, 6419 bps, 80.24%, Err 1451 (1.0e-004)
1817.040 .... 5695 packets received, 6420 bps, 80.25%, Err 1453 (1.0e-004)
1819.692 .... 5701 packets received, 6417 bps, 80.22%, Err 1456 (1.0e-004)
1822.329 .... 5708 packets received, 6416 bps, 80.20%, Err 1457 (1.0e-004)
1825.464 .... 5713 packets received, 6410 bps, 80.13%, Err 1458 (1.0e-004)
1830.222 .... 5728 packets received, 6411 bps, 80.13%, Err 1465 (1.0e-004)
1832.328 .... 5744 packets received, 6421 bps, 80.26%, Err 1466 (1.0e-004)
1834.481 .... 5748 packets received, 6418 bps, 80.23%, Err 1467 (1.0e-004)
1837.383 .... 5758 packets received, 6419 bps, 80.24%, Err 1471 (1.0e-004)
1840.019 .... 5761 packets received, 6413 bps, 80.16%, Err 1471 (1.0e-004)
1842.125 .... 5777 packets received, 6424 bps, 80.30%, Err 1472 (1.0e-004)
1844.231 .... 5784 packets received, 6424 bps, 80.30%, Err 1473 (1.0e-004)
1846.337 .... 5791 packets received, 6424 bps, 80.31%, Err 1474 (1.0e-004)
1851.345 .... 5797 packets received, 6414 bps, 80.17%, Err 1479 (1.0e-004)
1855.354 .... 5804 packets received, 6408 bps, 80.10%, Err 1484 (1.0e-004)
1858.505 .... 5820 packets received, 6414 bps, 80.18%, Err 1486 (1.0e-004)
1866.695 .... 5827 packets received, 6394 bps, 79.92%, Err 1495 (1.0e-004)
1869.066 .... 5855 packets received, 6416 bps, 80.21%, Err 1497 (1.0e-004)
1871.188 .... 5865 packets received, 6420 bps, 80.25%, Err 1497 (1.0e-004)
1873.824 .... 5871 packets received, 6418 bps, 80.22%, Err 1500 (1.0e-004)
1876.975 .... 5874 packets received, 6410 bps, 80.13%, Err 1502 (1.0e-004)
1879.612 .... 5888 packets received, 6416 bps, 80.21%, Err 1505 (1.0e-004)
1882.513 .... 5897 packets received, 6416 bps, 80.20%, Err 1507 (1.0e-004)
1892.544 .... 5903 packets received, 6389 bps, 79.86%, Err 1513 (1.0e-004)
1895.695 .... 5931 packets received, 6408 bps, 80.11%, Err 1516 (1.0e-004)
1898.597 .... 5942 packets received, 6411 bps, 80.13%, Err 1518 (1.0e-004)
1900.719 .... 5951 packets received, 6413 bps, 80.16%, Err 1520 (1.0e-004)
1903.371 .... 5956 packets received, 6410 bps, 80.12%, Err 1521 (1.0e-004)
1905.477 .... 5966 packets received, 6413 bps, 80.16%, Err 1523 (1.0e-004)
1908.113 .... 5975 packets received, 6414 bps, 80.17%, Err 1527 (1.0e-004)
1910.749 .... 5979 packets received, 6409 bps, 80.12%, Err 1528 (1.0e-004)
1912.871 .... 5992 packets received, 6416 bps, 80.20%, Err 1529 (1.0e-004)
1914.977 .... 5999 packets received, 6417 bps, 80.21%, Err 1530 (1.0e-004)
1918.144 .... 6007 packets received, 6415 bps, 80.18%, Err 1531 (1.0e-004)
1921.311 .... 6017 packets received, 6415 bps, 80.18%, Err 1534 (1.0e-004)
1924.509 .... 6019 packets received, 6406 bps, 80.08%, Err 1536 (1.0e-004)
1927.395 .... 6035 packets received, 6414 bps, 80.17%, Err 1540 (1.0e-004)
1930.047 .... 6040 packets received, 6410 bps, 80.13%, Err 1544 (1.0e-004)
1934.789 .... 6046 packets received, 6401 bps, 80.01%, Err 1549 (1.0e-004)
1939.531 .... 6060 packets received, 6400 bps, 80.00%, Err 1553 (1.0e-004)
1942.683 .... 6078 packets received, 6408 bps, 80.11%, Err 1554 (1.0e-004)
1945.319 .... 6087 packets received, 6409 bps, 80.12%, Err 1556 (1.0e-004)
1947.441 .... 6098 packets received, 6414 bps, 80.17%, Err 1558 (1.0e-004)
1949.562 .... 6106 packets received, 6415 bps, 80.19%, Err 1559 (1.0e-004)
1952.214 .... 6108 packets received, 6409 bps, 80.11%, Err 1560 (1.0e-004)
1955.365 .... 6119 packets received, 6410 bps, 80.12%, Err 1563 (1.0e-004)
1958.017 .... 6127 packets received, 6409 bps, 80.12%, Err 1567 (1.0e-004)
1961.184 .... 6131 packets received, 6403 bps, 80.04%, Err 1570 (1.0e-004)
1964.097 .... 6142 packets received, 6405 bps, 80.07%, Err 1572 (1.0e-004)
1966.983 .... 6154 packets received, 6408 bps, 80.10%, Err 1573 (1.0e-004)
1969.089 .... 6162 packets received, 6410 bps, 80.12%, Err 1574 (1.0e-004)
1972.007 .... 6168 packets received, 6407 bps, 80.08%, Err 1578 (1.0e-004)
1974.893 .... 6177 packets received, 6407 bps, 80.08%, Err 1583 (1.0e-004)
1978.340 .... 6180 packets received, 6399 bps, 79.98%, Err 1585 (1.0e-004)
1980.462 .... 6199 packets received, 6411 bps, 80.14%, Err 1585 (1.0e-004)
1982.583 .... 6207 packets received, 6413 bps, 80.16%, Err 1586 (1.0e-004)
1985.735 .... 6208 packets received, 6404 bps, 80.04%, Err 1589 (1.0e-004)
1987.856 .... 6224 packets received, 6413 bps, 80.17%, Err 1589 (1.0e-004)
1990.758 .... 6227 packets received, 6407 bps, 80.09%, Err 1592 (1.0e-004)
1992.864 .... 6240 packets received, 6414 bps, 80.17%, Err 1593 (1.0e-004)
1996.280 .... 6242 packets received, 6405 bps, 80.06%, Err 1596 (1.0e-004)
1998.402 .... 6258 packets received, 6414 bps, 80.18%, Err 1597 (1.0e-004)
2001.303 .... 6264 packets received, 6411 bps, 80.14%, Err 1600 (1.0e-004)
2004.486 .... 6266 packets received, 6403 bps, 80.04%, Err 1604 (1.0e-004)
2007.637 .... 6282 packets received, 6409 bps, 80.11%, Err 1606 (1.0e-004)
2009.774 .... 6289 packets received, 6410 bps, 80.12%, Err 1607 (1.0e-004)
2013.175 .... 6294 packets received, 6404 bps, 80.05%, Err 1614 (1.0e-004)
2015.281 .... 6308 packets received, 6411 bps, 80.14%, Err 1614 (1.0e-004)
2017.403 .... 6312 packets received, 6409 bps, 80.11%, Err 1617 (1.0e-004)
2020.039 .... 6316 packets received, 6404 bps, 80.05%, Err 1619 (1.0e-004)
2022.161 .... 6321 packets received, 6403 bps, 80.03%, Err 1620 (1.0e-004)
2026.919 .... 6332 packets received, 6399 bps, 79.98%, Err 1624 (1.0e-004)
2029.025 .... 6350 packets received, 6410 bps, 80.13%, Err 1624 (1.0e-004)
2031.131 .... 6358 packets received, 6412 bps, 80.15%, Err 1624 (1.0e-004)
2034.843 .... 6361 packets received, 6403 bps, 80.04%, Err 1628 (1.0e-004)
2037.995 .... 6369 packets received, 6401 bps, 80.01%, Err 1630 (1.0e-004)
2042.238 .... 6384 packets received, 6403 bps, 80.04%, Err 1634 (1.0e-004)
2044.375 .... 6400 packets received, 6412 bps, 80.15%, Err 1635 (1.0e-004)
2046.465 .... 6408 packets received, 6414 bps, 80.17%, Err 1635 (1.0e-004)
2049.102 .... 6414 packets received, 6411 bps, 80.14%, Err 1636 (1.0e-004)
2051.223 .... 6425 packets received, 6416 bps, 80.20%, Err 1636 (1.0e-004)
2054.109 .... 6432 packets received, 6414 bps, 80.17%, Err 1638 (1.0e-004)
2057.027 .... 6438 packets received, 6411 bps, 80.13%, Err 1645 (1.0e-004)
2060.178 .... 6446 packets received, 6409 bps, 80.11%, Err 1646 (1.0e-004)
2062.565 .... 6457 packets received, 6412 bps, 80.15%, Err 1648 (1.0e-004)
2065.747 .... 6466 packets received, 6411 bps, 80.14%, Err 1652 (1.0e-004)
2067.837 .... 6474 packets received, 6413 bps, 80.16%, Err 1655 (1.0e-004)
2070.474 .... 6479 packets received, 6410 bps, 80.12%, Err 1656 (1.0e-004)
2072.595 .... 6493 packets received, 6417 bps, 80.21%, Err 1658 (1.0e-004)
2074.701 .... 6501 packets received, 6418 bps, 80.23%, Err 1659 (1.0e-004)
2077.353 .... 6505 packets received, 6414 bps, 80.17%, Err 1662 (1.0e-004)
2079.459 .... 6515 packets received, 6417 bps, 80.22%, Err 1663 (1.0e-004)
2081.565 .... 6523 packets received, 6419 bps, 80.23%, Err 1665 (1.0e-004)
2086.323 .... 6530 packets received, 6411 bps, 80.14%, Err 1669 (1.0e-004)
2089.490 .... 6535 packets received, 6406 bps, 80.08%, Err 1671 (1.0e-004)
2091.612 .... 6554 packets received, 6418 bps, 80.23%, Err 1673 (1.0e-004)
2093.718 .... 6558 packets received, 6416 bps, 80.20%, Err 1674 (1.0e-004)
2095.808 .... 6568 packets received, 6419 bps, 80.24%, Err 1675 (1.0e-004)
2097.930 .... 6575 packets received, 6419 bps, 80.24%, Err 1676 (1.0e-004)
2102.157 .... 6580 packets received, 6411 bps, 80.14%, Err 1680 (1.0e-004)
2105.340 .... 6595 packets received, 6416 bps, 80.20%, Err 1681 (1.0e-004)
2111.954 .... 6604 packets received, 6405 bps, 80.06%, Err 1689 (1.0e-004)
2114.060 .... 6622 packets received, 6416 bps, 80.20%, Err 1690 (1.0e-004)
2121.189 .... 6624 packets received, 6396 bps, 79.95%, Err 1699 (1.0e-004)
2124.107 .... 6646 packets received, 6409 bps, 80.11%, Err 1701 (1.0e-004)
2126.197 .... 6659 packets received, 6415 bps, 80.19%, Err 1701 (1.0e-004)
2129.099 .... 6665 packets received, 6412 bps, 80.15%, Err 1703 (1.0e-004)
