datalink bu 
=========================================================================
                          Station B                                 
-------------------------------------------------------------------------
Protocol.lib, version 3.0, Build: Oct 19 2009 (jiangy@public3.bta.net.cn)
Channel: 8000 bps, 270 ms propagation delay, bit error rate 0
Log file "datalink-B.log", TCP port 59144, debug mask 0x00
Station B is connecting station A (TCP port 59144) ... Done.
New epoch: Fri May 13 19:31:43 2016
=========================================================================
Designed and implemented by Wenting Ye.
For any problem please contact QQ:471731724
Build: May 13 2016  11:01:35
2.572 .... 8 packets received, 7725 bps, 96.56%, Err 0 (0.0e+000)
4.663 .... 16 packets received, 7780 bps, 97.25%, Err 0 (0.0e+000)
6.769 .... 24 packets received, 7780 bps, 97.25%, Err 0 (0.0e+000)
8.875 .... 32 packets received, 7780 bps, 97.25%, Err 0 (0.0e+000)
10.981 .... 40 packets received, 7780 bps, 97.25%, Err 0 (0.0e+000)
13.087 .... 48 packets received, 7780 bps, 97.25%, Err 0 (0.0e+000)
15.193 .... 56 packets received, 7780 bps, 97.25%, Err 0 (0.0e+000)
17.283 .... 64 packets received, 7787 bps, 97.34%, Err 0 (0.0e+000)
19.405 .... 72 packets received, 7780 bps, 97.25%, Err 0 (0.0e+000)
21.495 .... 80 packets received, 7786 bps, 97.32%, Err 0 (0.0e+000)
23.601 .... 88 packets received, 7785 bps, 97.31%, Err 0 (0.0e+000)
25.707 .... 96 packets received, 7785 bps, 97.31%, Err 0 (0.0e+000)
27.813 .... 104 packets received, 7784 bps, 97.30%, Err 0 (0.0e+000)
29.919 .... 112 packets received, 7784 bps, 97.30%, Err 0 (0.0e+000)
32.025 .... 120 packets received, 7784 bps, 97.30%, Err 0 (0.0e+000)
34.116 .... 128 packets received, 7787 bps, 97.34%, Err 0 (0.0e+000)
36.237 .... 136 packets received, 7783 bps, 97.29%, Err 0 (0.0e+000)
38.328 .... 144 packets received, 7786 bps, 97.33%, Err 0 (0.0e+000)
40.434 .... 152 packets received, 7786 bps, 97.32%, Err 0 (0.0e+000)
42.540 .... 160 packets received, 7785 bps, 97.32%, Err 0 (0.0e+000)
44.646 .... 168 packets received, 7785 bps, 97.31%, Err 0 (0.0e+000)
46.752 .... 176 packets received, 7785 bps, 97.31%, Err 0 (0.0e+000)
48.858 .... 184 packets received, 7785 bps, 97.31%, Err 0 (0.0e+000)
50.964 .... 192 packets received, 7784 bps, 97.31%, Err 0 (0.0e+000)
53.070 .... 200 packets received, 7784 bps, 97.30%, Err 0 (0.0e+000)
55.160 .... 208 packets received, 7786 bps, 97.33%, Err 0 (0.0e+000)
57.266 .... 216 packets received, 7786 bps, 97.33%, Err 0 (0.0e+000)
59.372 .... 224 packets received, 7786 bps, 97.32%, Err 0 (0.0e+000)
61.494 .... 232 packets received, 7784 bps, 97.30%, Err 0 (0.0e+000)
63.584 .... 240 packets received, 7785 bps, 97.32%, Err 0 (0.0e+000)
65.690 .... 248 packets received, 7785 bps, 97.32%, Err 0 (0.0e+000)
67.796 .... 256 packets received, 7785 bps, 97.31%, Err 0 (0.0e+000)
69.902 .... 264 packets received, 7785 bps, 97.31%, Err 0 (0.0e+000)
71.992 .... 272 packets received, 7787 bps, 97.33%, Err 0 (0.0e+000)
74.098 .... 280 packets received, 7786 bps, 97.33%, Err 0 (0.0e+000)
76.204 .... 288 packets received, 7786 bps, 97.33%, Err 0 (0.0e+000)
78.310 .... 296 packets received, 7786 bps, 97.32%, Err 0 (0.0e+000)
80.416 .... 304 packets received, 7786 bps, 97.32%, Err 0 (0.0e+000)
82.522 .... 312 packets received, 7786 bps, 97.32%, Err 0 (0.0e+000)
84.613 .... 320 packets received, 7787 bps, 97.34%, Err 0 (0.0e+000)
86.719 .... 328 packets received, 7787 bps, 97.33%, Err 0 (0.0e+000)
88.825 .... 336 packets received, 7787 bps, 97.33%, Err 0 (0.0e+000)
90.931 .... 344 packets received, 7786 bps, 97.33%, Err 0 (0.0e+000)
93.037 .... 352 packets received, 7786 bps, 97.33%, Err 0 (0.0e+000)
95.158 .... 360 packets received, 7785 bps, 97.31%, Err 0 (0.0e+000)
97.249 .... 368 packets received, 7786 bps, 97.32%, Err 0 (0.0e+000)
99.355 .... 376 packets received, 7786 bps, 97.32%, Err 0 (0.0e+000)
101.461 .... 384 packets received, 7786 bps, 97.32%, Err 0 (0.0e+000)
103.567 .... 392 packets received, 7786 bps, 97.32%, Err 0 (0.0e+000)
105.673 .... 400 packets received, 7785 bps, 97.32%, Err 0 (0.0e+000)
107.763 .... 408 packets received, 7786 bps, 97.33%, Err 0 (0.0e+000)
109.869 .... 416 packets received, 7786 bps, 97.33%, Err 0 (0.0e+000)
111.991 .... 424 packets received, 7785 bps, 97.31%, Err 0 (0.0e+000)
114.097 .... 432 packets received, 7785 bps, 97.31%, Err 0 (0.0e+000)
116.187 .... 440 packets received, 7786 bps, 97.32%, Err 0 (0.0e+000)
118.293 .... 448 packets received, 7786 bps, 97.32%, Err 0 (0.0e+000)
120.399 .... 456 packets received, 7786 bps, 97.32%, Err 0 (0.0e+000)
122.505 .... 464 packets received, 7786 bps, 97.32%, Err 0 (0.0e+000)
124.611 .... 472 packets received, 7786 bps, 97.32%, Err 0 (0.0e+000)
126.702 .... 480 packets received, 7786 bps, 97.33%, Err 0 (0.0e+000)
128.823 .... 488 packets received, 7785 bps, 97.32%, Err 0 (0.0e+000)
130.929 .... 496 packets received, 7785 bps, 97.32%, Err 0 (0.0e+000)
133.004 .... 504 packets received, 7787 bps, 97.34%, Err 0 (0.0e+000)
135.126 .... 512 packets received, 7786 bps, 97.32%, Err 0 (0.0e+000)
137.232 .... 520 packets received, 7786 bps, 97.32%, Err 0 (0.0e+000)
139.338 .... 528 packets received, 7786 bps, 97.32%, Err 0 (0.0e+000)
141.444 .... 536 packets received, 7786 bps, 97.32%, Err 0 (0.0e+000)
143.550 .... 544 packets received, 7786 bps, 97.32%, Err 0 (0.0e+000)
145.640 .... 552 packets received, 7786 bps, 97.33%, Err 0 (0.0e+000)
147.746 .... 560 packets received, 7786 bps, 97.33%, Err 0 (0.0e+000)
149.852 .... 568 packets received, 7786 bps, 97.33%, Err 0 (0.0e+000)
151.958 .... 576 packets received, 7786 bps, 97.33%, Err 0 (0.0e+000)
154.064 .... 584 packets received, 7786 bps, 97.33%, Err 0 (0.0e+000)
156.170 .... 592 packets received, 7786 bps, 97.32%, Err 0 (0.0e+000)
158.276 .... 600 packets received, 7786 bps, 97.32%, Err 0 (0.0e+000)
160.382 .... 608 packets received, 7786 bps, 97.32%, Err 0 (0.0e+000)
162.488 .... 616 packets received, 7786 bps, 97.32%, Err 0 (0.0e+000)
164.578 .... 624 packets received, 7786 bps, 97.33%, Err 0 (0.0e+000)
166.684 .... 632 packets received, 7786 bps, 97.33%, Err 0 (0.0e+000)
168.790 .... 640 packets received, 7786 bps, 97.33%, Err 0 (0.0e+000)
170.896 .... 648 packets received, 7786 bps, 97.33%, Err 0 (0.0e+000)
172.987 .... 656 packets received, 7787 bps, 97.33%, Err 0 (0.0e+000)
175.108 .... 664 packets received, 7786 bps, 97.32%, Err 0 (0.0e+000)
177.214 .... 672 packets received, 7786 bps, 97.32%, Err 0 (0.0e+000)
179.305 .... 680 packets received, 7786 bps, 97.33%, Err 0 (0.0e+000)
181.411 .... 688 packets received, 7786 bps, 97.33%, Err 0 (0.0e+000)
183.517 .... 696 packets received, 7786 bps, 97.33%, Err 0 (0.0e+000)
185.623 .... 704 packets received, 7786 bps, 97.33%, Err 0 (0.0e+000)
187.729 .... 712 packets received, 7786 bps, 97.33%, Err 0 (0.0e+000)
189.835 .... 720 packets received, 7786 bps, 97.33%, Err 0 (0.0e+000)
191.925 .... 728 packets received, 7787 bps, 97.33%, Err 0 (0.0e+000)
194.047 .... 736 packets received, 7786 bps, 97.32%, Err 0 (0.0e+000)
196.153 .... 744 packets received, 7786 bps, 97.32%, Err 0 (0.0e+000)
198.228 .... 752 packets received, 7787 bps, 97.34%, Err 0 (0.0e+000)
200.349 .... 760 packets received, 7786 bps, 97.33%, Err 0 (0.0e+000)
202.455 .... 768 packets received, 7786 bps, 97.33%, Err 0 (0.0e+000)
204.561 .... 776 packets received, 7786 bps, 97.33%, Err 0 (0.0e+000)
206.667 .... 784 packets received, 7786 bps, 97.33%, Err 0 (0.0e+000)
208.758 .... 792 packets received, 7787 bps, 97.33%, Err 0 (0.0e+000)
210.864 .... 800 packets received, 7787 bps, 97.33%, Err 0 (0.0e+000)
212.970 .... 808 packets received, 7787 bps, 97.33%, Err 0 (0.0e+000)
215.060 .... 816 packets received, 7787 bps, 97.34%, Err 0 (0.0e+000)
217.166 .... 824 packets received, 7787 bps, 97.34%, Err 0 (0.0e+000)
219.272 .... 832 packets received, 7787 bps, 97.34%, Err 0 (0.0e+000)
221.378 .... 840 packets received, 7787 bps, 97.34%, Err 0 (0.0e+000)
223.500 .... 848 packets received, 7786 bps, 97.33%, Err 0 (0.0e+000)
225.606 .... 856 packets received, 7786 bps, 97.33%, Err 0 (0.0e+000)
227.712 .... 864 packets received, 7786 bps, 97.33%, Err 0 (0.0e+000)
229.802 .... 872 packets received, 7787 bps, 97.33%, Err 0 (0.0e+000)
231.908 .... 880 packets received, 7787 bps, 97.33%, Err 0 (0.0e+000)
233.998 .... 888 packets received, 7787 bps, 97.34%, Err 0 (0.0e+000)
236.104 .... 896 packets received, 7787 bps, 97.34%, Err 0 (0.0e+000)
238.210 .... 904 packets received, 7787 bps, 97.34%, Err 0 (0.0e+000)
240.316 .... 912 packets received, 7787 bps, 97.33%, Err 0 (0.0e+000)
242.438 .... 920 packets received, 7786 bps, 97.33%, Err 0 (0.0e+000)
244.528 .... 928 packets received, 7787 bps, 97.33%, Err 0 (0.0e+000)
246.619 .... 936 packets received, 7787 bps, 97.34%, Err 0 (0.0e+000)
248.725 .... 944 packets received, 7787 bps, 97.34%, Err 0 (0.0e+000)
250.846 .... 952 packets received, 7786 bps, 97.33%, Err 0 (0.0e+000)
252.952 .... 960 packets received, 7786 bps, 97.33%, Err 0 (0.0e+000)
255.058 .... 968 packets received, 7786 bps, 97.33%, Err 0 (0.0e+000)
257.149 .... 976 packets received, 7787 bps, 97.33%, Err 0 (0.0e+000)
259.270 .... 984 packets received, 7786 bps, 97.33%, Err 0 (0.0e+000)
261.361 .... 992 packets received, 7787 bps, 97.33%, Err 0 (0.0e+000)
263.467 .... 1000 packets received, 7787 bps, 97.33%, Err 0 (0.0e+000)
265.557 .... 1008 packets received, 7787 bps, 97.34%, Err 0 (0.0e+000)
267.663 .... 1016 packets received, 7787 bps, 97.34%, Err 0 (0.0e+000)
269.769 .... 1024 packets received, 7787 bps, 97.34%, Err 0 (0.0e+000)
271.891 .... 1032 packets received, 7786 bps, 97.33%, Err 0 (0.0e+000)
273.997 .... 1040 packets received, 7786 bps, 97.33%, Err 0 (0.0e+000)
276.087 .... 1048 packets received, 7787 bps, 97.33%, Err 0 (0.0e+000)
278.193 .... 1056 packets received, 7787 bps, 97.33%, Err 0 (0.0e+000)
280.284 .... 1064 packets received, 7787 bps, 97.34%, Err 0 (0.0e+000)
282.405 .... 1072 packets received, 7787 bps, 97.33%, Err 0 (0.0e+000)
284.496 .... 1080 packets received, 7787 bps, 97.34%, Err 0 (0.0e+000)
286.617 .... 1088 packets received, 7786 bps, 97.33%, Err 0 (0.0e+000)
288.708 .... 1096 packets received, 7787 bps, 97.34%, Err 0 (0.0e+000)
290.814 .... 1104 packets received, 7787 bps, 97.33%, Err 0 (0.0e+000)
292.935 .... 1112 packets received, 7786 bps, 97.33%, Err 0 (0.0e+000)
295.026 .... 1120 packets received, 7787 bps, 97.33%, Err 0 (0.0e+000)
297.116 .... 1128 packets received, 7787 bps, 97.34%, Err 0 (0.0e+000)
299.222 .... 1136 packets received, 7787 bps, 97.34%, Err 0 (0.0e+000)
301.328 .... 1144 packets received, 7787 bps, 97.34%, Err 0 (0.0e+000)
303.450 .... 1152 packets received, 7786 bps, 97.33%, Err 0 (0.0e+000)
305.540 .... 1160 packets received, 7787 bps, 97.34%, Err 0 (0.0e+000)
307.662 .... 1168 packets received, 7786 bps, 97.33%, Err 0 (0.0e+000)
309.768 .... 1176 packets received, 7786 bps, 97.33%, Err 0 (0.0e+000)
311.858 .... 1184 packets received, 7787 bps, 97.33%, Err 0 (0.0e+000)
313.964 .... 1192 packets received, 7787 bps, 97.33%, Err 0 (0.0e+000)
316.054 .... 1200 packets received, 7787 bps, 97.34%, Err 0 (0.0e+000)
318.160 .... 1208 packets received, 7787 bps, 97.34%, Err 0 (0.0e+000)
320.282 .... 1216 packets received, 7787 bps, 97.33%, Err 0 (0.0e+000)
322.388 .... 1224 packets received, 7786 bps, 97.33%, Err 0 (0.0e+000)
324.478 .... 1232 packets received, 7787 bps, 97.34%, Err 0 (0.0e+000)
326.600 .... 1240 packets received, 7786 bps, 97.33%, Err 0 (0.0e+000)
328.690 .... 1248 packets received, 7787 bps, 97.33%, Err 0 (0.0e+000)
330.796 .... 1256 packets received, 7787 bps, 97.33%, Err 0 (0.0e+000)
332.902 .... 1264 packets received, 7787 bps, 97.33%, Err 0 (0.0e+000)
335.008 .... 1272 packets received, 7787 bps, 97.33%, Err 0 (0.0e+000)
337.114 .... 1280 packets received, 7787 bps, 97.33%, Err 0 (0.0e+000)
339.205 .... 1288 packets received, 7787 bps, 97.34%, Err 0 (0.0e+000)
341.326 .... 1296 packets received, 7786 bps, 97.33%, Err 0 (0.0e+000)
343.432 .... 1304 packets received, 7786 bps, 97.33%, Err 0 (0.0e+000)
345.523 .... 1312 packets received, 7787 bps, 97.33%, Err 0 (0.0e+000)
347.629 .... 1320 packets received, 7787 bps, 97.33%, Err 0 (0.0e+000)
349.719 .... 1328 packets received, 7787 bps, 97.34%, Err 0 (0.0e+000)
351.841 .... 1336 packets received, 7787 bps, 97.33%, Err 0 (0.0e+000)
353.947 .... 1344 packets received, 7787 bps, 97.33%, Err 0 (0.0e+000)
356.053 .... 1352 packets received, 7787 bps, 97.33%, Err 0 (0.0e+000)
358.159 .... 1360 packets received, 7786 bps, 97.33%, Err 0 (0.0e+000)
360.265 .... 1368 packets received, 7786 bps, 97.33%, Err 0 (0.0e+000)
362.355 .... 1376 packets received, 7787 bps, 97.33%, Err 0 (0.0e+000)
364.446 .... 1384 packets received, 7787 bps, 97.34%, Err 0 (0.0e+000)
366.567 .... 1392 packets received, 7787 bps, 97.33%, Err 0 (0.0e+000)
368.658 .... 1400 packets received, 7787 bps, 97.34%, Err 0 (0.0e+000)
370.764 .... 1408 packets received, 7787 bps, 97.34%, Err 0 (0.0e+000)
372.885 .... 1416 packets received, 7787 bps, 97.33%, Err 0 (0.0e+000)
374.991 .... 1424 packets received, 7786 bps, 97.33%, Err 0 (0.0e+000)
377.097 .... 1432 packets received, 7786 bps, 97.33%, Err 0 (0.0e+000)
379.172 .... 1440 packets received, 7787 bps, 97.34%, Err 0 (0.0e+000)
381.278 .... 1448 packets received, 7787 bps, 97.34%, Err 0 (0.0e+000)
383.400 .... 1456 packets received, 7787 bps, 97.33%, Err 0 (0.0e+000)
385.490 .... 1464 packets received, 7787 bps, 97.34%, Err 0 (0.0e+000)
387.612 .... 1472 packets received, 7787 bps, 97.33%, Err 0 (0.0e+000)
389.718 .... 1480 packets received, 7787 bps, 97.33%, Err 0 (0.0e+000)
391.824 .... 1488 packets received, 7786 bps, 97.33%, Err 0 (0.0e+000)
393.930 .... 1496 packets received, 7786 bps, 97.33%, Err 0 (0.0e+000)
396.020 .... 1504 packets received, 7787 bps, 97.33%, Err 0 (0.0e+000)
398.126 .... 1512 packets received, 7787 bps, 97.33%, Err 0 (0.0e+000)
400.232 .... 1520 packets received, 7787 bps, 97.33%, Err 0 (0.0e+000)
402.322 .... 1528 packets received, 7787 bps, 97.34%, Err 0 (0.0e+000)
404.428 .... 1536 packets received, 7787 bps, 97.34%, Err 0 (0.0e+000)
406.534 .... 1544 packets received, 7787 bps, 97.34%, Err 0 (0.0e+000)
408.640 .... 1552 packets received, 7787 bps, 97.34%, Err 0 (0.0e+000)
410.731 .... 1560 packets received, 7787 bps, 97.34%, Err 0 (0.0e+000)
412.837 .... 1568 packets received, 7787 bps, 97.34%, Err 0 (0.0e+000)
414.943 .... 1576 packets received, 7787 bps, 97.34%, Err 0 (0.0e+000)
417.049 .... 1584 packets received, 7787 bps, 97.34%, Err 0 (0.0e+000)
419.155 .... 1592 packets received, 7787 bps, 97.34%, Err 0 (0.0e+000)
421.276 .... 1600 packets received, 7787 bps, 97.33%, Err 0 (0.0e+000)
423.367 .... 1608 packets received, 7787 bps, 97.34%, Err 0 (0.0e+000)
425.473 .... 1616 packets received, 7787 bps, 97.34%, Err 0 (0.0e+000)
427.579 .... 1624 packets received, 7787 bps, 97.33%, Err 0 (0.0e+000)
429.669 .... 1632 packets received, 7787 bps, 97.34%, Err 0 (0.0e+000)
431.791 .... 1640 packets received, 7787 bps, 97.33%, Err 0 (0.0e+000)
433.881 .... 1648 packets received, 7787 bps, 97.34%, Err 0 (0.0e+000)
435.987 .... 1656 packets received, 7787 bps, 97.34%, Err 0 (0.0e+000)
438.093 .... 1664 packets received, 7787 bps, 97.34%, Err 0 (0.0e+000)
440.199 .... 1672 packets received, 7787 bps, 97.34%, Err 0 (0.0e+000)
442.305 .... 1680 packets received, 7787 bps, 97.34%, Err 0 (0.0e+000)
444.411 .... 1688 packets received, 7787 bps, 97.33%, Err 0 (0.0e+000)
446.502 .... 1696 packets received, 7787 bps, 97.34%, Err 0 (0.0e+000)
448.608 .... 1704 packets received, 7787 bps, 97.34%, Err 0 (0.0e+000)
450.714 .... 1712 packets received, 7787 bps, 97.34%, Err 0 (0.0e+000)
452.820 .... 1720 packets received, 7787 bps, 97.34%, Err 0 (0.0e+000)
454.926 .... 1728 packets received, 7787 bps, 97.34%, Err 0 (0.0e+000)
457.032 .... 1736 packets received, 7787 bps, 97.34%, Err 0 (0.0e+000)
459.138 .... 1744 packets received, 7787 bps, 97.34%, Err 0 (0.0e+000)
461.228 .... 1752 packets received, 7787 bps, 97.34%, Err 0 (0.0e+000)
463.334 .... 1760 packets received, 7787 bps, 97.34%, Err 0 (0.0e+000)
465.440 .... 1768 packets received, 7787 bps, 97.34%, Err 0 (0.0e+000)
467.546 .... 1776 packets received, 7787 bps, 97.34%, Err 0 (0.0e+000)
469.652 .... 1784 packets received, 7787 bps, 97.34%, Err 0 (0.0e+000)
471.758 .... 1792 packets received, 7787 bps, 97.34%, Err 0 (0.0e+000)
473.864 .... 1800 packets received, 7787 bps, 97.34%, Err 0 (0.0e+000)
475.970 .... 1808 packets received, 7787 bps, 97.34%, Err 0 (0.0e+000)
478.076 .... 1816 packets received, 7787 bps, 97.33%, Err 0 (0.0e+000)
480.166 .... 1824 packets received, 7787 bps, 97.34%, Err 0 (0.0e+000)
482.272 .... 1832 packets received, 7787 bps, 97.34%, Err 0 (0.0e+000)
484.378 .... 1840 packets received, 7787 bps, 97.34%, Err 0 (0.0e+000)
486.484 .... 1848 packets received, 7787 bps, 97.34%, Err 0 (0.0e+000)
488.590 .... 1856 packets received, 7787 bps, 97.34%, Err 0 (0.0e+000)
490.696 .... 1864 packets received, 7787 bps, 97.34%, Err 0 (0.0e+000)
492.787 .... 1872 packets received, 7787 bps, 97.34%, Err 0 (0.0e+000)
494.893 .... 1880 packets received, 7787 bps, 97.34%, Err 0 (0.0e+000)
496.999 .... 1888 packets received, 7787 bps, 97.34%, Err 0 (0.0e+000)
499.105 .... 1896 packets received, 7787 bps, 97.34%, Err 0 (0.0e+000)
501.226 .... 1904 packets received, 7787 bps, 97.33%, Err 0 (0.0e+000)
503.317 .... 1912 packets received, 7787 bps, 97.34%, Err 0 (0.0e+000)
505.438 .... 1920 packets received, 7787 bps, 97.33%, Err 0 (0.0e+000)
507.544 .... 1928 packets received, 7787 bps, 97.33%, Err 0 (0.0e+000)
509.635 .... 1936 packets received, 7787 bps, 97.34%, Err 0 (0.0e+000)
511.741 .... 1944 packets received, 7787 bps, 97.33%, Err 0 (0.0e+000)
513.847 .... 1952 packets received, 7787 bps, 97.33%, Err 0 (0.0e+000)
515.953 .... 1960 packets received, 7787 bps, 97.33%, Err 0 (0.0e+000)
518.059 .... 1968 packets received, 7787 bps, 97.33%, Err 0 (0.0e+000)
520.165 .... 1976 packets received, 7787 bps, 97.33%, Err 0 (0.0e+000)
522.271 .... 1984 packets received, 7787 bps, 97.33%, Err 0 (0.0e+000)
524.361 .... 1992 packets received, 7787 bps, 97.34%, Err 0 (0.0e+000)
526.467 .... 2000 packets received, 7787 bps, 97.34%, Err 0 (0.0e+000)
528.573 .... 2008 packets received, 7787 bps, 97.34%, Err 0 (0.0e+000)
530.679 .... 2016 packets received, 7787 bps, 97.33%, Err 0 (0.0e+000)
532.770 .... 2024 packets received, 7787 bps, 97.34%, Err 0 (0.0e+000)
534.876 .... 2032 packets received, 7787 bps, 97.34%, Err 0 (0.0e+000)
536.997 .... 2040 packets received, 7787 bps, 97.33%, Err 0 (0.0e+000)
539.103 .... 2048 packets received, 7787 bps, 97.33%, Err 0 (0.0e+000)
541.209 .... 2056 packets received, 7787 bps, 97.33%, Err 0 (0.0e+000)
543.284 .... 2064 packets received, 7787 bps, 97.34%, Err 0 (0.0e+000)
545.406 .... 2072 packets received, 7787 bps, 97.34%, Err 0 (0.0e+000)
547.512 .... 2080 packets received, 7787 bps, 97.33%, Err 0 (0.0e+000)
549.618 .... 2088 packets received, 7787 bps, 97.33%, Err 0 (0.0e+000)
551.708 .... 2096 packets received, 7787 bps, 97.34%, Err 0 (0.0e+000)
553.814 .... 2104 packets received, 7787 bps, 97.34%, Err 0 (0.0e+000)
555.936 .... 2112 packets received, 7787 bps, 97.33%, Err 0 (0.0e+000)
558.042 .... 2120 packets received, 7787 bps, 97.33%, Err 0 (0.0e+000)
560.132 .... 2128 packets received, 7787 bps, 97.34%, Err 0 (0.0e+000)
562.238 .... 2136 packets received, 7787 bps, 97.34%, Err 0 (0.0e+000)
564.344 .... 2144 packets received, 7787 bps, 97.33%, Err 0 (0.0e+000)
566.450 .... 2152 packets received, 7787 bps, 97.33%, Err 0 (0.0e+000)
568.556 .... 2160 packets received, 7787 bps, 97.33%, Err 0 (0.0e+000)
570.662 .... 2168 packets received, 7787 bps, 97.33%, Err 0 (0.0e+000)
572.768 .... 2176 packets received, 7787 bps, 97.33%, Err 0 (0.0e+000)
574.858 .... 2184 packets received, 7787 bps, 97.34%, Err 0 (0.0e+000)
576.964 .... 2192 packets received, 7787 bps, 97.34%, Err 0 (0.0e+000)
579.070 .... 2200 packets received, 7787 bps, 97.34%, Err 0 (0.0e+000)
581.176 .... 2208 packets received, 7787 bps, 97.33%, Err 0 (0.0e+000)
583.282 .... 2216 packets received, 7787 bps, 97.33%, Err 0 (0.0e+000)
585.373 .... 2224 packets received, 7787 bps, 97.34%, Err 0 (0.0e+000)
587.494 .... 2232 packets received, 7787 bps, 97.33%, Err 0 (0.0e+000)
589.600 .... 2240 packets received, 7787 bps, 97.33%, Err 0 (0.0e+000)
591.691 .... 2248 packets received, 7787 bps, 97.34%, Err 0 (0.0e+000)
593.797 .... 2256 packets received, 7787 bps, 97.34%, Err 0 (0.0e+000)
595.887 .... 2264 packets received, 7787 bps, 97.34%, Err 0 (0.0e+000)
598.009 .... 2272 packets received, 7787 bps, 97.33%, Err 0 (0.0e+000)
600.115 .... 2280 packets received, 7787 bps, 97.33%, Err 0 (0.0e+000)
602.205 .... 2288 packets received, 7787 bps, 97.34%, Err 0 (0.0e+000)
604.327 .... 2296 packets received, 7787 bps, 97.33%, Err 0 (0.0e+000)
606.433 .... 2304 packets received, 7787 bps, 97.33%, Err 0 (0.0e+000)
608.508 .... 2312 packets received, 7787 bps, 97.34%, Err 0 (0.0e+000)
610.614 .... 2320 packets received, 7787 bps, 97.34%, Err 0 (0.0e+000)
612.720 .... 2328 packets received, 7787 bps, 97.34%, Err 0 (0.0e+000)
614.841 .... 2336 packets received, 7787 bps, 97.33%, Err 0 (0.0e+000)
616.932 .... 2344 packets received, 7787 bps, 97.34%, Err 0 (0.0e+000)
619.038 .... 2352 packets received, 7787 bps, 97.34%, Err 0 (0.0e+000)
621.144 .... 2360 packets received, 7787 bps, 97.34%, Err 0 (0.0e+000)
623.250 .... 2368 packets received, 7787 bps, 97.34%, Err 0 (0.0e+000)
625.340 .... 2376 packets received, 7787 bps, 97.34%, Err 0 (0.0e+000)
627.446 .... 2384 packets received, 7787 bps, 97.34%, Err 0 (0.0e+000)
629.552 .... 2392 packets received, 7787 bps, 97.34%, Err 0 (0.0e+000)
631.674 .... 2400 packets received, 7787 bps, 97.33%, Err 0 (0.0e+000)
633.764 .... 2408 packets received, 7787 bps, 97.34%, Err 0 (0.0e+000)
635.870 .... 2416 packets received, 7787 bps, 97.34%, Err 0 (0.0e+000)
637.976 .... 2424 packets received, 7787 bps, 97.34%, Err 0 (0.0e+000)
640.082 .... 2432 packets received, 7787 bps, 97.34%, Err 0 (0.0e+000)
642.188 .... 2440 packets received, 7787 bps, 97.34%, Err 0 (0.0e+000)
644.278 .... 2448 packets received, 7787 bps, 97.34%, Err 0 (0.0e+000)
646.400 .... 2456 packets received, 7787 bps, 97.34%, Err 0 (0.0e+000)
648.490 .... 2464 packets received, 7787 bps, 97.34%, Err 0 (0.0e+000)
650.596 .... 2472 packets received, 7787 bps, 97.34%, Err 0 (0.0e+000)
652.702 .... 2480 packets received, 7787 bps, 97.34%, Err 0 (0.0e+000)
654.808 .... 2488 packets received, 7787 bps, 97.34%, Err 0 (0.0e+000)
656.899 .... 2496 packets received, 7787 bps, 97.34%, Err 0 (0.0e+000)
659.020 .... 2504 packets received, 7787 bps, 97.34%, Err 0 (0.0e+000)
661.126 .... 2512 packets received, 7787 bps, 97.34%, Err 0 (0.0e+000)
663.232 .... 2520 packets received, 7787 bps, 97.34%, Err 0 (0.0e+000)
665.323 .... 2528 packets received, 7787 bps, 97.34%, Err 0 (0.0e+000)
667.429 .... 2536 packets received, 7787 bps, 97.34%, Err 0 (0.0e+000)
669.550 .... 2544 packets received, 7787 bps, 97.33%, Err 0 (0.0e+000)
671.641 .... 2552 packets received, 7787 bps, 97.34%, Err 0 (0.0e+000)
673.731 .... 2560 packets received, 7787 bps, 97.34%, Err 0 (0.0e+000)
675.837 .... 2568 packets received, 7787 bps, 97.34%, Err 0 (0.0e+000)
677.943 .... 2576 packets received, 7787 bps, 97.34%, Err 0 (0.0e+000)
680.065 .... 2584 packets received, 7787 bps, 97.34%, Err 0 (0.0e+000)
682.171 .... 2592 packets received, 7787 bps, 97.33%, Err 0 (0.0e+000)
684.261 .... 2600 packets received, 7787 bps, 97.34%, Err 0 (0.0e+000)
686.383 .... 2608 packets received, 7787 bps, 97.33%, Err 0 (0.0e+000)
688.489 .... 2616 packets received, 7787 bps, 97.33%, Err 0 (0.0e+000)
690.579 .... 2624 packets received, 7787 bps, 97.34%, Err 0 (0.0e+000)
692.670 .... 2632 packets received, 7787 bps, 97.34%, Err 0 (0.0e+000)
694.791 .... 2640 packets received, 7787 bps, 97.34%, Err 0 (0.0e+000)
696.882 .... 2648 packets received, 7787 bps, 97.34%, Err 0 (0.0e+000)
698.988 .... 2656 packets received, 7787 bps, 97.34%, Err 0 (0.0e+000)
701.109 .... 2664 packets received, 7787 bps, 97.33%, Err 0 (0.0e+000)
703.200 .... 2672 packets received, 7787 bps, 97.34%, Err 0 (0.0e+000)
705.321 .... 2680 packets received, 7787 bps, 97.33%, Err 0 (0.0e+000)
707.396 .... 2688 packets received, 7787 bps, 97.34%, Err 0 (0.0e+000)
709.502 .... 2696 packets received, 7787 bps, 97.34%, Err 0 (0.0e+000)
711.624 .... 2704 packets received, 7787 bps, 97.34%, Err 0 (0.0e+000)
713.730 .... 2712 packets received, 7787 bps, 97.34%, Err 0 (0.0e+000)
715.836 .... 2720 packets received, 7787 bps, 97.34%, Err 0 (0.0e+000)
717.942 .... 2728 packets received, 7787 bps, 97.33%, Err 0 (0.0e+000)
720.048 .... 2736 packets received, 7787 bps, 97.33%, Err 0 (0.0e+000)
722.138 .... 2744 packets received, 7787 bps, 97.34%, Err 0 (0.0e+000)
724.228 .... 2752 packets received, 7787 bps, 97.34%, Err 0 (0.0e+000)
726.350 .... 2760 packets received, 7787 bps, 97.34%, Err 0 (0.0e+000)
728.440 .... 2768 packets received, 7787 bps, 97.34%, Err 0 (0.0e+000)
730.562 .... 2776 packets received, 7787 bps, 97.34%, Err 0 (0.0e+000)
732.668 .... 2784 packets received, 7787 bps, 97.34%, Err 0 (0.0e+000)
734.774 .... 2792 packets received, 7787 bps, 97.33%, Err 0 (0.0e+000)
736.864 .... 2800 packets received, 7787 bps, 97.34%, Err 0 (0.0e+000)
738.970 .... 2808 packets received, 7787 bps, 97.34%, Err 0 (0.0e+000)
741.076 .... 2816 packets received, 7787 bps, 97.34%, Err 0 (0.0e+000)
743.167 .... 2824 packets received, 7787 bps, 97.34%, Err 0 (0.0e+000)
745.288 .... 2832 packets received, 7787 bps, 97.34%, Err 0 (0.0e+000)
747.394 .... 2840 packets received, 7787 bps, 97.34%, Err 0 (0.0e+000)
749.500 .... 2848 packets received, 7787 bps, 97.34%, Err 0 (0.0e+000)
751.606 .... 2856 packets received, 7787 bps, 97.33%, Err 0 (0.0e+000)
753.697 .... 2864 packets received, 7787 bps, 97.34%, Err 0 (0.0e+000)
755.803 .... 2872 packets received, 7787 bps, 97.34%, Err 0 (0.0e+000)
757.893 .... 2880 packets received, 7787 bps, 97.34%, Err 0 (0.0e+000)
760.015 .... 2888 packets received, 7787 bps, 97.34%, Err 0 (0.0e+000)
762.121 .... 2896 packets received, 7787 bps, 97.34%, Err 0 (0.0e+000)
764.227 .... 2904 packets received, 7787 bps, 97.34%, Err 0 (0.0e+000)
766.333 .... 2912 packets received, 7787 bps, 97.34%, Err 0 (0.0e+000)
768.423 .... 2920 packets received, 7787 bps, 97.34%, Err 0 (0.0e+000)
770.545 .... 2928 packets received, 7787 bps, 97.33%, Err 0 (0.0e+000)
772.620 .... 2936 packets received, 7787 bps, 97.34%, Err 0 (0.0e+000)
774.741 .... 2944 packets received, 7787 bps, 97.34%, Err 0 (0.0e+000)
776.847 .... 2952 packets received, 7787 bps, 97.34%, Err 0 (0.0e+000)
778.938 .... 2960 packets received, 7787 bps, 97.34%, Err 0 (0.0e+000)
781.059 .... 2968 packets received, 7787 bps, 97.34%, Err 0 (0.0e+000)
783.165 .... 2976 packets received, 7787 bps, 97.34%, Err 0 (0.0e+000)
785.271 .... 2984 packets received, 7787 bps, 97.33%, Err 0 (0.0e+000)
787.362 .... 2992 packets received, 7787 bps, 97.34%, Err 0 (0.0e+000)
789.468 .... 3000 packets received, 7787 bps, 97.34%, Err 0 (0.0e+000)
791.558 .... 3008 packets received, 7787 bps, 97.34%, Err 0 (0.0e+000)
793.664 .... 3016 packets received, 7787 bps, 97.34%, Err 0 (0.0e+000)
795.770 .... 3024 packets received, 7787 bps, 97.34%, Err 0 (0.0e+000)
797.892 .... 3032 packets received, 7787 bps, 97.34%, Err 0 (0.0e+000)
799.998 .... 3040 packets received, 7787 bps, 97.34%, Err 0 (0.0e+000)
802.088 .... 3048 packets received, 7787 bps, 97.34%, Err 0 (0.0e+000)
804.194 .... 3056 packets received, 7787 bps, 97.34%, Err 0 (0.0e+000)
806.300 .... 3064 packets received, 7787 bps, 97.34%, Err 0 (0.0e+000)
808.406 .... 3072 packets received, 7787 bps, 97.34%, Err 0 (0.0e+000)
810.512 .... 3080 packets received, 7787 bps, 97.34%, Err 0 (0.0e+000)
812.618 .... 3088 packets received, 7787 bps, 97.34%, Err 0 (0.0e+000)
814.724 .... 3096 packets received, 7787 bps, 97.34%, Err 0 (0.0e+000)
816.814 .... 3104 packets received, 7787 bps, 97.34%, Err 0 (0.0e+000)
818.936 .... 3112 packets received, 7787 bps, 97.33%, Err 0 (0.0e+000)
820.015 ** WARNING: System too busy, sleep 15 ms, but be awakened 1017 ms later
821.014 .... 3117 packets received, 7780 bps, 97.24%, Err 0 (0.0e+000)
823.104 .... 3125 packets received, 7780 bps, 97.25%, Err 0 (0.0e+000)
825.226 .... 3133 packets received, 7780 bps, 97.24%, Err 0 (0.0e+000)
827.332 .... 3141 packets received, 7780 bps, 97.24%, Err 0 (0.0e+000)
829.438 .... 3149 packets received, 7780 bps, 97.24%, Err 0 (0.0e+000)
831.528 .... 3157 packets received, 7780 bps, 97.25%, Err 0 (0.0e+000)
833.618 .... 3165 packets received, 7780 bps, 97.25%, Err 0 (0.0e+000)
835.724 .... 3173 packets received, 7780 bps, 97.25%, Err 0 (0.0e+000)
837.846 .... 3181 packets received, 7780 bps, 97.25%, Err 0 (0.0e+000)
839.936 .... 3189 packets received, 7780 bps, 97.25%, Err 0 (0.0e+000)
842.058 .... 3197 packets received, 7780 bps, 97.25%, Err 0 (0.0e+000)
844.148 .... 3205 packets received, 7780 bps, 97.25%, Err 0 (0.0e+000)
846.254 .... 3213 packets received, 7780 bps, 97.25%, Err 0 (0.0e+000)
848.360 .... 3221 packets received, 7780 bps, 97.25%, Err 0 (0.0e+000)
850.466 .... 3229 packets received, 7780 bps, 97.25%, Err 0 (0.0e+000)
852.572 .... 3237 packets received, 7780 bps, 97.25%, Err 0 (0.0e+000)
854.663 .... 3245 packets received, 7780 bps, 97.25%, Err 0 (0.0e+000)
856.769 .... 3253 packets received, 7780 bps, 97.25%, Err 0 (0.0e+000)
858.890 .... 3261 packets received, 7780 bps, 97.25%, Err 0 (0.0e+000)
860.996 .... 3269 packets received, 7780 bps, 97.25%, Err 0 (0.0e+000)
863.087 .... 3277 packets received, 7780 bps, 97.25%, Err 0 (0.0e+000)
865.193 .... 3285 packets received, 7780 bps, 97.25%, Err 0 (0.0e+000)
867.299 .... 3293 packets received, 7780 bps, 97.25%, Err 0 (0.0e+000)
869.405 .... 3301 packets received, 7780 bps, 97.25%, Err 0 (0.0e+000)
871.511 .... 3309 packets received, 7780 bps, 97.25%, Err 0 (0.0e+000)
873.601 .... 3317 packets received, 7780 bps, 97.25%, Err 0 (0.0e+000)
875.723 .... 3325 packets received, 7780 bps, 97.25%, Err 0 (0.0e+000)
877.813 .... 3333 packets received, 7780 bps, 97.25%, Err 0 (0.0e+000)
879.919 .... 3341 packets received, 7780 bps, 97.25%, Err 0 (0.0e+000)
882.025 .... 3349 packets received, 7780 bps, 97.25%, Err 0 (0.0e+000)
884.131 .... 3357 packets received, 7780 bps, 97.25%, Err 0 (0.0e+000)
886.237 .... 3365 packets received, 7780 bps, 97.25%, Err 0 (0.0e+000)
888.343 .... 3373 packets received, 7780 bps, 97.25%, Err 0 (0.0e+000)
890.434 .... 3381 packets received, 7780 bps, 97.25%, Err 0 (0.0e+000)
892.540 .... 3389 packets received, 7780 bps, 97.25%, Err 0 (0.0e+000)
894.661 .... 3397 packets received, 7780 bps, 97.25%, Err 0 (0.0e+000)
896.767 .... 3405 packets received, 7780 bps, 97.25%, Err 0 (0.0e+000)
898.858 .... 3413 packets received, 7780 bps, 97.25%, Err 0 (0.0e+000)
900.964 .... 3421 packets received, 7780 bps, 97.25%, Err 0 (0.0e+000)
903.070 .... 3429 packets received, 7780 bps, 97.25%, Err 0 (0.0e+000)
905.176 .... 3437 packets received, 7780 bps, 97.25%, Err 0 (0.0e+000)
907.282 .... 3445 packets received, 7780 bps, 97.25%, Err 0 (0.0e+000)
909.388 .... 3453 packets received, 7780 bps, 97.25%, Err 0 (0.0e+000)
911.494 .... 3461 packets received, 7780 bps, 97.25%, Err 0 (0.0e+000)
913.600 .... 3469 packets received, 7780 bps, 97.25%, Err 0 (0.0e+000)
915.690 .... 3477 packets received, 7780 bps, 97.25%, Err 0 (0.0e+000)
917.780 .... 3485 packets received, 7781 bps, 97.26%, Err 0 (0.0e+000)
919.902 .... 3493 packets received, 7780 bps, 97.25%, Err 0 (0.0e+000)
922.008 .... 3501 packets received, 7780 bps, 97.25%, Err 0 (0.0e+000)
924.114 .... 3509 packets received, 7780 bps, 97.25%, Err 0 (0.0e+000)
926.220 .... 3517 packets received, 7780 bps, 97.25%, Err 0 (0.0e+000)
928.326 .... 3525 packets received, 7780 bps, 97.25%, Err 0 (0.0e+000)
930.416 .... 3533 packets received, 7780 bps, 97.26%, Err 0 (0.0e+000)
932.522 .... 3541 packets received, 7780 bps, 97.26%, Err 0 (0.0e+000)
934.628 .... 3549 packets received, 7780 bps, 97.26%, Err 0 (0.0e+000)
936.734 .... 3557 packets received, 7780 bps, 97.26%, Err 0 (0.0e+000)
938.825 .... 3565 packets received, 7781 bps, 97.26%, Err 0 (0.0e+000)
940.931 .... 3573 packets received, 7781 bps, 97.26%, Err 0 (0.0e+000)
943.037 .... 3581 packets received, 7781 bps, 97.26%, Err 0 (0.0e+000)
945.158 .... 3589 packets received, 7780 bps, 97.26%, Err 0 (0.0e+000)
947.249 .... 3597 packets received, 7781 bps, 97.26%, Err 0 (0.0e+000)
949.355 .... 3605 packets received, 7781 bps, 97.26%, Err 0 (0.0e+000)
951.461 .... 3613 packets received, 7781 bps, 97.26%, Err 0 (0.0e+000)
953.567 .... 3621 packets received, 7781 bps, 97.26%, Err 0 (0.0e+000)
955.673 .... 3629 packets received, 7781 bps, 97.26%, Err 0 (0.0e+000)
957.763 .... 3637 packets received, 7781 bps, 97.26%, Err 0 (0.0e+000)
959.885 .... 3645 packets received, 7781 bps, 97.26%, Err 0 (0.0e+000)
961.991 .... 3653 packets received, 7781 bps, 97.26%, Err 0 (0.0e+000)
964.081 .... 3661 packets received, 7781 bps, 97.26%, Err 0 (0.0e+000)
966.187 .... 3669 packets received, 7781 bps, 97.26%, Err 0 (0.0e+000)
968.293 .... 3677 packets received, 7781 bps, 97.26%, Err 0 (0.0e+000)
970.384 .... 3685 packets received, 7781 bps, 97.26%, Err 0 (0.0e+000)
972.505 .... 3693 packets received, 7781 bps, 97.26%, Err 0 (0.0e+000)
974.611 .... 3701 packets received, 7781 bps, 97.26%, Err 0 (0.0e+000)
976.717 .... 3709 packets received, 7781 bps, 97.26%, Err 0 (0.0e+000)
978.808 .... 3717 packets received, 7781 bps, 97.26%, Err 0 (0.0e+000)
980.898 .... 3725 packets received, 7781 bps, 97.26%, Err 0 (0.0e+000)
983.020 .... 3733 packets received, 7781 bps, 97.26%, Err 0 (0.0e+000)
985.126 .... 3741 packets received, 7781 bps, 97.26%, Err 0 (0.0e+000)
987.216 .... 3749 packets received, 7781 bps, 97.26%, Err 0 (0.0e+000)
989.322 .... 3757 packets received, 7781 bps, 97.26%, Err 0 (0.0e+000)
991.428 .... 3765 packets received, 7781 bps, 97.26%, Err 0 (0.0e+000)
993.550 .... 3773 packets received, 7781 bps, 97.26%, Err 0 (0.0e+000)
995.656 .... 3781 packets received, 7781 bps, 97.26%, Err 0 (0.0e+000)
997.746 .... 3789 packets received, 7781 bps, 97.26%, Err 0 (0.0e+000)
999.852 .... 3797 packets received, 7781 bps, 97.26%, Err 0 (0.0e+000)
1001.958 .... 3805 packets received, 7781 bps, 97.26%, Err 0 (0.0e+000)
1004.071 .... 3813 packets received, 7781 bps, 97.26%, Err 0 (0.0e+000)
1006.165 .... 3821 packets received, 7781 bps, 97.26%, Err 0 (0.0e+000)
1008.271 .... 3829 packets received, 7781 bps, 97.26%, Err 0 (0.0e+000)
1010.362 .... 3837 packets received, 7781 bps, 97.26%, Err 0 (0.0e+000)
1012.468 .... 3845 packets received, 7781 bps, 97.26%, Err 0 (0.0e+000)
1014.589 .... 3853 packets received, 7781 bps, 97.26%, Err 0 (0.0e+000)
1016.680 .... 3861 packets received, 7781 bps, 97.26%, Err 0 (0.0e+000)
1018.786 .... 3869 packets received, 7781 bps, 97.26%, Err 0 (0.0e+000)
1020.892 .... 3877 packets received, 7781 bps, 97.26%, Err 0 (0.0e+000)
1022.998 .... 3885 packets received, 7781 bps, 97.26%, Err 0 (0.0e+000)
1025.088 .... 3893 packets received, 7781 bps, 97.26%, Err 0 (0.0e+000)
1027.194 .... 3901 packets received, 7781 bps, 97.26%, Err 0 (0.0e+000)
1029.300 .... 3909 packets received, 7781 bps, 97.26%, Err 0 (0.0e+000)
1031.422 .... 3917 packets received, 7781 bps, 97.26%, Err 0 (0.0e+000)
1033.528 .... 3925 packets received, 7781 bps, 97.26%, Err 0 (0.0e+000)
1035.618 .... 3933 packets received, 7781 bps, 97.26%, Err 0 (0.0e+000)
1037.709 .... 3941 packets received, 7781 bps, 97.27%, Err 0 (0.0e+000)
1039.815 .... 3949 packets received, 7781 bps, 97.27%, Err 0 (0.0e+000)
1041.921 .... 3957 packets received, 7781 bps, 97.27%, Err 0 (0.0e+000)
1044.027 .... 3965 packets received, 7781 bps, 97.27%, Err 0 (0.0e+000)
1046.133 .... 3973 packets received, 7781 bps, 97.27%, Err 0 (0.0e+000)
1048.239 .... 3981 packets received, 7781 bps, 97.27%, Err 0 (0.0e+000)
1050.329 .... 3989 packets received, 7781 bps, 97.27%, Err 0 (0.0e+000)
1052.435 .... 3997 packets received, 7781 bps, 97.27%, Err 0 (0.0e+000)
1054.541 .... 4005 packets received, 7781 bps, 97.27%, Err 0 (0.0e+000)
1056.647 .... 4013 packets received, 7781 bps, 97.27%, Err 0 (0.0e+000)
1058.753 .... 4021 packets received, 7781 bps, 97.27%, Err 0 (0.0e+000)
1060.875 .... 4029 packets received, 7781 bps, 97.27%, Err 0 (0.0e+000)
1062.965 .... 4037 packets received, 7781 bps, 97.27%, Err 0 (0.0e+000)
1065.087 .... 4045 packets received, 7781 bps, 97.27%, Err 0 (0.0e+000)
1067.161 .... 4053 packets received, 7781 bps, 97.27%, Err 0 (0.0e+000)
1069.267 .... 4061 packets received, 7781 bps, 97.27%, Err 0 (0.0e+000)
1071.389 .... 4069 packets received, 7781 bps, 97.27%, Err 0 (0.0e+000)
1073.495 .... 4077 packets received, 7781 bps, 97.27%, Err 0 (0.0e+000)
1075.585 .... 4085 packets received, 7781 bps, 97.27%, Err 0 (0.0e+000)
1077.691 .... 4093 packets received, 7781 bps, 97.27%, Err 0 (0.0e+000)
1079.797 .... 4101 packets received, 7781 bps, 97.27%, Err 0 (0.0e+000)
1081.919 .... 4109 packets received, 7781 bps, 97.27%, Err 0 (0.0e+000)
1083.994 .... 4117 packets received, 7782 bps, 97.27%, Err 0 (0.0e+000)
1086.115 .... 4125 packets received, 7781 bps, 97.27%, Err 0 (0.0e+000)
1088.221 .... 4133 packets received, 7781 bps, 97.27%, Err 0 (0.0e+000)
1090.327 .... 4141 packets received, 7781 bps, 97.27%, Err 0 (0.0e+000)
1092.418 .... 4149 packets received, 7782 bps, 97.27%, Err 0 (0.0e+000)
1094.524 .... 4157 packets received, 7782 bps, 97.27%, Err 0 (0.0e+000)
1096.645 .... 4165 packets received, 7781 bps, 97.27%, Err 0 (0.0e+000)
1098.736 .... 4173 packets received, 7781 bps, 97.27%, Err 0 (0.0e+000)
1100.826 .... 4181 packets received, 7782 bps, 97.27%, Err 0 (0.0e+000)
1102.948 .... 4189 packets received, 7781 bps, 97.27%, Err 0 (0.0e+000)
1105.038 .... 4197 packets received, 7782 bps, 97.27%, Err 0 (0.0e+000)
1107.160 .... 4205 packets received, 7781 bps, 97.27%, Err 0 (0.0e+000)
1109.266 .... 4213 packets received, 7781 bps, 97.27%, Err 0 (0.0e+000)
1111.372 .... 4221 packets received, 7781 bps, 97.27%, Err 0 (0.0e+000)
1113.462 .... 4229 packets received, 7782 bps, 97.27%, Err 0 (0.0e+000)
1115.584 .... 4237 packets received, 7781 bps, 97.27%, Err 0 (0.0e+000)
1117.674 .... 4245 packets received, 7782 bps, 97.27%, Err 0 (0.0e+000)
1119.780 .... 4253 packets received, 7782 bps, 97.27%, Err 0 (0.0e+000)
1121.886 .... 4261 packets received, 7782 bps, 97.27%, Err 0 (0.0e+000)
1123.992 .... 4269 packets received, 7782 bps, 97.27%, Err 0 (0.0e+000)
1126.098 .... 4277 packets received, 7782 bps, 97.27%, Err 0 (0.0e+000)
1128.204 .... 4285 packets received, 7782 bps, 97.27%, Err 0 (0.0e+000)
1130.295 .... 4293 packets received, 7782 bps, 97.27%, Err 0 (0.0e+000)
1132.401 .... 4301 packets received, 7782 bps, 97.27%, Err 0 (0.0e+000)
1134.507 .... 4309 packets received, 7782 bps, 97.27%, Err 0 (0.0e+000)
1136.613 .... 4317 packets received, 7782 bps, 97.27%, Err 0 (0.0e+000)
1138.719 .... 4325 packets received, 7782 bps, 97.27%, Err 0 (0.0e+000)
1140.825 .... 4333 packets received, 7782 bps, 97.27%, Err 0 (0.0e+000)
1142.931 .... 4341 packets received, 7782 bps, 97.27%, Err 0 (0.0e+000)
1145.037 .... 4349 packets received, 7782 bps, 97.27%, Err 0 (0.0e+000)
1147.143 .... 4357 packets received, 7782 bps, 97.27%, Err 0 (0.0e+000)
1149.217 .... 4365 packets received, 7782 bps, 97.27%, Err 0 (0.0e+000)
1151.339 .... 4373 packets received, 7782 bps, 97.27%, Err 0 (0.0e+000)
1153.429 .... 4381 packets received, 7782 bps, 97.27%, Err 0 (0.0e+000)
1155.535 .... 4389 packets received, 7782 bps, 97.27%, Err 0 (0.0e+000)
1157.641 .... 4397 packets received, 7782 bps, 97.27%, Err 0 (0.0e+000)
1159.763 .... 4405 packets received, 7782 bps, 97.27%, Err 0 (0.0e+000)
1161.869 .... 4413 packets received, 7782 bps, 97.27%, Err 0 (0.0e+000)
1163.975 .... 4421 packets received, 7782 bps, 97.27%, Err 0 (0.0e+000)
1166.050 .... 4429 packets received, 7782 bps, 97.27%, Err 0 (0.0e+000)
1168.171 .... 4437 packets received, 7782 bps, 97.27%, Err 0 (0.0e+000)
1170.262 .... 4445 packets received, 7782 bps, 97.27%, Err 0 (0.0e+000)
1172.383 .... 4453 packets received, 7782 bps, 97.27%, Err 0 (0.0e+000)
1174.474 .... 4461 packets received, 7782 bps, 97.27%, Err 0 (0.0e+000)
1176.595 .... 4469 packets received, 7782 bps, 97.27%, Err 0 (0.0e+000)
1178.701 .... 4477 packets received, 7782 bps, 97.27%, Err 0 (0.0e+000)
1180.807 .... 4485 packets received, 7782 bps, 97.27%, Err 0 (0.0e+000)
1182.898 .... 4493 packets received, 7782 bps, 97.27%, Err 0 (0.0e+000)
1184.988 .... 4501 packets received, 7782 bps, 97.27%, Err 0 (0.0e+000)
1187.110 .... 4509 packets received, 7782 bps, 97.27%, Err 0 (0.0e+000)
1189.200 .... 4517 packets received, 7782 bps, 97.27%, Err 0 (0.0e+000)
1191.306 .... 4525 packets received, 7782 bps, 97.27%, Err 0 (0.0e+000)
1193.428 .... 4533 packets received, 7782 bps, 97.27%, Err 0 (0.0e+000)
1195.534 .... 4541 packets received, 7782 bps, 97.27%, Err 0 (0.0e+000)
1197.640 .... 4549 packets received, 7782 bps, 97.27%, Err 0 (0.0e+000)
1199.730 .... 4557 packets received, 7782 bps, 97.27%, Err 0 (0.0e+000)
1201.821 .... 4565 packets received, 7782 bps, 97.28%, Err 0 (0.0e+000)
1203.927 .... 4573 packets received, 7782 bps, 97.28%, Err 0 (0.0e+000)
1206.048 .... 4581 packets received, 7782 bps, 97.27%, Err 0 (0.0e+000)
1208.139 .... 4589 packets received, 7782 bps, 97.28%, Err 0 (0.0e+000)
1210.245 .... 4597 packets received, 7782 bps, 97.28%, Err 0 (0.0e+000)
1212.351 .... 4605 packets received, 7782 bps, 97.28%, Err 0 (0.0e+000)
1214.441 .... 4613 packets received, 7782 bps, 97.28%, Err 0 (0.0e+000)
1216.563 .... 4621 packets received, 7782 bps, 97.28%, Err 0 (0.0e+000)
1218.653 .... 4629 packets received, 7782 bps, 97.28%, Err 0 (0.0e+000)
1220.759 .... 4637 packets received, 7782 bps, 97.28%, Err 0 (0.0e+000)
1222.865 .... 4645 packets received, 7782 bps, 97.28%, Err 0 (0.0e+000)
1224.987 .... 4653 packets received, 7782 bps, 97.28%, Err 0 (0.0e+000)
1227.077 .... 4661 packets received, 7782 bps, 97.28%, Err 0 (0.0e+000)
1229.183 .... 4669 packets received, 7782 bps, 97.28%, Err 0 (0.0e+000)
1231.289 .... 4677 packets received, 7782 bps, 97.28%, Err 0 (0.0e+000)
1233.395 .... 4685 packets received, 7782 bps, 97.28%, Err 0 (0.0e+000)
1235.485 .... 4693 packets received, 7782 bps, 97.28%, Err 0 (0.0e+000)
1237.607 .... 4701 packets received, 7782 bps, 97.28%, Err 0 (0.0e+000)
1239.713 .... 4709 packets received, 7782 bps, 97.28%, Err 0 (0.0e+000)
1241.803 .... 4717 packets received, 7782 bps, 97.28%, Err 0 (0.0e+000)
1243.909 .... 4725 packets received, 7782 bps, 97.28%, Err 0 (0.0e+000)
1246.015 .... 4733 packets received, 7782 bps, 97.28%, Err 0 (0.0e+000)
1248.121 .... 4741 packets received, 7782 bps, 97.28%, Err 0 (0.0e+000)
1250.227 .... 4749 packets received, 7782 bps, 97.28%, Err 0 (0.0e+000)
1252.318 .... 4757 packets received, 7782 bps, 97.28%, Err 0 (0.0e+000)
1254.424 .... 4765 packets received, 7782 bps, 97.28%, Err 0 (0.0e+000)
1256.530 .... 4773 packets received, 7782 bps, 97.28%, Err 0 (0.0e+000)
1258.651 .... 4781 packets received, 7782 bps, 97.28%, Err 0 (0.0e+000)
1260.742 .... 4789 packets received, 7782 bps, 97.28%, Err 0 (0.0e+000)
1262.848 .... 4797 packets received, 7782 bps, 97.28%, Err 0 (0.0e+000)
1264.938 .... 4805 packets received, 7782 bps, 97.28%, Err 0 (0.0e+000)
1267.044 .... 4813 packets received, 7782 bps, 97.28%, Err 0 (0.0e+000)
1269.150 .... 4821 packets received, 7782 bps, 97.28%, Err 0 (0.0e+000)
1271.256 .... 4829 packets received, 7782 bps, 97.28%, Err 0 (0.0e+000)
1273.362 .... 4837 packets received, 7782 bps, 97.28%, Err 0 (0.0e+000)
1275.484 .... 4845 packets received, 7782 bps, 97.28%, Err 0 (0.0e+000)
1277.574 .... 4853 packets received, 7782 bps, 97.28%, Err 0 (0.0e+000)
1279.680 .... 4861 packets received, 7782 bps, 97.28%, Err 0 (0.0e+000)
1281.786 .... 4869 packets received, 7782 bps, 97.28%, Err 0 (0.0e+000)
1283.877 .... 4877 packets received, 7782 bps, 97.28%, Err 0 (0.0e+000)
1285.983 .... 4885 packets received, 7782 bps, 97.28%, Err 0 (0.0e+000)
1288.089 .... 4893 packets received, 7782 bps, 97.28%, Err 0 (0.0e+000)
1290.195 .... 4901 packets received, 7782 bps, 97.28%, Err 0 (0.0e+000)
1292.301 .... 4909 packets received, 7782 bps, 97.28%, Err 0 (0.0e+000)
1294.407 .... 4917 packets received, 7782 bps, 97.28%, Err 0 (0.0e+000)
1296.513 .... 4925 packets received, 7782 bps, 97.28%, Err 0 (0.0e+000)
1298.619 .... 4933 packets received, 7782 bps, 97.28%, Err 0 (0.0e+000)
1300.725 .... 4941 packets received, 7782 bps, 97.28%, Err 0 (0.0e+000)
1302.831 .... 4949 packets received, 7782 bps, 97.28%, Err 0 (0.0e+000)
1304.921 .... 4957 packets received, 7782 bps, 97.28%, Err 0 (0.0e+000)
1307.043 .... 4965 packets received, 7782 bps, 97.28%, Err 0 (0.0e+000)
1309.149 .... 4973 packets received, 7782 bps, 97.28%, Err 0 (0.0e+000)
1311.255 .... 4981 packets received, 7782 bps, 97.28%, Err 0 (0.0e+000)
1313.345 .... 4989 packets received, 7782 bps, 97.28%, Err 0 (0.0e+000)
1315.451 .... 4997 packets received, 7782 bps, 97.28%, Err 0 (0.0e+000)
1317.557 .... 5005 packets received, 7782 bps, 97.28%, Err 0 (0.0e+000)
1319.663 .... 5013 packets received, 7782 bps, 97.28%, Err 0 (0.0e+000)
1321.769 .... 5021 packets received, 7782 bps, 97.28%, Err 0 (0.0e+000)
1323.875 .... 5029 packets received, 7782 bps, 97.28%, Err 0 (0.0e+000)
1325.981 .... 5037 packets received, 7782 bps, 97.28%, Err 0 (0.0e+000)
1328.087 .... 5045 packets received, 7782 bps, 97.28%, Err 0 (0.0e+000)
1330.177 .... 5053 packets received, 7782 bps, 97.28%, Err 0 (0.0e+000)
1332.268 .... 5061 packets received, 7783 bps, 97.28%, Err 0 (0.0e+000)
1334.389 .... 5069 packets received, 7782 bps, 97.28%, Err 0 (0.0e+000)
1336.495 .... 5077 packets received, 7782 bps, 97.28%, Err 0 (0.0e+000)
1338.601 .... 5085 packets received, 7782 bps, 97.28%, Err 0 (0.0e+000)
1340.707 .... 5093 packets received, 7782 bps, 97.28%, Err 0 (0.0e+000)
1342.813 .... 5101 packets received, 7782 bps, 97.28%, Err 0 (0.0e+000)
1344.919 .... 5109 packets received, 7782 bps, 97.28%, Err 0 (0.0e+000)
1347.010 .... 5117 packets received, 7783 bps, 97.28%, Err 0 (0.0e+000)
1349.116 .... 5125 packets received, 7783 bps, 97.28%, Err 0 (0.0e+000)
1351.222 .... 5133 packets received, 7783 bps, 97.28%, Err 0 (0.0e+000)
1353.328 .... 5141 packets received, 7783 bps, 97.28%, Err 0 (0.0e+000)
1355.418 .... 5149 packets received, 7783 bps, 97.28%, Err 0 (0.0e+000)
1357.540 .... 5157 packets received, 7782 bps, 97.28%, Err 0 (0.0e+000)
1359.646 .... 5165 packets received, 7782 bps, 97.28%, Err 0 (0.0e+000)
1361.736 .... 5173 packets received, 7783 bps, 97.28%, Err 0 (0.0e+000)
1363.842 .... 5181 packets received, 7783 bps, 97.28%, Err 0 (0.0e+000)
1365.933 .... 5189 packets received, 7783 bps, 97.28%, Err 0 (0.0e+000)
1368.054 .... 5197 packets received, 7783 bps, 97.28%, Err 0 (0.0e+000)
1370.145 .... 5205 packets received, 7783 bps, 97.28%, Err 0 (0.0e+000)
1372.266 .... 5213 packets received, 7783 bps, 97.28%, Err 0 (0.0e+000)
1374.372 .... 5221 packets received, 7783 bps, 97.28%, Err 0 (0.0e+000)
1376.463 .... 5229 packets received, 7783 bps, 97.28%, Err 0 (0.0e+000)
1378.569 .... 5237 packets received, 7783 bps, 97.28%, Err 0 (0.0e+000)
1380.659 .... 5245 packets received, 7783 bps, 97.28%, Err 0 (0.0e+000)
1382.765 .... 5253 packets received, 7783 bps, 97.28%, Err 0 (0.0e+000)
1384.871 .... 5261 packets received, 7783 bps, 97.28%, Err 0 (0.0e+000)
1386.977 .... 5269 packets received, 7783 bps, 97.28%, Err 0 (0.0e+000)
1389.099 .... 5277 packets received, 7783 bps, 97.28%, Err 0 (0.0e+000)
1391.189 .... 5285 packets received, 7783 bps, 97.28%, Err 0 (0.0e+000)
1393.295 .... 5293 packets received, 7783 bps, 97.28%, Err 0 (0.0e+000)
1395.401 .... 5301 packets received, 7783 bps, 97.28%, Err 0 (0.0e+000)
1397.507 .... 5309 packets received, 7783 bps, 97.28%, Err 0 (0.0e+000)
1399.613 .... 5317 packets received, 7783 bps, 97.28%, Err 0 (0.0e+000)
1401.719 .... 5325 packets received, 7783 bps, 97.28%, Err 0 (0.0e+000)
1403.825 .... 5333 packets received, 7783 bps, 97.28%, Err 0 (0.0e+000)
1405.931 .... 5341 packets received, 7783 bps, 97.28%, Err 0 (0.0e+000)
1408.037 .... 5349 packets received, 7783 bps, 97.28%, Err 0 (0.0e+000)
1410.127 .... 5357 packets received, 7783 bps, 97.28%, Err 0 (0.0e+000)
1412.233 .... 5365 packets received, 7783 bps, 97.28%, Err 0 (0.0e+000)
1414.324 .... 5373 packets received, 7783 bps, 97.29%, Err 0 (0.0e+000)
1416.445 .... 5381 packets received, 7783 bps, 97.28%, Err 0 (0.0e+000)
1418.536 .... 5389 packets received, 7783 bps, 97.29%, Err 0 (0.0e+000)
1420.642 .... 5397 packets received, 7783 bps, 97.28%, Err 0 (0.0e+000)
1422.763 .... 5405 packets received, 7783 bps, 97.28%, Err 0 (0.0e+000)
1424.869 .... 5413 packets received, 7783 bps, 97.28%, Err 0 (0.0e+000)
1426.975 .... 5421 packets received, 7783 bps, 97.28%, Err 0 (0.0e+000)
1429.050 .... 5429 packets received, 7783 bps, 97.29%, Err 0 (0.0e+000)
1431.172 .... 5437 packets received, 7783 bps, 97.28%, Err 0 (0.0e+000)
1433.262 .... 5445 packets received, 7783 bps, 97.29%, Err 0 (0.0e+000)
1435.384 .... 5453 packets received, 7783 bps, 97.28%, Err 0 (0.0e+000)
1437.474 .... 5461 packets received, 7783 bps, 97.29%, Err 0 (0.0e+000)
1439.596 .... 5469 packets received, 7783 bps, 97.28%, Err 0 (0.0e+000)
1441.702 .... 5477 packets received, 7783 bps, 97.28%, Err 0 (0.0e+000)
1443.808 .... 5485 packets received, 7783 bps, 97.28%, Err 0 (0.0e+000)
1445.883 .... 5493 packets received, 7783 bps, 97.29%, Err 0 (0.0e+000)
1447.989 .... 5501 packets received, 7783 bps, 97.29%, Err 0 (0.0e+000)
1450.110 .... 5509 packets received, 7783 bps, 97.29%, Err 0 (0.0e+000)
1452.201 .... 5517 packets received, 7783 bps, 97.29%, Err 0 (0.0e+000)
1454.322 .... 5525 packets received, 7783 bps, 97.29%, Err 0 (0.0e+000)
1456.428 .... 5533 packets received, 7783 bps, 97.29%, Err 0 (0.0e+000)
1458.534 .... 5541 packets received, 7783 bps, 97.28%, Err 0 (0.0e+000)
1460.609 .... 5549 packets received, 7783 bps, 97.29%, Err 0 (0.0e+000)
1462.731 .... 5557 packets received, 7783 bps, 97.29%, Err 0 (0.0e+000)
1464.837 .... 5565 packets received, 7783 bps, 97.29%, Err 0 (0.0e+000)
1466.927 .... 5573 packets received, 7783 bps, 97.29%, Err 0 (0.0e+000)
1469.049 .... 5581 packets received, 7783 bps, 97.29%, Err 0 (0.0e+000)
1471.139 .... 5589 packets received, 7783 bps, 97.29%, Err 0 (0.0e+000)
1473.261 .... 5597 packets received, 7783 bps, 97.29%, Err 0 (0.0e+000)
1475.367 .... 5605 packets received, 7783 bps, 97.29%, Err 0 (0.0e+000)
1477.441 .... 5613 packets received, 7783 bps, 97.29%, Err 0 (0.0e+000)
1479.563 .... 5621 packets received, 7783 bps, 97.29%, Err 0 (0.0e+000)
1481.669 .... 5629 packets received, 7783 bps, 97.29%, Err 0 (0.0e+000)
1483.759 .... 5637 packets received, 7783 bps, 97.29%, Err 0 (0.0e+000)
1485.881 .... 5645 packets received, 7783 bps, 97.29%, Err 0 (0.0e+000)
1487.987 .... 5653 packets received, 7783 bps, 97.29%, Err 0 (0.0e+000)
1490.077 .... 5661 packets received, 7783 bps, 97.29%, Err 0 (0.0e+000)
1492.183 .... 5669 packets received, 7783 bps, 97.29%, Err 0 (0.0e+000)
1494.274 .... 5677 packets received, 7783 bps, 97.29%, Err 0 (0.0e+000)
1496.380 .... 5685 packets received, 7783 bps, 97.29%, Err 0 (0.0e+000)
1498.486 .... 5693 packets received, 7783 bps, 97.29%, Err 0 (0.0e+000)
1500.607 .... 5701 packets received, 7783 bps, 97.29%, Err 0 (0.0e+000)
1502.698 .... 5709 packets received, 7783 bps, 97.29%, Err 0 (0.0e+000)
1504.819 .... 5717 packets received, 7783 bps, 97.29%, Err 0 (0.0e+000)
1506.910 .... 5725 packets received, 7783 bps, 97.29%, Err 0 (0.0e+000)
1509.031 .... 5733 packets received, 7783 bps, 97.29%, Err 0 (0.0e+000)
1511.106 .... 5741 packets received, 7783 bps, 97.29%, Err 0 (0.0e+000)
1513.228 .... 5749 packets received, 7783 bps, 97.29%, Err 0 (0.0e+000)
1515.334 .... 5757 packets received, 7783 bps, 97.29%, Err 0 (0.0e+000)
1517.424 .... 5765 packets received, 7783 bps, 97.29%, Err 0 (0.0e+000)
1519.546 .... 5773 packets received, 7783 bps, 97.29%, Err 0 (0.0e+000)
1521.652 .... 5781 packets received, 7783 bps, 97.29%, Err 0 (0.0e+000)
1523.742 .... 5789 packets received, 7783 bps, 97.29%, Err 0 (0.0e+000)
1525.864 .... 5797 packets received, 7783 bps, 97.29%, Err 0 (0.0e+000)
1527.954 .... 5805 packets received, 7783 bps, 97.29%, Err 0 (0.0e+000)
1530.060 .... 5813 packets received, 7783 bps, 97.29%, Err 0 (0.0e+000)
1532.166 .... 5821 packets received, 7783 bps, 97.29%, Err 0 (0.0e+000)
1534.272 .... 5829 packets received, 7783 bps, 97.29%, Err 0 (0.0e+000)
1536.378 .... 5837 packets received, 7783 bps, 97.29%, Err 0 (0.0e+000)
1538.484 .... 5845 packets received, 7783 bps, 97.29%, Err 0 (0.0e+000)
1540.590 .... 5853 packets received, 7783 bps, 97.29%, Err 0 (0.0e+000)
1542.681 .... 5861 packets received, 7783 bps, 97.29%, Err 0 (0.0e+000)
1544.771 .... 5869 packets received, 7783 bps, 97.29%, Err 0 (0.0e+000)
1546.893 .... 5877 packets received, 7783 bps, 97.29%, Err 0 (0.0e+000)
1548.999 .... 5885 packets received, 7783 bps, 97.29%, Err 0 (0.0e+000)
1551.089 .... 5893 packets received, 7783 bps, 97.29%, Err 0 (0.0e+000)
1553.195 .... 5901 packets received, 7783 bps, 97.29%, Err 0 (0.0e+000)
1555.317 .... 5909 packets received, 7783 bps, 97.29%, Err 0 (0.0e+000)
1557.423 .... 5917 packets received, 7783 bps, 97.29%, Err 0 (0.0e+000)
1559.497 .... 5925 packets received, 7783 bps, 97.29%, Err 0 (0.0e+000)
1561.603 .... 5933 packets received, 7783 bps, 97.29%, Err 0 (0.0e+000)
1563.725 .... 5941 packets received, 7783 bps, 97.29%, Err 0 (0.0e+000)
1565.815 .... 5949 packets received, 7783 bps, 97.29%, Err 0 (0.0e+000)
1567.937 .... 5957 packets received, 7783 bps, 97.29%, Err 0 (0.0e+000)
1570.043 .... 5965 packets received, 7783 bps, 97.29%, Err 0 (0.0e+000)
1572.133 .... 5973 packets received, 7783 bps, 97.29%, Err 0 (0.0e+000)
1574.239 .... 5981 packets received, 7783 bps, 97.29%, Err 0 (0.0e+000)
1576.345 .... 5989 packets received, 7783 bps, 97.29%, Err 0 (0.0e+000)
1578.436 .... 5997 packets received, 7783 bps, 97.29%, Err 0 (0.0e+000)
1580.542 .... 6005 packets received, 7783 bps, 97.29%, Err 0 (0.0e+000)
1582.663 .... 6013 packets received, 7783 bps, 97.29%, Err 0 (0.0e+000)
1584.769 .... 6021 packets received, 7783 bps, 97.29%, Err 0 (0.0e+000)
1586.875 .... 6029 packets received, 7783 bps, 97.29%, Err 0 (0.0e+000)
1588.966 .... 6037 packets received, 7783 bps, 97.29%, Err 0 (0.0e+000)
1591.072 .... 6045 packets received, 7783 bps, 97.29%, Err 0 (0.0e+000)
1593.178 .... 6053 packets received, 7783 bps, 97.29%, Err 0 (0.0e+000)
1595.284 .... 6061 packets received, 7783 bps, 97.29%, Err 0 (0.0e+000)
1597.374 .... 6069 packets received, 7783 bps, 97.29%, Err 0 (0.0e+000)
1599.496 .... 6077 packets received, 7783 bps, 97.29%, Err 0 (0.0e+000)
1601.586 .... 6085 packets received, 7783 bps, 97.29%, Err 0 (0.0e+000)
1603.708 .... 6093 packets received, 7783 bps, 97.29%, Err 0 (0.0e+000)
1605.814 .... 6101 packets received, 7783 bps, 97.29%, Err 0 (0.0e+000)
1607.904 .... 6109 packets received, 7783 bps, 97.29%, Err 0 (0.0e+000)
1610.010 .... 6117 packets received, 7783 bps, 97.29%, Err 0 (0.0e+000)
1612.116 .... 6125 packets received, 7783 bps, 97.29%, Err 0 (0.0e+000)
1614.207 .... 6133 packets received, 7783 bps, 97.29%, Err 0 (0.0e+000)
1616.313 .... 6141 packets received, 7783 bps, 97.29%, Err 0 (0.0e+000)
1618.419 .... 6149 packets received, 7783 bps, 97.29%, Err 0 (0.0e+000)
1620.540 .... 6157 packets received, 7783 bps, 97.29%, Err 0 (0.0e+000)
1622.631 .... 6165 packets received, 7783 bps, 97.29%, Err 0 (0.0e+000)
1624.737 .... 6173 packets received, 7783 bps, 97.29%, Err 0 (0.0e+000)
1626.843 .... 6181 packets received, 7783 bps, 97.29%, Err 0 (0.0e+000)
1628.933 .... 6189 packets received, 7783 bps, 97.29%, Err 0 (0.0e+000)
1631.039 .... 6197 packets received, 7783 bps, 97.29%, Err 0 (0.0e+000)
1633.161 .... 6205 packets received, 7783 bps, 97.29%, Err 0 (0.0e+000)
1635.267 .... 6213 packets received, 7783 bps, 97.29%, Err 0 (0.0e+000)
1637.373 .... 6221 packets received, 7783 bps, 97.29%, Err 0 (0.0e+000)
1639.463 .... 6229 packets received, 7783 bps, 97.29%, Err 0 (0.0e+000)
1641.553 .... 6237 packets received, 7783 bps, 97.29%, Err 0 (0.0e+000)
1643.675 .... 6245 packets received, 7783 bps, 97.29%, Err 0 (0.0e+000)
1645.781 .... 6253 packets received, 7783 bps, 97.29%, Err 0 (0.0e+000)
1647.887 .... 6261 packets received, 7783 bps, 97.29%, Err 0 (0.0e+000)
1649.977 .... 6269 packets received, 7783 bps, 97.29%, Err 0 (0.0e+000)
1652.099 .... 6277 packets received, 7783 bps, 97.29%, Err 0 (0.0e+000)
1654.189 .... 6285 packets received, 7783 bps, 97.29%, Err 0 (0.0e+000)
1656.295 .... 6293 packets received, 7783 bps, 97.29%, Err 0 (0.0e+000)
1658.401 .... 6301 packets received, 7783 bps, 97.29%, Err 0 (0.0e+000)
1660.492 .... 6309 packets received, 7783 bps, 97.29%, Err 0 (0.0e+000)
1662.613 .... 6317 packets received, 7783 bps, 97.29%, Err 0 (0.0e+000)
1664.719 .... 6325 packets received, 7783 bps, 97.29%, Err 0 (0.0e+000)
1666.825 .... 6333 packets received, 7783 bps, 97.29%, Err 0 (0.0e+000)
1668.916 .... 6341 packets received, 7783 bps, 97.29%, Err 0 (0.0e+000)
1671.022 .... 6349 packets received, 7783 bps, 97.29%, Err 0 (0.0e+000)
1673.143 .... 6357 packets received, 7783 bps, 97.29%, Err 0 (0.0e+000)
1675.234 .... 6365 packets received, 7783 bps, 97.29%, Err 0 (0.0e+000)
1677.340 .... 6373 packets received, 7783 bps, 97.29%, Err 0 (0.0e+000)
1679.430 .... 6381 packets received, 7783 bps, 97.29%, Err 0 (0.0e+000)
1681.552 .... 6389 packets received, 7783 bps, 97.29%, Err 0 (0.0e+000)
1683.658 .... 6397 packets received, 7783 bps, 97.29%, Err 0 (0.0e+000)
1685.748 .... 6405 packets received, 7783 bps, 97.29%, Err 0 (0.0e+000)
1687.854 .... 6413 packets received, 7783 bps, 97.29%, Err 0 (0.0e+000)
1689.976 .... 6421 packets received, 7783 bps, 97.29%, Err 0 (0.0e+000)
1692.066 .... 6429 packets received, 7783 bps, 97.29%, Err 0 (0.0e+000)
1694.157 .... 6437 packets received, 7784 bps, 97.29%, Err 0 (0.0e+000)
1696.278 .... 6445 packets received, 7783 bps, 97.29%, Err 0 (0.0e+000)
1698.369 .... 6453 packets received, 7783 bps, 97.29%, Err 0 (0.0e+000)
1700.475 .... 6461 packets received, 7783 bps, 97.29%, Err 0 (0.0e+000)
1702.596 .... 6469 packets received, 7783 bps, 97.29%, Err 0 (0.0e+000)
1704.687 .... 6477 packets received, 7783 bps, 97.29%, Err 0 (0.0e+000)
1706.793 .... 6485 packets received, 7783 bps, 97.29%, Err 0 (0.0e+000)
1708.899 .... 6493 packets received, 7783 bps, 97.29%, Err 0 (0.0e+000)
1711.005 .... 6501 packets received, 7783 bps, 97.29%, Err 0 (0.0e+000)
1713.111 .... 6509 packets received, 7783 bps, 97.29%, Err 0 (0.0e+000)
1715.217 .... 6517 packets received, 7783 bps, 97.29%, Err 0 (0.0e+000)
1717.323 .... 6525 packets received, 7783 bps, 97.29%, Err 0 (0.0e+000)
1719.429 .... 6533 packets received, 7783 bps, 97.29%, Err 0 (0.0e+000)
1721.535 .... 6541 packets received, 7783 bps, 97.29%, Err 0 (0.0e+000)
1723.625 .... 6549 packets received, 7784 bps, 97.29%, Err 0 (0.0e+000)
1725.731 .... 6557 packets received, 7784 bps, 97.29%, Err 0 (0.0e+000)
1727.837 .... 6565 packets received, 7784 bps, 97.29%, Err 0 (0.0e+000)
1729.927 .... 6573 packets received, 7784 bps, 97.29%, Err 0 (0.0e+000)
1732.049 .... 6581 packets received, 7783 bps, 97.29%, Err 0 (0.0e+000)
1734.155 .... 6589 packets received, 7783 bps, 97.29%, Err 0 (0.0e+000)
1736.261 .... 6597 packets received, 7783 bps, 97.29%, Err 0 (0.0e+000)
1738.367 .... 6605 packets received, 7783 bps, 97.29%, Err 0 (0.0e+000)
1740.457 .... 6613 packets received, 7784 bps, 97.29%, Err 0 (0.0e+000)
1742.563 .... 6621 packets received, 7784 bps, 97.29%, Err 0 (0.0e+000)
1744.669 .... 6629 packets received, 7784 bps, 97.29%, Err 0 (0.0e+000)
1746.760 .... 6637 packets received, 7784 bps, 97.30%, Err 0 (0.0e+000)
1748.881 .... 6645 packets received, 7784 bps, 97.29%, Err 0 (0.0e+000)
1750.987 .... 6653 packets received, 7784 bps, 97.29%, Err 0 (0.0e+000)
1753.093 .... 6661 packets received, 7784 bps, 97.29%, Err 0 (0.0e+000)
1755.184 .... 6669 packets received, 7784 bps, 97.29%, Err 0 (0.0e+000)
1757.290 .... 6677 packets received, 7784 bps, 97.29%, Err 0 (0.0e+000)
1759.396 .... 6685 packets received, 7784 bps, 97.29%, Err 0 (0.0e+000)
1761.486 .... 6693 packets received, 7784 bps, 97.30%, Err 0 (0.0e+000)
1763.608 .... 6701 packets received, 7784 bps, 97.29%, Err 0 (0.0e+000)
1765.698 .... 6709 packets received, 7784 bps, 97.30%, Err 0 (0.0e+000)
1767.820 .... 6717 packets received, 7784 bps, 97.29%, Err 0 (0.0e+000)
1769.926 .... 6725 packets received, 7784 bps, 97.29%, Err 0 (0.0e+000)
1772.032 .... 6733 packets received, 7784 bps, 97.29%, Err 0 (0.0e+000)
1774.122 .... 6741 packets received, 7784 bps, 97.30%, Err 0 (0.0e+000)
1776.228 .... 6749 packets received, 7784 bps, 97.30%, Err 0 (0.0e+000)
1778.334 .... 6757 packets received, 7784 bps, 97.30%, Err 0 (0.0e+000)
1780.440 .... 6765 packets received, 7784 bps, 97.29%, Err 0 (0.0e+000)
1782.531 .... 6773 packets received, 7784 bps, 97.30%, Err 0 (0.0e+000)
1784.652 .... 6781 packets received, 7784 bps, 97.29%, Err 0 (0.0e+000)
1786.758 .... 6789 packets received, 7784 bps, 97.29%, Err 0 (0.0e+000)
1788.849 .... 6797 packets received, 7784 bps, 97.30%, Err 0 (0.0e+000)
1790.939 .... 6805 packets received, 7784 bps, 97.30%, Err 0 (0.0e+000)
1793.061 .... 6813 packets received, 7784 bps, 97.30%, Err 0 (0.0e+000)
1795.167 .... 6821 packets received, 7784 bps, 97.30%, Err 0 (0.0e+000)
1797.273 .... 6829 packets received, 7784 bps, 97.30%, Err 0 (0.0e+000)
1799.379 .... 6837 packets received, 7784 bps, 97.30%, Err 0 (0.0e+000)
1801.485 .... 6845 packets received, 7784 bps, 97.30%, Err 0 (0.0e+000)
1803.591 .... 6853 packets received, 7784 bps, 97.30%, Err 0 (0.0e+000)
1805.681 .... 6861 packets received, 7784 bps, 97.30%, Err 0 (0.0e+000)
1807.787 .... 6869 packets received, 7784 bps, 97.30%, Err 0 (0.0e+000)
1809.893 .... 6877 packets received, 7784 bps, 97.30%, Err 0 (0.0e+000)
1811.999 .... 6885 packets received, 7784 bps, 97.30%, Err 0 (0.0e+000)
1814.089 .... 6893 packets received, 7784 bps, 97.30%, Err 0 (0.0e+000)
1816.211 .... 6901 packets received, 7784 bps, 97.30%, Err 0 (0.0e+000)
1818.317 .... 6909 packets received, 7784 bps, 97.30%, Err 0 (0.0e+000)
1820.407 .... 6917 packets received, 7784 bps, 97.30%, Err 0 (0.0e+000)
1822.513 .... 6925 packets received, 7784 bps, 97.30%, Err 0 (0.0e+000)
1824.604 .... 6933 packets received, 7784 bps, 97.30%, Err 0 (0.0e+000)
1826.710 .... 6941 packets received, 7784 bps, 97.30%, Err 0 (0.0e+000)
1828.831 .... 6949 packets received, 7784 bps, 97.30%, Err 0 (0.0e+000)
1830.922 .... 6957 packets received, 7784 bps, 97.30%, Err 0 (0.0e+000)
1833.028 .... 6965 packets received, 7784 bps, 97.30%, Err 0 (0.0e+000)
1835.149 .... 6973 packets received, 7784 bps, 97.30%, Err 0 (0.0e+000)
1837.240 .... 6981 packets received, 7784 bps, 97.30%, Err 0 (0.0e+000)
1839.330 .... 6989 packets received, 7784 bps, 97.30%, Err 0 (0.0e+000)
1841.452 .... 6997 packets received, 7784 bps, 97.30%, Err 0 (0.0e+000)
1843.542 .... 7005 packets received, 7784 bps, 97.30%, Err 0 (0.0e+000)
1845.648 .... 7013 packets received, 7784 bps, 97.30%, Err 0 (0.0e+000)
1847.770 .... 7021 packets received, 7784 bps, 97.30%, Err 0 (0.0e+000)
1849.876 .... 7029 packets received, 7784 bps, 97.30%, Err 0 (0.0e+000)
1851.966 .... 7037 packets received, 7784 bps, 97.30%, Err 0 (0.0e+000)
1854.088 .... 7045 packets received, 7784 bps, 97.30%, Err 0 (0.0e+000)
1856.178 .... 7053 packets received, 7784 bps, 97.30%, Err 0 (0.0e+000)
1858.269 .... 7061 packets received, 7784 bps, 97.30%, Err 0 (0.0e+000)
1860.390 .... 7069 packets received, 7784 bps, 97.30%, Err 0 (0.0e+000)
1862.496 .... 7077 packets received, 7784 bps, 97.30%, Err 0 (0.0e+000)
1864.602 .... 7085 packets received, 7784 bps, 97.30%, Err 0 (0.0e+000)
1866.693 .... 7093 packets received, 7784 bps, 97.30%, Err 0 (0.0e+000)
1868.814 .... 7101 packets received, 7784 bps, 97.30%, Err 0 (0.0e+000)
1870.905 .... 7109 packets received, 7784 bps, 97.30%, Err 0 (0.0e+000)
1872.995 .... 7117 packets received, 7784 bps, 97.30%, Err 0 (0.0e+000)
1875.117 .... 7125 packets received, 7784 bps, 97.30%, Err 0 (0.0e+000)
1877.223 .... 7133 packets received, 7784 bps, 97.30%, Err 0 (0.0e+000)
1879.313 .... 7141 packets received, 7784 bps, 97.30%, Err 0 (0.0e+000)
1881.435 .... 7149 packets received, 7784 bps, 97.30%, Err 0 (0.0e+000)
1883.525 .... 7157 packets received, 7784 bps, 97.30%, Err 0 (0.0e+000)
1885.631 .... 7165 packets received, 7784 bps, 97.30%, Err 0 (0.0e+000)
1887.737 .... 7173 packets received, 7784 bps, 97.30%, Err 0 (0.0e+000)
1889.827 .... 7181 packets received, 7784 bps, 97.30%, Err 0 (0.0e+000)
1891.933 .... 7189 packets received, 7784 bps, 97.30%, Err 0 (0.0e+000)
1894.055 .... 7197 packets received, 7784 bps, 97.30%, Err 0 (0.0e+000)
1896.161 .... 7205 packets received, 7784 bps, 97.30%, Err 0 (0.0e+000)
1898.267 .... 7213 packets received, 7784 bps, 97.30%, Err 0 (0.0e+000)
1900.373 .... 7221 packets received, 7784 bps, 97.30%, Err 0 (0.0e+000)
1901.314 TCP Disconnected.
