datalink bf 
=========================================================================
                          Station B                                 
-------------------------------------------------------------------------
Protocol.lib, version 3.0, Build: Oct 19 2009 (jiangy@public3.bta.net.cn)
Channel: 8000 bps, 270 ms propagation delay, bit error rate 1.0E-005
Log file "datalink-B.log", TCP port 59144, debug mask 0x00
Station B is connecting station A (TCP port 59144) ... Done.
New epoch: Fri May 13 15:39:13 2016
=========================================================================
Designed and implemented by Wenting Ye.
For any problem please contact QQ:471731724
Build: May 13 2016  11:01:35
2.376 .... 8 packets received, 7780 bps, 97.25%, Err 0 (0.0e+000)
4.482 .... 16 packets received, 7780 bps, 97.25%, Err 0 (0.0e+000)
6.588 .... 24 packets received, 7780 bps, 97.25%, Err 0 (0.0e+000)
8.710 .... 32 packets received, 7765 bps, 97.06%, Err 0 (0.0e+000)
10.816 .... 40 packets received, 7768 bps, 97.10%, Err 0 (0.0e+000)
12.922 .... 48 packets received, 7770 bps, 97.12%, Err 0 (0.0e+000)
15.012 .... 56 packets received, 7780 bps, 97.25%, Err 0 (0.0e+000)
17.102 .... 64 packets received, 7787 bps, 97.34%, Err 0 (0.0e+000)
19.489 .... 68 packets received, 7246 bps, 90.58%, Err 1 (6.4e-006)
21.595 .... 80 packets received, 7683 bps, 96.04%, Err 1 (5.8e-006)
23.701 .... 88 packets received, 7692 bps, 96.15%, Err 1 (5.3e-006)
26.072 .... 92 packets received, 7302 bps, 91.28%, Err 2 (9.6e-006)
28.178 .... 104 packets received, 7632 bps, 95.40%, Err 2 (8.9e-006)
30.815 .... 109 packets received, 7308 bps, 91.35%, Err 3 (1.2e-005)
32.890 .... 121 packets received, 7597 bps, 94.96%, Err 3 (1.1e-005)
35.011 .... 129 packets received, 7605 bps, 95.06%, Err 3 (1.1e-005)
37.102 .... 137 packets received, 7618 bps, 95.22%, Err 3 (1.0e-005)
39.208 .... 145 packets received, 7626 bps, 95.33%, Err 3 (9.6e-006)
41.314 .... 153 packets received, 7634 bps, 95.43%, Err 3 (9.1e-006)
43.420 .... 161 packets received, 7641 bps, 95.52%, Err 3 (8.6e-006)
45.526 .... 169 packets received, 7648 bps, 95.60%, Err 4 (1.1e-005)
47.616 .... 176 packets received, 7613 bps, 95.16%, Err 5 (1.3e-005)
49.722 .... 184 packets received, 7620 bps, 95.25%, Err 5 (1.3e-005)
51.828 .... 192 packets received, 7627 bps, 95.33%, Err 5 (1.2e-005)
53.934 .... 200 packets received, 7633 bps, 95.41%, Err 5 (1.2e-005)
56.040 .... 208 packets received, 7638 bps, 95.48%, Err 5 (1.1e-005)
58.146 .... 216 packets received, 7643 bps, 95.54%, Err 5 (1.1e-005)
60.268 .... 224 packets received, 7646 bps, 95.58%, Err 5 (1.0e-005)
62.374 .... 232 packets received, 7651 bps, 95.63%, Err 5 (1.0e-005)
65.244 .... 238 packets received, 7502 bps, 93.77%, Err 6 (1.2e-005)
67.350 .... 250 packets received, 7633 bps, 95.41%, Err 6 (1.1e-005)
69.456 .... 258 packets received, 7637 bps, 95.46%, Err 6 (1.1e-005)
72.623 .... 265 packets received, 7501 bps, 93.76%, Err 8 (1.4e-005)
74.729 .... 276 packets received, 7591 bps, 94.89%, Err 8 (1.3e-005)
76.835 .... 284 packets received, 7597 bps, 94.96%, Err 8 (1.3e-005)
78.941 .... 292 packets received, 7601 bps, 95.02%, Err 8 (1.3e-005)
81.047 .... 300 packets received, 7606 bps, 95.08%, Err 8 (1.2e-005)
83.153 .... 308 packets received, 7611 bps, 95.13%, Err 8 (1.2e-005)
85.243 .... 316 packets received, 7616 bps, 95.20%, Err 8 (1.2e-005)
87.349 .... 324 packets received, 7620 bps, 95.25%, Err 8 (1.1e-005)
89.455 .... 332 packets received, 7624 bps, 95.30%, Err 8 (1.1e-005)
91.561 .... 340 packets received, 7627 bps, 95.34%, Err 8 (1.1e-005)
93.667 .... 348 packets received, 7631 bps, 95.39%, Err 8 (1.1e-005)
95.773 .... 356 packets received, 7634 bps, 95.43%, Err 8 (1.0e-005)
97.879 .... 364 packets received, 7637 bps, 95.47%, Err 8 (1.0e-005)
99.985 .... 372 packets received, 7640 bps, 95.50%, Err 8 (1.0e-005)
102.076 .... 380 packets received, 7644 bps, 95.55%, Err 8 (9.8e-006)
104.182 .... 388 packets received, 7647 bps, 95.59%, Err 8 (9.6e-006)
106.303 .... 396 packets received, 7649 bps, 95.61%, Err 8 (9.4e-006)
108.409 .... 404 packets received, 7651 bps, 95.64%, Err 8 (9.2e-006)
110.500 .... 412 packets received, 7655 bps, 95.68%, Err 8 (9.1e-006)
112.621 .... 420 packets received, 7656 bps, 95.70%, Err 8 (8.9e-006)
114.712 .... 428 packets received, 7659 bps, 95.74%, Err 8 (8.7e-006)
116.818 .... 436 packets received, 7661 bps, 95.77%, Err 8 (8.6e-006)
118.924 .... 444 packets received, 7664 bps, 95.79%, Err 8 (8.4e-006)
121.045 .... 452 packets received, 7665 bps, 95.81%, Err 8 (8.3e-006)
123.136 .... 460 packets received, 7668 bps, 95.84%, Err 9 (9.1e-006)
125.226 .... 468 packets received, 7670 bps, 95.88%, Err 9 (9.0e-006)
127.348 .... 476 packets received, 7671 bps, 95.89%, Err 9 (8.8e-006)
129.438 .... 484 packets received, 7674 bps, 95.92%, Err 9 (8.7e-006)
132.355 .... 490 packets received, 7598 bps, 94.97%, Err 10 (9.4e-006)
134.461 .... 502 packets received, 7661 bps, 95.77%, Err 10 (9.3e-006)
136.567 .... 510 packets received, 7663 bps, 95.79%, Err 10 (9.2e-006)
138.673 .... 518 packets received, 7665 bps, 95.81%, Err 10 (9.0e-006)
140.748 .... 525 packets received, 7654 bps, 95.67%, Err 11 (9.8e-006)
142.854 .... 533 packets received, 7656 bps, 95.70%, Err 11 (9.6e-006)
144.976 .... 541 packets received, 7657 bps, 95.71%, Err 11 (9.5e-006)
147.097 .... 549 packets received, 7658 bps, 95.72%, Err 12 (1.0e-005)
149.203 .... 557 packets received, 7659 bps, 95.74%, Err 12 (1.0e-005)
151.309 .... 565 packets received, 7661 bps, 95.76%, Err 13 (1.1e-005)
153.384 .... 572 packets received, 7651 bps, 95.64%, Err 13 (1.1e-005)
156.816 .... 580 packets received, 7588 bps, 94.85%, Err 15 (1.2e-005)
158.938 .... 591 packets received, 7628 bps, 95.35%, Err 15 (1.2e-005)
161.028 .... 599 packets received, 7631 bps, 95.39%, Err 15 (1.2e-005)
163.118 .... 607 packets received, 7634 bps, 95.42%, Err 15 (1.1e-005)
165.240 .... 615 packets received, 7635 bps, 95.44%, Err 15 (1.1e-005)
167.330 .... 623 packets received, 7637 bps, 95.47%, Err 15 (1.1e-005)
169.436 .... 631 packets received, 7639 bps, 95.49%, Err 15 (1.1e-005)
171.542 .... 639 packets received, 7641 bps, 95.51%, Err 15 (1.1e-005)
173.648 .... 647 packets received, 7643 bps, 95.53%, Err 15 (1.1e-005)
175.754 .... 655 packets received, 7644 bps, 95.55%, Err 15 (1.1e-005)
177.860 .... 663 packets received, 7646 bps, 95.57%, Err 15 (1.1e-005)
181.277 .... 671 packets received, 7592 bps, 94.90%, Err 16 (1.1e-005)
183.383 .... 683 packets received, 7639 bps, 95.49%, Err 16 (1.1e-005)
185.489 .... 691 packets received, 7641 bps, 95.51%, Err 16 (1.1e-005)
187.595 .... 699 packets received, 7642 bps, 95.53%, Err 16 (1.1e-005)
189.701 .... 707 packets received, 7644 bps, 95.55%, Err 16 (1.1e-005)
191.807 .... 715 packets received, 7645 bps, 95.56%, Err 16 (1.0e-005)
193.913 .... 723 packets received, 7647 bps, 95.58%, Err 16 (1.0e-005)
196.034 .... 731 packets received, 7647 bps, 95.59%, Err 16 (1.0e-005)
198.140 .... 739 packets received, 7649 bps, 95.61%, Err 16 (1.0e-005)
200.246 .... 747 packets received, 7650 bps, 95.63%, Err 16 (1.0e-005)
202.337 .... 755 packets received, 7652 bps, 95.65%, Err 16 (9.9e-006)
204.427 .... 763 packets received, 7654 bps, 95.68%, Err 16 (9.8e-006)
206.533 .... 771 packets received, 7655 bps, 95.69%, Err 16 (9.7e-006)
208.639 .... 779 packets received, 7657 bps, 95.71%, Err 16 (9.6e-006)
210.745 .... 787 packets received, 7658 bps, 95.72%, Err 16 (9.5e-006)
212.867 .... 795 packets received, 7658 bps, 95.73%, Err 16 (9.4e-006)
214.973 .... 803 packets received, 7660 bps, 95.75%, Err 16 (9.3e-006)
217.079 .... 811 packets received, 7661 bps, 95.76%, Err 16 (9.2e-006)
219.154 .... 819 packets received, 7663 bps, 95.79%, Err 16 (9.1e-006)
221.260 .... 822 packets received, 7618 bps, 95.22%, Err 17 (9.6e-006)
223.366 .... 834 packets received, 7656 bps, 95.70%, Err 17 (9.5e-006)
225.472 .... 842 packets received, 7657 bps, 95.71%, Err 17 (9.4e-006)
227.578 .... 850 packets received, 7658 bps, 95.73%, Err 17 (9.3e-006)
229.684 .... 858 packets received, 7659 bps, 95.74%, Err 17 (9.3e-006)
232.055 .... 862 packets received, 7616 bps, 95.21%, Err 18 (9.7e-006)
234.176 .... 874 packets received, 7652 bps, 95.66%, Err 19 (1.0e-005)
236.267 .... 882 packets received, 7654 bps, 95.68%, Err 19 (1.0e-005)
238.357 .... 890 packets received, 7656 bps, 95.70%, Err 19 (1.0e-005)
240.463 .... 898 packets received, 7657 bps, 95.71%, Err 19 (9.9e-006)
242.569 .... 906 packets received, 7658 bps, 95.72%, Err 19 (9.8e-006)
244.691 .... 914 packets received, 7658 bps, 95.73%, Err 19 (9.7e-006)
246.781 .... 921 packets received, 7652 bps, 95.65%, Err 20 (1.0e-005)
248.887 .... 929 packets received, 7653 bps, 95.66%, Err 20 (1.0e-005)
250.993 .... 937 packets received, 7654 bps, 95.67%, Err 20 (1.0e-005)
253.115 .... 945 packets received, 7654 bps, 95.68%, Err 20 (9.9e-006)
255.205 .... 953 packets received, 7656 bps, 95.70%, Err 20 (9.8e-006)
257.296 .... 961 packets received, 7657 bps, 95.72%, Err 20 (9.7e-006)
259.417 .... 969 packets received, 7658 bps, 95.72%, Err 21 (1.0e-005)
261.508 .... 977 packets received, 7659 bps, 95.74%, Err 21 (1.0e-005)
264.674 .... 984 packets received, 7622 bps, 95.27%, Err 22 (1.0e-005)
266.780 .... 996 packets received, 7654 bps, 95.67%, Err 22 (1.0e-005)
268.886 .... 1004 packets received, 7655 bps, 95.68%, Err 22 (1.0e-005)
271.008 .... 1012 packets received, 7655 bps, 95.69%, Err 22 (1.0e-005)
273.098 .... 1020 packets received, 7657 bps, 95.71%, Err 22 (1.0e-005)
275.204 .... 1028 packets received, 7658 bps, 95.72%, Err 22 (1.0e-005)
277.326 .... 1036 packets received, 7658 bps, 95.73%, Err 22 (9.9e-006)
279.416 .... 1044 packets received, 7659 bps, 95.74%, Err 23 (1.0e-005)
281.507 .... 1052 packets received, 7661 bps, 95.76%, Err 23 (1.0e-005)
284.424 .... 1058 packets received, 7625 bps, 95.32%, Err 24 (1.1e-005)
286.514 .... 1070 packets received, 7656 bps, 95.69%, Err 24 (1.0e-005)
288.636 .... 1078 packets received, 7656 bps, 95.70%, Err 24 (1.0e-005)
290.726 .... 1086 packets received, 7657 bps, 95.72%, Err 24 (1.0e-005)
292.832 .... 1094 packets received, 7658 bps, 95.73%, Err 24 (1.0e-005)
294.923 .... 1102 packets received, 7660 bps, 95.74%, Err 24 (1.0e-005)
297.029 .... 1110 packets received, 7660 bps, 95.75%, Err 24 (1.0e-005)
299.135 .... 1118 packets received, 7661 bps, 95.76%, Err 24 (1.0e-005)
301.241 .... 1126 packets received, 7662 bps, 95.78%, Err 24 (1.0e-005)
303.362 .... 1134 packets received, 7662 bps, 95.78%, Err 24 (9.9e-006)
306.763 .... 1142 packets received, 7631 bps, 95.39%, Err 25 (1.0e-005)
308.869 .... 1154 packets received, 7658 bps, 95.73%, Err 25 (1.0e-005)
310.975 .... 1162 packets received, 7659 bps, 95.74%, Err 25 (1.0e-005)
313.081 .... 1170 packets received, 7660 bps, 95.75%, Err 25 (1.0e-005)
315.187 .... 1178 packets received, 7661 bps, 95.76%, Err 25 (9.9e-006)
317.293 .... 1186 packets received, 7662 bps, 95.77%, Err 25 (9.9e-006)
319.399 .... 1194 packets received, 7662 bps, 95.78%, Err 25 (9.8e-006)
321.490 .... 1202 packets received, 7664 bps, 95.79%, Err 25 (9.7e-006)
324.656 .... 1209 packets received, 7633 bps, 95.41%, Err 26 (1.0e-005)
326.762 .... 1221 packets received, 7659 bps, 95.74%, Err 26 (9.9e-006)
328.868 .... 1229 packets received, 7660 bps, 95.75%, Err 26 (9.9e-006)
330.974 .... 1237 packets received, 7661 bps, 95.76%, Err 26 (9.8e-006)
333.080 .... 1245 packets received, 7661 bps, 95.77%, Err 26 (9.8e-006)
335.186 .... 1253 packets received, 7662 bps, 95.78%, Err 26 (9.7e-006)
337.277 .... 1261 packets received, 7663 bps, 95.79%, Err 26 (9.6e-006)
339.383 .... 1269 packets received, 7664 bps, 95.80%, Err 26 (9.6e-006)
341.489 .... 1277 packets received, 7665 bps, 95.81%, Err 26 (9.5e-006)
343.610 .... 1285 packets received, 7665 bps, 95.81%, Err 26 (9.5e-006)
345.716 .... 1292 packets received, 7660 bps, 95.75%, Err 27 (9.8e-006)
347.807 .... 1300 packets received, 7661 bps, 95.76%, Err 27 (9.7e-006)
349.913 .... 1303 packets received, 7632 bps, 95.40%, Err 28 (1.0e-005)
352.019 .... 1315 packets received, 7656 bps, 95.70%, Err 28 (9.9e-006)
354.125 .... 1323 packets received, 7657 bps, 95.71%, Err 28 (9.9e-006)
357.026 .... 1329 packets received, 7629 bps, 95.37%, Err 29 (1.0e-005)
359.132 .... 1341 packets received, 7653 bps, 95.66%, Err 29 (1.0e-005)
361.238 .... 1349 packets received, 7654 bps, 95.67%, Err 29 (1.0e-005)
363.329 .... 1357 packets received, 7655 bps, 95.68%, Err 29 (1.0e-005)
365.435 .... 1365 packets received, 7655 bps, 95.69%, Err 29 (9.9e-006)
367.541 .... 1373 packets received, 7656 bps, 95.70%, Err 29 (9.9e-006)
369.647 .... 1381 packets received, 7657 bps, 95.71%, Err 29 (9.8e-006)
371.753 .... 1389 packets received, 7658 bps, 95.72%, Err 29 (9.8e-006)
373.859 .... 1397 packets received, 7658 bps, 95.73%, Err 29 (9.7e-006)
375.965 .... 1405 packets received, 7659 bps, 95.74%, Err 29 (9.6e-006)
378.071 .... 1413 packets received, 7660 bps, 95.75%, Err 29 (9.6e-006)
380.177 .... 1421 packets received, 7660 bps, 95.75%, Err 30 (9.9e-006)
382.283 .... 1428 packets received, 7656 bps, 95.70%, Err 30 (9.8e-006)
385.434 .... 1435 packets received, 7630 bps, 95.38%, Err 31 (1.0e-005)
387.540 .... 1447 packets received, 7652 bps, 95.65%, Err 31 (1.0e-005)
389.630 .... 1455 packets received, 7653 bps, 95.66%, Err 31 (9.9e-006)
391.736 .... 1462 packets received, 7649 bps, 95.61%, Err 32 (1.0e-005)
393.858 .... 1470 packets received, 7649 bps, 95.61%, Err 32 (1.0e-005)
395.948 .... 1478 packets received, 7650 bps, 95.63%, Err 32 (1.0e-005)
398.070 .... 1486 packets received, 7650 bps, 95.63%, Err 32 (1.0e-005)
400.192 .... 1494 packets received, 7651 bps, 95.63%, Err 32 (1.0e-005)
402.282 .... 1502 packets received, 7652 bps, 95.65%, Err 32 (9.9e-006)
404.388 .... 1510 packets received, 7652 bps, 95.66%, Err 32 (9.9e-006)
406.494 .... 1518 packets received, 7653 bps, 95.66%, Err 32 (9.8e-006)
408.584 .... 1526 packets received, 7654 bps, 95.68%, Err 32 (9.8e-006)
410.690 .... 1534 packets received, 7655 bps, 95.68%, Err 32 (9.7e-006)
412.796 .... 1542 packets received, 7655 bps, 95.69%, Err 32 (9.7e-006)
414.918 .... 1550 packets received, 7656 bps, 95.70%, Err 32 (9.6e-006)
417.804 .... 1556 packets received, 7632 bps, 95.40%, Err 33 (9.9e-006)
419.910 .... 1568 packets received, 7652 bps, 95.66%, Err 33 (9.8e-006)
422.016 .... 1576 packets received, 7653 bps, 95.66%, Err 33 (9.8e-006)
424.902 .... 1582 packets received, 7630 bps, 95.37%, Err 34 (1.0e-005)
427.008 .... 1594 packets received, 7650 bps, 95.62%, Err 34 (1.0e-005)
429.644 .... 1599 packets received, 7627 bps, 95.34%, Err 35 (1.0e-005)
431.750 .... 1611 packets received, 7647 bps, 95.58%, Err 35 (1.0e-005)
433.872 .... 1619 packets received, 7647 bps, 95.59%, Err 35 (1.0e-005)
435.962 .... 1627 packets received, 7648 bps, 95.60%, Err 35 (1.0e-005)
438.599 .... 1632 packets received, 7625 bps, 95.31%, Err 36 (1.0e-005)
440.705 .... 1644 packets received, 7645 bps, 95.56%, Err 36 (1.0e-005)
442.795 .... 1652 packets received, 7645 bps, 95.57%, Err 36 (1.0e-005)
444.917 .... 1660 packets received, 7646 bps, 95.57%, Err 36 (1.0e-005)
447.007 .... 1668 packets received, 7647 bps, 95.58%, Err 36 (1.0e-005)
449.113 .... 1676 packets received, 7647 bps, 95.59%, Err 36 (1.0e-005)
451.204 .... 1684 packets received, 7648 bps, 95.60%, Err 36 (1.0e-005)
453.310 .... 1692 packets received, 7649 bps, 95.61%, Err 36 (9.9e-006)
455.431 .... 1700 packets received, 7649 bps, 95.61%, Err 36 (9.9e-006)
457.522 .... 1708 packets received, 7650 bps, 95.63%, Err 36 (9.8e-006)
459.643 .... 1716 packets received, 7650 bps, 95.63%, Err 36 (9.8e-006)
461.734 .... 1724 packets received, 7651 bps, 95.64%, Err 36 (9.7e-006)
463.840 .... 1732 packets received, 7652 bps, 95.65%, Err 36 (9.7e-006)
465.946 .... 1735 packets received, 7630 bps, 95.38%, Err 37 (9.9e-006)
468.067 .... 1747 packets received, 7648 bps, 95.60%, Err 37 (9.9e-006)
470.173 .... 1755 packets received, 7649 bps, 95.61%, Err 37 (9.8e-006)
472.264 .... 1763 packets received, 7650 bps, 95.62%, Err 37 (9.8e-006)
474.370 .... 1771 packets received, 7650 bps, 95.63%, Err 37 (9.8e-006)
476.476 .... 1779 packets received, 7651 bps, 95.64%, Err 37 (9.7e-006)
478.613 .... 1787 packets received, 7651 bps, 95.64%, Err 37 (9.7e-006)
480.703 .... 1795 packets received, 7652 bps, 95.65%, Err 37 (9.6e-006)
482.809 .... 1803 packets received, 7652 bps, 95.65%, Err 37 (9.6e-006)
484.931 .... 1811 packets received, 7653 bps, 95.66%, Err 37 (9.5e-006)
487.021 .... 1819 packets received, 7653 bps, 95.67%, Err 37 (9.5e-006)
489.112 .... 1827 packets received, 7654 bps, 95.68%, Err 37 (9.5e-006)
491.233 .... 1835 packets received, 7655 bps, 95.68%, Err 37 (9.4e-006)
493.324 .... 1843 packets received, 7655 bps, 95.69%, Err 37 (9.4e-006)
495.430 .... 1846 packets received, 7635 bps, 95.44%, Err 38 (9.6e-006)
497.536 .... 1858 packets received, 7652 bps, 95.65%, Err 38 (9.5e-006)
499.642 .... 1866 packets received, 7653 bps, 95.66%, Err 38 (9.5e-006)
501.763 .... 1874 packets received, 7653 bps, 95.66%, Err 38 (9.5e-006)
503.838 .... 1882 packets received, 7654 bps, 95.68%, Err 38 (9.4e-006)
505.944 .... 1890 packets received, 7655 bps, 95.68%, Err 38 (9.4e-006)
508.050 .... 1898 packets received, 7655 bps, 95.69%, Err 38 (9.3e-006)
510.172 .... 1906 packets received, 7655 bps, 95.69%, Err 38 (9.3e-006)
512.262 .... 1914 packets received, 7656 bps, 95.70%, Err 38 (9.3e-006)
514.368 .... 1922 packets received, 7657 bps, 95.71%, Err 38 (9.2e-006)
516.490 .... 1930 packets received, 7657 bps, 95.71%, Err 38 (9.2e-006)
518.596 .... 1938 packets received, 7657 bps, 95.72%, Err 38 (9.2e-006)
520.670 .... 1946 packets received, 7658 bps, 95.73%, Err 38 (9.1e-006)
522.776 .... 1954 packets received, 7659 bps, 95.74%, Err 38 (9.1e-006)
524.898 .... 1962 packets received, 7659 bps, 95.74%, Err 38 (9.0e-006)
526.988 .... 1970 packets received, 7660 bps, 95.75%, Err 38 (9.0e-006)
529.110 .... 1978 packets received, 7660 bps, 95.75%, Err 38 (9.0e-006)
531.200 .... 1986 packets received, 7661 bps, 95.76%, Err 39 (9.2e-006)
533.322 .... 1994 packets received, 7661 bps, 95.76%, Err 39 (9.1e-006)
535.428 .... 2002 packets received, 7661 bps, 95.77%, Err 40 (9.3e-006)
537.534 .... 2010 packets received, 7662 bps, 95.77%, Err 40 (9.3e-006)
539.624 .... 2018 packets received, 7663 bps, 95.78%, Err 40 (9.3e-006)
541.746 .... 2026 packets received, 7663 bps, 95.79%, Err 40 (9.2e-006)
543.868 .... 2034 packets received, 7663 bps, 95.79%, Err 41 (9.4e-006)
545.942 .... 2041 packets received, 7660 bps, 95.75%, Err 41 (9.4e-006)
548.064 .... 2049 packets received, 7660 bps, 95.76%, Err 41 (9.4e-006)
550.154 .... 2057 packets received, 7661 bps, 95.76%, Err 41 (9.3e-006)
552.260 .... 2065 packets received, 7662 bps, 95.77%, Err 41 (9.3e-006)
554.366 .... 2073 packets received, 7662 bps, 95.78%, Err 41 (9.2e-006)
556.472 .... 2081 packets received, 7662 bps, 95.78%, Err 41 (9.2e-006)
558.578 .... 2089 packets received, 7663 bps, 95.79%, Err 41 (9.2e-006)
561.215 .... 2094 packets received, 7645 bps, 95.56%, Err 43 (9.6e-006)
563.321 .... 2105 packets received, 7657 bps, 95.71%, Err 43 (9.5e-006)
566.753 .... 2113 packets received, 7639 bps, 95.49%, Err 44 (9.7e-006)
568.859 .... 2125 packets received, 7654 bps, 95.68%, Err 44 (9.7e-006)
570.949 .... 2133 packets received, 7655 bps, 95.68%, Err 44 (9.6e-006)
573.055 .... 2141 packets received, 7655 bps, 95.69%, Err 44 (9.6e-006)
575.161 .... 2149 packets received, 7656 bps, 95.70%, Err 44 (9.6e-006)
577.267 .... 2157 packets received, 7656 bps, 95.70%, Err 44 (9.5e-006)
579.373 .... 2165 packets received, 7657 bps, 95.71%, Err 44 (9.5e-006)
581.464 .... 2173 packets received, 7657 bps, 95.71%, Err 44 (9.5e-006)
583.570 .... 2181 packets received, 7658 bps, 95.72%, Err 44 (9.4e-006)
586.986 .... 2189 packets received, 7641 bps, 95.51%, Err 45 (9.6e-006)
589.108 .... 2201 packets received, 7655 bps, 95.69%, Err 45 (9.5e-006)
591.198 .... 2209 packets received, 7656 bps, 95.70%, Err 45 (9.5e-006)
593.320 .... 2217 packets received, 7656 bps, 95.70%, Err 45 (9.5e-006)
595.426 .... 2225 packets received, 7656 bps, 95.71%, Err 45 (9.4e-006)
597.532 .... 2233 packets received, 7657 bps, 95.71%, Err 45 (9.4e-006)
599.638 .... 2241 packets received, 7657 bps, 95.72%, Err 45 (9.4e-006)
601.728 .... 2249 packets received, 7658 bps, 95.72%, Err 45 (9.3e-006)
603.834 .... 2257 packets received, 7658 bps, 95.73%, Err 45 (9.3e-006)
605.940 .... 2265 packets received, 7659 bps, 95.74%, Err 45 (9.3e-006)
608.046 .... 2273 packets received, 7659 bps, 95.74%, Err 45 (9.3e-006)
610.136 .... 2281 packets received, 7660 bps, 95.75%, Err 45 (9.2e-006)
612.242 .... 2288 packets received, 7657 bps, 95.71%, Err 46 (9.4e-006)
614.364 .... 2296 packets received, 7657 bps, 95.71%, Err 46 (9.4e-006)
617.780 .... 2304 packets received, 7641 bps, 95.52%, Err 47 (9.5e-006)
619.886 .... 2316 packets received, 7655 bps, 95.69%, Err 47 (9.5e-006)
623.318 .... 2324 packets received, 7639 bps, 95.49%, Err 48 (9.6e-006)
625.393 .... 2336 packets received, 7653 bps, 95.66%, Err 48 (9.6e-006)
627.499 .... 2344 packets received, 7654 bps, 95.67%, Err 48 (9.6e-006)
629.621 .... 2352 packets received, 7654 bps, 95.67%, Err 48 (9.5e-006)
632.756 .... 2359 packets received, 7638 bps, 95.48%, Err 49 (9.7e-006)
634.862 .... 2371 packets received, 7652 bps, 95.65%, Err 49 (9.6e-006)
637.000 .... 2378 packets received, 7649 bps, 95.61%, Err 50 (9.8e-006)
639.074 .... 2386 packets received, 7649 bps, 95.62%, Err 50 (9.8e-006)
641.180 .... 2394 packets received, 7650 bps, 95.62%, Err 50 (9.7e-006)
643.286 .... 2402 packets received, 7650 bps, 95.63%, Err 50 (9.7e-006)
646.703 .... 2410 packets received, 7635 bps, 95.44%, Err 51 (9.9e-006)
648.809 .... 2422 packets received, 7648 bps, 95.60%, Err 51 (9.8e-006)
650.915 .... 2430 packets received, 7649 bps, 95.61%, Err 51 (9.8e-006)
653.021 .... 2438 packets received, 7649 bps, 95.62%, Err 51 (9.8e-006)
655.127 .... 2446 packets received, 7650 bps, 95.62%, Err 51 (9.7e-006)
657.748 .... 2451 packets received, 7635 bps, 95.43%, Err 52 (9.9e-006)
659.869 .... 2463 packets received, 7647 bps, 95.59%, Err 52 (9.9e-006)
661.960 .... 2471 packets received, 7648 bps, 95.60%, Err 52 (9.8e-006)
664.066 .... 2479 packets received, 7648 bps, 95.61%, Err 52 (9.8e-006)
666.187 .... 2487 packets received, 7649 bps, 95.61%, Err 52 (9.8e-006)
668.278 .... 2495 packets received, 7649 bps, 95.62%, Err 52 (9.7e-006)
670.399 .... 2503 packets received, 7649 bps, 95.62%, Err 52 (9.7e-006)
672.490 .... 2511 packets received, 7650 bps, 95.63%, Err 52 (9.7e-006)
674.596 .... 2519 packets received, 7650 bps, 95.63%, Err 52 (9.6e-006)
676.702 .... 2527 packets received, 7651 bps, 95.64%, Err 52 (9.6e-006)
678.808 .... 2534 packets received, 7648 bps, 95.60%, Err 53 (9.8e-006)
680.914 .... 2542 packets received, 7649 bps, 95.61%, Err 53 (9.7e-006)
683.004 .... 2550 packets received, 7649 bps, 95.62%, Err 53 (9.7e-006)
685.126 .... 2558 packets received, 7649 bps, 95.62%, Err 53 (9.7e-006)
687.216 .... 2566 packets received, 7650 bps, 95.63%, Err 53 (9.6e-006)
689.322 .... 2574 packets received, 7650 bps, 95.63%, Err 53 (9.6e-006)
691.428 .... 2582 packets received, 7651 bps, 95.64%, Err 53 (9.6e-006)
693.534 .... 2590 packets received, 7651 bps, 95.64%, Err 53 (9.6e-006)
696.170 .... 2595 packets received, 7637 bps, 95.46%, Err 54 (9.7e-006)
698.261 .... 2607 packets received, 7649 bps, 95.62%, Err 54 (9.7e-006)
700.382 .... 2615 packets received, 7650 bps, 95.62%, Err 54 (9.6e-006)
702.488 .... 2623 packets received, 7650 bps, 95.62%, Err 54 (9.6e-006)
704.594 .... 2631 packets received, 7650 bps, 95.63%, Err 54 (9.6e-006)
706.700 .... 2639 packets received, 7651 bps, 95.63%, Err 54 (9.6e-006)
708.822 .... 2647 packets received, 7651 bps, 95.64%, Err 55 (9.7e-006)
710.912 .... 2654 packets received, 7649 bps, 95.61%, Err 55 (9.7e-006)
713.003 .... 2662 packets received, 7649 bps, 95.61%, Err 56 (9.8e-006)
715.109 .... 2670 packets received, 7649 bps, 95.62%, Err 56 (9.8e-006)
717.745 .... 2675 packets received, 7636 bps, 95.45%, Err 57 (9.9e-006)
719.851 .... 2687 packets received, 7647 bps, 95.59%, Err 57 (9.9e-006)
721.973 .... 2695 packets received, 7648 bps, 95.60%, Err 57 (9.9e-006)
724.063 .... 2703 packets received, 7648 bps, 95.60%, Err 57 (9.8e-006)
726.169 .... 2711 packets received, 7649 bps, 95.61%, Err 57 (9.8e-006)
729.055 .... 2717 packets received, 7635 bps, 95.44%, Err 58 (9.9e-006)
731.161 .... 2729 packets received, 7647 bps, 95.59%, Err 58 (9.9e-006)
733.267 .... 2737 packets received, 7647 bps, 95.59%, Err 58 (9.9e-006)
735.373 .... 2745 packets received, 7648 bps, 95.59%, Err 58 (9.9e-006)
737.479 .... 2748 packets received, 7634 bps, 95.43%, Err 59 (1.0e-005)
739.585 .... 2760 packets received, 7646 bps, 95.57%, Err 59 (1.0e-005)
741.707 .... 2768 packets received, 7646 bps, 95.57%, Err 59 (9.9e-006)
743.797 .... 2776 packets received, 7646 bps, 95.58%, Err 59 (9.9e-006)
745.903 .... 2784 packets received, 7647 bps, 95.58%, Err 59 (9.9e-006)
748.009 .... 2792 packets received, 7647 bps, 95.59%, Err 59 (9.9e-006)
750.115 .... 2800 packets received, 7647 bps, 95.59%, Err 59 (9.8e-006)
752.221 .... 2808 packets received, 7648 bps, 95.60%, Err 59 (9.8e-006)
754.312 .... 2816 packets received, 7648 bps, 95.60%, Err 59 (9.8e-006)
756.449 .... 2824 packets received, 7648 bps, 95.60%, Err 59 (9.7e-006)
758.555 .... 2832 packets received, 7649 bps, 95.61%, Err 59 (9.7e-006)
760.630 .... 2840 packets received, 7649 bps, 95.62%, Err 59 (9.7e-006)
762.736 .... 2848 packets received, 7650 bps, 95.62%, Err 59 (9.7e-006)
764.842 .... 2856 packets received, 7650 bps, 95.63%, Err 59 (9.6e-006)
766.948 .... 2864 packets received, 7651 bps, 95.63%, Err 59 (9.6e-006)
769.054 .... 2872 packets received, 7651 bps, 95.64%, Err 59 (9.6e-006)
771.175 .... 2880 packets received, 7651 bps, 95.64%, Err 59 (9.6e-006)
773.266 .... 2888 packets received, 7652 bps, 95.64%, Err 60 (9.7e-006)
775.387 .... 2895 packets received, 7649 bps, 95.61%, Err 60 (9.7e-006)
777.478 .... 2903 packets received, 7650 bps, 95.62%, Err 60 (9.6e-006)
779.599 .... 2911 packets received, 7650 bps, 95.62%, Err 60 (9.6e-006)
781.705 .... 2919 packets received, 7650 bps, 95.63%, Err 60 (9.6e-006)
784.591 .... 2925 packets received, 7638 bps, 95.47%, Err 61 (9.7e-006)
786.947 .... 2933 packets received, 7636 bps, 95.45%, Err 62 (9.8e-006)
789.068 .... 2945 packets received, 7646 bps, 95.58%, Err 62 (9.8e-006)
792.469 .... 2953 packets received, 7634 bps, 95.43%, Err 64 (1.0e-005)
794.575 .... 2964 packets received, 7642 bps, 95.53%, Err 64 (1.0e-005)
796.697 .... 2972 packets received, 7642 bps, 95.53%, Err 64 (1.0e-005)
798.787 .... 2980 packets received, 7643 bps, 95.54%, Err 64 (1.0e-005)
800.893 .... 2988 packets received, 7643 bps, 95.54%, Err 64 (1.0e-005)
802.999 .... 2996 packets received, 7644 bps, 95.55%, Err 64 (1.0e-005)
806.166 .... 3003 packets received, 7631 bps, 95.39%, Err 65 (1.0e-005)
809.068 .... 3013 packets received, 7629 bps, 95.37%, Err 66 (1.0e-005)
811.174 .... 3025 packets received, 7640 bps, 95.50%, Err 66 (1.0e-005)
813.264 .... 3033 packets received, 7640 bps, 95.50%, Err 66 (1.0e-005)
815.386 .... 3041 packets received, 7641 bps, 95.51%, Err 66 (1.0e-005)
818.006 .... 3046 packets received, 7629 bps, 95.36%, Err 67 (1.0e-005)
820.112 .... 3058 packets received, 7639 bps, 95.49%, Err 67 (1.0e-005)
822.218 .... 3066 packets received, 7639 bps, 95.49%, Err 67 (1.0e-005)
824.324 .... 3074 packets received, 7640 bps, 95.50%, Err 67 (1.0e-005)
826.415 .... 3082 packets received, 7640 bps, 95.50%, Err 67 (1.0e-005)
828.536 .... 3090 packets received, 7640 bps, 95.51%, Err 67 (1.0e-005)
830.642 .... 3098 packets received, 7641 bps, 95.51%, Err 67 (1.0e-005)
832.748 .... 3106 packets received, 7641 bps, 95.51%, Err 67 (1.0e-005)
835.354 .... 3111 packets received, 7630 bps, 95.37%, Err 69 (1.0e-005)
837.491 .... 3122 packets received, 7637 bps, 95.46%, Err 69 (1.0e-005)
839.566 .... 3130 packets received, 7638 bps, 95.47%, Err 69 (1.0e-005)
841.687 .... 3138 packets received, 7638 bps, 95.47%, Err 69 (1.0e-005)
843.793 .... 3146 packets received, 7638 bps, 95.48%, Err 69 (1.0e-005)
845.899 .... 3154 packets received, 7639 bps, 95.48%, Err 69 (1.0e-005)
848.005 .... 3162 packets received, 7639 bps, 95.49%, Err 70 (1.0e-005)
850.111 .... 3170 packets received, 7639 bps, 95.49%, Err 70 (1.0e-005)
852.217 .... 3178 packets received, 7640 bps, 95.50%, Err 70 (1.0e-005)
854.292 .... 3181 packets received, 7628 bps, 95.35%, Err 72 (1.1e-005)
856.398 .... 3192 packets received, 7636 bps, 95.45%, Err 72 (1.1e-005)
858.504 .... 3200 packets received, 7636 bps, 95.45%, Err 72 (1.0e-005)
860.610 .... 3208 packets received, 7636 bps, 95.46%, Err 72 (1.0e-005)
863.777 .... 3216 packets received, 7627 bps, 95.34%, Err 73 (1.1e-005)
865.867 .... 3227 packets received, 7635 bps, 95.44%, Err 73 (1.1e-005)
867.973 .... 3235 packets received, 7635 bps, 95.44%, Err 73 (1.1e-005)
870.079 .... 3239 packets received, 7626 bps, 95.33%, Err 75 (1.1e-005)
872.185 .... 3249 packets received, 7631 bps, 95.39%, Err 75 (1.1e-005)
874.307 .... 3257 packets received, 7632 bps, 95.40%, Err 75 (1.1e-005)
876.397 .... 3264 packets received, 7630 bps, 95.37%, Err 77 (1.1e-005)
878.503 .... 3271 packets received, 7628 bps, 95.35%, Err 77 (1.1e-005)
880.609 .... 3279 packets received, 7628 bps, 95.35%, Err 77 (1.1e-005)
882.715 .... 3287 packets received, 7629 bps, 95.36%, Err 77 (1.1e-005)
884.821 .... 3295 packets received, 7629 bps, 95.36%, Err 77 (1.1e-005)
886.943 .... 3303 packets received, 7629 bps, 95.36%, Err 77 (1.1e-005)
889.049 .... 3311 packets received, 7629 bps, 95.37%, Err 77 (1.1e-005)
891.139 .... 3319 packets received, 7630 bps, 95.37%, Err 77 (1.1e-005)
893.230 .... 3327 packets received, 7630 bps, 95.38%, Err 77 (1.1e-005)
895.351 .... 3335 packets received, 7631 bps, 95.38%, Err 77 (1.1e-005)
897.457 .... 3343 packets received, 7631 bps, 95.39%, Err 77 (1.1e-005)
899.563 .... 3351 packets received, 7631 bps, 95.39%, Err 77 (1.1e-005)
901.654 .... 3359 packets received, 7632 bps, 95.40%, Err 77 (1.1e-005)
903.775 .... 3367 packets received, 7632 bps, 95.40%, Err 77 (1.1e-005)
905.881 .... 3375 packets received, 7632 bps, 95.41%, Err 77 (1.1e-005)
907.972 .... 3379 packets received, 7624 bps, 95.30%, Err 78 (1.1e-005)
910.093 .... 3390 packets received, 7631 bps, 95.39%, Err 78 (1.1e-005)
912.184 .... 3398 packets received, 7631 bps, 95.39%, Err 78 (1.1e-005)
914.290 .... 3406 packets received, 7632 bps, 95.40%, Err 78 (1.1e-005)
916.396 .... 3414 packets received, 7632 bps, 95.40%, Err 78 (1.1e-005)
918.502 .... 3422 packets received, 7632 bps, 95.40%, Err 78 (1.1e-005)
920.608 .... 3430 packets received, 7633 bps, 95.41%, Err 78 (1.1e-005)
922.698 .... 3438 packets received, 7633 bps, 95.41%, Err 78 (1.1e-005)
924.804 .... 3446 packets received, 7633 bps, 95.42%, Err 78 (1.1e-005)
926.926 .... 3454 packets received, 7634 bps, 95.42%, Err 78 (1.1e-005)
929.016 .... 3462 packets received, 7634 bps, 95.43%, Err 78 (1.0e-005)
931.122 .... 3470 packets received, 7634 bps, 95.43%, Err 78 (1.0e-005)
933.228 .... 3478 packets received, 7635 bps, 95.43%, Err 78 (1.0e-005)
935.334 .... 3486 packets received, 7635 bps, 95.44%, Err 78 (1.0e-005)
937.424 .... 3493 packets received, 7633 bps, 95.42%, Err 79 (1.1e-005)
939.546 .... 3501 packets received, 7634 bps, 95.42%, Err 80 (1.1e-005)
941.652 .... 3508 packets received, 7632 bps, 95.40%, Err 80 (1.1e-005)
943.758 .... 3516 packets received, 7632 bps, 95.40%, Err 80 (1.1e-005)
945.864 .... 3524 packets received, 7632 bps, 95.41%, Err 80 (1.1e-005)
947.954 .... 3532 packets received, 7633 bps, 95.41%, Err 80 (1.1e-005)
950.060 .... 3540 packets received, 7633 bps, 95.41%, Err 80 (1.1e-005)
952.182 .... 3548 packets received, 7633 bps, 95.42%, Err 80 (1.1e-005)
954.304 .... 3556 packets received, 7634 bps, 95.42%, Err 80 (1.0e-005)
956.394 .... 3564 packets received, 7634 bps, 95.43%, Err 80 (1.0e-005)
958.500 .... 3568 packets received, 7626 bps, 95.32%, Err 81 (1.1e-005)
960.606 .... 3574 packets received, 7622 bps, 95.27%, Err 82 (1.1e-005)
962.712 .... 3586 packets received, 7631 bps, 95.38%, Err 82 (1.1e-005)
964.802 .... 3594 packets received, 7631 bps, 95.39%, Err 82 (1.1e-005)
967.985 .... 3602 packets received, 7623 bps, 95.29%, Err 83 (1.1e-005)
970.091 .... 3613 packets received, 7630 bps, 95.37%, Err 83 (1.1e-005)
972.181 .... 3621 packets received, 7630 bps, 95.38%, Err 83 (1.1e-005)
974.287 .... 3629 packets received, 7630 bps, 95.38%, Err 84 (1.1e-005)
977.438 .... 3637 packets received, 7623 bps, 95.28%, Err 85 (1.1e-005)
979.560 .... 3648 packets received, 7629 bps, 95.36%, Err 85 (1.1e-005)
981.666 .... 3656 packets received, 7629 bps, 95.37%, Err 85 (1.1e-005)
983.772 .... 3664 packets received, 7630 bps, 95.37%, Err 85 (1.1e-005)
985.878 .... 3672 packets received, 7630 bps, 95.38%, Err 85 (1.1e-005)
987.968 .... 3680 packets received, 7631 bps, 95.38%, Err 85 (1.1e-005)
990.074 .... 3688 packets received, 7631 bps, 95.39%, Err 85 (1.1e-005)
992.976 .... 3695 packets received, 7623 bps, 95.29%, Err 86 (1.1e-005)
995.082 .... 3706 packets received, 7629 bps, 95.37%, Err 86 (1.1e-005)
997.188 .... 3714 packets received, 7630 bps, 95.37%, Err 86 (1.1e-005)
999.278 .... 3722 packets received, 7630 bps, 95.38%, Err 86 (1.1e-005)
1001.400 .... 3730 packets received, 7630 bps, 95.38%, Err 86 (1.1e-005)
1003.522 .... 3738 packets received, 7631 bps, 95.38%, Err 86 (1.1e-005)
1005.596 .... 3746 packets received, 7631 bps, 95.39%, Err 86 (1.1e-005)
1007.702 .... 3754 packets received, 7631 bps, 95.39%, Err 86 (1.1e-005)
1009.808 .... 3762 packets received, 7632 bps, 95.40%, Err 86 (1.1e-005)
1011.914 .... 3770 packets received, 7632 bps, 95.40%, Err 86 (1.1e-005)
1014.020 .... 3778 packets received, 7632 bps, 95.40%, Err 86 (1.1e-005)
1016.126 .... 3786 packets received, 7633 bps, 95.41%, Err 86 (1.1e-005)
1018.232 .... 3793 packets received, 7631 bps, 95.39%, Err 87 (1.1e-005)
1020.323 .... 3801 packets received, 7631 bps, 95.39%, Err 87 (1.1e-005)
1022.429 .... 3809 packets received, 7632 bps, 95.40%, Err 87 (1.1e-005)
1024.535 .... 3817 packets received, 7632 bps, 95.40%, Err 87 (1.1e-005)
1026.641 .... 3825 packets received, 7632 bps, 95.40%, Err 87 (1.1e-005)
1028.747 .... 3833 packets received, 7633 bps, 95.41%, Err 87 (1.1e-005)
1030.853 .... 3841 packets received, 7633 bps, 95.41%, Err 87 (1.1e-005)
1034.004 .... 3849 packets received, 7626 bps, 95.32%, Err 89 (1.1e-005)
1036.110 .... 3860 packets received, 7632 bps, 95.40%, Err 89 (1.1e-005)
1038.216 .... 3868 packets received, 7632 bps, 95.40%, Err 90 (1.1e-005)
1040.338 .... 3876 packets received, 7632 bps, 95.40%, Err 90 (1.1e-005)
1042.428 .... 3884 packets received, 7633 bps, 95.41%, Err 90 (1.1e-005)
1044.534 .... 3892 packets received, 7633 bps, 95.41%, Err 90 (1.1e-005)
1046.640 .... 3900 packets received, 7633 bps, 95.42%, Err 90 (1.1e-005)
1048.746 .... 3908 packets received, 7634 bps, 95.42%, Err 90 (1.1e-005)
1050.852 .... 3916 packets received, 7634 bps, 95.42%, Err 90 (1.1e-005)
1052.958 .... 3924 packets received, 7634 bps, 95.43%, Err 90 (1.1e-005)
1055.064 .... 3932 packets received, 7634 bps, 95.43%, Err 90 (1.1e-005)
1058.215 .... 3939 packets received, 7625 bps, 95.32%, Err 91 (1.1e-005)
1060.321 .... 3951 packets received, 7633 bps, 95.42%, Err 91 (1.1e-005)
1062.427 .... 3959 packets received, 7634 bps, 95.42%, Err 91 (1.1e-005)
1064.533 .... 3967 packets received, 7634 bps, 95.42%, Err 91 (1.1e-005)
1067.170 .... 3973 packets received, 7626 bps, 95.33%, Err 92 (1.1e-005)
1069.276 .... 3984 packets received, 7633 bps, 95.41%, Err 92 (1.1e-005)
1071.382 .... 3992 packets received, 7633 bps, 95.41%, Err 92 (1.1e-005)
1073.472 .... 4000 packets received, 7633 bps, 95.42%, Err 92 (1.1e-005)
1075.594 .... 4008 packets received, 7633 bps, 95.42%, Err 92 (1.1e-005)
1077.684 .... 4016 packets received, 7634 bps, 95.42%, Err 92 (1.1e-005)
1079.790 .... 4024 packets received, 7634 bps, 95.43%, Err 92 (1.1e-005)
1081.880 .... 4031 packets received, 7633 bps, 95.41%, Err 93 (1.1e-005)
1084.002 .... 4039 packets received, 7633 bps, 95.41%, Err 93 (1.1e-005)
1086.108 .... 4047 packets received, 7633 bps, 95.41%, Err 93 (1.1e-005)
1088.214 .... 4055 packets received, 7633 bps, 95.42%, Err 93 (1.1e-005)
1090.320 .... 4063 packets received, 7634 bps, 95.42%, Err 93 (1.1e-005)
1092.410 .... 4071 packets received, 7634 bps, 95.43%, Err 93 (1.1e-005)
1094.532 .... 4079 packets received, 7634 bps, 95.43%, Err 93 (1.1e-005)
1096.638 .... 4087 packets received, 7634 bps, 95.43%, Err 93 (1.1e-005)
1098.760 .... 4095 packets received, 7635 bps, 95.43%, Err 93 (1.1e-005)
1100.866 .... 4103 packets received, 7635 bps, 95.44%, Err 93 (1.1e-005)
1102.972 .... 4111 packets received, 7635 bps, 95.44%, Err 93 (1.1e-005)
1105.046 .... 4119 packets received, 7636 bps, 95.45%, Err 93 (1.1e-005)
1107.152 .... 4127 packets received, 7636 bps, 95.45%, Err 94 (1.1e-005)
1109.258 .... 4135 packets received, 7636 bps, 95.45%, Err 94 (1.1e-005)
1111.895 .... 4141 packets received, 7629 bps, 95.36%, Err 95 (1.1e-005)
1114.001 .... 4152 packets received, 7635 bps, 95.44%, Err 95 (1.1e-005)
1116.122 .... 4160 packets received, 7635 bps, 95.44%, Err 95 (1.1e-005)
1118.228 .... 4168 packets received, 7635 bps, 95.44%, Err 95 (1.1e-005)
1120.334 .... 4176 packets received, 7636 bps, 95.45%, Err 95 (1.1e-005)
1122.425 .... 4184 packets received, 7636 bps, 95.45%, Err 95 (1.1e-005)
1124.780 .... 4188 packets received, 7627 bps, 95.34%, Err 96 (1.1e-005)
1126.886 .... 4200 packets received, 7635 bps, 95.44%, Err 96 (1.1e-005)
1128.992 .... 4208 packets received, 7635 bps, 95.44%, Err 96 (1.1e-005)
1131.098 .... 4216 packets received, 7635 bps, 95.44%, Err 96 (1.1e-005)
1133.735 .... 4222 packets received, 7629 bps, 95.36%, Err 97 (1.1e-005)
1135.856 .... 4233 packets received, 7634 bps, 95.43%, Err 97 (1.1e-005)
1138.992 .... 4240 packets received, 7626 bps, 95.32%, Err 98 (1.1e-005)
1141.098 .... 4252 packets received, 7633 bps, 95.41%, Err 98 (1.1e-005)
1143.204 .... 4260 packets received, 7633 bps, 95.42%, Err 98 (1.1e-005)
1145.310 .... 4268 packets received, 7634 bps, 95.42%, Err 98 (1.1e-005)
1147.400 .... 4276 packets received, 7634 bps, 95.43%, Err 98 (1.1e-005)
1149.522 .... 4284 packets received, 7634 bps, 95.43%, Err 98 (1.1e-005)
1151.612 .... 4288 packets received, 7627 bps, 95.34%, Err 99 (1.1e-005)
1153.718 .... 4299 packets received, 7633 bps, 95.41%, Err 99 (1.1e-005)
1155.840 .... 4307 packets received, 7633 bps, 95.42%, Err 99 (1.1e-005)
1157.946 .... 4315 packets received, 7634 bps, 95.42%, Err 99 (1.1e-005)
1160.036 .... 4323 packets received, 7634 bps, 95.42%, Err 99 (1.1e-005)
1162.142 .... 4331 packets received, 7634 bps, 95.43%, Err 99 (1.1e-005)
1164.248 .... 4338 packets received, 7633 bps, 95.41%, Err 100 (1.1e-005)
1166.354 .... 4346 packets received, 7633 bps, 95.41%, Err 100 (1.1e-005)
1168.460 .... 4354 packets received, 7633 bps, 95.41%, Err 100 (1.1e-005)
1170.566 .... 4362 packets received, 7633 bps, 95.42%, Err 100 (1.1e-005)
1172.672 .... 4370 packets received, 7634 bps, 95.42%, Err 100 (1.1e-005)
1174.778 .... 4378 packets received, 7634 bps, 95.42%, Err 100 (1.1e-005)
1176.869 .... 4386 packets received, 7634 bps, 95.43%, Err 100 (1.1e-005)
1178.975 .... 4394 packets received, 7635 bps, 95.43%, Err 100 (1.1e-005)
1181.112 .... 4402 packets received, 7635 bps, 95.43%, Err 100 (1.1e-005)
1183.218 .... 4410 packets received, 7635 bps, 95.44%, Err 100 (1.1e-005)
1185.324 .... 4418 packets received, 7635 bps, 95.44%, Err 100 (1.1e-005)
1187.414 .... 4426 packets received, 7636 bps, 95.44%, Err 100 (1.1e-005)
1189.536 .... 4434 packets received, 7636 bps, 95.45%, Err 100 (1.1e-005)
1191.642 .... 4442 packets received, 7636 bps, 95.45%, Err 100 (1.0e-005)
1193.748 .... 4450 packets received, 7636 bps, 95.45%, Err 100 (1.0e-005)
1195.854 .... 4458 packets received, 7636 bps, 95.46%, Err 100 (1.0e-005)
1197.960 .... 4466 packets received, 7637 bps, 95.46%, Err 100 (1.0e-005)
1201.376 .... 4474 packets received, 7629 bps, 95.36%, Err 101 (1.1e-005)
1203.482 .... 4486 packets received, 7636 bps, 95.45%, Err 101 (1.0e-005)
1205.588 .... 4494 packets received, 7636 bps, 95.45%, Err 101 (1.0e-005)
1207.663 .... 4502 packets received, 7636 bps, 95.45%, Err 101 (1.0e-005)
1209.785 .... 4510 packets received, 7637 bps, 95.46%, Err 101 (1.0e-005)
1211.891 .... 4518 packets received, 7637 bps, 95.46%, Err 101 (1.0e-005)
1213.997 .... 4526 packets received, 7637 bps, 95.46%, Err 101 (1.0e-005)
1216.103 .... 4534 packets received, 7637 bps, 95.47%, Err 101 (1.0e-005)
1218.209 .... 4542 packets received, 7638 bps, 95.47%, Err 101 (1.0e-005)
1220.315 .... 4550 packets received, 7638 bps, 95.47%, Err 101 (1.0e-005)
1222.421 .... 4558 packets received, 7638 bps, 95.47%, Err 101 (1.0e-005)
1224.542 .... 4566 packets received, 7638 bps, 95.48%, Err 101 (1.0e-005)
1226.617 .... 4574 packets received, 7639 bps, 95.48%, Err 101 (1.0e-005)
1228.739 .... 4582 packets received, 7639 bps, 95.48%, Err 101 (1.0e-005)
1231.625 .... 4588 packets received, 7631 bps, 95.39%, Err 102 (1.0e-005)
1233.731 .... 4600 packets received, 7638 bps, 95.47%, Err 102 (1.0e-005)
1235.837 .... 4608 packets received, 7638 bps, 95.47%, Err 102 (1.0e-005)
1237.958 .... 4616 packets received, 7638 bps, 95.48%, Err 102 (1.0e-005)
1240.049 .... 4624 packets received, 7638 bps, 95.48%, Err 103 (1.0e-005)
1242.170 .... 4632 packets received, 7639 bps, 95.48%, Err 103 (1.0e-005)
1244.276 .... 4640 packets received, 7639 bps, 95.49%, Err 103 (1.0e-005)
1246.382 .... 4648 packets received, 7639 bps, 95.49%, Err 103 (1.0e-005)
1248.488 .... 4656 packets received, 7639 bps, 95.49%, Err 103 (1.0e-005)
1250.563 .... 4664 packets received, 7640 bps, 95.50%, Err 103 (1.0e-005)
1252.700 .... 4672 packets received, 7640 bps, 95.50%, Err 103 (1.0e-005)
1254.806 .... 4680 packets received, 7640 bps, 95.50%, Err 103 (1.0e-005)
1256.897 .... 4688 packets received, 7640 bps, 95.50%, Err 103 (1.0e-005)
1258.987 .... 4696 packets received, 7641 bps, 95.51%, Err 103 (1.0e-005)
1261.093 .... 4704 packets received, 7641 bps, 95.51%, Err 103 (1.0e-005)
1264.015 ** WARNING: System too busy, sleep 15 ms, but be awakened 1393 ms later
1264.015 .... 4710 packets received, 7633 bps, 95.41%, Err 103 (1.0e-005)
1266.090 .... 4723 packets received, 7641 bps, 95.52%, Err 103 (1.0e-005)
1268.212 .... 4731 packets received, 7642 bps, 95.52%, Err 103 (1.0e-005)
1270.318 .... 4739 packets received, 7642 bps, 95.52%, Err 103 (1.0e-005)
1272.424 .... 4747 packets received, 7642 bps, 95.53%, Err 103 (1.0e-005)
1274.530 .... 4755 packets received, 7642 bps, 95.53%, Err 103 (1.0e-005)
1276.636 .... 4763 packets received, 7642 bps, 95.53%, Err 103 (1.0e-005)
1278.742 .... 4771 packets received, 7643 bps, 95.53%, Err 103 (1.0e-005)
1281.893 .... 4778 packets received, 7635 bps, 95.44%, Err 104 (1.0e-005)
1283.983 .... 4790 packets received, 7642 bps, 95.52%, Err 104 (1.0e-005)
1286.105 .... 4798 packets received, 7642 bps, 95.52%, Err 104 (1.0e-005)
1288.211 .... 4806 packets received, 7642 bps, 95.53%, Err 104 (1.0e-005)
1290.317 .... 4814 packets received, 7642 bps, 95.53%, Err 104 (1.0e-005)
1292.423 .... 4822 packets received, 7643 bps, 95.53%, Err 104 (1.0e-005)
1294.529 .... 4830 packets received, 7643 bps, 95.54%, Err 104 (1.0e-005)
1296.619 .... 4838 packets received, 7643 bps, 95.54%, Err 104 (1.0e-005)
1298.725 .... 4846 packets received, 7643 bps, 95.54%, Err 104 (1.0e-005)
1300.831 .... 4854 packets received, 7644 bps, 95.55%, Err 105 (1.0e-005)
1302.953 .... 4862 packets received, 7644 bps, 95.55%, Err 105 (1.0e-005)
1305.574 .... 4867 packets received, 7636 bps, 95.45%, Err 106 (1.0e-005)
1307.680 .... 4879 packets received, 7643 bps, 95.53%, Err 106 (1.0e-005)
1309.786 .... 4887 packets received, 7643 bps, 95.54%, Err 106 (1.0e-005)
1311.907 .... 4895 packets received, 7643 bps, 95.54%, Err 106 (1.0e-005)
1313.998 .... 4903 packets received, 7643 bps, 95.54%, Err 106 (1.0e-005)
1316.119 .... 4911 packets received, 7644 bps, 95.54%, Err 106 (1.0e-005)
1318.225 .... 4919 packets received, 7644 bps, 95.55%, Err 106 (1.0e-005)
1320.300 .... 4927 packets received, 7644 bps, 95.55%, Err 106 (1.0e-005)
1322.406 .... 4935 packets received, 7644 bps, 95.55%, Err 106 (1.0e-005)
1324.512 .... 4943 packets received, 7645 bps, 95.56%, Err 106 (1.0e-005)
1326.618 .... 4950 packets received, 7643 bps, 95.54%, Err 107 (1.0e-005)
1328.724 .... 4958 packets received, 7643 bps, 95.54%, Err 107 (1.0e-005)
1330.830 .... 4966 packets received, 7644 bps, 95.55%, Err 107 (1.0e-005)
1332.952 .... 4974 packets received, 7644 bps, 95.55%, Err 107 (1.0e-005)
1335.058 .... 4982 packets received, 7644 bps, 95.55%, Err 107 (1.0e-005)
1337.148 .... 4990 packets received, 7644 bps, 95.55%, Err 107 (1.0e-005)
1339.254 .... 4998 packets received, 7645 bps, 95.56%, Err 107 (1.0e-005)
1342.140 .... 5004 packets received, 7637 bps, 95.47%, Err 108 (1.0e-005)
1344.246 .... 5016 packets received, 7644 bps, 95.54%, Err 108 (1.0e-005)
1346.352 .... 5024 packets received, 7644 bps, 95.55%, Err 108 (1.0e-005)
1348.458 .... 5032 packets received, 7644 bps, 95.55%, Err 108 (1.0e-005)
1350.580 .... 5040 packets received, 7644 bps, 95.55%, Err 108 (1.0e-005)
1352.654 .... 5048 packets received, 7645 bps, 95.56%, Err 108 (1.0e-005)
1356.086 .... 5056 packets received, 7637 bps, 95.47%, Err 109 (1.0e-005)
1358.192 .... 5063 packets received, 7636 bps, 95.45%, Err 110 (1.0e-005)
1360.314 .... 5075 packets received, 7642 bps, 95.53%, Err 110 (1.0e-005)
1362.404 .... 5083 packets received, 7642 bps, 95.53%, Err 110 (1.0e-005)
1364.495 .... 5091 packets received, 7643 bps, 95.53%, Err 110 (1.0e-005)
1366.616 .... 5099 packets received, 7643 bps, 95.54%, Err 110 (1.0e-005)
1368.722 .... 5107 packets received, 7643 bps, 95.54%, Err 110 (1.0e-005)
1370.813 .... 5115 packets received, 7643 bps, 95.54%, Err 110 (1.0e-005)
1372.934 .... 5118 packets received, 7636 bps, 95.45%, Err 111 (1.0e-005)
1375.040 .... 5130 packets received, 7642 bps, 95.53%, Err 111 (1.0e-005)
1377.131 .... 5138 packets received, 7642 bps, 95.53%, Err 111 (1.0e-005)
1379.237 .... 5146 packets received, 7643 bps, 95.53%, Err 111 (1.0e-005)
1381.358 .... 5154 packets received, 7643 bps, 95.54%, Err 111 (1.0e-005)
1383.449 .... 5162 packets received, 7643 bps, 95.54%, Err 111 (1.0e-005)
1385.555 .... 5170 packets received, 7643 bps, 95.54%, Err 111 (1.0e-005)
1387.661 .... 5178 packets received, 7644 bps, 95.54%, Err 111 (1.0e-005)
1389.782 .... 5186 packets received, 7644 bps, 95.55%, Err 111 (1.0e-005)
1391.873 .... 5194 packets received, 7644 bps, 95.55%, Err 111 (1.0e-005)
1395.024 .... 5201 packets received, 7637 bps, 95.46%, Err 112 (1.0e-005)
1397.146 .... 5213 packets received, 7643 bps, 95.54%, Err 112 (1.0e-005)
1399.236 .... 5221 packets received, 7643 bps, 95.54%, Err 112 (1.0e-005)
1401.342 .... 5229 packets received, 7643 bps, 95.54%, Err 112 (1.0e-005)
1403.464 .... 5237 packets received, 7644 bps, 95.54%, Err 112 (1.0e-005)
1406.615 .... 5244 packets received, 7637 bps, 95.46%, Err 113 (1.0e-005)
1408.705 .... 5256 packets received, 7643 bps, 95.53%, Err 113 (1.0e-005)
1410.811 .... 5264 packets received, 7643 bps, 95.54%, Err 113 (1.0e-005)
1412.917 .... 5272 packets received, 7643 bps, 95.54%, Err 113 (1.0e-005)
1415.039 .... 5280 packets received, 7643 bps, 95.54%, Err 113 (1.0e-005)
1417.145 .... 5288 packets received, 7643 bps, 95.54%, Err 113 (1.0e-005)
1419.235 .... 5296 packets received, 7644 bps, 95.55%, Err 113 (1.0e-005)
1421.341 .... 5304 packets received, 7644 bps, 95.55%, Err 113 (9.9e-006)
1423.432 .... 5312 packets received, 7644 bps, 95.55%, Err 113 (9.9e-006)
1425.569 .... 5320 packets received, 7644 bps, 95.55%, Err 113 (9.9e-006)
1427.659 .... 5328 packets received, 7645 bps, 95.56%, Err 113 (9.9e-006)
1429.750 .... 5336 packets received, 7645 bps, 95.56%, Err 113 (9.9e-006)
1432.121 .... 5340 packets received, 7638 bps, 95.47%, Err 115 (1.0e-005)
1434.242 .... 5351 packets received, 7642 bps, 95.53%, Err 115 (1.0e-005)
1436.333 .... 5359 packets received, 7643 bps, 95.53%, Err 115 (1.0e-005)
1438.439 .... 5367 packets received, 7643 bps, 95.53%, Err 115 (1.0e-005)
1440.545 .... 5375 packets received, 7643 bps, 95.54%, Err 115 (1.0e-005)
1442.651 .... 5383 packets received, 7643 bps, 95.54%, Err 115 (1.0e-005)
1444.757 .... 5391 packets received, 7643 bps, 95.54%, Err 115 (9.9e-006)
1446.863 .... 5399 packets received, 7644 bps, 95.54%, Err 116 (1.0e-005)
1448.969 .... 5407 packets received, 7644 bps, 95.55%, Err 116 (1.0e-005)
1451.090 .... 5415 packets received, 7644 bps, 95.55%, Err 116 (1.0e-005)
1453.196 .... 5423 packets received, 7644 bps, 95.55%, Err 117 (1.0e-005)
1455.287 .... 5431 packets received, 7644 bps, 95.55%, Err 117 (1.0e-005)
1457.393 .... 5439 packets received, 7645 bps, 95.56%, Err 117 (1.0e-005)
1459.499 .... 5447 packets received, 7645 bps, 95.56%, Err 117 (1.0e-005)
1461.620 .... 5455 packets received, 7645 bps, 95.56%, Err 117 (1.0e-005)
1463.711 .... 5463 packets received, 7645 bps, 95.56%, Err 117 (1.0e-005)
1465.832 .... 5471 packets received, 7645 bps, 95.57%, Err 117 (1.0e-005)
1467.923 .... 5479 packets received, 7646 bps, 95.57%, Err 118 (1.0e-005)
1470.029 .... 5487 packets received, 7646 bps, 95.57%, Err 118 (1.0e-005)
1472.150 .... 5495 packets received, 7646 bps, 95.57%, Err 119 (1.0e-005)
1474.241 .... 5503 packets received, 7646 bps, 95.58%, Err 119 (1.0e-005)
1476.331 .... 5510 packets received, 7645 bps, 95.56%, Err 120 (1.0e-005)
1478.437 .... 5518 packets received, 7645 bps, 95.56%, Err 120 (1.0e-005)
1480.543 .... 5526 packets received, 7645 bps, 95.57%, Err 120 (1.0e-005)
1483.445 .... 5532 packets received, 7639 bps, 95.48%, Err 121 (1.0e-005)
1485.535 .... 5544 packets received, 7645 bps, 95.56%, Err 121 (1.0e-005)
1487.641 .... 5552 packets received, 7645 bps, 95.56%, Err 121 (1.0e-005)
1489.763 .... 5560 packets received, 7645 bps, 95.56%, Err 121 (1.0e-005)
1491.869 .... 5568 packets received, 7645 bps, 95.56%, Err 121 (1.0e-005)
1493.959 .... 5576 packets received, 7645 bps, 95.57%, Err 121 (1.0e-005)
1496.065 .... 5584 packets received, 7645 bps, 95.57%, Err 121 (1.0e-005)
1498.452 .... 5588 packets received, 7639 bps, 95.48%, Err 123 (1.0e-005)
1500.542 .... 5599 packets received, 7643 bps, 95.54%, Err 123 (1.0e-005)
1502.648 .... 5607 packets received, 7643 bps, 95.54%, Err 123 (1.0e-005)
1504.754 .... 5615 packets received, 7643 bps, 95.54%, Err 123 (1.0e-005)
1506.860 .... 5623 packets received, 7644 bps, 95.55%, Err 123 (1.0e-005)
1508.966 .... 5631 packets received, 7644 bps, 95.55%, Err 123 (1.0e-005)
1511.088 .... 5639 packets received, 7644 bps, 95.55%, Err 123 (1.0e-005)
1513.163 .... 5647 packets received, 7644 bps, 95.55%, Err 123 (1.0e-005)
1515.269 .... 5655 packets received, 7645 bps, 95.56%, Err 123 (1.0e-005)
1517.375 .... 5663 packets received, 7645 bps, 95.56%, Err 123 (1.0e-005)
1519.481 .... 5671 packets received, 7645 bps, 95.56%, Err 123 (1.0e-005)
1521.602 .... 5679 packets received, 7645 bps, 95.56%, Err 123 (1.0e-005)
1523.708 .... 5687 packets received, 7645 bps, 95.56%, Err 123 (1.0e-005)
1525.814 .... 5695 packets received, 7645 bps, 95.57%, Err 123 (1.0e-005)
1527.920 .... 5703 packets received, 7646 bps, 95.57%, Err 123 (1.0e-005)
1529.995 .... 5711 packets received, 7646 bps, 95.57%, Err 123 (1.0e-005)
1532.117 .... 5719 packets received, 7646 bps, 95.58%, Err 123 (1.0e-005)
1534.207 .... 5727 packets received, 7646 bps, 95.58%, Err 123 (1.0e-005)
1536.329 .... 5735 packets received, 7646 bps, 95.58%, Err 123 (1.0e-005)
1538.435 .... 5743 packets received, 7647 bps, 95.58%, Err 123 (1.0e-005)
1540.525 .... 5751 packets received, 7647 bps, 95.59%, Err 123 (1.0e-005)
1542.631 .... 5759 packets received, 7647 bps, 95.59%, Err 123 (1.0e-005)
1546.048 .... 5767 packets received, 7641 bps, 95.51%, Err 124 (1.0e-005)
1548.169 .... 5779 packets received, 7646 bps, 95.58%, Err 124 (1.0e-005)
1550.260 .... 5787 packets received, 7646 bps, 95.58%, Err 124 (1.0e-005)
1552.366 .... 5795 packets received, 7647 bps, 95.58%, Err 124 (1.0e-005)
1554.472 .... 5803 packets received, 7647 bps, 95.58%, Err 124 (1.0e-005)
1556.593 .... 5811 packets received, 7647 bps, 95.59%, Err 124 (1.0e-005)
1558.699 .... 5819 packets received, 7647 bps, 95.59%, Err 124 (9.9e-006)
1560.790 .... 5827 packets received, 7647 bps, 95.59%, Err 124 (9.9e-006)
1564.222 .... 5835 packets received, 7641 bps, 95.51%, Err 125 (1.0e-005)
1566.328 .... 5847 packets received, 7646 bps, 95.58%, Err 125 (1.0e-005)
1568.434 .... 5855 packets received, 7647 bps, 95.58%, Err 125 (1.0e-005)
1570.524 .... 5863 packets received, 7647 bps, 95.59%, Err 125 (9.9e-006)
1572.630 .... 5871 packets received, 7647 bps, 95.59%, Err 125 (9.9e-006)
1574.736 .... 5878 packets received, 7646 bps, 95.57%, Err 126 (1.0e-005)
1576.842 .... 5886 packets received, 7646 bps, 95.58%, Err 126 (1.0e-005)
1578.964 .... 5894 packets received, 7646 bps, 95.58%, Err 126 (1.0e-005)
1581.070 .... 5902 packets received, 7646 bps, 95.58%, Err 126 (1.0e-005)
1583.144 .... 5910 packets received, 7647 bps, 95.58%, Err 126 (9.9e-006)
1585.266 .... 5918 packets received, 7647 bps, 95.58%, Err 126 (9.9e-006)
1587.356 .... 5926 packets received, 7647 bps, 95.59%, Err 126 (9.9e-006)
1589.462 .... 5934 packets received, 7647 bps, 95.59%, Err 126 (9.9e-006)
1591.568 .... 5942 packets received, 7647 bps, 95.59%, Err 126 (9.9e-006)
1595.000 .... 5950 packets received, 7641 bps, 95.51%, Err 127 (1.0e-005)
1598.167 .... 5961 packets received, 7640 bps, 95.50%, Err 128 (1.0e-005)
1600.772 .... 5970 packets received, 7639 bps, 95.49%, Err 129 (1.0e-005)
1602.878 .... 5982 packets received, 7644 bps, 95.56%, Err 129 (1.0e-005)
1604.984 .... 5990 packets received, 7645 bps, 95.56%, Err 129 (1.0e-005)
1607.090 .... 5993 packets received, 7638 bps, 95.48%, Err 130 (1.0e-005)
1609.196 .... 6005 packets received, 7644 bps, 95.55%, Err 130 (1.0e-005)
1611.302 .... 6013 packets received, 7644 bps, 95.55%, Err 130 (1.0e-005)
1613.424 .... 6021 packets received, 7644 bps, 95.55%, Err 130 (1.0e-005)
1616.591 .... 6028 packets received, 7638 bps, 95.47%, Err 131 (1.0e-005)
1618.681 .... 6040 packets received, 7643 bps, 95.54%, Err 131 (1.0e-005)
1620.772 .... 6048 packets received, 7643 bps, 95.54%, Err 131 (1.0e-005)
1622.878 .... 6056 packets received, 7644 bps, 95.55%, Err 131 (1.0e-005)
1624.999 .... 6064 packets received, 7644 bps, 95.55%, Err 131 (1.0e-005)
1627.105 .... 6072 packets received, 7644 bps, 95.55%, Err 131 (1.0e-005)
1629.211 .... 6080 packets received, 7644 bps, 95.55%, Err 131 (1.0e-005)
1632.612 .... 6088 packets received, 7638 bps, 95.48%, Err 132 (1.0e-005)
1634.983 .... 6096 packets received, 7637 bps, 95.46%, Err 134 (1.0e-005)
1637.105 .... 6107 packets received, 7641 bps, 95.51%, Err 134 (1.0e-005)
1639.195 .... 6115 packets received, 7641 bps, 95.52%, Err 134 (1.0e-005)
1641.301 .... 6123 packets received, 7641 bps, 95.52%, Err 134 (1.0e-005)
1643.392 .... 6126 packets received, 7635 bps, 95.44%, Err 136 (1.0e-005)
1645.513 .... 6137 packets received, 7639 bps, 95.49%, Err 136 (1.0e-005)
1647.619 .... 6145 packets received, 7640 bps, 95.49%, Err 136 (1.0e-005)
1650.505 .... 6151 packets received, 7634 bps, 95.42%, Err 137 (1.0e-005)
1652.611 .... 6163 packets received, 7639 bps, 95.48%, Err 137 (1.0e-005)
1654.717 .... 6171 packets received, 7639 bps, 95.49%, Err 137 (1.0e-005)
1656.808 .... 6179 packets received, 7639 bps, 95.49%, Err 137 (1.0e-005)
1658.914 .... 6187 packets received, 7639 bps, 95.49%, Err 138 (1.0e-005)
1661.020 .... 6194 packets received, 7638 bps, 95.48%, Err 138 (1.0e-005)
1663.126 .... 6202 packets received, 7638 bps, 95.48%, Err 138 (1.0e-005)
1665.232 .... 6210 packets received, 7639 bps, 95.48%, Err 139 (1.0e-005)
1667.338 .... 6218 packets received, 7639 bps, 95.49%, Err 139 (1.0e-005)
1669.444 .... 6226 packets received, 7639 bps, 95.49%, Err 139 (1.0e-005)
1671.565 .... 6234 packets received, 7639 bps, 95.49%, Err 139 (1.0e-005)
1674.701 .... 6241 packets received, 7633 bps, 95.42%, Err 140 (1.0e-005)
1676.822 .... 6253 packets received, 7638 bps, 95.48%, Err 140 (1.0e-005)
1678.913 .... 6261 packets received, 7639 bps, 95.48%, Err 140 (1.0e-005)
1681.019 .... 6269 packets received, 7639 bps, 95.49%, Err 140 (1.0e-005)
1683.125 .... 6277 packets received, 7639 bps, 95.49%, Err 140 (1.0e-005)
1685.231 .... 6285 packets received, 7639 bps, 95.49%, Err 140 (1.0e-005)
1687.337 .... 6293 packets received, 7639 bps, 95.49%, Err 140 (1.0e-005)
1689.427 .... 6301 packets received, 7640 bps, 95.49%, Err 140 (1.0e-005)
1691.533 .... 6309 packets received, 7640 bps, 95.50%, Err 140 (1.0e-005)
1693.655 .... 6317 packets received, 7640 bps, 95.50%, Err 140 (1.0e-005)
1695.745 .... 6325 packets received, 7640 bps, 95.50%, Err 140 (1.0e-005)
1697.851 .... 6333 packets received, 7640 bps, 95.50%, Err 140 (1.0e-005)
1699.973 .... 6341 packets received, 7640 bps, 95.50%, Err 140 (1.0e-005)
1702.063 .... 6349 packets received, 7641 bps, 95.51%, Err 140 (1.0e-005)
1704.169 .... 6357 packets received, 7641 bps, 95.51%, Err 140 (1.0e-005)
1706.291 .... 6365 packets received, 7641 bps, 95.51%, Err 140 (1.0e-005)
1708.646 .... 6369 packets received, 7635 bps, 95.44%, Err 141 (1.0e-005)
1710.768 .... 6381 packets received, 7640 bps, 95.50%, Err 141 (1.0e-005)
1712.874 .... 6389 packets received, 7640 bps, 95.50%, Err 141 (1.0e-005)
1714.964 .... 6397 packets received, 7640 bps, 95.51%, Err 141 (1.0e-005)
1717.070 .... 6405 packets received, 7641 bps, 95.51%, Err 141 (1.0e-005)
1719.176 .... 6413 packets received, 7641 bps, 95.51%, Err 141 (1.0e-005)
1721.267 .... 6421 packets received, 7641 bps, 95.51%, Err 141 (1.0e-005)
1723.373 .... 6429 packets received, 7641 bps, 95.52%, Err 141 (1.0e-005)
1725.494 .... 6437 packets received, 7641 bps, 95.52%, Err 141 (1.0e-005)
1727.600 .... 6445 packets received, 7641 bps, 95.52%, Err 141 (1.0e-005)
1729.691 .... 6453 packets received, 7642 bps, 95.52%, Err 141 (1.0e-005)
1731.812 .... 6461 packets received, 7642 bps, 95.52%, Err 141 (1.0e-005)
1733.903 .... 6469 packets received, 7642 bps, 95.53%, Err 141 (1.0e-005)
1736.024 .... 6477 packets received, 7642 bps, 95.53%, Err 141 (1.0e-005)
1738.130 .... 6485 packets received, 7642 bps, 95.53%, Err 141 (1.0e-005)
1740.236 .... 6493 packets received, 7642 bps, 95.53%, Err 141 (1.0e-005)
1742.327 .... 6501 packets received, 7643 bps, 95.53%, Err 141 (1.0e-005)
1744.433 .... 6509 packets received, 7643 bps, 95.54%, Err 141 (1.0e-005)
1746.539 .... 6517 packets received, 7643 bps, 95.54%, Err 141 (1.0e-005)
1748.645 .... 6525 packets received, 7643 bps, 95.54%, Err 141 (1.0e-005)
1750.735 .... 6533 packets received, 7643 bps, 95.54%, Err 141 (1.0e-005)
1752.841 .... 6541 packets received, 7644 bps, 95.55%, Err 141 (1.0e-005)
1754.947 .... 6549 packets received, 7644 bps, 95.55%, Err 141 (1.0e-005)
1757.053 .... 6557 packets received, 7644 bps, 95.55%, Err 141 (1.0e-005)
1759.175 .... 6565 packets received, 7644 bps, 95.55%, Err 141 (1.0e-005)
1761.265 .... 6573 packets received, 7644 bps, 95.55%, Err 141 (1.0e-005)
1763.371 .... 6581 packets received, 7644 bps, 95.56%, Err 141 (1.0e-005)
1765.742 .... 6585 packets received, 7639 bps, 95.48%, Err 142 (1.0e-005)
1767.848 .... 6597 packets received, 7644 bps, 95.54%, Err 142 (1.0e-005)
1769.954 .... 6605 packets received, 7644 bps, 95.55%, Err 142 (1.0e-005)
1772.060 .... 6613 packets received, 7644 bps, 95.55%, Err 142 (1.0e-005)
1774.166 .... 6621 packets received, 7644 bps, 95.55%, Err 142 (1.0e-005)
1776.272 .... 6629 packets received, 7644 bps, 95.55%, Err 142 (1.0e-005)
1778.378 .... 6637 packets received, 7644 bps, 95.56%, Err 142 (1.0e-005)
1780.484 .... 6645 packets received, 7645 bps, 95.56%, Err 142 (1.0e-005)
1782.575 .... 6653 packets received, 7645 bps, 95.56%, Err 142 (1.0e-005)
1786.007 .... 6660 packets received, 7638 bps, 95.48%, Err 144 (1.0e-005)
1788.082 .... 6672 packets received, 7643 bps, 95.54%, Err 144 (1.0e-005)
1790.219 .... 6680 packets received, 7643 bps, 95.54%, Err 144 (1.0e-005)
1792.309 .... 6688 packets received, 7643 bps, 95.54%, Err 144 (1.0e-005)
1794.431 .... 6696 packets received, 7643 bps, 95.54%, Err 144 (1.0e-005)
1796.537 .... 6704 packets received, 7644 bps, 95.54%, Err 144 (1.0e-005)
1798.643 .... 6712 packets received, 7644 bps, 95.55%, Err 144 (1.0e-005)
1800.733 .... 6720 packets received, 7644 bps, 95.55%, Err 144 (1.0e-005)
1803.635 .... 6726 packets received, 7638 bps, 95.48%, Err 145 (1.0e-005)
1805.741 .... 6738 packets received, 7643 bps, 95.54%, Err 145 (1.0e-005)
1807.847 .... 6746 packets received, 7643 bps, 95.54%, Err 145 (1.0e-005)
1809.953 .... 6754 packets received, 7643 bps, 95.54%, Err 145 (1.0e-005)
1812.028 .... 6762 packets received, 7644 bps, 95.55%, Err 145 (1.0e-005)
1814.165 .... 6770 packets received, 7644 bps, 95.55%, Err 145 (1.0e-005)
1816.255 .... 6778 packets received, 7644 bps, 95.55%, Err 145 (1.0e-005)
1818.346 .... 6786 packets received, 7644 bps, 95.55%, Err 145 (1.0e-005)
1820.452 .... 6794 packets received, 7644 bps, 95.55%, Err 145 (1.0e-005)
1822.589 .... 6802 packets received, 7644 bps, 95.55%, Err 145 (9.9e-006)
1824.679 .... 6810 packets received, 7645 bps, 95.56%, Err 145 (9.9e-006)
1826.801 .... 6818 packets received, 7645 bps, 95.56%, Err 145 (9.9e-006)
1828.891 .... 6826 packets received, 7645 bps, 95.56%, Err 145 (9.9e-006)
1830.982 .... 6834 packets received, 7645 bps, 95.56%, Err 145 (9.9e-006)
1833.103 .... 6842 packets received, 7645 bps, 95.57%, Err 145 (9.9e-006)
1835.209 .... 6850 packets received, 7645 bps, 95.57%, Err 145 (9.9e-006)
1837.300 .... 6858 packets received, 7646 bps, 95.57%, Err 145 (9.9e-006)
1839.936 .... 6863 packets received, 7640 bps, 95.50%, Err 146 (9.9e-006)
1842.042 .... 6875 packets received, 7645 bps, 95.56%, Err 146 (9.9e-006)
1844.132 .... 6883 packets received, 7645 bps, 95.56%, Err 146 (9.9e-006)
1846.254 .... 6891 packets received, 7645 bps, 95.56%, Err 146 (9.9e-006)
1849.405 .... 6898 packets received, 7640 bps, 95.50%, Err 147 (9.9e-006)
1852.822 .... 6903 packets received, 7631 bps, 95.39%, Err 149 (1.0e-005)
1854.943 .... 6921 packets received, 7642 bps, 95.53%, Err 149 (1.0e-005)
1857.018 .... 6929 packets received, 7643 bps, 95.53%, Err 149 (1.0e-005)
1859.124 .... 6937 packets received, 7643 bps, 95.54%, Err 149 (1.0e-005)
1861.230 .... 6945 packets received, 7643 bps, 95.54%, Err 149 (1.0e-005)
1863.352 .... 6953 packets received, 7643 bps, 95.54%, Err 149 (1.0e-005)
1866.487 .... 6960 packets received, 7638 bps, 95.47%, Err 151 (1.0e-005)
1868.609 .... 6971 packets received, 7641 bps, 95.52%, Err 151 (1.0e-005)
1870.699 .... 6979 packets received, 7642 bps, 95.52%, Err 151 (1.0e-005)
1872.821 .... 6986 packets received, 7641 bps, 95.51%, Err 152 (1.0e-005)
1874.911 .... 6994 packets received, 7641 bps, 95.51%, Err 152 (1.0e-005)
1877.017 .... 7002 packets received, 7641 bps, 95.51%, Err 152 (1.0e-005)
1879.123 .... 7010 packets received, 7641 bps, 95.51%, Err 152 (1.0e-005)
1881.760 .... 7015 packets received, 7636 bps, 95.45%, Err 153 (1.0e-005)
1883.866 .... 7027 packets received, 7640 bps, 95.50%, Err 153 (1.0e-005)
1885.956 .... 7035 packets received, 7641 bps, 95.51%, Err 153 (1.0e-005)
1888.093 .... 7043 packets received, 7641 bps, 95.51%, Err 153 (1.0e-005)
1890.184 .... 7051 packets received, 7641 bps, 95.51%, Err 153 (1.0e-005)
1892.290 .... 7058 packets received, 7640 bps, 95.50%, Err 155 (1.0e-005)
1894.396 .... 7066 packets received, 7640 bps, 95.50%, Err 155 (1.0e-005)
1896.502 .... 7074 packets received, 7640 bps, 95.50%, Err 155 (1.0e-005)
1898.608 .... 7082 packets received, 7640 bps, 95.50%, Err 155 (1.0e-005)
1900.714 .... 7090 packets received, 7640 bps, 95.51%, Err 155 (1.0e-005)
1902.804 .... 7098 packets received, 7641 bps, 95.51%, Err 155 (1.0e-005)
1904.926 .... 7106 packets received, 7641 bps, 95.51%, Err 155 (1.0e-005)
1907.016 .... 7114 packets received, 7641 bps, 95.51%, Err 155 (1.0e-005)
1909.138 .... 7122 packets received, 7641 bps, 95.51%, Err 155 (1.0e-005)
1911.758 .... 7127 packets received, 7636 bps, 95.45%, Err 156 (1.0e-005)
1913.864 .... 7139 packets received, 7640 bps, 95.51%, Err 156 (1.0e-005)
1915.970 .... 7147 packets received, 7641 bps, 95.51%, Err 156 (1.0e-005)
1918.061 .... 7155 packets received, 7641 bps, 95.51%, Err 156 (1.0e-005)
1920.182 .... 7163 packets received, 7641 bps, 95.51%, Err 156 (1.0e-005)
1922.273 .... 7171 packets received, 7641 bps, 95.51%, Err 156 (1.0e-005)
1925.440 .... 7178 packets received, 7636 bps, 95.45%, Err 157 (1.0e-005)
1927.546 .... 7190 packets received, 7640 bps, 95.50%, Err 157 (1.0e-005)
1929.636 .... 7198 packets received, 7641 bps, 95.51%, Err 157 (1.0e-005)
1931.758 .... 7206 packets received, 7641 bps, 95.51%, Err 157 (1.0e-005)
1933.864 .... 7214 packets received, 7641 bps, 95.51%, Err 157 (1.0e-005)
1935.954 .... 7222 packets received, 7641 bps, 95.51%, Err 158 (1.0e-005)
1938.060 .... 7230 packets received, 7641 bps, 95.51%, Err 158 (1.0e-005)
1940.166 .... 7238 packets received, 7641 bps, 95.52%, Err 158 (1.0e-005)
1942.272 .... 7246 packets received, 7641 bps, 95.52%, Err 158 (1.0e-005)
1944.378 .... 7254 packets received, 7642 bps, 95.52%, Err 158 (1.0e-005)
1946.484 .... 7262 packets received, 7642 bps, 95.52%, Err 158 (1.0e-005)
1948.590 .... 7270 packets received, 7642 bps, 95.52%, Err 158 (1.0e-005)
1950.696 .... 7278 packets received, 7642 bps, 95.53%, Err 158 (1.0e-005)
1952.786 .... 7286 packets received, 7642 bps, 95.53%, Err 158 (1.0e-005)
1954.892 .... 7294 packets received, 7642 bps, 95.53%, Err 158 (1.0e-005)
1956.998 .... 7302 packets received, 7643 bps, 95.53%, Err 158 (1.0e-005)
1960.150 .... 7309 packets received, 7638 bps, 95.47%, Err 159 (1.0e-005)
1962.271 .... 7321 packets received, 7642 bps, 95.52%, Err 159 (1.0e-005)
1964.362 .... 7329 packets received, 7642 bps, 95.53%, Err 159 (1.0e-005)
1966.483 .... 7337 packets received, 7642 bps, 95.53%, Err 159 (1.0e-005)
1968.589 .... 7345 packets received, 7642 bps, 95.53%, Err 159 (1.0e-005)
1970.680 .... 7353 packets received, 7643 bps, 95.53%, Err 159 (1.0e-005)
1972.786 .... 7361 packets received, 7643 bps, 95.53%, Err 159 (1.0e-005)
1974.892 .... 7368 packets received, 7642 bps, 95.52%, Err 160 (1.0e-005)
1976.998 .... 7376 packets received, 7642 bps, 95.52%, Err 160 (1.0e-005)
1979.119 .... 7384 packets received, 7642 bps, 95.53%, Err 162 (1.0e-005)
1982.005 .... 7390 packets received, 7637 bps, 95.46%, Err 163 (1.0e-005)
1984.111 .... 7402 packets received, 7641 bps, 95.52%, Err 163 (1.0e-005)
1986.482 .... 7406 packets received, 7636 bps, 95.45%, Err 165 (1.0e-005)
1988.588 .... 7417 packets received, 7640 bps, 95.50%, Err 165 (1.0e-005)
1990.694 .... 7425 packets received, 7640 bps, 95.50%, Err 165 (1.0e-005)
1992.785 .... 7433 packets received, 7640 bps, 95.50%, Err 165 (1.0e-005)
1994.906 .... 7441 packets received, 7640 bps, 95.50%, Err 165 (1.0e-005)
1997.012 .... 7449 packets received, 7640 bps, 95.50%, Err 165 (1.0e-005)
1999.118 .... 7457 packets received, 7640 bps, 95.50%, Err 165 (1.0e-005)
2001.209 .... 7465 packets received, 7641 bps, 95.51%, Err 165 (1.0e-005)
2005.171 .... 7468 packets received, 7629 bps, 95.36%, Err 168 (1.0e-005)
2008.572 .... 7474 packets received, 7622 bps, 95.27%, Err 169 (1.1e-005)
2010.678 .... 7497 packets received, 7637 bps, 95.46%, Err 169 (1.1e-005)
2012.800 .... 7505 packets received, 7637 bps, 95.47%, Err 169 (1.0e-005)
2016.232 .... 7513 packets received, 7632 bps, 95.40%, Err 170 (1.1e-005)
2018.322 .... 7521 packets received, 7633 bps, 95.41%, Err 171 (1.1e-005)
2020.428 .... 7532 packets received, 7636 bps, 95.45%, Err 171 (1.1e-005)
2022.518 .... 7540 packets received, 7636 bps, 95.45%, Err 171 (1.1e-005)
2024.624 .... 7548 packets received, 7636 bps, 95.45%, Err 171 (1.1e-005)
2026.730 .... 7556 packets received, 7636 bps, 95.45%, Err 171 (1.1e-005)
2028.836 .... 7564 packets received, 7636 bps, 95.46%, Err 171 (1.1e-005)
2030.942 .... 7572 packets received, 7637 bps, 95.46%, Err 171 (1.1e-005)
2033.048 .... 7580 packets received, 7637 bps, 95.46%, Err 171 (1.1e-005)
2035.154 .... 7588 packets received, 7637 bps, 95.46%, Err 171 (1.1e-005)
2037.245 .... 7596 packets received, 7637 bps, 95.46%, Err 171 (1.0e-005)
2039.351 .... 7604 packets received, 7637 bps, 95.47%, Err 171 (1.0e-005)
2041.457 .... 7612 packets received, 7637 bps, 95.47%, Err 171 (1.0e-005)
2043.563 .... 7620 packets received, 7638 bps, 95.47%, Err 171 (1.0e-005)
2045.669 .... 7628 packets received, 7638 bps, 95.47%, Err 171 (1.0e-005)
2047.775 .... 7636 packets received, 7638 bps, 95.47%, Err 171 (1.0e-005)
2049.881 .... 7644 packets received, 7638 bps, 95.47%, Err 171 (1.0e-005)
2052.002 .... 7652 packets received, 7638 bps, 95.48%, Err 171 (1.0e-005)
2054.077 .... 7660 packets received, 7638 bps, 95.48%, Err 172 (1.0e-005)
2056.183 .... 7668 packets received, 7638 bps, 95.48%, Err 173 (1.1e-005)
2058.305 .... 7676 packets received, 7639 bps, 95.48%, Err 173 (1.1e-005)
2060.395 .... 7684 packets received, 7639 bps, 95.48%, Err 173 (1.0e-005)
2063.297 .... 7691 packets received, 7635 bps, 95.44%, Err 174 (1.1e-005)
2065.403 .... 7702 packets received, 7638 bps, 95.48%, Err 174 (1.1e-005)
2067.509 .... 7710 packets received, 7638 bps, 95.48%, Err 174 (1.1e-005)
2069.599 .... 7718 packets received, 7638 bps, 95.48%, Err 174 (1.1e-005)
2071.705 .... 7726 packets received, 7639 bps, 95.48%, Err 174 (1.0e-005)
2073.811 .... 7734 packets received, 7639 bps, 95.48%, Err 174 (1.0e-005)
2075.917 .... 7742 packets received, 7639 bps, 95.49%, Err 174 (1.0e-005)
2078.023 .... 7750 packets received, 7639 bps, 95.49%, Err 174 (1.0e-005)
2080.129 .... 7758 packets received, 7639 bps, 95.49%, Err 174 (1.0e-005)
2082.235 .... 7766 packets received, 7639 bps, 95.49%, Err 174 (1.0e-005)
2084.341 .... 7774 packets received, 7639 bps, 95.49%, Err 174 (1.0e-005)
2086.463 .... 7782 packets received, 7640 bps, 95.49%, Err 174 (1.0e-005)
2088.569 .... 7790 packets received, 7640 bps, 95.50%, Err 174 (1.0e-005)
2091.190 .... 7795 packets received, 7635 bps, 95.44%, Err 175 (1.0e-005)
2093.311 .... 7807 packets received, 7639 bps, 95.49%, Err 175 (1.0e-005)
2095.386 .... 7815 packets received, 7639 bps, 95.49%, Err 175 (1.0e-005)
2097.492 .... 7823 packets received, 7639 bps, 95.49%, Err 175 (1.0e-005)
2099.629 .... 7831 packets received, 7639 bps, 95.49%, Err 175 (1.0e-005)
2101.735 .... 7839 packets received, 7640 bps, 95.49%, Err 175 (1.0e-005)
2103.826 .... 7847 packets received, 7640 bps, 95.50%, Err 175 (1.0e-005)
2105.932 .... 7855 packets received, 7640 bps, 95.50%, Err 175 (1.0e-005)
2108.038 .... 7863 packets received, 7640 bps, 95.50%, Err 175 (1.0e-005)
2110.144 .... 7871 packets received, 7640 bps, 95.50%, Err 175 (1.0e-005)
2113.045 .... 7877 packets received, 7636 bps, 95.44%, Err 176 (1.0e-005)
2115.151 .... 7889 packets received, 7640 bps, 95.49%, Err 176 (1.0e-005)
2117.242 .... 7897 packets received, 7640 bps, 95.50%, Err 176 (1.0e-005)
2119.363 .... 7905 packets received, 7640 bps, 95.50%, Err 176 (1.0e-005)
2121.469 .... 7913 packets received, 7640 bps, 95.50%, Err 176 (1.0e-005)
2123.560 .... 7921 packets received, 7640 bps, 95.50%, Err 176 (1.0e-005)
2125.666 .... 7929 packets received, 7640 bps, 95.50%, Err 176 (1.0e-005)
2127.772 .... 7937 packets received, 7640 bps, 95.51%, Err 176 (1.0e-005)
2129.878 .... 7945 packets received, 7641 bps, 95.51%, Err 176 (1.0e-005)
2131.984 .... 7953 packets received, 7641 bps, 95.51%, Err 176 (1.0e-005)
2134.090 .... 7961 packets received, 7641 bps, 95.51%, Err 176 (1.0e-005)
2136.180 .... 7969 packets received, 7641 bps, 95.51%, Err 176 (1.0e-005)
2139.082 .... 7975 packets received, 7636 bps, 95.45%, Err 177 (1.0e-005)
2141.188 .... 7987 packets received, 7640 bps, 95.50%, Err 177 (1.0e-005)
2143.294 .... 7995 packets received, 7640 bps, 95.51%, Err 177 (1.0e-005)
2145.400 .... 8003 packets received, 7641 bps, 95.51%, Err 177 (1.0e-005)
2147.506 .... 8011 packets received, 7641 bps, 95.51%, Err 177 (1.0e-005)
2149.612 .... 8019 packets received, 7641 bps, 95.51%, Err 177 (1.0e-005)
2151.718 .... 8027 packets received, 7641 bps, 95.51%, Err 177 (1.0e-005)
2153.824 .... 8035 packets received, 7641 bps, 95.51%, Err 177 (1.0e-005)
2155.914 .... 8043 packets received, 7641 bps, 95.52%, Err 178 (1.0e-005)
2158.020 .... 8050 packets received, 7641 bps, 95.51%, Err 179 (1.0e-005)
2160.110 .... 8057 packets received, 7640 bps, 95.50%, Err 179 (1.0e-005)
2162.216 .... 8065 packets received, 7640 bps, 95.50%, Err 179 (1.0e-005)
2164.322 .... 8073 packets received, 7640 bps, 95.50%, Err 179 (1.0e-005)
2166.428 .... 8081 packets received, 7640 bps, 95.50%, Err 179 (1.0e-005)
2168.550 .... 8089 packets received, 7640 bps, 95.50%, Err 180 (1.0e-005)
2170.656 .... 8097 packets received, 7640 bps, 95.51%, Err 180 (1.0e-005)
2172.746 .... 8105 packets received, 7641 bps, 95.51%, Err 180 (1.0e-005)
2174.868 .... 8113 packets received, 7641 bps, 95.51%, Err 180 (1.0e-005)
2177.738 .... 8119 packets received, 7636 bps, 95.45%, Err 181 (1.0e-005)
2179.844 .... 8131 packets received, 7640 bps, 95.50%, Err 181 (1.0e-005)
2181.966 .... 8139 packets received, 7640 bps, 95.50%, Err 181 (1.0e-005)
2184.072 .... 8147 packets received, 7640 bps, 95.50%, Err 181 (1.0e-005)
2186.178 .... 8155 packets received, 7641 bps, 95.51%, Err 181 (1.0e-005)
2188.284 .... 8163 packets received, 7641 bps, 95.51%, Err 181 (1.0e-005)
2190.390 .... 8171 packets received, 7641 bps, 95.51%, Err 181 (1.0e-005)
2192.496 .... 8179 packets received, 7641 bps, 95.51%, Err 181 (1.0e-005)
2194.586 .... 8187 packets received, 7641 bps, 95.51%, Err 181 (1.0e-005)
2196.677 .... 8195 packets received, 7641 bps, 95.52%, Err 181 (1.0e-005)
2198.814 .... 8203 packets received, 7641 bps, 95.52%, Err 181 (1.0e-005)
2200.904 .... 8211 packets received, 7641 bps, 95.52%, Err 181 (1.0e-005)
2203.010 .... 8219 packets received, 7642 bps, 95.52%, Err 181 (1.0e-005)
2205.116 .... 8227 packets received, 7642 bps, 95.52%, Err 181 (1.0e-005)
2207.222 .... 8230 packets received, 7637 bps, 95.47%, Err 182 (1.0e-005)
2209.328 .... 8242 packets received, 7641 bps, 95.51%, Err 182 (1.0e-005)
2211.434 .... 8250 packets received, 7641 bps, 95.52%, Err 182 (1.0e-005)
2212.151 TCP Disconnected.

