datalink af -ber 1e-4 
=========================================================================
                          Station A                                 
-------------------------------------------------------------------------
Protocol.lib, version 3.0, Build: Oct 19 2009 (jiangy@public3.bta.net.cn)
Channel: 8000 bps, 270 ms propagation delay, bit error rate 1.0E-004
Log file "datalink-A.log", TCP port 59144, debug mask 0x00
Station A is waiting for station B on TCP port 59144 ... Done.
New epoch: Thu May 12 16:04:27 2016
=========================================================================
Designed and implemented by Wenting Ye.
For any problem please contact QQ:471731724
Build: May 12 2016  16:04:11
3.447 .... 2 packets received, 1300 bps, 16.25%, Err 4 (1.5e-004)
6.613 .... 12 packets received, 3890 bps, 48.63%, Err 6 (1.1e-004)
8.751 .... 26 packets received, 6298 bps, 78.72%, Err 7 (1.0e-004)
10.841 .... 33 packets received, 6409 bps, 80.11%, Err 7 (8.1e-005)
12.947 .... 36 packets received, 5828 bps, 72.85%, Err 10 (9.7e-005)
15.084 .... 47 packets received, 6509 bps, 81.36%, Err 10 (8.3e-005)
17.190 .... 55 packets received, 6667 bps, 83.34%, Err 11 (8.0e-005)
20.357 .... 57 packets received, 5819 bps, 72.74%, Err 14 (8.6e-005)
26.160 .... 60 packets received, 4751 bps, 59.39%, Err 21 (1.0e-004)
30.107 .... 68 packets received, 4672 bps, 58.39%, Err 28 (1.2e-004)
32.213 .... 88 packets received, 5647 bps, 70.58%, Err 29 (1.1e-004)
34.350 .... 98 packets received, 5894 bps, 73.67%, Err 30 (1.1e-004)
36.456 .... 110 packets received, 6230 bps, 77.88%, Err 31 (1.1e-004)
38.578 .... 113 packets received, 6045 bps, 75.57%, Err 32 (1.0e-004)
42.010 .... 124 packets received, 6088 bps, 76.10%, Err 36 (1.1e-004)
44.116 .... 135 packets received, 6309 bps, 78.87%, Err 36 (1.0e-004)
47.548 .... 138 packets received, 5981 bps, 74.77%, Err 38 (1.0e-004)
49.654 .... 154 packets received, 6390 bps, 79.87%, Err 38 (9.6e-005)
52.290 .... 159 packets received, 6263 bps, 78.29%, Err 39 (9.3e-005)
54.412 .... 171 packets received, 6471 bps, 80.89%, Err 41 (9.4e-005)
57.828 .... 176 packets received, 6265 bps, 78.31%, Err 46 (9.9e-005)
63.117 .... 179 packets received, 5836 bps, 72.94%, Err 51 (1.0e-004)
66.299 .... 205 packets received, 6361 bps, 79.51%, Err 52 (9.8e-005)
69.731 .... 216 packets received, 6371 bps, 79.64%, Err 55 (9.9e-005)
72.383 .... 223 packets received, 6335 bps, 79.19%, Err 56 (9.7e-005)
75.550 .... 231 packets received, 6287 bps, 78.58%, Err 59 (9.8e-005)
77.640 .... 245 packets received, 6487 bps, 81.09%, Err 59 (9.5e-005)
81.353 .... 247 packets received, 6241 bps, 78.01%, Err 63 (9.7e-005)
85.035 .... 260 packets received, 6284 bps, 78.55%, Err 66 (9.7e-005)
88.482 .... 271 packets received, 6294 bps, 78.67%, Err 71 (1.0e-004)
91.103 .... 284 packets received, 6405 bps, 80.06%, Err 72 (9.9e-005)
93.225 .... 295 packets received, 6501 bps, 81.27%, Err 74 (9.9e-005)
96.391 .... 303 packets received, 6458 bps, 80.72%, Err 77 (1.0e-004)
99.043 .... 308 packets received, 6388 bps, 79.85%, Err 79 (1.0e-004)
101.149 .... 321 packets received, 6518 bps, 81.48%, Err 79 (9.8e-005)
103.786 .... 326 packets received, 6451 bps, 80.64%, Err 84 (1.0e-004)
105.876 .... 336 packets received, 6518 bps, 81.47%, Err 84 (9.9e-005)
108.544 .... 342 packets received, 6470 bps, 80.88%, Err 86 (9.9e-005)
111.445 .... 351 packets received, 6467 bps, 80.84%, Err 89 (1.0e-004)
114.082 .... 354 packets received, 6372 bps, 79.64%, Err 91 (1.0e-004)
116.999 .... 366 packets received, 6423 bps, 80.29%, Err 93 (9.9e-005)
120.150 .... 374 packets received, 6391 bps, 79.88%, Err 96 (1.0e-004)
122.802 .... 382 packets received, 6386 bps, 79.83%, Err 97 (9.9e-005)
127.295 .... 393 packets received, 6338 bps, 79.22%, Err 101 (9.9e-005)
129.417 .... 409 packets received, 6487 bps, 81.09%, Err 102 (9.9e-005)
132.599 .... 417 packets received, 6455 bps, 80.69%, Err 106 (1.0e-004)
135.766 .... 419 packets received, 6334 bps, 79.18%, Err 108 (9.9e-005)
138.418 .... 434 packets received, 6435 bps, 80.44%, Err 110 (9.9e-005)
140.508 .... 441 packets received, 6441 bps, 80.52%, Err 113 (1.0e-004)
145.017 .... 444 packets received, 6283 bps, 78.54%, Err 117 (1.0e-004)
148.183 .... 445 packets received, 6163 bps, 77.03%, Err 119 (1.0e-004)
150.835 .... 468 packets received, 6367 bps, 79.59%, Err 121 (1.0e-004)
153.721 .... 480 packets received, 6407 bps, 80.09%, Err 123 (1.0e-004)
158.495 .... 489 packets received, 6330 bps, 79.13%, Err 130 (1.0e-004)
162.457 .... 496 packets received, 6264 bps, 78.30%, Err 133 (1.0e-004)
165.078 .... 510 packets received, 6339 bps, 79.23%, Err 134 (1.0e-004)
171.942 .... 523 packets received, 6240 bps, 78.00%, Err 141 (1.0e-004)
177.246 .... 529 packets received, 6123 bps, 76.53%, Err 151 (1.1e-004)
179.337 .... 555 packets received, 6348 bps, 79.36%, Err 152 (1.1e-004)
183.580 .... 560 packets received, 6257 bps, 78.22%, Err 158 (1.1e-004)
186.481 .... 570 packets received, 6270 bps, 78.37%, Err 160 (1.1e-004)
188.572 .... 585 packets received, 6363 bps, 79.54%, Err 160 (1.1e-004)
190.693 .... 592 packets received, 6368 bps, 79.60%, Err 161 (1.1e-004)
192.815 .... 599 packets received, 6372 bps, 79.65%, Err 162 (1.1e-004)
194.905 .... 602 packets received, 6335 bps, 79.19%, Err 163 (1.0e-004)
198.072 .... 614 packets received, 6358 bps, 79.48%, Err 164 (1.0e-004)
200.178 .... 625 packets received, 6404 bps, 80.05%, Err 164 (1.0e-004)
202.815 .... 631 packets received, 6381 bps, 79.76%, Err 165 (1.0e-004)
204.921 .... 642 packets received, 6425 bps, 80.32%, Err 165 (1.0e-004)
207.027 .... 649 packets received, 6429 bps, 80.37%, Err 167 (1.0e-004)
209.679 .... 653 packets received, 6387 bps, 79.84%, Err 169 (1.0e-004)
212.830 .... 665 packets received, 6408 bps, 80.10%, Err 172 (1.0e-004)
219.429 .... 673 packets received, 6290 bps, 78.62%, Err 179 (1.0e-004)
221.566 .... 695 packets received, 6433 bps, 80.41%, Err 179 (1.0e-004)
223.687 .... 703 packets received, 6445 bps, 80.56%, Err 179 (1.0e-004)
226.074 .... 708 packets received, 6422 bps, 80.28%, Err 181 (1.0e-004)
230.551 .... 716 packets received, 6368 bps, 79.61%, Err 184 (1.0e-004)
232.673 .... 729 packets received, 6425 bps, 80.31%, Err 187 (1.0e-004)
235.294 .... 737 packets received, 6423 bps, 80.29%, Err 188 (1.0e-004)
237.681 .... 745 packets received, 6427 bps, 80.34%, Err 190 (1.0e-004)
240.582 .... 754 packets received, 6426 bps, 80.33%, Err 192 (1.0e-004)
242.704 .... 764 packets received, 6455 bps, 80.68%, Err 196 (1.0e-004)
245.340 .... 766 packets received, 6402 bps, 80.02%, Err 200 (1.0e-004)
247.446 .... 780 packets received, 6463 bps, 80.79%, Err 200 (1.0e-004)
249.537 .... 788 packets received, 6475 bps, 80.94%, Err 200 (1.0e-004)
251.674 .... 792 packets received, 6452 bps, 80.66%, Err 203 (1.0e-004)
254.310 .... 795 packets received, 6410 bps, 80.12%, Err 204 (1.0e-004)
256.416 .... 810 packets received, 6477 bps, 80.96%, Err 205 (1.0e-004)
259.053 .... 814 packets received, 6443 bps, 80.53%, Err 209 (1.0e-004)
263.545 .... 820 packets received, 6379 bps, 79.74%, Err 211 (1.0e-004)
265.917 .... 837 packets received, 6453 bps, 80.67%, Err 214 (1.0e-004)
269.068 .... 847 packets received, 6454 bps, 80.68%, Err 216 (1.0e-004)
272.235 .... 857 packets received, 6454 bps, 80.68%, Err 217 (1.0e-004)
274.341 .... 867 packets received, 6479 bps, 80.99%, Err 218 (9.9e-005)
276.447 .... 875 packets received, 6489 bps, 81.12%, Err 218 (9.9e-005)
279.099 .... 881 packets received, 6472 bps, 80.89%, Err 221 (9.9e-005)
281.735 .... 884 packets received, 6433 bps, 80.41%, Err 225 (1.0e-004)
289.145 .... 889 packets received, 6303 bps, 78.79%, Err 235 (1.0e-004)
292.327 .... 914 packets received, 6410 bps, 80.12%, Err 236 (1.0e-004)
297.070 .... 923 packets received, 6370 bps, 79.62%, Err 245 (1.0e-004)
302.093 .... 935 packets received, 6345 bps, 79.31%, Err 248 (1.0e-004)
305.260 .... 954 packets received, 6407 bps, 80.08%, Err 249 (1.0e-004)
307.381 .... 965 packets received, 6436 bps, 80.45%, Err 249 (1.0e-004)
309.487 .... 973 packets received, 6445 bps, 80.56%, Err 250 (1.0e-004)
312.654 .... 981 packets received, 6432 bps, 80.40%, Err 252 (1.0e-004)
314.760 .... 992 packets received, 6461 bps, 80.76%, Err 252 (1.0e-004)
316.882 .... 1000 packets received, 6469 bps, 80.86%, Err 253 (1.0e-004)
320.033 .... 1001 packets received, 6412 bps, 80.15%, Err 254 (9.9e-005)
322.170 .... 1017 packets received, 6471 bps, 80.89%, Err 255 (9.9e-005)
326.663 .... 1023 packets received, 6419 bps, 80.24%, Err 260 (1.0e-004)
331.140 .... 1033 packets received, 6395 bps, 79.93%, Err 265 (1.0e-004)
335.617 .... 1043 packets received, 6370 bps, 79.63%, Err 268 (1.0e-004)
338.800 .... 1056 packets received, 6389 bps, 79.86%, Err 271 (1.0e-004)
343.573 .... 1071 packets received, 6390 bps, 79.87%, Err 275 (1.0e-004)
345.679 .... 1086 packets received, 6440 bps, 80.49%, Err 276 (1.0e-004)
348.035 .... 1094 packets received, 6443 bps, 80.54%, Err 278 (1.0e-004)
350.157 .... 1104 packets received, 6463 bps, 80.78%, Err 278 (9.9e-005)
356.755 .... 1107 packets received, 6360 bps, 79.50%, Err 285 (1.0e-004)
360.172 .... 1128 packets received, 6419 bps, 80.24%, Err 290 (1.0e-004)
363.339 .... 1139 packets received, 6425 bps, 80.32%, Err 293 (1.0e-004)
366.505 .... 1144 packets received, 6398 bps, 79.97%, Err 298 (1.0e-004)
369.672 .... 1146 packets received, 6354 bps, 79.42%, Err 301 (1.0e-004)
372.324 .... 1166 packets received, 6419 bps, 80.23%, Err 303 (1.0e-004)
375.741 .... 1167 packets received, 6366 bps, 79.57%, Err 305 (1.0e-004)
378.673 .... 1181 packets received, 6392 bps, 79.90%, Err 306 (1.0e-004)
382.105 .... 1194 packets received, 6405 bps, 80.06%, Err 309 (1.0e-004)
385.272 .... 1207 packets received, 6421 bps, 80.26%, Err 311 (1.0e-004)
388.455 .... 1212 packets received, 6395 bps, 79.93%, Err 312 (1.0e-004)
390.576 .... 1224 packets received, 6423 bps, 80.29%, Err 314 (1.0e-004)
393.743 .... 1225 packets received, 6376 bps, 79.71%, Err 316 (1.0e-004)
395.849 .... 1245 packets received, 6446 bps, 80.58%, Err 316 (1.0e-004)
397.955 .... 1252 packets received, 6448 bps, 80.60%, Err 317 (1.0e-004)
403.509 .... 1255 packets received, 6374 bps, 79.68%, Err 322 (1.0e-004)
406.176 .... 1275 packets received, 6433 bps, 80.42%, Err 324 (1.0e-004)
408.797 .... 1282 packets received, 6427 bps, 80.34%, Err 326 (1.0e-004)
410.919 .... 1293 packets received, 6449 bps, 80.61%, Err 326 (9.9e-005)
415.162 .... 1298 packets received, 6408 bps, 80.10%, Err 329 (9.9e-005)
418.329 .... 1312 packets received, 6428 bps, 80.35%, Err 333 (1.0e-004)
420.435 .... 1323 packets received, 6449 bps, 80.61%, Err 335 (1.0e-004)
423.087 .... 1329 packets received, 6438 bps, 80.47%, Err 337 (1.0e-004)
427.314 .... 1337 packets received, 6412 bps, 80.15%, Err 340 (9.9e-005)
430.481 .... 1344 packets received, 6398 bps, 79.98%, Err 345 (1.0e-004)
432.587 .... 1361 packets received, 6448 bps, 80.60%, Err 346 (1.0e-004)
435.754 .... 1366 packets received, 6424 bps, 80.31%, Err 350 (1.0e-004)
437.860 .... 1377 packets received, 6445 bps, 80.56%, Err 350 (1.0e-004)
439.981 .... 1381 packets received, 6433 bps, 80.41%, Err 352 (1.0e-004)
442.618 .... 1386 packets received, 6417 bps, 80.22%, Err 356 (1.0e-004)
445.254 .... 1393 packets received, 6412 bps, 80.14%, Err 356 (1.0e-004)
448.437 .... 1407 packets received, 6430 bps, 80.37%, Err 358 (1.0e-004)
450.527 .... 1418 packets received, 6450 bps, 80.63%, Err 359 (1.0e-004)
452.649 .... 1425 packets received, 6452 bps, 80.64%, Err 361 (1.0e-004)
455.269 .... 1429 packets received, 6432 bps, 80.41%, Err 364 (1.0e-004)
458.452 .... 1434 packets received, 6410 bps, 80.13%, Err 367 (1.0e-004)
461.338 .... 1445 packets received, 6419 bps, 80.24%, Err 369 (1.0e-004)
464.520 .... 1457 packets received, 6428 bps, 80.35%, Err 377 (1.0e-004)
469.543 .... 1458 packets received, 6363 bps, 79.54%, Err 380 (1.0e-004)
471.649 .... 1480 packets received, 6431 bps, 80.38%, Err 381 (1.0e-004)
473.755 .... 1485 packets received, 6424 bps, 80.29%, Err 382 (1.0e-004)
475.877 .... 1492 packets received, 6425 bps, 80.31%, Err 383 (1.0e-004)
477.983 .... 1496 packets received, 6414 bps, 80.17%, Err 384 (1.0e-004)
480.105 .... 1507 packets received, 6432 bps, 80.41%, Err 384 (1.0e-004)
483.802 .... 1510 packets received, 6396 bps, 79.95%, Err 387 (1.0e-004)
487.764 .... 1523 packets received, 6399 bps, 79.98%, Err 390 (1.0e-004)
490.401 .... 1534 packets received, 6410 bps, 80.13%, Err 392 (1.0e-004)
492.507 .... 1547 packets received, 6437 bps, 80.46%, Err 392 (9.9e-005)
497.015 .... 1553 packets received, 6403 bps, 80.04%, Err 399 (1.0e-004)
499.917 .... 1561 packets received, 6399 bps, 79.98%, Err 402 (1.0e-004)
502.834 .... 1571 packets received, 6402 bps, 80.03%, Err 404 (1.0e-004)
504.940 .... 1586 packets received, 6436 bps, 80.46%, Err 404 (1.0e-004)
507.046 .... 1590 packets received, 6426 bps, 80.32%, Err 406 (1.0e-004)
511.539 .... 1595 packets received, 6389 bps, 79.87%, Err 409 (1.0e-004)
514.191 .... 1610 packets received, 6416 bps, 80.20%, Err 414 (1.0e-004)
516.281 .... 1621 packets received, 6434 bps, 80.42%, Err 414 (1.0e-004)
518.387 .... 1629 packets received, 6439 bps, 80.49%, Err 414 (1.0e-004)
521.320 .... 1633 packets received, 6419 bps, 80.24%, Err 418 (1.0e-004)
524.487 .... 1636 packets received, 6392 bps, 79.90%, Err 421 (1.0e-004)
527.638 .... 1650 packets received, 6408 bps, 80.10%, Err 422 (1.0e-004)
532.645 .... 1663 packets received, 6398 bps, 79.97%, Err 427 (1.0e-004)
534.767 .... 1678 packets received, 6430 bps, 80.37%, Err 428 (1.0e-004)
537.669 .... 1681 packets received, 6407 bps, 80.08%, Err 430 (1.0e-004)
539.775 .... 1695 packets received, 6435 bps, 80.43%, Err 430 (1.0e-004)
546.389 .... 1701 packets received, 6379 bps, 79.74%, Err 438 (1.0e-004)
549.291 .... 1718 packets received, 6409 bps, 80.11%, Err 440 (1.0e-004)
551.412 .... 1732 packets received, 6436 bps, 80.45%, Err 440 (1.0e-004)
553.534 .... 1740 packets received, 6441 bps, 80.52%, Err 440 (9.9e-005)
556.950 .... 1742 packets received, 6409 bps, 80.11%, Err 443 (9.9e-005)
559.587 .... 1757 packets received, 6434 bps, 80.42%, Err 444 (9.9e-005)
561.989 .... 1765 packets received, 6435 bps, 80.44%, Err 446 (9.9e-005)
568.837 .... 1769 packets received, 6372 bps, 79.65%, Err 456 (1.0e-004)
572.020 .... 1791 packets received, 6416 bps, 80.20%, Err 457 (1.0e-004)
574.921 .... 1797 packets received, 6405 bps, 80.06%, Err 460 (1.0e-004)
577.027 .... 1811 packets received, 6431 bps, 80.39%, Err 461 (1.0e-004)
579.133 .... 1819 packets received, 6436 bps, 80.45%, Err 462 (1.0e-004)
581.255 .... 1826 packets received, 6437 bps, 80.46%, Err 463 (1.0e-004)
584.157 .... 1833 packets received, 6430 bps, 80.37%, Err 467 (1.0e-004)
586.793 .... 1841 packets received, 6429 bps, 80.36%, Err 468 (1.0e-004)
589.164 .... 1849 packets received, 6431 bps, 80.38%, Err 472 (1.0e-004)
591.816 .... 1853 packets received, 6416 bps, 80.19%, Err 472 (1.0e-004)
594.983 .... 1864 packets received, 6419 bps, 80.24%, Err 477 (1.0e-004)
600.271 .... 1867 packets received, 6373 bps, 79.66%, Err 480 (1.0e-004)
602.393 .... 1892 packets received, 6436 bps, 80.44%, Err 482 (1.0e-004)
605.544 .... 1893 packets received, 6405 bps, 80.07%, Err 483 (1.0e-004)
608.461 .... 1909 packets received, 6429 bps, 80.36%, Err 486 (1.0e-004)
611.098 .... 1916 packets received, 6424 bps, 80.30%, Err 488 (1.0e-004)
614.015 .... 1926 packets received, 6427 bps, 80.34%, Err 491 (1.0e-004)
616.636 .... 1931 packets received, 6416 bps, 80.21%, Err 495 (1.0e-004)
619.818 .... 1933 packets received, 6390 bps, 79.88%, Err 498 (1.0e-004)
623.235 .... 1945 packets received, 6394 bps, 79.93%, Err 501 (1.0e-004)
625.356 .... 1963 packets received, 6432 bps, 80.40%, Err 502 (1.0e-004)
627.447 .... 1971 packets received, 6436 bps, 80.46%, Err 502 (1.0e-004)
629.568 .... 1975 packets received, 6428 bps, 80.35%, Err 504 (1.0e-004)
632.236 .... 1981 packets received, 6420 bps, 80.25%, Err 508 (1.0e-004)
635.106 .... 1986 packets received, 6407 bps, 80.09%, Err 509 (1.0e-004)
637.758 .... 2000 packets received, 6425 bps, 80.32%, Err 510 (1.0e-004)
640.925 .... 2010 packets received, 6426 bps, 80.32%, Err 514 (1.0e-004)
645.933 .... 2014 packets received, 6389 bps, 79.86%, Err 520 (1.0e-004)
648.039 .... 2034 packets received, 6431 bps, 80.39%, Err 521 (1.0e-004)
650.145 .... 2041 packets received, 6432 bps, 80.40%, Err 521 (1.0e-004)
652.266 .... 2049 packets received, 6436 bps, 80.46%, Err 521 (1.0e-004)
655.168 .... 2052 packets received, 6417 bps, 80.22%, Err 523 (1.0e-004)
661.782 .... 2065 packets received, 6393 bps, 79.92%, Err 529 (1.0e-004)
663.904 .... 2080 packets received, 6419 bps, 80.24%, Err 530 (1.0e-004)
668.116 .... 2090 packets received, 6409 bps, 80.12%, Err 534 (1.0e-004)
672.889 .... 2102 packets received, 6400 bps, 80.01%, Err 538 (1.0e-004)
677.632 .... 2116 packets received, 6398 bps, 79.97%, Err 545 (1.0e-004)
679.753 .... 2132 packets received, 6426 bps, 80.33%, Err 546 (1.0e-004)
681.859 .... 2140 packets received, 6430 bps, 80.38%, Err 547 (1.0e-004)
684.777 .... 2147 packets received, 6424 bps, 80.30%, Err 549 (1.0e-004)
686.883 .... 2158 packets received, 6437 bps, 80.46%, Err 550 (1.0e-004)
690.034 .... 2162 packets received, 6420 bps, 80.24%, Err 553 (1.0e-004)
692.951 .... 2174 packets received, 6428 bps, 80.35%, Err 557 (1.0e-004)
695.073 .... 2184 packets received, 6438 bps, 80.47%, Err 557 (1.0e-004)
697.959 .... 2191 packets received, 6432 bps, 80.40%, Err 558 (1.0e-004)
700.065 .... 2202 packets received, 6445 bps, 80.56%, Err 558 (1.0e-004)
703.231 .... 2209 packets received, 6436 bps, 80.45%, Err 561 (1.0e-004)
705.883 .... 2215 packets received, 6429 bps, 80.36%, Err 563 (1.0e-004)
708.535 .... 2222 packets received, 6425 bps, 80.32%, Err 568 (1.0e-004)
711.172 .... 2230 packets received, 6425 bps, 80.31%, Err 571 (1.0e-004)
715.649 .... 2237 packets received, 6404 bps, 80.05%, Err 575 (1.0e-004)
720.688 .... 2253 packets received, 6405 bps, 80.06%, Err 579 (1.0e-004)
723.589 .... 2265 packets received, 6413 bps, 80.17%, Err 580 (1.0e-004)
725.695 .... 2279 packets received, 6434 bps, 80.43%, Err 582 (1.0e-004)
727.817 .... 2287 packets received, 6438 bps, 80.47%, Err 582 (1.0e-004)
730.703 .... 2292 packets received, 6427 bps, 80.33%, Err 587 (1.0e-004)
732.840 .... 2303 packets received, 6439 bps, 80.48%, Err 587 (1.0e-004)
734.946 .... 2307 packets received, 6431 bps, 80.39%, Err 590 (1.0e-004)
737.567 .... 2310 packets received, 6417 bps, 80.21%, Err 592 (1.0e-004)
740.188 .... 2318 packets received, 6416 bps, 80.20%, Err 593 (1.0e-004)
742.824 .... 2330 packets received, 6426 bps, 80.33%, Err 595 (1.0e-004)
745.476 .... 2336 packets received, 6420 bps, 80.25%, Err 597 (1.0e-004)
748.128 .... 2344 packets received, 6419 bps, 80.24%, Err 599 (1.0e-004)
750.234 .... 2358 packets received, 6439 bps, 80.49%, Err 599 (1.0e-004)
752.340 .... 2362 packets received, 6432 bps, 80.40%, Err 602 (1.0e-004)
754.977 .... 2365 packets received, 6418 bps, 80.22%, Err 603 (1.0e-004)
757.098 .... 2379 packets received, 6438 bps, 80.47%, Err 606 (1.0e-004)
759.220 .... 2386 packets received, 6439 bps, 80.48%, Err 607 (1.0e-004)
761.326 .... 2390 packets received, 6432 bps, 80.40%, Err 610 (1.0e-004)
763.447 .... 2400 packets received, 6441 bps, 80.51%, Err 610 (1.0e-004)
765.834 .... 2405 packets received, 6434 bps, 80.42%, Err 611 (1.0e-004)
769.001 .... 2412 packets received, 6426 bps, 80.33%, Err 615 (1.0e-004)
771.622 .... 2423 packets received, 6433 bps, 80.42%, Err 616 (1.0e-004)
776.380 .... 2432 packets received, 6418 bps, 80.22%, Err 622 (1.0e-004)
779.297 .... 2445 packets received, 6428 bps, 80.35%, Err 625 (1.0e-004)
781.387 .... 2455 packets received, 6437 bps, 80.46%, Err 626 (1.0e-004)
783.509 .... 2462 packets received, 6438 bps, 80.47%, Err 628 (1.0e-004)
786.941 .... 2470 packets received, 6431 bps, 80.38%, Err 630 (1.0e-004)
790.108 .... 2474 packets received, 6415 bps, 80.19%, Err 632 (1.0e-004)
792.479 .... 2489 packets received, 6435 bps, 80.43%, Err 633 (1.0e-004)
794.601 .... 2496 packets received, 6436 bps, 80.44%, Err 634 (1.0e-004)
799.359 .... 2505 packets received, 6420 bps, 80.25%, Err 640 (1.0e-004)
801.995 .... 2515 packets received, 6425 bps, 80.31%, Err 642 (1.0e-004)
805.162 .... 2521 packets received, 6415 bps, 80.18%, Err 643 (1.0e-004)
808.843 .... 2534 packets received, 6418 bps, 80.23%, Err 649 (1.0e-004)
812.026 .... 2543 packets received, 6416 bps, 80.20%, Err 650 (1.0e-004)
815.177 .... 2558 packets received, 6429 bps, 80.36%, Err 652 (1.0e-004)
817.829 .... 2564 packets received, 6423 bps, 80.29%, Err 654 (1.0e-004)
820.996 .... 2566 packets received, 6403 bps, 80.04%, Err 657 (1.0e-004)
823.913 .... 2583 packets received, 6423 bps, 80.29%, Err 658 (1.0e-004)
826.534 .... 2593 packets received, 6427 bps, 80.34%, Err 662 (1.0e-004)
829.716 .... 2603 packets received, 6427 bps, 80.34%, Err 664 (1.0e-004)
832.353 .... 2612 packets received, 6429 bps, 80.36%, Err 666 (1.0e-004)
834.474 .... 2622 packets received, 6437 bps, 80.47%, Err 667 (1.0e-004)
837.360 .... 2626 packets received, 6425 bps, 80.31%, Err 670 (1.0e-004)
839.482 .... 2638 packets received, 6438 bps, 80.47%, Err 671 (1.0e-004)
841.603 .... 2642 packets received, 6431 bps, 80.39%, Err 672 (1.0e-004)
843.959 .... 2650 packets received, 6433 bps, 80.41%, Err 673 (1.0e-004)
847.391 .... 2655 packets received, 6419 bps, 80.24%, Err 678 (1.0e-004)
850.059 .... 2665 packets received, 6423 bps, 80.29%, Err 679 (1.0e-004)
852.945 .... 2674 packets received, 6423 bps, 80.28%, Err 681 (1.0e-004)
857.453 .... 2684 packets received, 6413 bps, 80.16%, Err 686 (1.0e-004)
860.620 .... 2696 packets received, 6418 bps, 80.22%, Err 689 (1.0e-004)
863.241 .... 2703 packets received, 6415 bps, 80.19%, Err 691 (1.0e-004)
865.362 .... 2716 packets received, 6430 bps, 80.37%, Err 691 (1.0e-004)
869.059 .... 2719 packets received, 6410 bps, 80.12%, Err 697 (1.0e-004)
871.181 .... 2733 packets received, 6427 bps, 80.34%, Err 697 (1.0e-004)
873.271 .... 2741 packets received, 6430 bps, 80.38%, Err 698 (1.0e-004)
876.454 .... 2749 packets received, 6426 bps, 80.32%, Err 700 (1.0e-004)
879.621 .... 2753 packets received, 6412 bps, 80.15%, Err 704 (1.0e-004)
882.787 .... 2767 packets received, 6421 bps, 80.27%, Err 705 (1.0e-004)
884.878 .... 2778 packets received, 6432 bps, 80.40%, Err 706 (1.0e-004)
886.984 .... 2782 packets received, 6426 bps, 80.32%, Err 709 (1.0e-004)
890.151 .... 2784 packets received, 6407 bps, 80.09%, Err 715 (1.0e-004)
892.272 .... 2791 packets received, 6408 bps, 80.10%, Err 716 (1.0e-004)
898.590 .... 2799 packets received, 6381 bps, 79.77%, Err 719 (1.0e-004)
903.613 .... 2818 packets received, 6389 bps, 79.86%, Err 722 (1.0e-004)
905.704 .... 2837 packets received, 6417 bps, 80.21%, Err 725 (1.0e-004)
907.825 .... 2847 packets received, 6425 bps, 80.31%, Err 726 (1.0e-004)
912.568 .... 2854 packets received, 6407 bps, 80.09%, Err 731 (1.0e-004)
916.000 .... 2860 packets received, 6396 bps, 79.96%, Err 737 (1.0e-004)
918.121 .... 2871 packets received, 6406 bps, 80.08%, Err 737 (1.0e-004)
921.054 .... 2880 packets received, 6406 bps, 80.07%, Err 740 (1.0e-004)
923.691 .... 2891 packets received, 6412 bps, 80.15%, Err 741 (1.0e-004)
925.781 .... 2899 packets received, 6415 bps, 80.19%, Err 742 (1.0e-004)
928.683 .... 2909 packets received, 6417 bps, 80.21%, Err 745 (1.0e-004)
933.721 .... 2910 packets received, 6385 bps, 79.81%, Err 751 (1.0e-004)
935.827 .... 2932 packets received, 6419 bps, 80.23%, Err 751 (1.0e-004)
938.230 .... 2937 packets received, 6413 bps, 80.16%, Err 753 (1.0e-004)
941.381 .... 2938 packets received, 6394 bps, 79.92%, Err 755 (1.0e-004)
944.033 .... 2954 packets received, 6410 bps, 80.13%, Err 757 (1.0e-004)
946.389 .... 2963 packets received, 6414 bps, 80.17%, Err 759 (1.0e-004)
950.897 .... 2970 packets received, 6399 bps, 79.98%, Err 765 (1.0e-004)
952.987 .... 2984 packets received, 6415 bps, 80.18%, Err 765 (1.0e-004)
955.093 .... 2990 packets received, 6413 bps, 80.17%, Err 765 (1.0e-004)
957.231 .... 2996 packets received, 6412 bps, 80.15%, Err 766 (1.0e-004)
960.132 .... 2999 packets received, 6399 bps, 79.99%, Err 770 (1.0e-004)
963.018 .... 3010 packets received, 6403 bps, 80.04%, Err 771 (1.0e-004)
965.124 .... 3017 packets received, 6404 bps, 80.05%, Err 772 (1.0e-004)
968.057 .... 3026 packets received, 6404 bps, 80.05%, Err 776 (1.0e-004)
970.163 .... 3036 packets received, 6411 bps, 80.14%, Err 777 (1.0e-004)
972.285 .... 3044 packets received, 6414 bps, 80.17%, Err 777 (1.0e-004)
975.186 .... 3051 packets received, 6409 bps, 80.12%, Err 779 (1.0e-004)
978.618 .... 3056 packets received, 6397 bps, 79.97%, Err 784 (1.0e-004)
980.709 .... 3070 packets received, 6413 bps, 80.16%, Err 785 (1.0e-004)
982.815 .... 3077 packets received, 6414 bps, 80.17%, Err 786 (1.0e-004)
984.936 .... 3085 packets received, 6417 bps, 80.21%, Err 786 (1.0e-004)
991.285 .... 3091 packets received, 6388 bps, 79.85%, Err 791 (1.0e-004)
995.529 .... 3109 packets received, 6398 bps, 79.97%, Err 797 (1.0e-004)
999.990 .... 3117 packets received, 6386 bps, 79.82%, Err 800 (1.0e-004)
1002.112 .... 3136 packets received, 6411 bps, 80.14%, Err 802 (1.0e-004)
1004.733 .... 3140 packets received, 6402 bps, 80.03%, Err 803 (1.0e-004)
1009.756 .... 3152 packets received, 6395 bps, 79.94%, Err 809 (1.0e-004)
1015.044 .... 3167 packets received, 6392 bps, 79.90%, Err 813 (1.0e-004)
1018.195 .... 3179 packets received, 6396 bps, 79.95%, Err 818 (1.0e-004)
1020.317 .... 3184 packets received, 6393 bps, 79.91%, Err 818 (1.0e-004)
1022.423 .... 3198 packets received, 6408 bps, 80.10%, Err 819 (1.0e-004)
1024.794 .... 3202 packets received, 6401 bps, 80.01%, Err 820 (1.0e-004)
1026.916 .... 3214 packets received, 6412 bps, 80.14%, Err 820 (1.0e-004)
1029.022 .... 3222 packets received, 6414 bps, 80.18%, Err 820 (1.0e-004)
1031.393 .... 3227 packets received, 6410 bps, 80.12%, Err 822 (1.0e-004)
1034.560 .... 3228 packets received, 6392 bps, 79.90%, Err 824 (1.0e-004)
1036.681 .... 3248 packets received, 6418 bps, 80.23%, Err 824 (9.9e-005)
1039.053 .... 3253 packets received, 6414 bps, 80.17%, Err 826 (9.9e-005)
1042.219 .... 3260 packets received, 6408 bps, 80.10%, Err 829 (9.9e-005)
1044.341 .... 3273 packets received, 6420 bps, 80.25%, Err 830 (9.9e-005)
1047.211 .... 3279 packets received, 6414 bps, 80.18%, Err 833 (9.9e-005)
1050.394 .... 3283 packets received, 6403 bps, 80.04%, Err 837 (1.0e-004)
1054.356 .... 3293 packets received, 6398 bps, 79.98%, Err 841 (1.0e-004)
1057.273 .... 3304 packets received, 6402 bps, 80.02%, Err 843 (1.0e-004)
1059.910 .... 3314 packets received, 6405 bps, 80.07%, Err 846 (1.0e-004)
1066.758 .... 3321 packets received, 6378 bps, 79.72%, Err 854 (1.0e-004)
1070.471 .... 3336 packets received, 6384 bps, 79.80%, Err 859 (1.0e-004)
1072.577 .... 3355 packets received, 6408 bps, 80.10%, Err 859 (1.0e-004)
1075.213 .... 3360 packets received, 6402 bps, 80.02%, Err 861 (1.0e-004)
1079.987 .... 3366 packets received, 6385 bps, 79.81%, Err 865 (1.0e-004)
1082.873 .... 3384 packets received, 6402 bps, 80.02%, Err 866 (1.0e-004)
1085.260 .... 3392 packets received, 6403 bps, 80.04%, Err 867 (1.0e-004)
1087.381 .... 3399 packets received, 6404 bps, 80.04%, Err 870 (1.0e-004)
1090.798 .... 3401 packets received, 6387 bps, 79.84%, Err 872 (1.0e-004)
1092.919 .... 3415 packets received, 6401 bps, 80.01%, Err 875 (1.0e-004)
1095.852 .... 3421 packets received, 6395 bps, 79.94%, Err 881 (1.0e-004)
1099.003 .... 3428 packets received, 6390 bps, 79.87%, Err 883 (1.0e-004)
1102.420 .... 3443 packets received, 6398 bps, 79.97%, Err 884 (1.0e-004)
1105.602 .... 3454 packets received, 6400 bps, 80.00%, Err 888 (1.0e-004)
1108.254 .... 3459 packets received, 6394 bps, 79.92%, Err 889 (1.0e-004)
1110.360 .... 3473 packets received, 6407 bps, 80.09%, Err 891 (1.0e-004)
1113.543 .... 3478 packets received, 6398 bps, 79.98%, Err 893 (1.0e-004)
1117.755 .... 3488 packets received, 6393 bps, 79.91%, Err 899 (1.0e-004)
1119.845 .... 3496 packets received, 6395 bps, 79.94%, Err 901 (1.0e-004)
1124.853 .... 3503 packets received, 6380 bps, 79.74%, Err 907 (1.0e-004)
1128.019 .... 3521 packets received, 6394 bps, 79.93%, Err 909 (1.0e-004)
1130.141 .... 3532 packets received, 6402 bps, 80.03%, Err 909 (1.0e-004)
1134.915 .... 3538 packets received, 6386 bps, 79.83%, Err 911 (1.0e-004)
1137.801 .... 3554 packets received, 6399 bps, 79.98%, Err 913 (1.0e-004)
1139.907 .... 3566 packets received, 6408 bps, 80.11%, Err 913 (1.0e-004)
1142.013 .... 3570 packets received, 6404 bps, 80.05%, Err 915 (1.0e-004)
1145.179 .... 3578 packets received, 6400 bps, 80.01%, Err 919 (1.0e-004)
1148.596 .... 3579 packets received, 6383 bps, 79.79%, Err 922 (1.0e-004)
1154.149 .... 3588 packets received, 6368 bps, 79.61%, Err 925 (1.0e-004)
1156.255 .... 3617 packets received, 6408 bps, 80.10%, Err 925 (1.0e-004)
1158.907 .... 3622 packets received, 6402 bps, 80.03%, Err 928 (1.0e-004)
1162.339 .... 3629 packets received, 6396 bps, 79.95%, Err 932 (1.0e-004)
1164.445 .... 3643 packets received, 6409 bps, 80.11%, Err 932 (1.0e-004)
1168.143 .... 3651 packets received, 6403 bps, 80.03%, Err 935 (1.0e-004)
1175.802 .... 3652 packets received, 6363 bps, 79.53%, Err 947 (1.0e-004)
1178.969 .... 3673 packets received, 6382 bps, 79.78%, Err 952 (1.0e-004)
1181.075 .... 3684 packets received, 6390 bps, 79.87%, Err 952 (1.0e-004)
1184.242 .... 3690 packets received, 6383 bps, 79.79%, Err 956 (1.0e-004)
1187.424 .... 3698 packets received, 6380 bps, 79.75%, Err 960 (1.0e-004)
1190.841 .... 3700 packets received, 6365 bps, 79.56%, Err 965 (1.0e-004)
1192.947 .... 3720 packets received, 6388 bps, 79.85%, Err 965 (1.0e-004)
1195.053 .... 3722 packets received, 6380 bps, 79.75%, Err 967 (1.0e-004)
1198.485 .... 3732 packets received, 6379 bps, 79.74%, Err 971 (1.0e-004)
1201.417 .... 3738 packets received, 6374 bps, 79.67%, Err 971 (1.0e-004)
1203.508 .... 3751 packets received, 6385 bps, 79.81%, Err 974 (1.0e-004)
1205.645 .... 3761 packets received, 6390 bps, 79.88%, Err 974 (1.0e-004)
1209.093 .... 3769 packets received, 6386 bps, 79.82%, Err 976 (1.0e-004)
1211.214 .... 3780 packets received, 6393 bps, 79.91%, Err 976 (1.0e-004)
1214.677 .... 3788 packets received, 6388 bps, 79.85%, Err 979 (1.0e-004)
1217.844 .... 3795 packets received, 6383 bps, 79.79%, Err 982 (1.0e-004)
1220.995 .... 3802 packets received, 6379 bps, 79.73%, Err 982 (1.0e-004)
1223.913 .... 3818 packets received, 6390 bps, 79.88%, Err 983 (1.0e-004)
1226.284 .... 3826 packets received, 6391 bps, 79.89%, Err 988 (1.0e-004)
1231.291 .... 3831 packets received, 6374 bps, 79.67%, Err 990 (1.0e-004)
1233.694 .... 3851 packets received, 6394 bps, 79.93%, Err 993 (1.0e-004)
1235.800 .... 3861 packets received, 6400 bps, 80.00%, Err 993 (1.0e-004)
1238.951 .... 3868 packets received, 6395 bps, 79.94%, Err 995 (1.0e-004)
1241.884 .... 3875 packets received, 6392 bps, 79.90%, Err 997 (1.0e-004)
1243.974 .... 3884 packets received, 6396 bps, 79.95%, Err 1000 (1.0e-004)
1246.096 .... 3895 packets received, 6403 bps, 80.04%, Err 1000 (1.0e-004)
1248.202 .... 3903 packets received, 6405 bps, 80.07%, Err 1001 (1.0e-004)
1250.323 .... 3910 packets received, 6406 bps, 80.08%, Err 1002 (1.0e-004)
1252.710 .... 3915 packets received, 6402 bps, 80.02%, Err 1004 (1.0e-004)
1255.861 .... 3917 packets received, 6389 bps, 79.86%, Err 1007 (1.0e-004)
1258.513 .... 3933 packets received, 6402 bps, 80.02%, Err 1009 (1.0e-004)
1261.415 .... 3942 packets received, 6402 bps, 80.02%, Err 1010 (1.0e-004)
1264.317 .... 3952 packets received, 6403 bps, 80.04%, Err 1013 (1.0e-004)
1266.969 .... 3955 packets received, 6395 bps, 79.93%, Err 1014 (1.0e-004)
1271.992 .... 3967 packets received, 6389 bps, 79.86%, Err 1018 (1.0e-004)
1274.628 .... 3985 packets received, 6404 bps, 80.05%, Err 1019 (1.0e-004)
1276.750 .... 3996 packets received, 6411 bps, 80.14%, Err 1020 (1.0e-004)
1278.856 .... 4003 packets received, 6412 bps, 80.15%, Err 1022 (1.0e-004)
1280.977 .... 4010 packets received, 6413 bps, 80.16%, Err 1024 (1.0e-004)
1283.614 .... 4012 packets received, 6403 bps, 80.03%, Err 1027 (1.0e-004)
1287.327 .... 4020 packets received, 6397 bps, 79.96%, Err 1031 (1.0e-004)
1289.417 .... 4036 packets received, 6412 bps, 80.15%, Err 1033 (1.0e-004)
1291.539 .... 4044 packets received, 6414 bps, 80.18%, Err 1033 (1.0e-004)
1293.645 .... 4052 packets received, 6416 bps, 80.20%, Err 1036 (1.0e-004)
1298.153 .... 4055 packets received, 6399 bps, 79.98%, Err 1041 (1.0e-004)
1302.880 .... 4071 packets received, 6401 bps, 80.01%, Err 1045 (1.0e-004)
1305.532 .... 4081 packets received, 6403 bps, 80.04%, Err 1048 (1.0e-004)
1308.449 .... 4089 packets received, 6402 bps, 80.02%, Err 1049 (1.0e-004)
1311.070 .... 4102 packets received, 6409 bps, 80.11%, Err 1051 (1.0e-004)
1313.176 .... 4112 packets received, 6414 bps, 80.18%, Err 1053 (1.0e-004)
1315.828 .... 4114 packets received, 6405 bps, 80.06%, Err 1056 (1.0e-004)
1318.464 .... 4123 packets received, 6406 bps, 80.07%, Err 1059 (1.0e-004)
1320.555 .... 4132 packets received, 6410 bps, 80.12%, Err 1060 (1.0e-004)
1322.661 .... 4143 packets received, 6416 bps, 80.21%, Err 1061 (1.0e-004)
1324.798 .... 4150 packets received, 6417 bps, 80.21%, Err 1061 (1.0e-004)
1327.965 .... 4158 packets received, 6414 bps, 80.17%, Err 1065 (1.0e-004)
1330.071 .... 4168 packets received, 6419 bps, 80.24%, Err 1065 (1.0e-004)
1332.145 .... 4176 packets received, 6421 bps, 80.27%, Err 1065 (1.0e-004)
1334.251 .... 4180 packets received, 6417 bps, 80.22%, Err 1068 (1.0e-004)
1338.729 .... 4183 packets received, 6401 bps, 80.01%, Err 1070 (1.0e-004)
1340.850 .... 4200 packets received, 6416 bps, 80.21%, Err 1072 (1.0e-004)
1343.767 .... 4210 packets received, 6418 bps, 80.22%, Err 1074 (1.0e-004)
1345.858 .... 4217 packets received, 6418 bps, 80.23%, Err 1076 (1.0e-004)
1347.995 .... 4227 packets received, 6423 bps, 80.29%, Err 1077 (1.0e-004)
1350.085 .... 4234 packets received, 6424 bps, 80.30%, Err 1077 (1.0e-004)
1352.223 .... 4238 packets received, 6420 bps, 80.25%, Err 1081 (1.0e-004)
1354.313 .... 4247 packets received, 6424 bps, 80.30%, Err 1081 (1.0e-004)
1356.435 .... 4254 packets received, 6424 bps, 80.30%, Err 1082 (1.0e-004)
1358.525 .... 4262 packets received, 6426 bps, 80.33%, Err 1082 (1.0e-004)
1360.647 .... 4270 packets received, 6428 bps, 80.36%, Err 1084 (1.0e-004)
1362.753 .... 4276 packets received, 6428 bps, 80.34%, Err 1087 (1.0e-004)
1365.935 .... 4282 packets received, 6422 bps, 80.27%, Err 1092 (1.0e-004)
1368.571 .... 4284 packets received, 6412 bps, 80.15%, Err 1095 (1.0e-004)
1371.988 .... 4291 packets received, 6407 bps, 80.08%, Err 1098 (1.0e-004)
1374.905 .... 4302 packets received, 6409 bps, 80.12%, Err 1101 (1.0e-004)
1379.382 .... 4311 packets received, 6402 bps, 80.03%, Err 1104 (1.0e-004)
1382.549 .... 4327 packets received, 6411 bps, 80.14%, Err 1106 (1.0e-004)
1384.655 .... 4340 packets received, 6421 bps, 80.26%, Err 1107 (1.0e-004)
1386.777 .... 4347 packets received, 6421 bps, 80.26%, Err 1109 (1.0e-004)
1388.883 .... 4351 packets received, 6417 bps, 80.22%, Err 1112 (1.0e-004)
1391.519 .... 4359 packets received, 6417 bps, 80.21%, Err 1114 (1.0e-004)
1394.405 .... 4366 packets received, 6414 bps, 80.17%, Err 1115 (1.0e-004)
1396.527 .... 4379 packets received, 6423 bps, 80.29%, Err 1118 (1.0e-004)
1398.633 .... 4386 packets received, 6424 bps, 80.30%, Err 1120 (1.0e-004)
1400.770 .... 4394 packets received, 6426 bps, 80.32%, Err 1121 (1.0e-004)
1405.512 .... 4401 packets received, 6414 bps, 80.18%, Err 1126 (1.0e-004)
1408.414 .... 4415 packets received, 6421 bps, 80.27%, Err 1129 (1.0e-004)
1411.050 .... 4422 packets received, 6419 bps, 80.24%, Err 1130 (1.0e-004)
1414.217 .... 4431 packets received, 6418 bps, 80.23%, Err 1133 (1.0e-004)
1416.339 .... 4444 packets received, 6427 bps, 80.34%, Err 1133 (1.0e-004)
1418.445 .... 4448 packets received, 6424 bps, 80.29%, Err 1137 (1.0e-004)
1422.937 .... 4451 packets received, 6408 bps, 80.09%, Err 1139 (1.0e-004)
1426.104 .... 4472 packets received, 6423 bps, 80.29%, Err 1141 (1.0e-004)
1429.255 .... 4475 packets received, 6414 bps, 80.17%, Err 1143 (1.0e-004)
1432.422 .... 4481 packets received, 6408 bps, 80.10%, Err 1147 (1.0e-004)
1435.589 .... 4496 packets received, 6415 bps, 80.19%, Err 1151 (1.0e-004)
1438.506 .... 4506 packets received, 6417 bps, 80.21%, Err 1156 (1.0e-004)
1441.923 .... 4515 packets received, 6414 bps, 80.18%, Err 1158 (1.0e-004)
1445.105 .... 4527 packets received, 6417 bps, 80.21%, Err 1159 (1.0e-004)
1447.461 .... 4536 packets received, 6419 bps, 80.24%, Err 1160 (1.0e-004)
1450.627 .... 4544 packets received, 6417 bps, 80.21%, Err 1162 (1.0e-004)
1452.749 .... 4557 packets received, 6425 bps, 80.32%, Err 1162 (1.0e-004)
1455.120 .... 4562 packets received, 6422 bps, 80.28%, Err 1165 (1.0e-004)
1457.772 .... 4565 packets received, 6415 bps, 80.18%, Err 1165 (1.0e-004)
1460.159 .... 4578 packets received, 6422 bps, 80.28%, Err 1168 (1.0e-004)
1462.281 .... 4587 packets received, 6426 bps, 80.32%, Err 1169 (1.0e-004)
1465.432 .... 4588 packets received, 6413 bps, 80.17%, Err 1172 (1.0e-004)
1468.333 .... 4601 packets received, 6419 bps, 80.23%, Err 1176 (1.0e-004)
1473.341 .... 4612 packets received, 6412 bps, 80.15%, Err 1181 (1.0e-004)
1476.243 .... 4619 packets received, 6409 bps, 80.12%, Err 1183 (1.0e-004)
1478.380 .... 4636 packets received, 6424 bps, 80.29%, Err 1183 (1.0e-004)
1481.266 .... 4643 packets received, 6421 bps, 80.26%, Err 1185 (1.0e-004)
1483.918 .... 4652 packets received, 6422 bps, 80.27%, Err 1186 (1.0e-004)
1486.835 .... 4662 packets received, 6423 bps, 80.29%, Err 1189 (1.0e-004)
1489.456 .... 4667 packets received, 6418 bps, 80.23%, Err 1192 (1.0e-004)
1492.108 .... 4673 packets received, 6415 bps, 80.19%, Err 1193 (1.0e-004)
1495.275 .... 4677 packets received, 6407 bps, 80.09%, Err 1196 (1.0e-004)
1497.381 .... 4694 packets received, 6421 bps, 80.27%, Err 1198 (1.0e-004)
1499.518 .... 4705 packets received, 6427 bps, 80.34%, Err 1198 (1.0e-004)
1501.873 .... 4710 packets received, 6424 bps, 80.30%, Err 1202 (1.0e-004)
1504.759 .... 4718 packets received, 6423 bps, 80.28%, Err 1205 (1.0e-004)
1507.427 .... 4722 packets received, 6417 bps, 80.21%, Err 1206 (1.0e-004)
1512.419 .... 4736 packets received, 6414 bps, 80.18%, Err 1211 (1.0e-004)
1515.336 .... 4745 packets received, 6414 bps, 80.18%, Err 1212 (1.0e-004)
1518.503 .... 4760 packets received, 6421 bps, 80.26%, Err 1215 (1.0e-004)
1521.139 .... 4765 packets received, 6417 bps, 80.21%, Err 1216 (1.0e-004)
1524.322 .... 4779 packets received, 6422 bps, 80.28%, Err 1219 (1.0e-004)
1527.473 .... 4780 packets received, 6410 bps, 80.13%, Err 1222 (1.0e-004)
1529.595 .... 4798 packets received, 6425 bps, 80.32%, Err 1224 (1.0e-004)
1534.618 .... 4799 packets received, 6406 bps, 80.07%, Err 1228 (1.0e-004)
1536.739 .... 4816 packets received, 6419 bps, 80.24%, Err 1230 (1.0e-004)
1539.625 .... 4824 packets received, 6418 bps, 80.23%, Err 1232 (1.0e-004)
1543.042 .... 4825 packets received, 6405 bps, 80.07%, Err 1236 (1.0e-004)
1546.240 .... 4844 packets received, 6417 bps, 80.21%, Err 1239 (1.0e-004)
1549.656 .... 4848 packets received, 6408 bps, 80.10%, Err 1240 (1.0e-004)
1553.603 .... 4862 packets received, 6410 bps, 80.13%, Err 1243 (1.0e-004)
1559.141 .... 4864 packets received, 6390 bps, 79.88%, Err 1249 (1.0e-004)
1561.263 .... 4886 packets received, 6410 bps, 80.13%, Err 1249 (1.0e-004)
1564.695 .... 4901 packets received, 6416 bps, 80.20%, Err 1251 (1.0e-004)
1567.596 .... 4911 packets received, 6417 bps, 80.22%, Err 1253 (1.0e-004)
1572.604 .... 4918 packets received, 6406 bps, 80.07%, Err 1260 (1.0e-004)
1574.741 .... 4937 packets received, 6422 bps, 80.27%, Err 1260 (1.0e-004)
1577.362 .... 4942 packets received, 6418 bps, 80.22%, Err 1262 (1.0e-004)
1579.468 .... 4953 packets received, 6423 bps, 80.29%, Err 1263 (1.0e-004)
1581.605 .... 4960 packets received, 6424 bps, 80.30%, Err 1264 (1.0e-004)
1584.241 .... 4966 packets received, 6421 bps, 80.26%, Err 1265 (1.0e-004)
1587.658 .... 4975 packets received, 6419 bps, 80.23%, Err 1269 (1.0e-004)
1590.559 .... 4983 packets received, 6417 bps, 80.22%, Err 1272 (1.0e-004)
1592.697 .... 4996 packets received, 6425 bps, 80.32%, Err 1275 (1.0e-004)
1597.174 .... 5000 packets received, 6413 bps, 80.16%, Err 1279 (1.0e-004)
1599.264 .... 5017 packets received, 6426 bps, 80.32%, Err 1279 (1.0e-004)
1602.727 .... 5019 packets received, 6415 bps, 80.18%, Err 1282 (1.0e-004)
1604.833 .... 5031 packets received, 6421 bps, 80.27%, Err 1283 (1.0e-004)
1607.205 .... 5038 packets received, 6421 bps, 80.26%, Err 1285 (1.0e-004)
1610.106 .... 5047 packets received, 6421 bps, 80.26%, Err 1288 (1.0e-004)
1613.289 .... 5055 packets received, 6418 bps, 80.23%, Err 1292 (1.0e-004)
1618.546 .... 5060 packets received, 6404 bps, 80.05%, Err 1296 (1.0e-004)
1622.009 .... 5072 packets received, 6405 bps, 80.07%, Err 1298 (1.0e-004)
1624.115 .... 5092 packets received, 6422 bps, 80.28%, Err 1298 (1.0e-004)
1627.017 .... 5099 packets received, 6420 bps, 80.24%, Err 1300 (1.0e-004)
1629.388 .... 5107 packets received, 6420 bps, 80.25%, Err 1303 (1.0e-004)
1638.124 .... 5114 packets received, 6395 bps, 79.93%, Err 1310 (1.0e-004)
1641.556 .... 5139 packets received, 6413 bps, 80.16%, Err 1313 (1.0e-004)
1644.208 .... 5153 packets received, 6420 bps, 80.25%, Err 1317 (1.0e-004)
1650.541 .... 5157 packets received, 6400 bps, 80.00%, Err 1323 (1.0e-004)
1652.647 .... 5181 packets received, 6422 bps, 80.27%, Err 1323 (1.0e-004)
1654.753 .... 5185 packets received, 6418 bps, 80.23%, Err 1325 (1.0e-004)
1659.792 .... 5195 packets received, 6411 bps, 80.14%, Err 1330 (1.0e-004)
1662.163 .... 5209 packets received, 6419 bps, 80.24%, Err 1334 (1.0e-004)
1670.587 .... 5213 packets received, 6392 bps, 79.90%, Err 1347 (1.0e-004)
1672.974 .... 5239 packets received, 6415 bps, 80.18%, Err 1348 (1.0e-004)
1675.096 .... 5245 packets received, 6414 bps, 80.17%, Err 1349 (1.0e-004)
1679.058 .... 5248 packets received, 6402 bps, 80.03%, Err 1354 (1.0e-004)
1685.111 .... 5254 packets received, 6387 bps, 79.83%, Err 1363 (1.0e-004)
1687.233 .... 5273 packets received, 6402 bps, 80.02%, Err 1364 (1.0e-004)
1689.339 .... 5287 packets received, 6411 bps, 80.13%, Err 1364 (1.0e-004)
1691.725 .... 5291 packets received, 6406 bps, 80.08%, Err 1365 (1.0e-004)
1696.187 .... 5299 packets received, 6399 bps, 79.99%, Err 1368 (1.0e-004)
1702.006 .... 5305 packets received, 6385 bps, 79.81%, Err 1372 (1.0e-004)
1705.438 .... 5330 packets received, 6402 bps, 80.02%, Err 1375 (1.0e-004)
1707.559 .... 5346 packets received, 6413 bps, 80.16%, Err 1376 (1.0e-004)
1709.665 .... 5353 packets received, 6413 bps, 80.17%, Err 1376 (1.0e-004)
1711.771 .... 5361 packets received, 6415 bps, 80.19%, Err 1377 (1.0e-004)
1714.423 .... 5366 packets received, 6411 bps, 80.14%, Err 1378 (1.0e-004)
1717.309 .... 5376 packets received, 6412 bps, 80.15%, Err 1380 (1.0e-004)
1720.492 .... 5383 packets received, 6409 bps, 80.11%, Err 1382 (1.0e-004)
1725.765 .... 5394 packets received, 6402 bps, 80.03%, Err 1387 (1.0e-004)
1728.136 .... 5409 packets received, 6411 bps, 80.14%, Err 1390 (1.0e-004)
1730.257 .... 5420 packets received, 6416 bps, 80.21%, Err 1390 (1.0e-004)
1732.363 .... 5428 packets received, 6418 bps, 80.23%, Err 1390 (1.0e-004)
1734.469 .... 5436 packets received, 6420 bps, 80.25%, Err 1390 (1.0e-004)
1736.607 .... 5443 packets received, 6420 bps, 80.25%, Err 1392 (1.0e-004)
1738.697 .... 5451 packets received, 6422 bps, 80.27%, Err 1392 (1.0e-004)
1740.803 .... 5458 packets received, 6422 bps, 80.28%, Err 1393 (1.0e-004)
1742.909 .... 5466 packets received, 6424 bps, 80.30%, Err 1395 (1.0e-004)
1745.031 .... 5473 packets received, 6424 bps, 80.30%, Err 1397 (1.0e-004)
1747.152 .... 5481 packets received, 6426 bps, 80.32%, Err 1399 (1.0e-004)
1750.303 .... 5488 packets received, 6423 bps, 80.28%, Err 1400 (1.0e-004)
1752.425 .... 5500 packets received, 6429 bps, 80.36%, Err 1400 (1.0e-004)
1757.199 .... 5503 packets received, 6415 bps, 80.18%, Err 1407 (1.0e-004)
1759.835 .... 5517 packets received, 6421 bps, 80.27%, Err 1409 (1.0e-004)
1763.002 .... 5519 packets received, 6412 bps, 80.15%, Err 1412 (1.0e-004)
1766.184 .... 5531 packets received, 6415 bps, 80.18%, Err 1415 (1.0e-004)
1768.290 .... 5546 packets received, 6424 bps, 80.30%, Err 1415 (1.0e-004)
1770.381 .... 5554 packets received, 6426 bps, 80.33%, Err 1415 (1.0e-004)
1772.518 .... 5562 packets received, 6428 bps, 80.34%, Err 1415 (1.0e-004)
1776.184 .... 5565 packets received, 6418 bps, 80.22%, Err 1418 (1.0e-004)
1779.101 .... 5580 packets received, 6424 bps, 80.31%, Err 1421 (1.0e-004)
1782.268 .... 5582 packets received, 6415 bps, 80.19%, Err 1424 (1.0e-004)
1785.154 .... 5596 packets received, 6421 bps, 80.26%, Err 1428 (1.0e-004)
1788.336 .... 5606 packets received, 6421 bps, 80.26%, Err 1429 (1.0e-004)
1797.041 .... 5619 packets received, 6405 bps, 80.06%, Err 1436 (1.0e-004)
1800.223 .... 5644 packets received, 6422 bps, 80.27%, Err 1440 (1.0e-004)
1803.655 .... 5646 packets received, 6412 bps, 80.15%, Err 1445 (1.0e-004)
1806.822 .... 5663 packets received, 6420 bps, 80.25%, Err 1446 (1.0e-004)
1809.193 .... 5673 packets received, 6423 bps, 80.29%, Err 1447 (1.0e-004)
1814.482 .... 5678 packets received, 6410 bps, 80.12%, Err 1451 (1.0e-004)
1817.914 .... 5694 packets received, 6416 bps, 80.20%, Err 1454 (1.0e-004)
1820.004 .... 5710 packets received, 6426 bps, 80.33%, Err 1454 (1.0e-004)
1822.126 .... 5718 packets received, 6428 bps, 80.35%, Err 1455 (1.0e-004)
1824.247 .... 5726 packets received, 6429 bps, 80.37%, Err 1455 (1.0e-004)
1826.353 .... 5730 packets received, 6426 bps, 80.33%, Err 1456 (1.0e-004)
1830.331 .... 5737 packets received, 6420 bps, 80.25%, Err 1459 (1.0e-004)
1834.824 .... 5750 packets received, 6419 bps, 80.24%, Err 1467 (1.0e-004)
1836.930 .... 5765 packets received, 6428 bps, 80.36%, Err 1468 (1.0e-004)
1839.567 .... 5770 packets received, 6425 bps, 80.31%, Err 1472 (1.0e-004)
1842.187 .... 5778 packets received, 6425 bps, 80.31%, Err 1473 (1.0e-004)
1844.309 .... 5789 packets received, 6429 bps, 80.37%, Err 1473 (1.0e-004)
1846.431 .... 5797 packets received, 6431 bps, 80.39%, Err 1474 (1.0e-004)
1849.051 .... 5800 packets received, 6425 bps, 80.31%, Err 1477 (1.0e-004)
1853.544 .... 5806 packets received, 6416 bps, 80.20%, Err 1483 (1.0e-004)
1855.666 .... 5809 packets received, 6412 bps, 80.15%, Err 1484 (1.0e-004)
1858.848 .... 5823 packets received, 6417 bps, 80.21%, Err 1487 (1.0e-004)
1861.999 .... 5837 packets received, 6421 bps, 80.26%, Err 1489 (1.0e-004)
1864.667 .... 5844 packets received, 6420 bps, 80.24%, Err 1491 (1.0e-004)
1866.789 .... 5853 packets received, 6422 bps, 80.28%, Err 1493 (1.0e-004)
1870.985 .... 5861 packets received, 6417 bps, 80.21%, Err 1496 (1.0e-004)
1873.902 .... 5873 packets received, 6420 bps, 80.25%, Err 1499 (1.0e-004)
1878.910 .... 5886 packets received, 6417 bps, 80.21%, Err 1503 (1.0e-004)
1881.811 .... 5897 packets received, 6419 bps, 80.23%, Err 1507 (1.0e-004)
1884.978 .... 5903 packets received, 6415 bps, 80.18%, Err 1508 (1.0e-004)
1887.100 .... 5921 packets received, 6427 bps, 80.34%, Err 1508 (1.0e-004)
1890.267 .... 5925 packets received, 6420 bps, 80.26%, Err 1510 (1.0e-004)
1892.373 .... 5938 packets received, 6427 bps, 80.34%, Err 1511 (1.0e-004)
1899.237 .... 5942 packets received, 6408 bps, 80.11%, Err 1521 (1.0e-004)
1901.358 .... 5960 packets received, 6421 bps, 80.26%, Err 1523 (1.0e-004)
1903.995 .... 5967 packets received, 6419 bps, 80.24%, Err 1524 (1.0e-004)
1906.647 .... 5977 packets received, 6421 bps, 80.26%, Err 1525 (1.0e-004)
1908.753 .... 5984 packets received, 6422 bps, 80.27%, Err 1527 (1.0e-004)
1911.919 .... 5985 packets received, 6412 bps, 80.15%, Err 1529 (1.0e-004)
1914.821 .... 6002 packets received, 6420 bps, 80.26%, Err 1534 (1.0e-004)
1919.314 .... 6006 packets received, 6410 bps, 80.12%, Err 1539 (1.0e-004)
1921.420 .... 6025 packets received, 6423 bps, 80.29%, Err 1541 (1.0e-004)
1924.602 .... 6026 packets received, 6413 bps, 80.17%, Err 1543 (1.0e-004)
1927.769 .... 6040 packets received, 6418 bps, 80.22%, Err 1545 (1.0e-004)
1930.920 .... 6052 packets received, 6420 bps, 80.25%, Err 1548 (1.0e-004)
1933.822 .... 6061 packets received, 6420 bps, 80.25%, Err 1550 (1.0e-004)
1935.959 .... 6072 packets received, 6424 bps, 80.30%, Err 1550 (1.0e-004)
1938.065 .... 6079 packets received, 6425 bps, 80.31%, Err 1551 (1.0e-004)
1940.202 .... 6087 packets received, 6426 bps, 80.33%, Err 1552 (1.0e-004)
1948.111 .... 6092 packets received, 6405 bps, 80.07%, Err 1558 (1.0e-004)
1951.809 .... 6115 packets received, 6417 bps, 80.22%, Err 1561 (1.0e-004)
1955.740 .... 6127 packets received, 6417 bps, 80.21%, Err 1566 (1.0e-004)
1957.877 .... 6142 packets received, 6426 bps, 80.32%, Err 1567 (1.0e-004)
1960.779 .... 6146 packets received, 6420 bps, 80.25%, Err 1569 (1.0e-004)
1963.941 .... 6155 packets received, 6419 bps, 80.24%, Err 1571 (1.0e-004)
1966.063 .... 6168 packets received, 6426 bps, 80.33%, Err 1572 (1.0e-004)
1968.185 .... 6175 packets received, 6426 bps, 80.33%, Err 1574 (1.0e-004)
1971.336 .... 6183 packets received, 6424 bps, 80.31%, Err 1577 (1.0e-004)
1974.253 .... 6186 packets received, 6418 bps, 80.23%, Err 1580 (1.0e-004)
1977.155 .... 6196 packets received, 6419 bps, 80.24%, Err 1581 (1.0e-004)
1979.791 .... 6205 packets received, 6420 bps, 80.25%, Err 1582 (1.0e-004)
1982.708 .... 6216 packets received, 6422 bps, 80.27%, Err 1589 (1.0e-004)
1984.814 .... 6227 packets received, 6426 bps, 80.33%, Err 1590 (1.0e-004)
1987.981 .... 6228 packets received, 6417 bps, 80.21%, Err 1592 (1.0e-004)
1990.633 .... 6241 packets received, 6422 bps, 80.27%, Err 1594 (1.0e-004)
1993.269 .... 6248 packets received, 6421 bps, 80.26%, Err 1595 (1.0e-004)
1995.641 .... 6258 packets received, 6423 bps, 80.29%, Err 1597 (1.0e-004)
1998.792 .... 6268 packets received, 6423 bps, 80.29%, Err 1598 (1.0e-004)
2003.550 .... 6277 packets received, 6417 bps, 80.22%, Err 1604 (1.0e-004)
2006.217 .... 6287 packets received, 6419 bps, 80.24%, Err 1605 (1.0e-004)
2008.854 .... 6299 packets received, 6423 bps, 80.28%, Err 1608 (1.0e-004)
2010.944 .... 6309 packets received, 6426 bps, 80.33%, Err 1609 (1.0e-004)
2013.066 .... 6316 packets received, 6427 bps, 80.33%, Err 1610 (1.0e-004)
2015.172 .... 6324 packets received, 6428 bps, 80.35%, Err 1611 (1.0e-004)
2017.293 .... 6332 packets received, 6429 bps, 80.37%, Err 1611 (1.0e-004)
2022.831 .... 6334 packets received, 6414 bps, 80.17%, Err 1619 (1.0e-004)
2025.733 .... 6353 packets received, 6424 bps, 80.30%, Err 1621 (1.0e-004)
2028.666 .... 6362 packets received, 6424 bps, 80.29%, Err 1623 (1.0e-004)
2030.772 .... 6369 packets received, 6424 bps, 80.30%, Err 1625 (1.0e-004)
2032.862 .... 6379 packets received, 6427 bps, 80.34%, Err 1627 (1.0e-004)
2035.499 .... 6383 packets received, 6423 bps, 80.29%, Err 1629 (1.0e-004)
2038.166 .... 6389 packets received, 6421 bps, 80.26%, Err 1632 (1.0e-004)
2041.333 .... 6392 packets received, 6414 bps, 80.17%, Err 1636 (1.0e-004)
2043.954 .... 6405 packets received, 6419 bps, 80.23%, Err 1638 (1.0e-004)
2046.060 .... 6418 packets received, 6425 bps, 80.31%, Err 1639 (1.0e-004)
2048.166 .... 6422 packets received, 6422 bps, 80.28%, Err 1641 (1.0e-004)
2050.287 .... 6432 packets received, 6426 bps, 80.32%, Err 1641 (1.0e-004)
2053.953 .... 6435 packets received, 6417 bps, 80.22%, Err 1645 (1.0e-004)
2056.091 .... 6448 packets received, 6424 bps, 80.29%, Err 1647 (1.0e-004)
2059.523 .... 6450 packets received, 6415 bps, 80.19%, Err 1651 (1.0e-004)
2062.674 .... 6459 packets received, 6414 bps, 80.17%, Err 1655 (1.0e-004)
2064.795 .... 6477 packets received, 6425 bps, 80.32%, Err 1655 (1.0e-004)
2067.447 .... 6483 packets received, 6423 bps, 80.29%, Err 1659 (1.0e-004)
2070.084 .... 6486 packets received, 6418 bps, 80.22%, Err 1661 (1.0e-004)
2072.705 .... 6497 packets received, 6420 bps, 80.26%, Err 1663 (1.0e-004)
2075.606 .... 6508 packets received, 6422 bps, 80.28%, Err 1664 (1.0e-004)
2077.728 .... 6519 packets received, 6427 bps, 80.33%, Err 1664 (1.0e-004)
2080.629 .... 6526 packets received, 6425 bps, 80.31%, Err 1665 (1.0e-004)
2082.735 .... 6533 packets received, 6425 bps, 80.31%, Err 1667 (1.0e-004)
2084.826 .... 6543 packets received, 6428 bps, 80.35%, Err 1669 (1.0e-004)
2087.478 .... 6545 packets received, 6422 bps, 80.28%, Err 1671 (1.0e-004)
2090.660 .... 6558 packets received, 6425 bps, 80.31%, Err 1674 (1.0e-004)
2092.782 .... 6568 packets received, 6428 bps, 80.35%, Err 1674 (1.0e-004)
2095.153 .... 6573 packets received, 6426 bps, 80.32%, Err 1676 (1.0e-004)
2097.774 .... 6578 packets received, 6423 bps, 80.29%, Err 1680 (1.0e-004)
2100.426 .... 6587 packets received, 6423 bps, 80.29%, Err 1683 (1.0e-004)
2104.903 .... 6592 packets received, 6415 bps, 80.18%, Err 1686 (1.0e-004)
2107.009 .... 6612 packets received, 6428 bps, 80.35%, Err 1688 (1.0e-004)
2113.389 .... 6615 packets received, 6411 bps, 80.14%, Err 1694 (1.0e-004)
2115.480 .... 6632 packets received, 6421 bps, 80.27%, Err 1696 (1.0e-004)
2117.617 .... 6641 packets received, 6424 bps, 80.29%, Err 1698 (1.0e-004)
2120.238 .... 6643 packets received, 6418 bps, 80.22%, Err 1699 (1.0e-004)
2122.625 .... 6654 packets received, 6421 bps, 80.26%, Err 1700 (1.0e-004)
2125.261 .... 6663 packets received, 6422 bps, 80.27%, Err 1701 (1.0e-004)
2127.367 .... 6674 packets received, 6426 bps, 80.32%, Err 1702 (1.0e-004)
2129.691 TCP Disconnected.
